<?xml version="1.0" encoding="utf-8"?>
<CoverageSession xmlns:xsd="http://www.w3.org/2001/XMLSchema" xmlns:xsi="http://www.w3.org/2001/XMLSchema-instance">
  <Summary numSequencePoints="1585" visitedSequencePoints="1438" numBranchPoints="358" visitedBranchPoints="313" sequenceCoverage="90.73" branchCoverage="87.43" maxCyclomaticComplexity="14" minCyclomaticComplexity="1" visitedClasses="23" numClasses="25" visitedMethods="156" numMethods="178" />
  <Modules>
    <Module skippedDueTo="Filter" hash="E8-5D-0D-DF-48-0E-E1-36-C7-A9-9F-6C-BD-62-D5-34-9F-F0-17-FE">
      <ModulePath>C:\WINDOWS\Microsoft.Net\assembly\GAC_64\mscorlib\v4.0_4.0.0.0__b77a5c561934e089\mscorlib.dll</ModulePath>
      <ModuleTime>2017-02-22T02:17:32.1365185Z</ModuleTime>
      <ModuleName>mscorlib</ModuleName>
      <Classes />
    </Module>
    <Module skippedDueTo="MissingPdb" hash="70-0A-8C-00-26-D7-8E-3A-41-3C-43-6D-01-3C-09-CC-C9-73-85-C0">
      <ModulePath>C:\Users\matan\Desktop\bgu\year 3\2\סדנא\WSEP\Code\TexasHoldem\packages\NUnit.ConsoleRunner.3.6.1\tools\nunit3-console.exe</ModulePath>
      <ModuleTime>2017-04-25T20:36:50.828506Z</ModuleTime>
      <ModuleName>nunit3-console</ModuleName>
      <Classes />
    </Module>
    <Module skippedDueTo="Filter" hash="4F-2D-57-51-8C-EB-A3-76-1B-CA-7F-0F-4C-1E-A5-88-77-48-84-05">
      <ModulePath>C:\WINDOWS\Microsoft.Net\assembly\GAC_MSIL\System\v4.0_4.0.0.0__b77a5c561934e089\System.dll</ModulePath>
      <ModuleTime>2017-01-24T02:27:50.5038952Z</ModuleTime>
      <ModuleName>System</ModuleName>
      <Classes />
    </Module>
    <Module skippedDueTo="MissingPdb" hash="90-A5-CB-F1-B1-A1-C2-DE-2A-BF-0B-6F-28-E9-82-CA-41-44-09-3A">
      <ModulePath>C:\Users\matan\Desktop\bgu\year 3\2\סדנא\WSEP\Code\TexasHoldem\packages\NUnit.ConsoleRunner.3.6.1\tools\nunit.engine.api.dll</ModulePath>
      <ModuleTime>2017-04-25T20:36:50.7754679Z</ModuleTime>
      <ModuleName>nunit.engine.api</ModuleName>
      <Classes />
    </Module>
    <Module skippedDueTo="MissingPdb" hash="96-DE-EF-3F-02-DC-0C-37-07-3E-B9-1D-D2-EF-F9-A2-D3-8E-11-00">
      <ModulePath>C:\Users\matan\Desktop\bgu\year 3\2\סדנא\WSEP\Code\TexasHoldem\packages\NUnit.ConsoleRunner.3.6.1\tools\nunit.engine.dll</ModulePath>
      <ModuleTime>2017-04-25T20:36:50.7999855Z</ModuleTime>
      <ModuleName>nunit.engine</ModuleName>
      <Classes />
    </Module>
    <Module skippedDueTo="Filter" hash="88-45-F0-9C-3C-9F-72-79-CB-6A-82-FA-D7-DB-C3-4A-59-80-3C-6B">
      <ModulePath>C:\WINDOWS\Microsoft.Net\assembly\GAC_MSIL\System.Xml\v4.0_4.0.0.0__b77a5c561934e089\System.Xml.dll</ModulePath>
      <ModuleTime>2016-07-16T11:43:55.4992744Z</ModuleTime>
      <ModuleName>System.Xml</ModuleName>
      <Classes />
    </Module>
    <Module skippedDueTo="Filter" hash="11-98-E7-2B-6C-7D-11-C5-0F-66-CE-47-1E-CA-60-19-D0-EB-15-8B">
      <ModulePath>C:\WINDOWS\Microsoft.Net\assembly\GAC_64\System.Web\v4.0_4.0.0.0__b03f5f7f11d50a3a\System.Web.dll</ModulePath>
      <ModuleTime>2017-02-22T02:17:32.9959633Z</ModuleTime>
      <ModuleName>System.Web</ModuleName>
      <Classes />
    </Module>
    <Module skippedDueTo="MissingPdb" hash="8A-2E-8F-D6-9D-39-02-4A-2F-30-FC-06-42-F7-0F-A8-32-69-07-72">
      <ModulePath>C:\Users\matan\Desktop\bgu\year 3\2\סדנא\WSEP\Code\TexasHoldem\packages\NUnit.ConsoleRunner.3.6.1\tools\Mono.Cecil.dll</ModulePath>
      <ModuleTime>2017-04-25T20:36:50.7014153Z</ModuleTime>
      <ModuleName>Mono.Cecil</ModuleName>
      <Classes />
    </Module>
    <Module skippedDueTo="Filter" hash="A6-44-D7-5C-2C-AA-24-6D-2E-64-A4-48-13-C2-22-F5-E4-2D-CE-96">
      <ModulePath>C:\WINDOWS\Microsoft.Net\assembly\GAC_MSIL\System.Runtime.Remoting\v4.0_4.0.0.0__b77a5c561934e089\System.Runtime.Remoting.dll</ModulePath>
      <ModuleTime>2016-07-16T11:43:55.4680251Z</ModuleTime>
      <ModuleName>System.Runtime.Remoting</ModuleName>
      <Classes />
    </Module>
    <Module skippedDueTo="Filter" hash="34-A3-5D-67-8E-E7-DB-60-FE-97-F3-BD-D4-E7-40-6B-00-DA-51-C8">
      <ModulePath>C:\WINDOWS\Microsoft.Net\assembly\GAC_MSIL\System.Configuration\v4.0_4.0.0.0__b03f5f7f11d50a3a\System.Configuration.dll</ModulePath>
      <ModuleTime>2016-07-16T11:43:53.9992781Z</ModuleTime>
      <ModuleName>System.Configuration</ModuleName>
      <Classes />
    </Module>
    <Module skippedDueTo="MissingPdb" hash="75-5F-1A-C1-0E-E6-C9-A3-EC-A1-F0-6E-89-B4-98-86-0B-A8-B2-AD">
      <ModulePath>C:\Users\matan\Desktop\bgu\year 3\2\סדנא\WSEP\Code\TexasHoldem\packages\NUnit.ConsoleRunner.3.6.1\tools\nunit-agent.exe</ModulePath>
      <ModuleTime>2017-04-25T20:36:50.7534522Z</ModuleTime>
      <ModuleName>nunit-agent</ModuleName>
      <Classes />
    </Module>
    <Module skippedDueTo="MissingPdb" hash="6C-04-8C-57-BA-16-AC-9A-1E-6F-C5-9B-72-58-A4-91-04-FA-A5-1E">
      <ModulePath>C:\Users\matan\Desktop\bgu\year 3\2\סדנא\WSEP\Code\TexasHoldem\GamingTests\bin\Debug\nunit.framework.dll</ModulePath>
      <ModuleTime>2017-04-25T08:42:16Z</ModuleTime>
      <ModuleName>nunit.framework</ModuleName>
      <Classes />
    </Module>
    <Module skippedDueTo="Filter" hash="0E-27-EE-48-18-43-E9-5B-DA-5C-9E-39-CB-7D-31-B7-EA-D9-09-31">
      <ModulePath>C:\WINDOWS\Microsoft.Net\assembly\GAC_MSIL\System.Core\v4.0_4.0.0.0__b77a5c561934e089\System.Core.dll</ModulePath>
      <ModuleTime>2017-02-22T02:02:52.7009184Z</ModuleTime>
      <ModuleName>System.Core</ModuleName>
      <Classes />
    </Module>
    <Module hash="02-BD-90-64-1F-E9-AC-F3-CA-A4-C9-B8-8B-FB-F7-08-62-CE-98-9E">
      <Summary numSequencePoints="514" visitedSequencePoints="487" numBranchPoints="59" visitedBranchPoints="58" sequenceCoverage="94.75" branchCoverage="98.31" maxCyclomaticComplexity="3" minCyclomaticComplexity="1" visitedClasses="6" numClasses="6" visitedMethods="54" numMethods="55" />
      <ModulePath>C:\Users\matan\Desktop\bgu\year 3\2\סדנא\WSEP\Code\TexasHoldem\GamingTests\bin\Debug\GamingTests.dll</ModulePath>
      <ModuleTime>2017-04-26T21:25:34.146623Z</ModuleTime>
      <ModuleName>GamingTests</ModuleName>
      <Files>
        <File uid="1" fullPath="c:\Users\matan\Desktop\bgu\year 3\2\סדנא\WSEP\Code\TexasHoldem\GamingTests\CardAnalyzerTests.cs" />
        <File uid="2" fullPath="c:\Users\matan\Desktop\bgu\year 3\2\סדנא\WSEP\Code\TexasHoldem\GamingTests\CardAndDeckTests.cs" />
        <File uid="3" fullPath="c:\Users\matan\Desktop\bgu\year 3\2\סדנא\WSEP\Code\TexasHoldem\GamingTests\GameParticipantsTests.cs" />
        <File uid="4" fullPath="c:\Users\matan\Desktop\bgu\year 3\2\סדנא\WSEP\Code\TexasHoldem\GamingTests\GamePlayTests.cs" />
        <File uid="5" fullPath="c:\Users\matan\Desktop\bgu\year 3\2\סדנא\WSEP\Code\TexasHoldem\GamingTests\GamePropertiesTests.cs" />
        <File uid="6" fullPath="c:\Users\matan\Desktop\bgu\year 3\2\סדנא\WSEP\Code\TexasHoldem\GamingTests\MoveTests.cs" />
      </Files>
      <Classes>
        <Class>
          <Summary numSequencePoints="0" visitedSequencePoints="0" numBranchPoints="0" visitedBranchPoints="0" sequenceCoverage="0" branchCoverage="0" maxCyclomaticComplexity="0" minCyclomaticComplexity="0" visitedClasses="0" numClasses="0" visitedMethods="0" numMethods="0" />
          <FullName>&lt;Module&gt;</FullName>
          <Methods />
        </Class>
        <Class>
          <Summary numSequencePoints="192" visitedSequencePoints="192" numBranchPoints="24" visitedBranchPoints="24" sequenceCoverage="100" branchCoverage="100" maxCyclomaticComplexity="1" minCyclomaticComplexity="1" visitedClasses="1" numClasses="1" visitedMethods="24" numMethods="24" />
          <FullName>GamingTests.CardAnalyzerTest</FullName>
          <Methods>
            <Method visited="true" cyclomaticComplexity="1" nPathComplexity="0" sequenceCoverage="100" branchCoverage="100" isConstructor="false" isStatic="false" isGetter="false" isSetter="false">
              <Summary numSequencePoints="8" visitedSequencePoints="8" numBranchPoints="1" visitedBranchPoints="1" sequenceCoverage="100" branchCoverage="100" maxCyclomaticComplexity="1" minCyclomaticComplexity="1" visitedClasses="0" numClasses="0" visitedMethods="1" numMethods="1" />
              <MetadataToken>100663297</MetadataToken>
              <Name>System.Void GamingTests.CardAnalyzerTest::hasRoyalFlushTest()</Name>
              <FileRef uid="1" />
              <SequencePoints>
                <SequencePoint vc="1" uspid="1" ordinal="0" offset="0" sl="17" sc="9" el="17" ec="10" bec="0" bev="0" fileid="1" />
                <SequencePoint vc="1" uspid="2" ordinal="1" offset="1" sl="18" sc="13" el="25" ec="15" bec="0" bev="0" fileid="1" />
                <SequencePoint vc="1" uspid="3" ordinal="2" offset="64" sl="26" sc="13" el="26" ec="105" bec="0" bev="0" fileid="1" />
                <SequencePoint vc="1" uspid="4" ordinal="3" offset="84" sl="27" sc="13" el="27" ec="56" bec="0" bev="0" fileid="1" />
                <SequencePoint vc="1" uspid="5" ordinal="4" offset="90" sl="28" sc="13" el="28" ec="49" bec="0" bev="0" fileid="1" />
                <SequencePoint vc="1" uspid="6" ordinal="5" offset="98" sl="29" sc="13" el="29" ec="36" bec="0" bev="0" fileid="1" />
                <SequencePoint vc="1" uspid="7" ordinal="6" offset="106" sl="30" sc="13" el="30" ec="82" bec="0" bev="0" fileid="1" />
                <SequencePoint vc="1" uspid="8" ordinal="7" offset="129" sl="32" sc="9" el="32" ec="10" bec="0" bev="0" fileid="1" />
              </SequencePoints>
              <BranchPoints />
              <MethodPoint xsi:type="SequencePoint" vc="1" uspid="1" ordinal="0" offset="0" sl="17" sc="9" el="17" ec="10" bec="0" bev="0" fileid="1" />
            </Method>
            <Method visited="true" cyclomaticComplexity="1" nPathComplexity="0" sequenceCoverage="100" branchCoverage="100" isConstructor="false" isStatic="false" isGetter="false" isSetter="false">
              <Summary numSequencePoints="8" visitedSequencePoints="8" numBranchPoints="1" visitedBranchPoints="1" sequenceCoverage="100" branchCoverage="100" maxCyclomaticComplexity="1" minCyclomaticComplexity="1" visitedClasses="0" numClasses="0" visitedMethods="1" numMethods="1" />
              <MetadataToken>100663298</MetadataToken>
              <Name>System.Void GamingTests.CardAnalyzerTest::noRoyalFlushTest()</Name>
              <FileRef uid="1" />
              <SequencePoints>
                <SequencePoint vc="1" uspid="9" ordinal="0" offset="0" sl="36" sc="9" el="36" ec="10" bec="0" bev="0" fileid="1" />
                <SequencePoint vc="1" uspid="10" ordinal="1" offset="1" sl="37" sc="13" el="44" ec="15" bec="0" bev="0" fileid="1" />
                <SequencePoint vc="1" uspid="11" ordinal="2" offset="64" sl="45" sc="13" el="45" ec="105" bec="0" bev="0" fileid="1" />
                <SequencePoint vc="1" uspid="12" ordinal="3" offset="84" sl="46" sc="13" el="46" ec="56" bec="0" bev="0" fileid="1" />
                <SequencePoint vc="1" uspid="13" ordinal="4" offset="90" sl="47" sc="13" el="47" ec="49" bec="0" bev="0" fileid="1" />
                <SequencePoint vc="1" uspid="14" ordinal="5" offset="98" sl="48" sc="13" el="48" ec="36" bec="0" bev="0" fileid="1" />
                <SequencePoint vc="1" uspid="15" ordinal="6" offset="106" sl="49" sc="13" el="49" ec="86" bec="0" bev="0" fileid="1" />
                <SequencePoint vc="1" uspid="16" ordinal="7" offset="129" sl="51" sc="9" el="51" ec="10" bec="0" bev="0" fileid="1" />
              </SequencePoints>
              <BranchPoints />
              <MethodPoint xsi:type="SequencePoint" vc="1" uspid="9" ordinal="0" offset="0" sl="36" sc="9" el="36" ec="10" bec="0" bev="0" fileid="1" />
            </Method>
            <Method visited="true" cyclomaticComplexity="1" nPathComplexity="0" sequenceCoverage="100" branchCoverage="100" isConstructor="false" isStatic="false" isGetter="false" isSetter="false">
              <Summary numSequencePoints="8" visitedSequencePoints="8" numBranchPoints="1" visitedBranchPoints="1" sequenceCoverage="100" branchCoverage="100" maxCyclomaticComplexity="1" minCyclomaticComplexity="1" visitedClasses="0" numClasses="0" visitedMethods="1" numMethods="1" />
              <MetadataToken>100663299</MetadataToken>
              <Name>System.Void GamingTests.CardAnalyzerTest::noRoyalFlush2Test()</Name>
              <FileRef uid="1" />
              <SequencePoints>
                <SequencePoint vc="1" uspid="17" ordinal="0" offset="0" sl="55" sc="9" el="55" ec="10" bec="0" bev="0" fileid="1" />
                <SequencePoint vc="1" uspid="18" ordinal="1" offset="1" sl="56" sc="13" el="63" ec="15" bec="0" bev="0" fileid="1" />
                <SequencePoint vc="1" uspid="19" ordinal="2" offset="64" sl="64" sc="13" el="64" ec="105" bec="0" bev="0" fileid="1" />
                <SequencePoint vc="1" uspid="20" ordinal="3" offset="84" sl="65" sc="13" el="65" ec="56" bec="0" bev="0" fileid="1" />
                <SequencePoint vc="1" uspid="21" ordinal="4" offset="90" sl="66" sc="13" el="66" ec="49" bec="0" bev="0" fileid="1" />
                <SequencePoint vc="1" uspid="22" ordinal="5" offset="98" sl="67" sc="13" el="67" ec="36" bec="0" bev="0" fileid="1" />
                <SequencePoint vc="1" uspid="23" ordinal="6" offset="106" sl="68" sc="13" el="68" ec="86" bec="0" bev="0" fileid="1" />
                <SequencePoint vc="1" uspid="24" ordinal="7" offset="129" sl="71" sc="9" el="71" ec="10" bec="0" bev="0" fileid="1" />
              </SequencePoints>
              <BranchPoints />
              <MethodPoint xsi:type="SequencePoint" vc="1" uspid="17" ordinal="0" offset="0" sl="55" sc="9" el="55" ec="10" bec="0" bev="0" fileid="1" />
            </Method>
            <Method visited="true" cyclomaticComplexity="1" nPathComplexity="0" sequenceCoverage="100" branchCoverage="100" isConstructor="false" isStatic="false" isGetter="false" isSetter="false">
              <Summary numSequencePoints="8" visitedSequencePoints="8" numBranchPoints="1" visitedBranchPoints="1" sequenceCoverage="100" branchCoverage="100" maxCyclomaticComplexity="1" minCyclomaticComplexity="1" visitedClasses="0" numClasses="0" visitedMethods="1" numMethods="1" />
              <MetadataToken>100663300</MetadataToken>
              <Name>System.Void GamingTests.CardAnalyzerTest::noStraightFlushTest()</Name>
              <FileRef uid="1" />
              <SequencePoints>
                <SequencePoint vc="1" uspid="25" ordinal="0" offset="0" sl="75" sc="9" el="75" ec="10" bec="0" bev="0" fileid="1" />
                <SequencePoint vc="1" uspid="26" ordinal="1" offset="1" sl="76" sc="13" el="83" ec="15" bec="0" bev="0" fileid="1" />
                <SequencePoint vc="1" uspid="27" ordinal="2" offset="64" sl="84" sc="13" el="84" ec="105" bec="0" bev="0" fileid="1" />
                <SequencePoint vc="1" uspid="28" ordinal="3" offset="84" sl="85" sc="13" el="85" ec="56" bec="0" bev="0" fileid="1" />
                <SequencePoint vc="1" uspid="29" ordinal="4" offset="90" sl="86" sc="13" el="86" ec="49" bec="0" bev="0" fileid="1" />
                <SequencePoint vc="1" uspid="30" ordinal="5" offset="98" sl="87" sc="13" el="87" ec="36" bec="0" bev="0" fileid="1" />
                <SequencePoint vc="1" uspid="31" ordinal="6" offset="106" sl="88" sc="13" el="88" ec="89" bec="0" bev="0" fileid="1" />
                <SequencePoint vc="1" uspid="32" ordinal="7" offset="129" sl="91" sc="9" el="91" ec="10" bec="0" bev="0" fileid="1" />
              </SequencePoints>
              <BranchPoints />
              <MethodPoint xsi:type="SequencePoint" vc="1" uspid="25" ordinal="0" offset="0" sl="75" sc="9" el="75" ec="10" bec="0" bev="0" fileid="1" />
            </Method>
            <Method visited="true" cyclomaticComplexity="1" nPathComplexity="0" sequenceCoverage="100" branchCoverage="100" isConstructor="false" isStatic="false" isGetter="false" isSetter="false">
              <Summary numSequencePoints="8" visitedSequencePoints="8" numBranchPoints="1" visitedBranchPoints="1" sequenceCoverage="100" branchCoverage="100" maxCyclomaticComplexity="1" minCyclomaticComplexity="1" visitedClasses="0" numClasses="0" visitedMethods="1" numMethods="1" />
              <MetadataToken>100663301</MetadataToken>
              <Name>System.Void GamingTests.CardAnalyzerTest::hasStraightFlushTest()</Name>
              <FileRef uid="1" />
              <SequencePoints>
                <SequencePoint vc="1" uspid="33" ordinal="0" offset="0" sl="94" sc="9" el="94" ec="10" bec="0" bev="0" fileid="1" />
                <SequencePoint vc="1" uspid="34" ordinal="1" offset="1" sl="95" sc="13" el="102" ec="15" bec="0" bev="0" fileid="1" />
                <SequencePoint vc="1" uspid="35" ordinal="2" offset="61" sl="103" sc="13" el="103" ec="104" bec="0" bev="0" fileid="1" />
                <SequencePoint vc="1" uspid="36" ordinal="3" offset="81" sl="104" sc="13" el="104" ec="56" bec="0" bev="0" fileid="1" />
                <SequencePoint vc="1" uspid="37" ordinal="4" offset="87" sl="105" sc="13" el="105" ec="49" bec="0" bev="0" fileid="1" />
                <SequencePoint vc="1" uspid="38" ordinal="5" offset="95" sl="106" sc="13" el="106" ec="36" bec="0" bev="0" fileid="1" />
                <SequencePoint vc="1" uspid="39" ordinal="6" offset="103" sl="107" sc="13" el="107" ec="86" bec="0" bev="0" fileid="1" />
                <SequencePoint vc="1" uspid="40" ordinal="7" offset="126" sl="110" sc="9" el="110" ec="10" bec="0" bev="0" fileid="1" />
              </SequencePoints>
              <BranchPoints />
              <MethodPoint xsi:type="SequencePoint" vc="1" uspid="33" ordinal="0" offset="0" sl="94" sc="9" el="94" ec="10" bec="0" bev="0" fileid="1" />
            </Method>
            <Method visited="true" cyclomaticComplexity="1" nPathComplexity="0" sequenceCoverage="100" branchCoverage="100" isConstructor="false" isStatic="false" isGetter="false" isSetter="false">
              <Summary numSequencePoints="8" visitedSequencePoints="8" numBranchPoints="1" visitedBranchPoints="1" sequenceCoverage="100" branchCoverage="100" maxCyclomaticComplexity="1" minCyclomaticComplexity="1" visitedClasses="0" numClasses="0" visitedMethods="1" numMethods="1" />
              <MetadataToken>100663302</MetadataToken>
              <Name>System.Void GamingTests.CardAnalyzerTest::hasStraightFlush2Test()</Name>
              <FileRef uid="1" />
              <SequencePoints>
                <SequencePoint vc="1" uspid="41" ordinal="0" offset="0" sl="113" sc="9" el="113" ec="10" bec="0" bev="0" fileid="1" />
                <SequencePoint vc="1" uspid="42" ordinal="1" offset="1" sl="114" sc="13" el="121" ec="15" bec="0" bev="0" fileid="1" />
                <SequencePoint vc="1" uspid="43" ordinal="2" offset="60" sl="122" sc="13" el="122" ec="104" bec="0" bev="0" fileid="1" />
                <SequencePoint vc="1" uspid="44" ordinal="3" offset="81" sl="123" sc="13" el="123" ec="56" bec="0" bev="0" fileid="1" />
                <SequencePoint vc="1" uspid="45" ordinal="4" offset="87" sl="124" sc="13" el="124" ec="49" bec="0" bev="0" fileid="1" />
                <SequencePoint vc="1" uspid="46" ordinal="5" offset="95" sl="125" sc="13" el="125" ec="36" bec="0" bev="0" fileid="1" />
                <SequencePoint vc="1" uspid="47" ordinal="6" offset="103" sl="126" sc="13" el="126" ec="86" bec="0" bev="0" fileid="1" />
                <SequencePoint vc="1" uspid="48" ordinal="7" offset="126" sl="129" sc="9" el="129" ec="10" bec="0" bev="0" fileid="1" />
              </SequencePoints>
              <BranchPoints />
              <MethodPoint xsi:type="SequencePoint" vc="1" uspid="41" ordinal="0" offset="0" sl="113" sc="9" el="113" ec="10" bec="0" bev="0" fileid="1" />
            </Method>
            <Method visited="true" cyclomaticComplexity="1" nPathComplexity="0" sequenceCoverage="100" branchCoverage="100" isConstructor="false" isStatic="false" isGetter="false" isSetter="false">
              <Summary numSequencePoints="8" visitedSequencePoints="8" numBranchPoints="1" visitedBranchPoints="1" sequenceCoverage="100" branchCoverage="100" maxCyclomaticComplexity="1" minCyclomaticComplexity="1" visitedClasses="0" numClasses="0" visitedMethods="1" numMethods="1" />
              <MetadataToken>100663303</MetadataToken>
              <Name>System.Void GamingTests.CardAnalyzerTest::hasFourOfAKindTest()</Name>
              <FileRef uid="1" />
              <SequencePoints>
                <SequencePoint vc="1" uspid="49" ordinal="0" offset="0" sl="132" sc="9" el="132" ec="10" bec="0" bev="0" fileid="1" />
                <SequencePoint vc="1" uspid="50" ordinal="1" offset="1" sl="133" sc="13" el="140" ec="15" bec="0" bev="0" fileid="1" />
                <SequencePoint vc="1" uspid="51" ordinal="2" offset="61" sl="141" sc="13" el="141" ec="106" bec="0" bev="0" fileid="1" />
                <SequencePoint vc="1" uspid="52" ordinal="3" offset="81" sl="142" sc="13" el="142" ec="56" bec="0" bev="0" fileid="1" />
                <SequencePoint vc="1" uspid="53" ordinal="4" offset="87" sl="143" sc="13" el="143" ec="49" bec="0" bev="0" fileid="1" />
                <SequencePoint vc="1" uspid="54" ordinal="5" offset="95" sl="144" sc="13" el="144" ec="36" bec="0" bev="0" fileid="1" />
                <SequencePoint vc="1" uspid="55" ordinal="6" offset="103" sl="145" sc="13" el="145" ec="84" bec="0" bev="0" fileid="1" />
                <SequencePoint vc="1" uspid="56" ordinal="7" offset="126" sl="148" sc="9" el="148" ec="10" bec="0" bev="0" fileid="1" />
              </SequencePoints>
              <BranchPoints />
              <MethodPoint xsi:type="SequencePoint" vc="1" uspid="49" ordinal="0" offset="0" sl="132" sc="9" el="132" ec="10" bec="0" bev="0" fileid="1" />
            </Method>
            <Method visited="true" cyclomaticComplexity="1" nPathComplexity="0" sequenceCoverage="100" branchCoverage="100" isConstructor="false" isStatic="false" isGetter="false" isSetter="false">
              <Summary numSequencePoints="8" visitedSequencePoints="8" numBranchPoints="1" visitedBranchPoints="1" sequenceCoverage="100" branchCoverage="100" maxCyclomaticComplexity="1" minCyclomaticComplexity="1" visitedClasses="0" numClasses="0" visitedMethods="1" numMethods="1" />
              <MetadataToken>100663304</MetadataToken>
              <Name>System.Void GamingTests.CardAnalyzerTest::noFourOfAKindTest()</Name>
              <FileRef uid="1" />
              <SequencePoints>
                <SequencePoint vc="1" uspid="57" ordinal="0" offset="0" sl="151" sc="9" el="151" ec="10" bec="0" bev="0" fileid="1" />
                <SequencePoint vc="1" uspid="58" ordinal="1" offset="1" sl="152" sc="13" el="159" ec="15" bec="0" bev="0" fileid="1" />
                <SequencePoint vc="1" uspid="59" ordinal="2" offset="61" sl="160" sc="13" el="160" ec="104" bec="0" bev="0" fileid="1" />
                <SequencePoint vc="1" uspid="60" ordinal="3" offset="81" sl="161" sc="13" el="161" ec="56" bec="0" bev="0" fileid="1" />
                <SequencePoint vc="1" uspid="61" ordinal="4" offset="87" sl="162" sc="13" el="162" ec="49" bec="0" bev="0" fileid="1" />
                <SequencePoint vc="1" uspid="62" ordinal="5" offset="95" sl="163" sc="13" el="163" ec="36" bec="0" bev="0" fileid="1" />
                <SequencePoint vc="1" uspid="63" ordinal="6" offset="103" sl="164" sc="13" el="164" ec="87" bec="0" bev="0" fileid="1" />
                <SequencePoint vc="1" uspid="64" ordinal="7" offset="126" sl="167" sc="9" el="167" ec="10" bec="0" bev="0" fileid="1" />
              </SequencePoints>
              <BranchPoints />
              <MethodPoint xsi:type="SequencePoint" vc="1" uspid="57" ordinal="0" offset="0" sl="151" sc="9" el="151" ec="10" bec="0" bev="0" fileid="1" />
            </Method>
            <Method visited="true" cyclomaticComplexity="1" nPathComplexity="0" sequenceCoverage="100" branchCoverage="100" isConstructor="false" isStatic="false" isGetter="false" isSetter="false">
              <Summary numSequencePoints="8" visitedSequencePoints="8" numBranchPoints="1" visitedBranchPoints="1" sequenceCoverage="100" branchCoverage="100" maxCyclomaticComplexity="1" minCyclomaticComplexity="1" visitedClasses="0" numClasses="0" visitedMethods="1" numMethods="1" />
              <MetadataToken>100663305</MetadataToken>
              <Name>System.Void GamingTests.CardAnalyzerTest::hasFullHouseTest()</Name>
              <FileRef uid="1" />
              <SequencePoints>
                <SequencePoint vc="1" uspid="65" ordinal="0" offset="0" sl="171" sc="9" el="171" ec="10" bec="0" bev="0" fileid="1" />
                <SequencePoint vc="1" uspid="66" ordinal="1" offset="1" sl="172" sc="13" el="179" ec="15" bec="0" bev="0" fileid="1" />
                <SequencePoint vc="1" uspid="67" ordinal="2" offset="63" sl="180" sc="13" el="180" ec="107" bec="0" bev="0" fileid="1" />
                <SequencePoint vc="1" uspid="68" ordinal="3" offset="84" sl="181" sc="13" el="181" ec="56" bec="0" bev="0" fileid="1" />
                <SequencePoint vc="1" uspid="69" ordinal="4" offset="90" sl="182" sc="13" el="182" ec="49" bec="0" bev="0" fileid="1" />
                <SequencePoint vc="1" uspid="70" ordinal="5" offset="98" sl="183" sc="13" el="183" ec="36" bec="0" bev="0" fileid="1" />
                <SequencePoint vc="1" uspid="71" ordinal="6" offset="106" sl="184" sc="13" el="184" ec="82" bec="0" bev="0" fileid="1" />
                <SequencePoint vc="1" uspid="72" ordinal="7" offset="129" sl="187" sc="9" el="187" ec="10" bec="0" bev="0" fileid="1" />
              </SequencePoints>
              <BranchPoints />
              <MethodPoint xsi:type="SequencePoint" vc="1" uspid="65" ordinal="0" offset="0" sl="171" sc="9" el="171" ec="10" bec="0" bev="0" fileid="1" />
            </Method>
            <Method visited="true" cyclomaticComplexity="1" nPathComplexity="0" sequenceCoverage="100" branchCoverage="100" isConstructor="false" isStatic="false" isGetter="false" isSetter="false">
              <Summary numSequencePoints="8" visitedSequencePoints="8" numBranchPoints="1" visitedBranchPoints="1" sequenceCoverage="100" branchCoverage="100" maxCyclomaticComplexity="1" minCyclomaticComplexity="1" visitedClasses="0" numClasses="0" visitedMethods="1" numMethods="1" />
              <MetadataToken>100663306</MetadataToken>
              <Name>System.Void GamingTests.CardAnalyzerTest::noFullHouseTest()</Name>
              <FileRef uid="1" />
              <SequencePoints>
                <SequencePoint vc="1" uspid="73" ordinal="0" offset="0" sl="190" sc="9" el="190" ec="10" bec="0" bev="0" fileid="1" />
                <SequencePoint vc="1" uspid="74" ordinal="1" offset="1" sl="191" sc="13" el="198" ec="15" bec="0" bev="0" fileid="1" />
                <SequencePoint vc="1" uspid="75" ordinal="2" offset="60" sl="199" sc="13" el="199" ec="104" bec="0" bev="0" fileid="1" />
                <SequencePoint vc="1" uspid="76" ordinal="3" offset="80" sl="200" sc="13" el="200" ec="56" bec="0" bev="0" fileid="1" />
                <SequencePoint vc="1" uspid="77" ordinal="4" offset="86" sl="201" sc="13" el="201" ec="49" bec="0" bev="0" fileid="1" />
                <SequencePoint vc="1" uspid="78" ordinal="5" offset="94" sl="202" sc="13" el="202" ec="36" bec="0" bev="0" fileid="1" />
                <SequencePoint vc="1" uspid="79" ordinal="6" offset="102" sl="203" sc="13" el="203" ec="85" bec="0" bev="0" fileid="1" />
                <SequencePoint vc="1" uspid="80" ordinal="7" offset="125" sl="206" sc="9" el="206" ec="10" bec="0" bev="0" fileid="1" />
              </SequencePoints>
              <BranchPoints />
              <MethodPoint xsi:type="SequencePoint" vc="1" uspid="73" ordinal="0" offset="0" sl="190" sc="9" el="190" ec="10" bec="0" bev="0" fileid="1" />
            </Method>
            <Method visited="true" cyclomaticComplexity="1" nPathComplexity="0" sequenceCoverage="100" branchCoverage="100" isConstructor="false" isStatic="false" isGetter="false" isSetter="false">
              <Summary numSequencePoints="8" visitedSequencePoints="8" numBranchPoints="1" visitedBranchPoints="1" sequenceCoverage="100" branchCoverage="100" maxCyclomaticComplexity="1" minCyclomaticComplexity="1" visitedClasses="0" numClasses="0" visitedMethods="1" numMethods="1" />
              <MetadataToken>100663307</MetadataToken>
              <Name>System.Void GamingTests.CardAnalyzerTest::hasFlushTest()</Name>
              <FileRef uid="1" />
              <SequencePoints>
                <SequencePoint vc="1" uspid="81" ordinal="0" offset="0" sl="210" sc="9" el="210" ec="10" bec="0" bev="0" fileid="1" />
                <SequencePoint vc="1" uspid="82" ordinal="1" offset="1" sl="211" sc="13" el="218" ec="15" bec="0" bev="0" fileid="1" />
                <SequencePoint vc="1" uspid="83" ordinal="2" offset="63" sl="219" sc="13" el="219" ec="104" bec="0" bev="0" fileid="1" />
                <SequencePoint vc="1" uspid="84" ordinal="3" offset="83" sl="220" sc="13" el="220" ec="56" bec="0" bev="0" fileid="1" />
                <SequencePoint vc="1" uspid="85" ordinal="4" offset="89" sl="221" sc="13" el="221" ec="49" bec="0" bev="0" fileid="1" />
                <SequencePoint vc="1" uspid="86" ordinal="5" offset="97" sl="222" sc="13" el="222" ec="36" bec="0" bev="0" fileid="1" />
                <SequencePoint vc="1" uspid="87" ordinal="6" offset="105" sl="223" sc="13" el="223" ec="78" bec="0" bev="0" fileid="1" />
                <SequencePoint vc="1" uspid="88" ordinal="7" offset="128" sl="226" sc="9" el="226" ec="10" bec="0" bev="0" fileid="1" />
              </SequencePoints>
              <BranchPoints />
              <MethodPoint xsi:type="SequencePoint" vc="1" uspid="81" ordinal="0" offset="0" sl="210" sc="9" el="210" ec="10" bec="0" bev="0" fileid="1" />
            </Method>
            <Method visited="true" cyclomaticComplexity="1" nPathComplexity="0" sequenceCoverage="100" branchCoverage="100" isConstructor="false" isStatic="false" isGetter="false" isSetter="false">
              <Summary numSequencePoints="8" visitedSequencePoints="8" numBranchPoints="1" visitedBranchPoints="1" sequenceCoverage="100" branchCoverage="100" maxCyclomaticComplexity="1" minCyclomaticComplexity="1" visitedClasses="0" numClasses="0" visitedMethods="1" numMethods="1" />
              <MetadataToken>100663308</MetadataToken>
              <Name>System.Void GamingTests.CardAnalyzerTest::noFlushTest()</Name>
              <FileRef uid="1" />
              <SequencePoints>
                <SequencePoint vc="1" uspid="89" ordinal="0" offset="0" sl="229" sc="9" el="229" ec="10" bec="0" bev="0" fileid="1" />
                <SequencePoint vc="1" uspid="90" ordinal="1" offset="1" sl="230" sc="13" el="237" ec="15" bec="0" bev="0" fileid="1" />
                <SequencePoint vc="1" uspid="91" ordinal="2" offset="61" sl="238" sc="13" el="238" ec="108" bec="0" bev="0" fileid="1" />
                <SequencePoint vc="1" uspid="92" ordinal="3" offset="82" sl="239" sc="13" el="239" ec="56" bec="0" bev="0" fileid="1" />
                <SequencePoint vc="1" uspid="93" ordinal="4" offset="88" sl="240" sc="13" el="240" ec="49" bec="0" bev="0" fileid="1" />
                <SequencePoint vc="1" uspid="94" ordinal="5" offset="96" sl="241" sc="13" el="241" ec="36" bec="0" bev="0" fileid="1" />
                <SequencePoint vc="1" uspid="95" ordinal="6" offset="104" sl="242" sc="13" el="242" ec="81" bec="0" bev="0" fileid="1" />
                <SequencePoint vc="1" uspid="96" ordinal="7" offset="127" sl="245" sc="9" el="245" ec="10" bec="0" bev="0" fileid="1" />
              </SequencePoints>
              <BranchPoints />
              <MethodPoint xsi:type="SequencePoint" vc="1" uspid="89" ordinal="0" offset="0" sl="229" sc="9" el="229" ec="10" bec="0" bev="0" fileid="1" />
            </Method>
            <Method visited="true" cyclomaticComplexity="1" nPathComplexity="0" sequenceCoverage="100" branchCoverage="100" isConstructor="false" isStatic="false" isGetter="false" isSetter="false">
              <Summary numSequencePoints="8" visitedSequencePoints="8" numBranchPoints="1" visitedBranchPoints="1" sequenceCoverage="100" branchCoverage="100" maxCyclomaticComplexity="1" minCyclomaticComplexity="1" visitedClasses="0" numClasses="0" visitedMethods="1" numMethods="1" />
              <MetadataToken>100663309</MetadataToken>
              <Name>System.Void GamingTests.CardAnalyzerTest::hasStraightTest()</Name>
              <FileRef uid="1" />
              <SequencePoints>
                <SequencePoint vc="1" uspid="97" ordinal="0" offset="0" sl="249" sc="9" el="249" ec="10" bec="0" bev="0" fileid="1" />
                <SequencePoint vc="1" uspid="98" ordinal="1" offset="1" sl="250" sc="13" el="257" ec="15" bec="0" bev="0" fileid="1" />
                <SequencePoint vc="1" uspid="99" ordinal="2" offset="61" sl="258" sc="13" el="258" ec="107" bec="0" bev="0" fileid="1" />
                <SequencePoint vc="1" uspid="100" ordinal="3" offset="81" sl="259" sc="13" el="259" ec="56" bec="0" bev="0" fileid="1" />
                <SequencePoint vc="1" uspid="101" ordinal="4" offset="87" sl="260" sc="13" el="260" ec="49" bec="0" bev="0" fileid="1" />
                <SequencePoint vc="1" uspid="102" ordinal="5" offset="95" sl="261" sc="13" el="261" ec="36" bec="0" bev="0" fileid="1" />
                <SequencePoint vc="1" uspid="103" ordinal="6" offset="103" sl="262" sc="13" el="262" ec="81" bec="0" bev="0" fileid="1" />
                <SequencePoint vc="1" uspid="104" ordinal="7" offset="126" sl="265" sc="9" el="265" ec="10" bec="0" bev="0" fileid="1" />
              </SequencePoints>
              <BranchPoints />
              <MethodPoint xsi:type="SequencePoint" vc="1" uspid="97" ordinal="0" offset="0" sl="249" sc="9" el="249" ec="10" bec="0" bev="0" fileid="1" />
            </Method>
            <Method visited="true" cyclomaticComplexity="1" nPathComplexity="0" sequenceCoverage="100" branchCoverage="100" isConstructor="false" isStatic="false" isGetter="false" isSetter="false">
              <Summary numSequencePoints="8" visitedSequencePoints="8" numBranchPoints="1" visitedBranchPoints="1" sequenceCoverage="100" branchCoverage="100" maxCyclomaticComplexity="1" minCyclomaticComplexity="1" visitedClasses="0" numClasses="0" visitedMethods="1" numMethods="1" />
              <MetadataToken>100663310</MetadataToken>
              <Name>System.Void GamingTests.CardAnalyzerTest::noStraightTest()</Name>
              <FileRef uid="1" />
              <SequencePoints>
                <SequencePoint vc="1" uspid="105" ordinal="0" offset="0" sl="269" sc="9" el="269" ec="10" bec="0" bev="0" fileid="1" />
                <SequencePoint vc="1" uspid="106" ordinal="1" offset="1" sl="270" sc="13" el="277" ec="15" bec="0" bev="0" fileid="1" />
                <SequencePoint vc="1" uspid="107" ordinal="2" offset="61" sl="278" sc="13" el="278" ec="107" bec="0" bev="0" fileid="1" />
                <SequencePoint vc="1" uspid="108" ordinal="3" offset="81" sl="279" sc="13" el="279" ec="56" bec="0" bev="0" fileid="1" />
                <SequencePoint vc="1" uspid="109" ordinal="4" offset="87" sl="280" sc="13" el="280" ec="49" bec="0" bev="0" fileid="1" />
                <SequencePoint vc="1" uspid="110" ordinal="5" offset="95" sl="281" sc="13" el="281" ec="36" bec="0" bev="0" fileid="1" />
                <SequencePoint vc="1" uspid="111" ordinal="6" offset="103" sl="282" sc="13" el="282" ec="84" bec="0" bev="0" fileid="1" />
                <SequencePoint vc="1" uspid="112" ordinal="7" offset="126" sl="285" sc="9" el="285" ec="10" bec="0" bev="0" fileid="1" />
              </SequencePoints>
              <BranchPoints />
              <MethodPoint xsi:type="SequencePoint" vc="1" uspid="105" ordinal="0" offset="0" sl="269" sc="9" el="269" ec="10" bec="0" bev="0" fileid="1" />
            </Method>
            <Method visited="true" cyclomaticComplexity="1" nPathComplexity="0" sequenceCoverage="100" branchCoverage="100" isConstructor="false" isStatic="false" isGetter="false" isSetter="false">
              <Summary numSequencePoints="8" visitedSequencePoints="8" numBranchPoints="1" visitedBranchPoints="1" sequenceCoverage="100" branchCoverage="100" maxCyclomaticComplexity="1" minCyclomaticComplexity="1" visitedClasses="0" numClasses="0" visitedMethods="1" numMethods="1" />
              <MetadataToken>100663311</MetadataToken>
              <Name>System.Void GamingTests.CardAnalyzerTest::hasThreeOfAKindTest()</Name>
              <FileRef uid="1" />
              <SequencePoints>
                <SequencePoint vc="1" uspid="113" ordinal="0" offset="0" sl="290" sc="9" el="290" ec="10" bec="0" bev="0" fileid="1" />
                <SequencePoint vc="1" uspid="114" ordinal="1" offset="1" sl="291" sc="13" el="298" ec="15" bec="0" bev="0" fileid="1" />
                <SequencePoint vc="1" uspid="115" ordinal="2" offset="61" sl="299" sc="13" el="299" ec="107" bec="0" bev="0" fileid="1" />
                <SequencePoint vc="1" uspid="116" ordinal="3" offset="82" sl="300" sc="13" el="300" ec="56" bec="0" bev="0" fileid="1" />
                <SequencePoint vc="1" uspid="117" ordinal="4" offset="88" sl="301" sc="13" el="301" ec="49" bec="0" bev="0" fileid="1" />
                <SequencePoint vc="1" uspid="118" ordinal="5" offset="96" sl="302" sc="13" el="302" ec="36" bec="0" bev="0" fileid="1" />
                <SequencePoint vc="1" uspid="119" ordinal="6" offset="104" sl="303" sc="13" el="303" ec="85" bec="0" bev="0" fileid="1" />
                <SequencePoint vc="1" uspid="120" ordinal="7" offset="127" sl="306" sc="9" el="306" ec="10" bec="0" bev="0" fileid="1" />
              </SequencePoints>
              <BranchPoints />
              <MethodPoint xsi:type="SequencePoint" vc="1" uspid="113" ordinal="0" offset="0" sl="290" sc="9" el="290" ec="10" bec="0" bev="0" fileid="1" />
            </Method>
            <Method visited="true" cyclomaticComplexity="1" nPathComplexity="0" sequenceCoverage="100" branchCoverage="100" isConstructor="false" isStatic="false" isGetter="false" isSetter="false">
              <Summary numSequencePoints="8" visitedSequencePoints="8" numBranchPoints="1" visitedBranchPoints="1" sequenceCoverage="100" branchCoverage="100" maxCyclomaticComplexity="1" minCyclomaticComplexity="1" visitedClasses="0" numClasses="0" visitedMethods="1" numMethods="1" />
              <MetadataToken>100663312</MetadataToken>
              <Name>System.Void GamingTests.CardAnalyzerTest::noThreeOfAKindTest()</Name>
              <FileRef uid="1" />
              <SequencePoints>
                <SequencePoint vc="1" uspid="121" ordinal="0" offset="0" sl="310" sc="9" el="310" ec="10" bec="0" bev="0" fileid="1" />
                <SequencePoint vc="1" uspid="122" ordinal="1" offset="1" sl="311" sc="13" el="318" ec="15" bec="0" bev="0" fileid="1" />
                <SequencePoint vc="1" uspid="123" ordinal="2" offset="61" sl="319" sc="13" el="319" ec="104" bec="0" bev="0" fileid="1" />
                <SequencePoint vc="1" uspid="124" ordinal="3" offset="81" sl="320" sc="13" el="320" ec="56" bec="0" bev="0" fileid="1" />
                <SequencePoint vc="1" uspid="125" ordinal="4" offset="87" sl="321" sc="13" el="321" ec="49" bec="0" bev="0" fileid="1" />
                <SequencePoint vc="1" uspid="126" ordinal="5" offset="95" sl="322" sc="13" el="322" ec="36" bec="0" bev="0" fileid="1" />
                <SequencePoint vc="1" uspid="127" ordinal="6" offset="103" sl="323" sc="13" el="323" ec="88" bec="0" bev="0" fileid="1" />
                <SequencePoint vc="1" uspid="128" ordinal="7" offset="126" sl="326" sc="9" el="326" ec="10" bec="0" bev="0" fileid="1" />
              </SequencePoints>
              <BranchPoints />
              <MethodPoint xsi:type="SequencePoint" vc="1" uspid="121" ordinal="0" offset="0" sl="310" sc="9" el="310" ec="10" bec="0" bev="0" fileid="1" />
            </Method>
            <Method visited="true" cyclomaticComplexity="1" nPathComplexity="0" sequenceCoverage="100" branchCoverage="100" isConstructor="false" isStatic="false" isGetter="false" isSetter="false">
              <Summary numSequencePoints="8" visitedSequencePoints="8" numBranchPoints="1" visitedBranchPoints="1" sequenceCoverage="100" branchCoverage="100" maxCyclomaticComplexity="1" minCyclomaticComplexity="1" visitedClasses="0" numClasses="0" visitedMethods="1" numMethods="1" />
              <MetadataToken>100663313</MetadataToken>
              <Name>System.Void GamingTests.CardAnalyzerTest::hasTwoPairTest()</Name>
              <FileRef uid="1" />
              <SequencePoints>
                <SequencePoint vc="1" uspid="129" ordinal="0" offset="0" sl="331" sc="9" el="331" ec="10" bec="0" bev="0" fileid="1" />
                <SequencePoint vc="1" uspid="130" ordinal="1" offset="1" sl="332" sc="13" el="339" ec="15" bec="0" bev="0" fileid="1" />
                <SequencePoint vc="1" uspid="131" ordinal="2" offset="61" sl="340" sc="13" el="340" ec="107" bec="0" bev="0" fileid="1" />
                <SequencePoint vc="1" uspid="132" ordinal="3" offset="83" sl="341" sc="13" el="341" ec="56" bec="0" bev="0" fileid="1" />
                <SequencePoint vc="1" uspid="133" ordinal="4" offset="89" sl="342" sc="13" el="342" ec="49" bec="0" bev="0" fileid="1" />
                <SequencePoint vc="1" uspid="134" ordinal="5" offset="97" sl="343" sc="13" el="343" ec="36" bec="0" bev="0" fileid="1" />
                <SequencePoint vc="1" uspid="135" ordinal="6" offset="105" sl="344" sc="13" el="344" ec="80" bec="0" bev="0" fileid="1" />
                <SequencePoint vc="1" uspid="136" ordinal="7" offset="128" sl="347" sc="9" el="347" ec="10" bec="0" bev="0" fileid="1" />
              </SequencePoints>
              <BranchPoints />
              <MethodPoint xsi:type="SequencePoint" vc="1" uspid="129" ordinal="0" offset="0" sl="331" sc="9" el="331" ec="10" bec="0" bev="0" fileid="1" />
            </Method>
            <Method visited="true" cyclomaticComplexity="1" nPathComplexity="0" sequenceCoverage="100" branchCoverage="100" isConstructor="false" isStatic="false" isGetter="false" isSetter="false">
              <Summary numSequencePoints="8" visitedSequencePoints="8" numBranchPoints="1" visitedBranchPoints="1" sequenceCoverage="100" branchCoverage="100" maxCyclomaticComplexity="1" minCyclomaticComplexity="1" visitedClasses="0" numClasses="0" visitedMethods="1" numMethods="1" />
              <MetadataToken>100663314</MetadataToken>
              <Name>System.Void GamingTests.CardAnalyzerTest::noTwoPairTest()</Name>
              <FileRef uid="1" />
              <SequencePoints>
                <SequencePoint vc="1" uspid="137" ordinal="0" offset="0" sl="351" sc="9" el="351" ec="10" bec="0" bev="0" fileid="1" />
                <SequencePoint vc="1" uspid="138" ordinal="1" offset="1" sl="352" sc="13" el="359" ec="15" bec="0" bev="0" fileid="1" />
                <SequencePoint vc="1" uspid="139" ordinal="2" offset="61" sl="360" sc="13" el="360" ec="104" bec="0" bev="0" fileid="1" />
                <SequencePoint vc="1" uspid="140" ordinal="3" offset="81" sl="361" sc="13" el="361" ec="56" bec="0" bev="0" fileid="1" />
                <SequencePoint vc="1" uspid="141" ordinal="4" offset="87" sl="362" sc="13" el="362" ec="49" bec="0" bev="0" fileid="1" />
                <SequencePoint vc="1" uspid="142" ordinal="5" offset="95" sl="363" sc="13" el="363" ec="36" bec="0" bev="0" fileid="1" />
                <SequencePoint vc="1" uspid="143" ordinal="6" offset="103" sl="364" sc="13" el="364" ec="83" bec="0" bev="0" fileid="1" />
                <SequencePoint vc="1" uspid="144" ordinal="7" offset="126" sl="367" sc="9" el="367" ec="10" bec="0" bev="0" fileid="1" />
              </SequencePoints>
              <BranchPoints />
              <MethodPoint xsi:type="SequencePoint" vc="1" uspid="137" ordinal="0" offset="0" sl="351" sc="9" el="351" ec="10" bec="0" bev="0" fileid="1" />
            </Method>
            <Method visited="true" cyclomaticComplexity="1" nPathComplexity="0" sequenceCoverage="100" branchCoverage="100" isConstructor="false" isStatic="false" isGetter="false" isSetter="false">
              <Summary numSequencePoints="8" visitedSequencePoints="8" numBranchPoints="1" visitedBranchPoints="1" sequenceCoverage="100" branchCoverage="100" maxCyclomaticComplexity="1" minCyclomaticComplexity="1" visitedClasses="0" numClasses="0" visitedMethods="1" numMethods="1" />
              <MetadataToken>100663315</MetadataToken>
              <Name>System.Void GamingTests.CardAnalyzerTest::highCardAnalyzeTest()</Name>
              <FileRef uid="1" />
              <SequencePoints>
                <SequencePoint vc="1" uspid="145" ordinal="0" offset="0" sl="372" sc="9" el="372" ec="10" bec="0" bev="0" fileid="1" />
                <SequencePoint vc="1" uspid="146" ordinal="1" offset="1" sl="373" sc="13" el="380" ec="15" bec="0" bev="0" fileid="1" />
                <SequencePoint vc="1" uspid="147" ordinal="2" offset="61" sl="381" sc="13" el="381" ec="104" bec="0" bev="0" fileid="1" />
                <SequencePoint vc="1" uspid="148" ordinal="3" offset="81" sl="382" sc="13" el="382" ec="56" bec="0" bev="0" fileid="1" />
                <SequencePoint vc="1" uspid="149" ordinal="4" offset="87" sl="383" sc="13" el="383" ec="49" bec="0" bev="0" fileid="1" />
                <SequencePoint vc="1" uspid="150" ordinal="5" offset="95" sl="384" sc="13" el="384" ec="36" bec="0" bev="0" fileid="1" />
                <SequencePoint vc="1" uspid="151" ordinal="6" offset="103" sl="385" sc="13" el="385" ec="81" bec="0" bev="0" fileid="1" />
                <SequencePoint vc="1" uspid="152" ordinal="7" offset="127" sl="388" sc="9" el="388" ec="10" bec="0" bev="0" fileid="1" />
              </SequencePoints>
              <BranchPoints />
              <MethodPoint xsi:type="SequencePoint" vc="1" uspid="145" ordinal="0" offset="0" sl="372" sc="9" el="372" ec="10" bec="0" bev="0" fileid="1" />
            </Method>
            <Method visited="true" cyclomaticComplexity="1" nPathComplexity="0" sequenceCoverage="100" branchCoverage="100" isConstructor="false" isStatic="false" isGetter="false" isSetter="false">
              <Summary numSequencePoints="8" visitedSequencePoints="8" numBranchPoints="1" visitedBranchPoints="1" sequenceCoverage="100" branchCoverage="100" maxCyclomaticComplexity="1" minCyclomaticComplexity="1" visitedClasses="0" numClasses="0" visitedMethods="1" numMethods="1" />
              <MetadataToken>100663316</MetadataToken>
              <Name>System.Void GamingTests.CardAnalyzerTest::fullHouseAnalyzeTest()</Name>
              <FileRef uid="1" />
              <SequencePoints>
                <SequencePoint vc="1" uspid="153" ordinal="0" offset="0" sl="393" sc="9" el="393" ec="10" bec="0" bev="0" fileid="1" />
                <SequencePoint vc="1" uspid="154" ordinal="1" offset="1" sl="394" sc="13" el="401" ec="15" bec="0" bev="0" fileid="1" />
                <SequencePoint vc="1" uspid="155" ordinal="2" offset="61" sl="402" sc="13" el="402" ec="106" bec="0" bev="0" fileid="1" />
                <SequencePoint vc="1" uspid="156" ordinal="3" offset="81" sl="403" sc="13" el="403" ec="56" bec="0" bev="0" fileid="1" />
                <SequencePoint vc="1" uspid="157" ordinal="4" offset="87" sl="404" sc="13" el="404" ec="49" bec="0" bev="0" fileid="1" />
                <SequencePoint vc="1" uspid="158" ordinal="5" offset="95" sl="405" sc="13" el="405" ec="36" bec="0" bev="0" fileid="1" />
                <SequencePoint vc="1" uspid="159" ordinal="6" offset="103" sl="406" sc="13" el="406" ec="82" bec="0" bev="0" fileid="1" />
                <SequencePoint vc="1" uspid="160" ordinal="7" offset="126" sl="409" sc="9" el="409" ec="10" bec="0" bev="0" fileid="1" />
              </SequencePoints>
              <BranchPoints />
              <MethodPoint xsi:type="SequencePoint" vc="1" uspid="153" ordinal="0" offset="0" sl="393" sc="9" el="393" ec="10" bec="0" bev="0" fileid="1" />
            </Method>
            <Method visited="true" cyclomaticComplexity="1" nPathComplexity="0" sequenceCoverage="100" branchCoverage="100" isConstructor="false" isStatic="false" isGetter="false" isSetter="false">
              <Summary numSequencePoints="8" visitedSequencePoints="8" numBranchPoints="1" visitedBranchPoints="1" sequenceCoverage="100" branchCoverage="100" maxCyclomaticComplexity="1" minCyclomaticComplexity="1" visitedClasses="0" numClasses="0" visitedMethods="1" numMethods="1" />
              <MetadataToken>100663317</MetadataToken>
              <Name>System.Void GamingTests.CardAnalyzerTest::lowStraightAnalyzeTest()</Name>
              <FileRef uid="1" />
              <SequencePoints>
                <SequencePoint vc="1" uspid="161" ordinal="0" offset="0" sl="414" sc="9" el="414" ec="10" bec="0" bev="0" fileid="1" />
                <SequencePoint vc="1" uspid="162" ordinal="1" offset="1" sl="415" sc="13" el="422" ec="15" bec="0" bev="0" fileid="1" />
                <SequencePoint vc="1" uspid="163" ordinal="2" offset="61" sl="423" sc="13" el="423" ec="106" bec="0" bev="0" fileid="1" />
                <SequencePoint vc="1" uspid="164" ordinal="3" offset="81" sl="424" sc="13" el="424" ec="56" bec="0" bev="0" fileid="1" />
                <SequencePoint vc="1" uspid="165" ordinal="4" offset="87" sl="425" sc="13" el="425" ec="49" bec="0" bev="0" fileid="1" />
                <SequencePoint vc="1" uspid="166" ordinal="5" offset="95" sl="426" sc="13" el="426" ec="36" bec="0" bev="0" fileid="1" />
                <SequencePoint vc="1" uspid="167" ordinal="6" offset="103" sl="427" sc="13" el="427" ec="81" bec="0" bev="0" fileid="1" />
                <SequencePoint vc="1" uspid="168" ordinal="7" offset="126" sl="430" sc="9" el="430" ec="10" bec="0" bev="0" fileid="1" />
              </SequencePoints>
              <BranchPoints />
              <MethodPoint xsi:type="SequencePoint" vc="1" uspid="161" ordinal="0" offset="0" sl="414" sc="9" el="414" ec="10" bec="0" bev="0" fileid="1" />
            </Method>
            <Method visited="true" cyclomaticComplexity="1" nPathComplexity="0" sequenceCoverage="100" branchCoverage="100" isConstructor="false" isStatic="false" isGetter="false" isSetter="false">
              <Summary numSequencePoints="8" visitedSequencePoints="8" numBranchPoints="1" visitedBranchPoints="1" sequenceCoverage="100" branchCoverage="100" maxCyclomaticComplexity="1" minCyclomaticComplexity="1" visitedClasses="0" numClasses="0" visitedMethods="1" numMethods="1" />
              <MetadataToken>100663318</MetadataToken>
              <Name>System.Void GamingTests.CardAnalyzerTest::highStraightAnalyzeTest()</Name>
              <FileRef uid="1" />
              <SequencePoints>
                <SequencePoint vc="1" uspid="169" ordinal="0" offset="0" sl="435" sc="9" el="435" ec="10" bec="0" bev="0" fileid="1" />
                <SequencePoint vc="1" uspid="170" ordinal="1" offset="1" sl="436" sc="13" el="443" ec="15" bec="0" bev="0" fileid="1" />
                <SequencePoint vc="1" uspid="171" ordinal="2" offset="62" sl="444" sc="13" el="444" ec="108" bec="0" bev="0" fileid="1" />
                <SequencePoint vc="1" uspid="172" ordinal="3" offset="84" sl="445" sc="13" el="445" ec="56" bec="0" bev="0" fileid="1" />
                <SequencePoint vc="1" uspid="173" ordinal="4" offset="90" sl="446" sc="13" el="446" ec="49" bec="0" bev="0" fileid="1" />
                <SequencePoint vc="1" uspid="174" ordinal="5" offset="98" sl="447" sc="13" el="447" ec="36" bec="0" bev="0" fileid="1" />
                <SequencePoint vc="1" uspid="175" ordinal="6" offset="106" sl="448" sc="13" el="448" ec="81" bec="0" bev="0" fileid="1" />
                <SequencePoint vc="1" uspid="176" ordinal="7" offset="129" sl="450" sc="9" el="450" ec="10" bec="0" bev="0" fileid="1" />
              </SequencePoints>
              <BranchPoints />
              <MethodPoint xsi:type="SequencePoint" vc="1" uspid="169" ordinal="0" offset="0" sl="435" sc="9" el="435" ec="10" bec="0" bev="0" fileid="1" />
            </Method>
            <Method visited="true" cyclomaticComplexity="1" nPathComplexity="0" sequenceCoverage="100" branchCoverage="100" isConstructor="false" isStatic="false" isGetter="false" isSetter="false">
              <Summary numSequencePoints="8" visitedSequencePoints="8" numBranchPoints="1" visitedBranchPoints="1" sequenceCoverage="100" branchCoverage="100" maxCyclomaticComplexity="1" minCyclomaticComplexity="1" visitedClasses="0" numClasses="0" visitedMethods="1" numMethods="1" />
              <MetadataToken>100663319</MetadataToken>
              <Name>System.Void GamingTests.CardAnalyzerTest::pairTieBreakerTest()</Name>
              <FileRef uid="1" />
              <SequencePoints>
                <SequencePoint vc="1" uspid="177" ordinal="0" offset="0" sl="455" sc="9" el="455" ec="10" bec="0" bev="0" fileid="1" />
                <SequencePoint vc="1" uspid="178" ordinal="1" offset="1" sl="456" sc="13" el="463" ec="15" bec="0" bev="0" fileid="1" />
                <SequencePoint vc="1" uspid="179" ordinal="2" offset="69" sl="464" sc="13" el="464" ec="109" bec="0" bev="0" fileid="1" />
                <SequencePoint vc="1" uspid="180" ordinal="3" offset="91" sl="465" sc="13" el="465" ec="107" bec="0" bev="0" fileid="1" />
                <SequencePoint vc="1" uspid="181" ordinal="4" offset="111" sl="466" sc="13" el="466" ec="56" bec="0" bev="0" fileid="1" />
                <SequencePoint vc="1" uspid="182" ordinal="5" offset="117" sl="467" sc="13" el="467" ec="49" bec="0" bev="0" fileid="1" />
                <SequencePoint vc="1" uspid="183" ordinal="6" offset="125" sl="468" sc="13" el="468" ec="102" bec="0" bev="0" fileid="1" />
                <SequencePoint vc="1" uspid="184" ordinal="7" offset="141" sl="470" sc="9" el="470" ec="10" bec="0" bev="0" fileid="1" />
              </SequencePoints>
              <BranchPoints />
              <MethodPoint xsi:type="SequencePoint" vc="1" uspid="177" ordinal="0" offset="0" sl="455" sc="9" el="455" ec="10" bec="0" bev="0" fileid="1" />
            </Method>
            <Method visited="true" cyclomaticComplexity="1" nPathComplexity="0" sequenceCoverage="100" branchCoverage="100" isConstructor="false" isStatic="false" isGetter="false" isSetter="false">
              <Summary numSequencePoints="8" visitedSequencePoints="8" numBranchPoints="1" visitedBranchPoints="1" sequenceCoverage="100" branchCoverage="100" maxCyclomaticComplexity="1" minCyclomaticComplexity="1" visitedClasses="0" numClasses="0" visitedMethods="1" numMethods="1" />
              <MetadataToken>100663320</MetadataToken>
              <Name>System.Void GamingTests.CardAnalyzerTest::straightTieBreakerTest()</Name>
              <FileRef uid="1" />
              <SequencePoints>
                <SequencePoint vc="1" uspid="185" ordinal="0" offset="0" sl="475" sc="9" el="475" ec="10" bec="0" bev="0" fileid="1" />
                <SequencePoint vc="1" uspid="186" ordinal="1" offset="1" sl="476" sc="13" el="483" ec="15" bec="0" bev="0" fileid="1" />
                <SequencePoint vc="1" uspid="187" ordinal="2" offset="68" sl="484" sc="13" el="484" ec="108" bec="0" bev="0" fileid="1" />
                <SequencePoint vc="1" uspid="188" ordinal="3" offset="89" sl="485" sc="13" el="485" ec="106" bec="0" bev="0" fileid="1" />
                <SequencePoint vc="1" uspid="189" ordinal="4" offset="109" sl="486" sc="13" el="486" ec="56" bec="0" bev="0" fileid="1" />
                <SequencePoint vc="1" uspid="190" ordinal="5" offset="115" sl="487" sc="13" el="487" ec="49" bec="0" bev="0" fileid="1" />
                <SequencePoint vc="1" uspid="191" ordinal="6" offset="123" sl="488" sc="13" el="488" ec="103" bec="0" bev="0" fileid="1" />
                <SequencePoint vc="1" uspid="192" ordinal="7" offset="139" sl="490" sc="9" el="490" ec="10" bec="0" bev="0" fileid="1" />
              </SequencePoints>
              <BranchPoints />
              <MethodPoint xsi:type="SequencePoint" vc="1" uspid="185" ordinal="0" offset="0" sl="475" sc="9" el="475" ec="10" bec="0" bev="0" fileid="1" />
            </Method>
            <Method visited="true" cyclomaticComplexity="1" nPathComplexity="0" sequenceCoverage="0" branchCoverage="0" isConstructor="true" isStatic="false" isGetter="false" isSetter="false">
              <Summary numSequencePoints="0" visitedSequencePoints="0" numBranchPoints="0" visitedBranchPoints="0" sequenceCoverage="0" branchCoverage="0" maxCyclomaticComplexity="1" minCyclomaticComplexity="1" visitedClasses="0" numClasses="0" visitedMethods="0" numMethods="0" />
              <MetadataToken>100663321</MetadataToken>
              <Name>System.Void GamingTests.CardAnalyzerTest::.ctor()</Name>
              <SequencePoints />
              <BranchPoints />
              <MethodPoint vc="1" uspid="193" ordinal="0" offset="0" />
            </Method>
          </Methods>
        </Class>
        <Class>
          <Summary numSequencePoints="74" visitedSequencePoints="74" numBranchPoints="10" visitedBranchPoints="10" sequenceCoverage="100" branchCoverage="100" maxCyclomaticComplexity="2" minCyclomaticComplexity="1" visitedClasses="1" numClasses="1" visitedMethods="8" numMethods="8" />
          <FullName>GamingTests.CardAndDeckTests</FullName>
          <Methods>
            <Method visited="true" cyclomaticComplexity="1" nPathComplexity="0" sequenceCoverage="100" branchCoverage="100" isConstructor="false" isStatic="false" isGetter="false" isSetter="false">
              <Summary numSequencePoints="6" visitedSequencePoints="6" numBranchPoints="1" visitedBranchPoints="1" sequenceCoverage="100" branchCoverage="100" maxCyclomaticComplexity="1" minCyclomaticComplexity="1" visitedClasses="0" numClasses="0" visitedMethods="1" numMethods="1" />
              <MetadataToken>100663322</MetadataToken>
              <Name>System.Void GamingTests.CardAndDeckTests::CompareEqualCards()</Name>
              <FileRef uid="2" />
              <SequencePoints>
                <SequencePoint vc="1" uspid="194" ordinal="0" offset="0" sl="18" sc="9" el="18" ec="10" bec="0" bev="0" fileid="2" />
                <SequencePoint vc="1" uspid="195" ordinal="1" offset="1" sl="19" sc="13" el="19" ec="51" bec="0" bev="0" fileid="2" />
                <SequencePoint vc="1" uspid="196" ordinal="2" offset="9" sl="20" sc="13" el="20" ec="51" bec="0" bev="0" fileid="2" />
                <SequencePoint vc="1" uspid="197" ordinal="3" offset="17" sl="21" sc="13" el="21" ec="40" bec="0" bev="0" fileid="2" />
                <SequencePoint vc="1" uspid="198" ordinal="4" offset="30" sl="22" sc="13" el="22" ec="40" bec="0" bev="0" fileid="2" />
                <SequencePoint vc="1" uspid="199" ordinal="5" offset="43" sl="23" sc="9" el="23" ec="10" bec="0" bev="0" fileid="2" />
              </SequencePoints>
              <BranchPoints />
              <MethodPoint xsi:type="SequencePoint" vc="1" uspid="194" ordinal="0" offset="0" sl="18" sc="9" el="18" ec="10" bec="0" bev="0" fileid="2" />
            </Method>
            <Method visited="true" cyclomaticComplexity="1" nPathComplexity="0" sequenceCoverage="100" branchCoverage="100" isConstructor="false" isStatic="false" isGetter="false" isSetter="false">
              <Summary numSequencePoints="9" visitedSequencePoints="9" numBranchPoints="1" visitedBranchPoints="1" sequenceCoverage="100" branchCoverage="100" maxCyclomaticComplexity="1" minCyclomaticComplexity="1" visitedClasses="0" numClasses="0" visitedMethods="1" numMethods="1" />
              <MetadataToken>100663323</MetadataToken>
              <Name>System.Void GamingTests.CardAndDeckTests::CompareUnequalCards()</Name>
              <FileRef uid="2" />
              <SequencePoints>
                <SequencePoint vc="1" uspid="200" ordinal="0" offset="0" sl="27" sc="9" el="27" ec="10" bec="0" bev="0" fileid="2" />
                <SequencePoint vc="1" uspid="201" ordinal="1" offset="1" sl="28" sc="13" el="28" ec="51" bec="0" bev="0" fileid="2" />
                <SequencePoint vc="1" uspid="202" ordinal="2" offset="9" sl="29" sc="13" el="29" ec="54" bec="0" bev="0" fileid="2" />
                <SequencePoint vc="1" uspid="203" ordinal="3" offset="17" sl="30" sc="13" el="30" ec="52" bec="0" bev="0" fileid="2" />
                <SequencePoint vc="1" uspid="204" ordinal="4" offset="26" sl="31" sc="13" el="31" ec="33" bec="0" bev="0" fileid="2" />
                <SequencePoint vc="1" uspid="205" ordinal="5" offset="32" sl="32" sc="13" el="32" ec="41" bec="0" bev="0" fileid="2" />
                <SequencePoint vc="1" uspid="206" ordinal="6" offset="45" sl="33" sc="13" el="33" ec="41" bec="0" bev="0" fileid="2" />
                <SequencePoint vc="1" uspid="207" ordinal="7" offset="58" sl="34" sc="13" el="34" ec="40" bec="0" bev="0" fileid="2" />
                <SequencePoint vc="1" uspid="208" ordinal="8" offset="71" sl="37" sc="9" el="37" ec="10" bec="0" bev="0" fileid="2" />
              </SequencePoints>
              <BranchPoints />
              <MethodPoint xsi:type="SequencePoint" vc="1" uspid="200" ordinal="0" offset="0" sl="27" sc="9" el="27" ec="10" bec="0" bev="0" fileid="2" />
            </Method>
            <Method visited="true" cyclomaticComplexity="1" nPathComplexity="0" sequenceCoverage="100" branchCoverage="100" isConstructor="false" isStatic="false" isGetter="false" isSetter="false">
              <Summary numSequencePoints="10" visitedSequencePoints="10" numBranchPoints="1" visitedBranchPoints="1" sequenceCoverage="100" branchCoverage="100" maxCyclomaticComplexity="1" minCyclomaticComplexity="1" visitedClasses="0" numClasses="0" visitedMethods="1" numMethods="1" />
              <MetadataToken>100663324</MetadataToken>
              <Name>System.Void GamingTests.CardAndDeckTests::CreateDeckWithCorrectCards()</Name>
              <FileRef uid="2" />
              <SequencePoints>
                <SequencePoint vc="1" uspid="209" ordinal="0" offset="0" sl="41" sc="9" el="41" ec="10" bec="0" bev="0" fileid="2" />
                <SequencePoint vc="1" uspid="210" ordinal="1" offset="1" sl="42" sc="13" el="42" ec="33" bec="0" bev="0" fileid="2" />
                <SequencePoint vc="1" uspid="211" ordinal="2" offset="7" sl="43" sc="13" el="43" ec="44" bec="0" bev="0" fileid="2" />
                <SequencePoint vc="1" uspid="212" ordinal="3" offset="14" sl="44" sc="13" el="44" ec="61" bec="0" bev="0" fileid="2" />
                <SequencePoint vc="1" uspid="213" ordinal="4" offset="23" sl="45" sc="13" el="45" ec="63" bec="0" bev="0" fileid="2" />
                <SequencePoint vc="1" uspid="214" ordinal="5" offset="32" sl="47" sc="13" el="47" ec="83" bec="0" bev="0" fileid="2" />
                <SequencePoint vc="1" uspid="215" ordinal="6" offset="67" sl="48" sc="13" el="48" ec="85" bec="0" bev="0" fileid="2" />
                <SequencePoint vc="1" uspid="216" ordinal="7" offset="102" sl="49" sc="13" el="49" ec="85" bec="0" bev="0" fileid="2" />
                <SequencePoint vc="1" uspid="217" ordinal="8" offset="137" sl="50" sc="13" el="50" ec="87" bec="0" bev="0" fileid="2" />
                <SequencePoint vc="1" uspid="218" ordinal="9" offset="172" sl="52" sc="9" el="52" ec="10" bec="0" bev="0" fileid="2" />
              </SequencePoints>
              <BranchPoints />
              <MethodPoint xsi:type="SequencePoint" vc="1" uspid="209" ordinal="0" offset="0" sl="41" sc="9" el="41" ec="10" bec="0" bev="0" fileid="2" />
            </Method>
            <Method visited="true" cyclomaticComplexity="2" nPathComplexity="0" sequenceCoverage="100" branchCoverage="100" isConstructor="false" isStatic="false" isGetter="false" isSetter="false">
              <Summary numSequencePoints="11" visitedSequencePoints="11" numBranchPoints="1" visitedBranchPoints="1" sequenceCoverage="100" branchCoverage="100" maxCyclomaticComplexity="2" minCyclomaticComplexity="2" visitedClasses="0" numClasses="0" visitedMethods="1" numMethods="1" />
              <MetadataToken>100663325</MetadataToken>
              <Name>System.Void GamingTests.CardAndDeckTests::ShuffleCards()</Name>
              <FileRef uid="2" />
              <SequencePoints>
                <SequencePoint vc="1" uspid="219" ordinal="0" offset="0" sl="56" sc="9" el="56" ec="10" bec="0" bev="0" fileid="2" />
                <SequencePoint vc="1" uspid="220" ordinal="1" offset="1" sl="57" sc="13" el="57" ec="33" bec="0" bev="0" fileid="2" />
                <SequencePoint vc="1" uspid="221" ordinal="2" offset="7" sl="58" sc="13" el="58" ec="53" bec="0" bev="0" fileid="2" />
                <SequencePoint vc="1" uspid="222" ordinal="3" offset="36" sl="59" sc="13" el="59" ec="58" bec="0" bev="0" fileid="2" />
                <SequencePoint vc="1" uspid="223" ordinal="4" offset="50" sl="60" sc="13" el="60" ec="59" bec="0" bev="0" fileid="2" />
                <SequencePoint vc="1" uspid="224" ordinal="5" offset="64" sl="61" sc="13" el="61" ec="25" bec="0" bev="0" fileid="2" />
                <SequencePoint vc="1" uspid="225" ordinal="6" offset="71" sl="62" sc="13" el="62" ec="53" bec="0" bev="0" fileid="2" />
                <SequencePoint vc="1" uspid="226" ordinal="7" offset="100" sl="63" sc="13" el="63" ec="71" bec="0" bev="0" fileid="2" />
                <SequencePoint vc="1" uspid="227" ordinal="8" offset="114" sl="64" sc="13" el="64" ec="71" bec="0" bev="0" fileid="2" />
                <SequencePoint vc="1" uspid="228" ordinal="9" offset="129" sl="65" sc="13" el="65" ec="118" bec="0" bev="0" fileid="2" />
                <SequencePoint vc="1" uspid="229" ordinal="10" offset="156" sl="66" sc="9" el="66" ec="10" bec="0" bev="0" fileid="2" />
              </SequencePoints>
              <BranchPoints />
              <MethodPoint xsi:type="SequencePoint" vc="1" uspid="219" ordinal="0" offset="0" sl="56" sc="9" el="56" ec="10" bec="0" bev="0" fileid="2" />
            </Method>
            <Method visited="true" cyclomaticComplexity="1" nPathComplexity="0" sequenceCoverage="100" branchCoverage="100" isConstructor="false" isStatic="false" isGetter="false" isSetter="false">
              <Summary numSequencePoints="10" visitedSequencePoints="10" numBranchPoints="1" visitedBranchPoints="1" sequenceCoverage="100" branchCoverage="100" maxCyclomaticComplexity="1" minCyclomaticComplexity="1" visitedClasses="0" numClasses="0" visitedMethods="1" numMethods="1" />
              <MetadataToken>100663326</MetadataToken>
              <Name>System.Void GamingTests.CardAndDeckTests::DrawPlayerHand()</Name>
              <FileRef uid="2" />
              <SequencePoints>
                <SequencePoint vc="1" uspid="232" ordinal="0" offset="0" sl="70" sc="9" el="70" ec="10" bec="0" bev="0" fileid="2" />
                <SequencePoint vc="1" uspid="233" ordinal="1" offset="1" sl="71" sc="13" el="71" ec="33" bec="0" bev="0" fileid="2" />
                <SequencePoint vc="1" uspid="234" ordinal="2" offset="7" sl="72" sc="13" el="72" ec="48" bec="0" bev="0" fileid="2" />
                <SequencePoint vc="1" uspid="235" ordinal="3" offset="14" sl="73" sc="13" el="73" ec="64" bec="0" bev="0" fileid="2" />
                <SequencePoint vc="1" uspid="236" ordinal="4" offset="37" sl="74" sc="13" el="74" ec="65" bec="0" bev="0" fileid="2" />
                <SequencePoint vc="1" uspid="237" ordinal="5" offset="60" sl="75" sc="13" el="75" ec="63" bec="0" bev="0" fileid="2" />
                <SequencePoint vc="1" uspid="238" ordinal="6" offset="78" sl="76" sc="13" el="76" ec="51" bec="0" bev="0" fileid="2" />
                <SequencePoint vc="1" uspid="239" ordinal="7" offset="99" sl="77" sc="13" el="77" ec="32" bec="0" bev="0" fileid="2" />
                <SequencePoint vc="1" uspid="240" ordinal="8" offset="106" sl="78" sc="13" el="78" ec="51" bec="0" bev="0" fileid="2" />
                <SequencePoint vc="1" uspid="241" ordinal="9" offset="127" sl="79" sc="9" el="79" ec="10" bec="0" bev="0" fileid="2" />
              </SequencePoints>
              <BranchPoints />
              <MethodPoint xsi:type="SequencePoint" vc="1" uspid="232" ordinal="0" offset="0" sl="70" sc="9" el="70" ec="10" bec="0" bev="0" fileid="2" />
            </Method>
            <Method visited="true" cyclomaticComplexity="2" nPathComplexity="2" sequenceCoverage="100" branchCoverage="100" isConstructor="false" isStatic="false" isGetter="false" isSetter="false">
              <Summary numSequencePoints="10" visitedSequencePoints="10" numBranchPoints="3" visitedBranchPoints="3" sequenceCoverage="100" branchCoverage="100" maxCyclomaticComplexity="2" minCyclomaticComplexity="2" visitedClasses="0" numClasses="0" visitedMethods="1" numMethods="1" />
              <MetadataToken>100663327</MetadataToken>
              <Name>System.Void GamingTests.CardAndDeckTests::DrawFlop()</Name>
              <FileRef uid="2" />
              <SequencePoints>
                <SequencePoint vc="1" uspid="242" ordinal="0" offset="0" sl="83" sc="9" el="83" ec="10" bec="0" bev="0" fileid="2" />
                <SequencePoint vc="1" uspid="243" ordinal="1" offset="1" sl="84" sc="13" el="84" ec="33" bec="0" bev="0" fileid="2" />
                <SequencePoint vc="1" uspid="244" ordinal="2" offset="7" sl="85" sc="13" el="85" ec="40" bec="0" bev="0" fileid="2" />
                <SequencePoint vc="1" uspid="245" ordinal="3" offset="14" sl="86" sc="13" el="86" ec="44" bec="0" bev="0" fileid="2" />
                <SequencePoint vc="1" uspid="246" ordinal="4" offset="29" sl="87" sc="13" el="87" ec="51" bec="0" bev="0" fileid="2" />
                <SequencePoint vc="1" uspid="247" ordinal="5" offset="50" sl="88" sc="18" el="88" ec="28" bec="0" bev="0" fileid="2" />
                <SequencePoint vc="3" uspid="248" ordinal="6" offset="54" sl="89" sc="17" el="89" ec="62" bec="0" bev="0" fileid="2" />
                <SequencePoint vc="3" uspid="249" ordinal="7" offset="74" sl="88" sc="36" el="88" ec="39" bec="0" bev="0" fileid="2" />
                <SequencePoint vc="4" uspid="250" ordinal="8" offset="78" sl="88" sc="29" el="88" ec="34" bec="2" bev="2" fileid="2" />
                <SequencePoint vc="1" uspid="251" ordinal="9" offset="86" sl="90" sc="9" el="90" ec="10" bec="0" bev="0" fileid="2" />
              </SequencePoints>
              <BranchPoints>
                <BranchPoint vc="1" uspid="252" ordinal="0" offset="84" sl="88" path="0" offsetend="86" fileid="2" />
                <BranchPoint vc="3" uspid="253" ordinal="1" offset="84" sl="88" path="1" offsetend="54" fileid="2" />
              </BranchPoints>
              <MethodPoint xsi:type="SequencePoint" vc="1" uspid="242" ordinal="0" offset="0" sl="83" sc="9" el="83" ec="10" bec="0" bev="0" fileid="2" />
            </Method>
            <Method visited="true" cyclomaticComplexity="1" nPathComplexity="0" sequenceCoverage="100" branchCoverage="100" isConstructor="false" isStatic="false" isGetter="false" isSetter="false">
              <Summary numSequencePoints="8" visitedSequencePoints="8" numBranchPoints="1" visitedBranchPoints="1" sequenceCoverage="100" branchCoverage="100" maxCyclomaticComplexity="1" minCyclomaticComplexity="1" visitedClasses="0" numClasses="0" visitedMethods="1" numMethods="1" />
              <MetadataToken>100663328</MetadataToken>
              <Name>System.Void GamingTests.CardAndDeckTests::DrawRiver()</Name>
              <FileRef uid="2" />
              <SequencePoints>
                <SequencePoint vc="1" uspid="254" ordinal="0" offset="0" sl="94" sc="9" el="94" ec="10" bec="0" bev="0" fileid="2" />
                <SequencePoint vc="1" uspid="255" ordinal="1" offset="1" sl="95" sc="13" el="95" ec="33" bec="0" bev="0" fileid="2" />
                <SequencePoint vc="1" uspid="256" ordinal="2" offset="7" sl="96" sc="13" el="96" ec="40" bec="0" bev="0" fileid="2" />
                <SequencePoint vc="1" uspid="257" ordinal="3" offset="14" sl="97" sc="13" el="97" ec="44" bec="0" bev="0" fileid="2" />
                <SequencePoint vc="1" uspid="258" ordinal="4" offset="21" sl="98" sc="13" el="98" ec="51" bec="0" bev="0" fileid="2" />
                <SequencePoint vc="1" uspid="259" ordinal="5" offset="42" sl="99" sc="13" el="99" ec="48" bec="0" bev="0" fileid="2" />
                <SequencePoint vc="1" uspid="260" ordinal="6" offset="55" sl="100" sc="13" el="100" ec="56" bec="0" bev="0" fileid="2" />
                <SequencePoint vc="1" uspid="261" ordinal="7" offset="73" sl="101" sc="9" el="101" ec="10" bec="0" bev="0" fileid="2" />
              </SequencePoints>
              <BranchPoints />
              <MethodPoint xsi:type="SequencePoint" vc="1" uspid="254" ordinal="0" offset="0" sl="94" sc="9" el="94" ec="10" bec="0" bev="0" fileid="2" />
            </Method>
            <Method visited="true" cyclomaticComplexity="1" nPathComplexity="0" sequenceCoverage="100" branchCoverage="100" isConstructor="false" isStatic="false" isGetter="false" isSetter="false">
              <Summary numSequencePoints="10" visitedSequencePoints="10" numBranchPoints="1" visitedBranchPoints="1" sequenceCoverage="100" branchCoverage="100" maxCyclomaticComplexity="1" minCyclomaticComplexity="1" visitedClasses="0" numClasses="0" visitedMethods="1" numMethods="1" />
              <MetadataToken>100663329</MetadataToken>
              <Name>System.Void GamingTests.CardAndDeckTests::DrawTurn()</Name>
              <FileRef uid="2" />
              <SequencePoints>
                <SequencePoint vc="1" uspid="262" ordinal="0" offset="0" sl="105" sc="9" el="105" ec="10" bec="0" bev="0" fileid="2" />
                <SequencePoint vc="1" uspid="263" ordinal="1" offset="1" sl="106" sc="13" el="106" ec="33" bec="0" bev="0" fileid="2" />
                <SequencePoint vc="1" uspid="264" ordinal="2" offset="7" sl="107" sc="13" el="107" ec="40" bec="0" bev="0" fileid="2" />
                <SequencePoint vc="1" uspid="265" ordinal="3" offset="14" sl="108" sc="13" el="108" ec="44" bec="0" bev="0" fileid="2" />
                <SequencePoint vc="1" uspid="266" ordinal="4" offset="21" sl="109" sc="13" el="109" ec="43" bec="0" bev="0" fileid="2" />
                <SequencePoint vc="1" uspid="267" ordinal="5" offset="28" sl="110" sc="13" el="110" ec="51" bec="0" bev="0" fileid="2" />
                <SequencePoint vc="1" uspid="268" ordinal="6" offset="49" sl="111" sc="13" el="111" ec="47" bec="0" bev="0" fileid="2" />
                <SequencePoint vc="1" uspid="269" ordinal="7" offset="62" sl="112" sc="13" el="112" ec="45" bec="0" bev="0" fileid="2" />
                <SequencePoint vc="1" uspid="270" ordinal="8" offset="70" sl="113" sc="13" el="113" ec="55" bec="0" bev="0" fileid="2" />
                <SequencePoint vc="1" uspid="271" ordinal="9" offset="88" sl="114" sc="9" el="114" ec="10" bec="0" bev="0" fileid="2" />
              </SequencePoints>
              <BranchPoints />
              <MethodPoint xsi:type="SequencePoint" vc="1" uspid="262" ordinal="0" offset="0" sl="105" sc="9" el="105" ec="10" bec="0" bev="0" fileid="2" />
            </Method>
            <Method visited="true" cyclomaticComplexity="1" nPathComplexity="0" sequenceCoverage="0" branchCoverage="0" isConstructor="true" isStatic="false" isGetter="false" isSetter="false">
              <Summary numSequencePoints="0" visitedSequencePoints="0" numBranchPoints="0" visitedBranchPoints="0" sequenceCoverage="0" branchCoverage="0" maxCyclomaticComplexity="1" minCyclomaticComplexity="1" visitedClasses="0" numClasses="0" visitedMethods="0" numMethods="0" />
              <MetadataToken>100663330</MetadataToken>
              <Name>System.Void GamingTests.CardAndDeckTests::.ctor()</Name>
              <SequencePoints />
              <BranchPoints />
              <MethodPoint vc="1" uspid="272" ordinal="0" offset="0" />
            </Method>
          </Methods>
        </Class>
        <Class>
          <Summary numSequencePoints="54" visitedSequencePoints="54" numBranchPoints="7" visitedBranchPoints="7" sequenceCoverage="100" branchCoverage="100" maxCyclomaticComplexity="2" minCyclomaticComplexity="1" visitedClasses="1" numClasses="1" visitedMethods="7" numMethods="7" />
          <FullName>Gaming.GameParticipantsTests</FullName>
          <Methods>
            <Method visited="true" cyclomaticComplexity="1" nPathComplexity="0" sequenceCoverage="100" branchCoverage="100" isConstructor="false" isStatic="false" isGetter="false" isSetter="false">
              <Summary numSequencePoints="8" visitedSequencePoints="8" numBranchPoints="1" visitedBranchPoints="1" sequenceCoverage="100" branchCoverage="100" maxCyclomaticComplexity="1" minCyclomaticComplexity="1" visitedClasses="0" numClasses="0" visitedMethods="1" numMethods="1" />
              <MetadataToken>100663331</MetadataToken>
              <Name>System.Void Gaming.GameParticipantsTests::AddPlayerToGame()</Name>
              <FileRef uid="3" />
              <SequencePoints>
                <SequencePoint vc="1" uspid="273" ordinal="0" offset="0" sl="26" sc="9" el="26" ec="10" bec="0" bev="0" fileid="3" />
                <SequencePoint vc="1" uspid="274" ordinal="1" offset="1" sl="27" sc="13" el="27" ec="54" bec="0" bev="0" fileid="3" />
                <SequencePoint vc="1" uspid="275" ordinal="2" offset="12" sl="28" sc="13" el="28" ec="61" bec="0" bev="0" fileid="3" />
                <SequencePoint vc="1" uspid="276" ordinal="3" offset="28" sl="29" sc="13" el="29" ec="67" bec="0" bev="0" fileid="3" />
                <SequencePoint vc="1" uspid="277" ordinal="4" offset="41" sl="31" sc="13" el="31" ec="44" bec="0" bev="0" fileid="3" />
                <SequencePoint vc="1" uspid="278" ordinal="5" offset="53" sl="32" sc="13" el="32" ec="36" bec="0" bev="0" fileid="3" />
                <SequencePoint vc="1" uspid="279" ordinal="6" offset="61" sl="33" sc="13" el="33" ec="56" bec="0" bev="0" fileid="3" />
                <SequencePoint vc="1" uspid="280" ordinal="7" offset="74" sl="34" sc="9" el="34" ec="10" bec="0" bev="0" fileid="3" />
              </SequencePoints>
              <BranchPoints />
              <MethodPoint xsi:type="SequencePoint" vc="1" uspid="273" ordinal="0" offset="0" sl="26" sc="9" el="26" ec="10" bec="0" bev="0" fileid="3" />
            </Method>
            <Method visited="true" cyclomaticComplexity="1" nPathComplexity="0" sequenceCoverage="100" branchCoverage="100" isConstructor="false" isStatic="false" isGetter="false" isSetter="false">
              <Summary numSequencePoints="8" visitedSequencePoints="8" numBranchPoints="1" visitedBranchPoints="1" sequenceCoverage="100" branchCoverage="100" maxCyclomaticComplexity="1" minCyclomaticComplexity="1" visitedClasses="0" numClasses="0" visitedMethods="1" numMethods="1" />
              <MetadataToken>100663332</MetadataToken>
              <Name>System.Void Gaming.GameParticipantsTests::AddSpectatorToGame()</Name>
              <FileRef uid="3" />
              <SequencePoints>
                <SequencePoint vc="1" uspid="281" ordinal="0" offset="0" sl="38" sc="9" el="38" ec="10" bec="0" bev="0" fileid="3" />
                <SequencePoint vc="1" uspid="282" ordinal="1" offset="1" sl="39" sc="13" el="39" ec="54" bec="0" bev="0" fileid="3" />
                <SequencePoint vc="1" uspid="283" ordinal="2" offset="12" sl="40" sc="13" el="40" ec="61" bec="0" bev="0" fileid="3" />
                <SequencePoint vc="1" uspid="284" ordinal="3" offset="28" sl="41" sc="13" el="41" ec="67" bec="0" bev="0" fileid="3" />
                <SequencePoint vc="1" uspid="285" ordinal="4" offset="36" sl="43" sc="13" el="43" ec="47" bec="0" bev="0" fileid="3" />
[...]
              <Summary numSequencePoints="3" visitedSequencePoints="3" numBranchPoints="1" visitedBranchPoints="1" sequenceCoverage="100" branchCoverage="100" maxCyclomaticComplexity="1" minCyclomaticComplexity="1" visitedClasses="0" numClasses="0" visitedMethods="1" numMethods="1" />
              <MetadataToken>100663416</MetadataToken>
              <Name>System.Void Gaming.PlayingUser::ReceiveWinnings(System.Int32)</Name>
              <FileRef uid="29" />
              <SequencePoints>
                <SequencePoint vc="10" uspid="1835" ordinal="0" offset="0" sl="94" sc="9" el="94" ec="10" bec="0" bev="0" fileid="29" />
                <SequencePoint vc="10" uspid="1836" ordinal="1" offset="1" sl="95" sc="13" el="95" ec="28" bec="0" bev="0" fileid="29" />
                <SequencePoint vc="10" uspid="1837" ordinal="2" offset="15" sl="96" sc="9" el="96" ec="10" bec="0" bev="0" fileid="29" />
              </SequencePoints>
              <BranchPoints />
              <MethodPoint xsi:type="SequencePoint" vc="10" uspid="1835" ordinal="0" offset="0" sl="94" sc="9" el="94" ec="10" bec="0" bev="0" fileid="29" />
            </Method>
          </Methods>
        </Class>
        <Class>
          <Summary numSequencePoints="13" visitedSequencePoints="13" numBranchPoints="4" visitedBranchPoints="4" sequenceCoverage="100" branchCoverage="100" maxCyclomaticComplexity="2" minCyclomaticComplexity="1" visitedClasses="1" numClasses="1" visitedMethods="2" numMethods="2" />
          <FullName>Gaming.FakeInput</FullName>
          <Methods>
            <Method visited="true" cyclomaticComplexity="1" nPathComplexity="0" sequenceCoverage="100" branchCoverage="100" isConstructor="true" isStatic="false" isGetter="false" isSetter="false">
              <Summary numSequencePoints="6" visitedSequencePoints="6" numBranchPoints="1" visitedBranchPoints="1" sequenceCoverage="100" branchCoverage="100" maxCyclomaticComplexity="1" minCyclomaticComplexity="1" visitedClasses="0" numClasses="0" visitedMethods="1" numMethods="1" />
              <MetadataToken>100663418</MetadataToken>
              <Name>System.Void Gaming.FakeInput::.ctor(System.Collections.Generic.Queue`1&lt;System.String&gt;)</Name>
              <FileRef uid="29" />
              <SequencePoints>
                <SequencePoint vc="20" uspid="1838" ordinal="0" offset="0" sl="102" sc="9" el="102" ec="28" bec="0" bev="0" fileid="29" />
                <SequencePoint vc="20" uspid="1839" ordinal="1" offset="11" sl="103" sc="9" el="103" ec="26" bec="0" bev="0" fileid="29" />
                <SequencePoint vc="20" uspid="1840" ordinal="2" offset="18" sl="104" sc="9" el="104" ec="47" bec="0" bev="0" fileid="29" />
                <SequencePoint vc="20" uspid="1841" ordinal="3" offset="25" sl="105" sc="9" el="105" ec="10" bec="0" bev="0" fileid="29" />
                <SequencePoint vc="20" uspid="1842" ordinal="4" offset="26" sl="106" sc="13" el="106" ec="34" bec="0" bev="0" fileid="29" />
                <SequencePoint vc="20" uspid="1843" ordinal="5" offset="33" sl="107" sc="9" el="107" ec="10" bec="0" bev="0" fileid="29" />
              </SequencePoints>
              <BranchPoints />
              <MethodPoint xsi:type="SequencePoint" vc="20" uspid="1838" ordinal="0" offset="0" sl="102" sc="9" el="102" ec="28" bec="0" bev="0" fileid="29" />
            </Method>
            <Method visited="true" cyclomaticComplexity="2" nPathComplexity="2" sequenceCoverage="100" branchCoverage="100" isConstructor="false" isStatic="false" isGetter="false" isSetter="false">
              <Summary numSequencePoints="7" visitedSequencePoints="7" numBranchPoints="3" visitedBranchPoints="3" sequenceCoverage="100" branchCoverage="100" maxCyclomaticComplexity="2" minCyclomaticComplexity="2" visitedClasses="0" numClasses="0" visitedMethods="1" numMethods="1" />
              <MetadataToken>100663419</MetadataToken>
              <Name>System.String Gaming.FakeInput::GetInput()</Name>
              <FileRef uid="29" />
              <SequencePoints>
                <SequencePoint vc="68" uspid="1844" ordinal="0" offset="0" sl="109" sc="9" el="109" ec="10" bec="0" bev="0" fileid="29" />
                <SequencePoint vc="68" uspid="1845" ordinal="1" offset="1" sl="110" sc="13" el="110" ec="34" bec="2" bev="2" fileid="29" />
                <SequencePoint vc="56" uspid="1846" ordinal="2" offset="22" sl="111" sc="13" el="111" ec="14" bec="0" bev="0" fileid="29" />
                <SequencePoint vc="56" uspid="1847" ordinal="3" offset="23" sl="112" sc="17" el="112" ec="42" bec="0" bev="0" fileid="29" />
                <SequencePoint vc="56" uspid="1848" ordinal="4" offset="40" sl="113" sc="13" el="113" ec="14" bec="0" bev="0" fileid="29" />
                <SequencePoint vc="68" uspid="1849" ordinal="5" offset="41" sl="114" sc="13" el="114" ec="26" bec="0" bev="0" fileid="29" />
                <SequencePoint vc="68" uspid="1850" ordinal="6" offset="50" sl="115" sc="9" el="115" ec="10" bec="0" bev="0" fileid="29" />
              </SequencePoints>
              <BranchPoints>
                <BranchPoint vc="56" uspid="1851" ordinal="0" offset="20" sl="110" path="0" offsetend="22" fileid="29" />
                <BranchPoint vc="12" uspid="1852" ordinal="1" offset="20" sl="110" path="1" offsetend="41" fileid="29" />
              </BranchPoints>
              <MethodPoint xsi:type="SequencePoint" vc="68" uspid="1844" ordinal="0" offset="0" sl="109" sc="9" el="109" ec="10" bec="0" bev="0" fileid="29" />
            </Method>
          </Methods>
        </Class>
      </Classes>
    </Module>
    <Module hash="52-01-A6-7F-80-A3-6F-E1-64-12-7F-45-41-EB-A1-79-D5-64-18-79">
      <Summary numSequencePoints="29" visitedSequencePoints="14" numBranchPoints="8" visitedBranchPoints="4" sequenceCoverage="48.28" branchCoverage="50" maxCyclomaticComplexity="1" minCyclomaticComplexity="1" visitedClasses="1" numClasses="1" visitedMethods="4" numMethods="8" />
      <ModulePath>C:\Users\matan\Desktop\bgu\year 3\2\סדנא\WSEP\Code\TexasHoldem\GamingTests\bin\Debug\User.dll</ModulePath>
      <ModuleTime>2017-04-25T20:32:12.0925527Z</ModuleTime>
      <ModuleName>User</ModuleName>
      <Files>
        <File uid="49" fullPath="c:\Users\matan\Desktop\bgu\year 3\2\סדנא\WSEP\Code\TexasHoldem\User\UserProfile.cs" />
      </Files>
      <Classes>
        <Class>
          <Summary numSequencePoints="0" visitedSequencePoints="0" numBranchPoints="0" visitedBranchPoints="0" sequenceCoverage="0" branchCoverage="0" maxCyclomaticComplexity="0" minCyclomaticComplexity="0" visitedClasses="0" numClasses="0" visitedMethods="0" numMethods="0" />
          <FullName>&lt;Module&gt;</FullName>
          <Methods />
        </Class>
        <Class>
          <Summary numSequencePoints="0" visitedSequencePoints="0" numBranchPoints="0" visitedBranchPoints="0" sequenceCoverage="0" branchCoverage="0" maxCyclomaticComplexity="1" minCyclomaticComplexity="1" visitedClasses="0" numClasses="0" visitedMethods="0" numMethods="0" />
          <FullName>GameUtilities.League</FullName>
          <Methods>
            <Method visited="false" cyclomaticComplexity="1" nPathComplexity="0" sequenceCoverage="0" branchCoverage="0" isConstructor="true" isStatic="false" isGetter="false" isSetter="false">
              <Summary numSequencePoints="0" visitedSequencePoints="0" numBranchPoints="0" visitedBranchPoints="0" sequenceCoverage="0" branchCoverage="0" maxCyclomaticComplexity="1" minCyclomaticComplexity="1" visitedClasses="0" numClasses="0" visitedMethods="0" numMethods="0" />
              <MetadataToken>100663297</MetadataToken>
              <Name>System.Void GameUtilities.League::.ctor()</Name>
              <SequencePoints />
              <BranchPoints />
              <MethodPoint vc="0" uspid="1853" ordinal="0" offset="0" />
            </Method>
          </Methods>
        </Class>
        <Class>
          <Summary numSequencePoints="29" visitedSequencePoints="14" numBranchPoints="8" visitedBranchPoints="4" sequenceCoverage="48.28" branchCoverage="50" maxCyclomaticComplexity="1" minCyclomaticComplexity="1" visitedClasses="1" numClasses="1" visitedMethods="4" numMethods="8" />
          <FullName>GameUtilities.UserProfile</FullName>
          <Methods>
            <Method visited="true" cyclomaticComplexity="1" nPathComplexity="0" sequenceCoverage="100" branchCoverage="100" isConstructor="false" isStatic="false" isGetter="true" isSetter="false">
              <Summary numSequencePoints="3" visitedSequencePoints="3" numBranchPoints="1" visitedBranchPoints="1" sequenceCoverage="100" branchCoverage="100" maxCyclomaticComplexity="1" minCyclomaticComplexity="1" visitedClasses="0" numClasses="0" visitedMethods="1" numMethods="1" />
              <MetadataToken>100663298</MetadataToken>
              <Name>System.String GameUtilities.UserProfile::get_Username()</Name>
              <FileRef uid="49" />
              <SequencePoints>
                <SequencePoint vc="285" uspid="1854" ordinal="0" offset="0" sl="19" sc="16" el="19" ec="17" bec="0" bev="0" fileid="49" />
                <SequencePoint vc="285" uspid="1855" ordinal="1" offset="1" sl="19" sc="18" el="19" ec="34" bec="0" bev="0" fileid="49" />
                <SequencePoint vc="285" uspid="1856" ordinal="2" offset="10" sl="19" sc="34" el="19" ec="35" bec="0" bev="0" fileid="49" />
              </SequencePoints>
              <BranchPoints />
              <MethodPoint xsi:type="SequencePoint" vc="285" uspid="1854" ordinal="0" offset="0" sl="19" sc="16" el="19" ec="17" bec="0" bev="0" fileid="49" />
            </Method>
            <Method visited="true" cyclomaticComplexity="1" nPathComplexity="0" sequenceCoverage="100" branchCoverage="100" isConstructor="false" isStatic="false" isGetter="false" isSetter="true">
              <Summary numSequencePoints="3" visitedSequencePoints="3" numBranchPoints="1" visitedBranchPoints="1" sequenceCoverage="100" branchCoverage="100" maxCyclomaticComplexity="1" minCyclomaticComplexity="1" visitedClasses="0" numClasses="0" visitedMethods="1" numMethods="1" />
              <MetadataToken>100663299</MetadataToken>
              <Name>System.Void GameUtilities.UserProfile::set_Username(System.String)</Name>
              <FileRef uid="49" />
              <SequencePoints>
                <SequencePoint vc="28" uspid="1857" ordinal="0" offset="0" sl="20" sc="16" el="20" ec="17" bec="0" bev="0" fileid="49" />
                <SequencePoint vc="28" uspid="1858" ordinal="1" offset="1" sl="20" sc="17" el="20" ec="34" bec="0" bev="0" fileid="49" />
                <SequencePoint vc="28" uspid="1859" ordinal="2" offset="8" sl="20" sc="34" el="20" ec="35" bec="0" bev="0" fileid="49" />
              </SequencePoints>
              <BranchPoints />
              <MethodPoint xsi:type="SequencePoint" vc="28" uspid="1857" ordinal="0" offset="0" sl="20" sc="16" el="20" ec="17" bec="0" bev="0" fileid="49" />
            </Method>
            <Method visited="false" cyclomaticComplexity="1" nPathComplexity="0" sequenceCoverage="0" branchCoverage="0" isConstructor="false" isStatic="false" isGetter="true" isSetter="false">
              <Summary numSequencePoints="3" visitedSequencePoints="0" numBranchPoints="1" visitedBranchPoints="0" sequenceCoverage="0" branchCoverage="0" maxCyclomaticComplexity="1" minCyclomaticComplexity="1" visitedClasses="0" numClasses="0" visitedMethods="0" numMethods="1" />
              <MetadataToken>100663300</MetadataToken>
              <Name>System.String GameUtilities.UserProfile::get_Password()</Name>
              <FileRef uid="49" />
              <SequencePoints>
                <SequencePoint vc="0" uspid="1860" ordinal="0" offset="0" sl="25" sc="16" el="25" ec="17" bec="0" bev="0" fileid="49" />
                <SequencePoint vc="0" uspid="1861" ordinal="1" offset="1" sl="25" sc="17" el="25" ec="33" bec="0" bev="0" fileid="49" />
                <SequencePoint vc="0" uspid="1862" ordinal="2" offset="10" sl="25" sc="33" el="25" ec="34" bec="0" bev="0" fileid="49" />
              </SequencePoints>
              <BranchPoints />
              <MethodPoint xsi:type="SequencePoint" vc="0" uspid="1860" ordinal="0" offset="0" sl="25" sc="16" el="25" ec="17" bec="0" bev="0" fileid="49" />
            </Method>
            <Method visited="true" cyclomaticComplexity="1" nPathComplexity="0" sequenceCoverage="100" branchCoverage="100" isConstructor="false" isStatic="false" isGetter="false" isSetter="true">
              <Summary numSequencePoints="3" visitedSequencePoints="3" numBranchPoints="1" visitedBranchPoints="1" sequenceCoverage="100" branchCoverage="100" maxCyclomaticComplexity="1" minCyclomaticComplexity="1" visitedClasses="0" numClasses="0" visitedMethods="1" numMethods="1" />
              <MetadataToken>100663301</MetadataToken>
              <Name>System.Void GameUtilities.UserProfile::set_Password(System.String)</Name>
              <FileRef uid="49" />
              <SequencePoints>
                <SequencePoint vc="28" uspid="1863" ordinal="0" offset="0" sl="26" sc="17" el="26" ec="18" bec="0" bev="0" fileid="49" />
                <SequencePoint vc="28" uspid="1864" ordinal="1" offset="1" sl="26" sc="18" el="26" ec="35" bec="0" bev="0" fileid="49" />
                <SequencePoint vc="28" uspid="1865" ordinal="2" offset="8" sl="26" sc="36" el="26" ec="37" bec="0" bev="0" fileid="49" />
              </SequencePoints>
              <BranchPoints />
              <MethodPoint xsi:type="SequencePoint" vc="28" uspid="1863" ordinal="0" offset="0" sl="26" sc="17" el="26" ec="18" bec="0" bev="0" fileid="49" />
            </Method>
            <Method visited="false" cyclomaticComplexity="1" nPathComplexity="0" sequenceCoverage="0" branchCoverage="0" isConstructor="false" isStatic="false" isGetter="true" isSetter="false">
              <Summary numSequencePoints="3" visitedSequencePoints="0" numBranchPoints="1" visitedBranchPoints="0" sequenceCoverage="0" branchCoverage="0" maxCyclomaticComplexity="1" minCyclomaticComplexity="1" visitedClasses="0" numClasses="0" visitedMethods="0" numMethods="1" />
              <MetadataToken>100663302</MetadataToken>
              <Name>System.Drawing.Image GameUtilities.UserProfile::get_Avatar()</Name>
              <FileRef uid="49" />
              <SequencePoints>
                <SequencePoint vc="0" uspid="1866" ordinal="0" offset="0" sl="31" sc="17" el="31" ec="18" bec="0" bev="0" fileid="49" />
                <SequencePoint vc="0" uspid="1867" ordinal="1" offset="1" sl="31" sc="18" el="31" ec="32" bec="0" bev="0" fileid="49" />
                <SequencePoint vc="0" uspid="1868" ordinal="2" offset="10" sl="31" sc="32" el="31" ec="33" bec="0" bev="0" fileid="49" />
              </SequencePoints>
              <BranchPoints />
              <MethodPoint xsi:type="SequencePoint" vc="0" uspid="1866" ordinal="0" offset="0" sl="31" sc="17" el="31" ec="18" bec="0" bev="0" fileid="49" />
            </Method>
            <Method visited="false" cyclomaticComplexity="1" nPathComplexity="0" sequenceCoverage="0" branchCoverage="0" isConstructor="false" isStatic="false" isGetter="false" isSetter="true">
              <Summary numSequencePoints="3" visitedSequencePoints="0" numBranchPoints="1" visitedBranchPoints="0" sequenceCoverage="0" branchCoverage="0" maxCyclomaticComplexity="1" minCyclomaticComplexity="1" visitedClasses="0" numClasses="0" visitedMethods="0" numMethods="1" />
              <MetadataToken>100663303</MetadataToken>
              <Name>System.Void GameUtilities.UserProfile::set_Avatar(System.Drawing.Image)</Name>
              <FileRef uid="49" />
              <SequencePoints>
                <SequencePoint vc="0" uspid="1869" ordinal="0" offset="0" sl="32" sc="17" el="32" ec="18" bec="0" bev="0" fileid="49" />
                <SequencePoint vc="0" uspid="1870" ordinal="1" offset="1" sl="32" sc="18" el="32" ec="33" bec="0" bev="0" fileid="49" />
                <SequencePoint vc="0" uspid="1871" ordinal="2" offset="8" sl="32" sc="33" el="32" ec="34" bec="0" bev="0" fileid="49" />
              </SequencePoints>
              <BranchPoints />
              <MethodPoint xsi:type="SequencePoint" vc="0" uspid="1869" ordinal="0" offset="0" sl="32" sc="17" el="32" ec="18" bec="0" bev="0" fileid="49" />
            </Method>
            <Method visited="true" cyclomaticComplexity="1" nPathComplexity="0" sequenceCoverage="100" branchCoverage="100" isConstructor="true" isStatic="false" isGetter="false" isSetter="false">
              <Summary numSequencePoints="5" visitedSequencePoints="5" numBranchPoints="1" visitedBranchPoints="1" sequenceCoverage="100" branchCoverage="100" maxCyclomaticComplexity="1" minCyclomaticComplexity="1" visitedClasses="0" numClasses="0" visitedMethods="1" numMethods="1" />
              <MetadataToken>100663304</MetadataToken>
              <Name>System.Void GameUtilities.UserProfile::.ctor(System.String,System.String)</Name>
              <FileRef uid="49" />
              <SequencePoints>
                <SequencePoint vc="28" uspid="1872" ordinal="0" offset="0" sl="35" sc="9" el="35" ec="61" bec="0" bev="0" fileid="49" />
                <SequencePoint vc="28" uspid="1873" ordinal="1" offset="7" sl="36" sc="9" el="36" ec="10" bec="0" bev="0" fileid="49" />
                <SequencePoint vc="28" uspid="1874" ordinal="2" offset="8" sl="37" sc="13" el="37" ec="38" bec="0" bev="0" fileid="49" />
                <SequencePoint vc="28" uspid="1875" ordinal="3" offset="16" sl="38" sc="13" el="38" ec="38" bec="0" bev="0" fileid="49" />
                <SequencePoint vc="28" uspid="1876" ordinal="4" offset="24" sl="39" sc="9" el="39" ec="10" bec="0" bev="0" fileid="49" />
              </SequencePoints>
              <BranchPoints />
              <MethodPoint xsi:type="SequencePoint" vc="28" uspid="1872" ordinal="0" offset="0" sl="35" sc="9" el="35" ec="61" bec="0" bev="0" fileid="49" />
            </Method>
            <Method visited="false" cyclomaticComplexity="1" nPathComplexity="0" sequenceCoverage="0" branchCoverage="0" isConstructor="true" isStatic="false" isGetter="false" isSetter="false">
              <Summary numSequencePoints="6" visitedSequencePoints="0" numBranchPoints="1" visitedBranchPoints="0" sequenceCoverage="0" branchCoverage="0" maxCyclomaticComplexity="1" minCyclomaticComplexity="1" visitedClasses="0" numClasses="0" visitedMethods="0" numMethods="1" />
              <MetadataToken>100663305</MetadataToken>
              <Name>System.Void GameUtilities.UserProfile::.ctor(System.String,System.String,System.Drawing.Image)</Name>
              <FileRef uid="49" />
              <SequencePoints>
                <SequencePoint vc="0" uspid="1877" ordinal="0" offset="0" sl="40" sc="9" el="40" ec="73" bec="0" bev="0" fileid="49" />
                <SequencePoint vc="0" uspid="1878" ordinal="1" offset="7" sl="41" sc="9" el="41" ec="10" bec="0" bev="0" fileid="49" />
                <SequencePoint vc="0" uspid="1879" ordinal="2" offset="8" sl="42" sc="13" el="42" ec="38" bec="0" bev="0" fileid="49" />
                <SequencePoint vc="0" uspid="1880" ordinal="3" offset="16" sl="43" sc="13" el="43" ec="38" bec="0" bev="0" fileid="49" />
                <SequencePoint vc="0" uspid="1881" ordinal="4" offset="24" sl="44" sc="13" el="44" ec="34" bec="0" bev="0" fileid="49" />
                <SequencePoint vc="0" uspid="1882" ordinal="5" offset="32" sl="45" sc="9" el="45" ec="10" bec="0" bev="0" fileid="49" />
              </SequencePoints>
              <BranchPoints />
              <MethodPoint xsi:type="SequencePoint" vc="0" uspid="1877" ordinal="0" offset="0" sl="40" sc="9" el="40" ec="73" bec="0" bev="0" fileid="49" />
            </Method>
          </Methods>
        </Class>
      </Classes>
    </Module>
  </Modules>
</CoverageSession>