<?xml version="1.0" encoding="utf-8"?>
<CoverageSession xmlns:xsd="http://www.w3.org/2001/XMLSchema" xmlns:xsi="http://www.w3.org/2001/XMLSchema-instance">
  <Summary numSequencePoints="1557" visitedSequencePoints="1345" numBranchPoints="472" visitedBranchPoints="402" sequenceCoverage="86.38" branchCoverage="85.17" maxCyclomaticComplexity="14" minCyclomaticComplexity="1" visitedClasses="27" numClasses="32" visitedMethods="173" numMethods="212" />
  <Modules>
    <Module skippedDueTo="Filter" hash="E8-5D-0D-DF-48-0E-E1-36-C7-A9-9F-6C-BD-62-D5-34-9F-F0-17-FE">
      <ModulePath>C:\WINDOWS\Microsoft.Net\assembly\GAC_64\mscorlib\v4.0_4.0.0.0__b77a5c561934e089\mscorlib.dll</ModulePath>
      <ModuleTime>2017-02-22T02:17:32.1365185Z</ModuleTime>
      <ModuleName>mscorlib</ModuleName>
      <Classes />
    </Module>
    <Module skippedDueTo="MissingPdb" hash="70-0A-8C-00-26-D7-8E-3A-41-3C-43-6D-01-3C-09-CC-C9-73-85-C0">
      <ModulePath>C:\Users\matan\Desktop\bgu\year 3\2\סדנא\WSEP\Code\TexasHoldem\packages\NUnit.ConsoleRunner.3.6.1\tools\nunit3-console.exe</ModulePath>
      <ModuleTime>2017-04-25T20:36:50.828506Z</ModuleTime>
      <ModuleName>nunit3-console</ModuleName>
      <Classes />
    </Module>
    <Module skippedDueTo="Filter" hash="4F-2D-57-51-8C-EB-A3-76-1B-CA-7F-0F-4C-1E-A5-88-77-48-84-05">
      <ModulePath>C:\WINDOWS\Microsoft.Net\assembly\GAC_MSIL\System\v4.0_4.0.0.0__b77a5c561934e089\System.dll</ModulePath>
      <ModuleTime>2017-01-24T02:27:50.5038952Z</ModuleTime>
      <ModuleName>System</ModuleName>
      <Classes />
    </Module>
    <Module skippedDueTo="MissingPdb" hash="90-A5-CB-F1-B1-A1-C2-DE-2A-BF-0B-6F-28-E9-82-CA-41-44-09-3A">
      <ModulePath>C:\Users\matan\Desktop\bgu\year 3\2\סדנא\WSEP\Code\TexasHoldem\packages\NUnit.ConsoleRunner.3.6.1\tools\nunit.engine.api.dll</ModulePath>
      <ModuleTime>2017-04-25T20:36:50.7754679Z</ModuleTime>
      <ModuleName>nunit.engine.api</ModuleName>
      <Classes />
    </Module>
    <Module skippedDueTo="MissingPdb" hash="96-DE-EF-3F-02-DC-0C-37-07-3E-B9-1D-D2-EF-F9-A2-D3-8E-11-00">
      <ModulePath>C:\Users\matan\Desktop\bgu\year 3\2\סדנא\WSEP\Code\TexasHoldem\packages\NUnit.ConsoleRunner.3.6.1\tools\nunit.engine.dll</ModulePath>
      <ModuleTime>2017-04-25T20:36:50.7999855Z</ModuleTime>
      <ModuleName>nunit.engine</ModuleName>
      <Classes />
    </Module>
    <Module skippedDueTo="Filter" hash="88-45-F0-9C-3C-9F-72-79-CB-6A-82-FA-D7-DB-C3-4A-59-80-3C-6B">
      <ModulePath>C:\WINDOWS\Microsoft.Net\assembly\GAC_MSIL\System.Xml\v4.0_4.0.0.0__b77a5c561934e089\System.Xml.dll</ModulePath>
      <ModuleTime>2016-07-16T11:43:55.4992744Z</ModuleTime>
      <ModuleName>System.Xml</ModuleName>
      <Classes />
    </Module>
    <Module skippedDueTo="Filter" hash="11-98-E7-2B-6C-7D-11-C5-0F-66-CE-47-1E-CA-60-19-D0-EB-15-8B">
      <ModulePath>C:\WINDOWS\Microsoft.Net\assembly\GAC_64\System.Web\v4.0_4.0.0.0__b03f5f7f11d50a3a\System.Web.dll</ModulePath>
      <ModuleTime>2017-02-22T02:17:32.9959633Z</ModuleTime>
      <ModuleName>System.Web</ModuleName>
      <Classes />
    </Module>
    <Module skippedDueTo="MissingPdb" hash="8A-2E-8F-D6-9D-39-02-4A-2F-30-FC-06-42-F7-0F-A8-32-69-07-72">
      <ModulePath>C:\Users\matan\Desktop\bgu\year 3\2\סדנא\WSEP\Code\TexasHoldem\packages\NUnit.ConsoleRunner.3.6.1\tools\Mono.Cecil.dll</ModulePath>
      <ModuleTime>2017-04-25T20:36:50.7014153Z</ModuleTime>
      <ModuleName>Mono.Cecil</ModuleName>
      <Classes />
    </Module>
    <Module skippedDueTo="Filter" hash="A6-44-D7-5C-2C-AA-24-6D-2E-64-A4-48-13-C2-22-F5-E4-2D-CE-96">
      <ModulePath>C:\WINDOWS\Microsoft.Net\assembly\GAC_MSIL\System.Runtime.Remoting\v4.0_4.0.0.0__b77a5c561934e089\System.Runtime.Remoting.dll</ModulePath>
      <ModuleTime>2016-07-16T11:43:55.4680251Z</ModuleTime>
      <ModuleName>System.Runtime.Remoting</ModuleName>
      <Classes />
    </Module>
    <Module skippedDueTo="Filter" hash="34-A3-5D-67-8E-E7-DB-60-FE-97-F3-BD-D4-E7-40-6B-00-DA-51-C8">
      <ModulePath>C:\WINDOWS\Microsoft.Net\assembly\GAC_MSIL\System.Configuration\v4.0_4.0.0.0__b03f5f7f11d50a3a\System.Configuration.dll</ModulePath>
      <ModuleTime>2016-07-16T11:43:53.9992781Z</ModuleTime>
      <ModuleName>System.Configuration</ModuleName>
      <Classes />
    </Module>
    <Module skippedDueTo="MissingPdb" hash="75-5F-1A-C1-0E-E6-C9-A3-EC-A1-F0-6E-89-B4-98-86-0B-A8-B2-AD">
      <ModulePath>C:\Users\matan\Desktop\bgu\year 3\2\סדנא\WSEP\Code\TexasHoldem\packages\NUnit.ConsoleRunner.3.6.1\tools\nunit-agent.exe</ModulePath>
      <ModuleTime>2017-04-25T20:36:50.7534522Z</ModuleTime>
      <ModuleName>nunit-agent</ModuleName>
      <Classes />
    </Module>
    <Module skippedDueTo="MissingPdb" hash="6C-04-8C-57-BA-16-AC-9A-1E-6F-C5-9B-72-58-A4-91-04-FA-A5-1E">
      <ModulePath>C:\Users\matan\Desktop\bgu\year 3\2\סדנא\WSEP\Code\TexasHoldem\SystemTests\bin\Debug\nunit.framework.dll</ModulePath>
      <ModuleTime>2017-04-25T08:42:16Z</ModuleTime>
      <ModuleName>nunit.framework</ModuleName>
      <Classes />
    </Module>
    <Module skippedDueTo="Filter" hash="0E-27-EE-48-18-43-E9-5B-DA-5C-9E-39-CB-7D-31-B7-EA-D9-09-31">
      <ModulePath>C:\WINDOWS\Microsoft.Net\assembly\GAC_MSIL\System.Core\v4.0_4.0.0.0__b77a5c561934e089\System.Core.dll</ModulePath>
      <ModuleTime>2017-02-22T02:02:52.7009184Z</ModuleTime>
      <ModuleName>System.Core</ModuleName>
      <Classes />
    </Module>
    <Module skippedDueTo="Filter" hash="A3-87-A7-B7-BD-C7-E4-CF-43-4E-CB-22-8F-15-B0-C8-AE-5C-E3-2E">
      <ModulePath>C:\Users\matan\Desktop\bgu\year 3\2\סדנא\WSEP\Code\TexasHoldem\SystemTests\bin\Debug\SystemTests.dll</ModulePath>
      <ModuleTime>2017-04-30T07:42:19.3575693Z</ModuleTime>
      <ModuleName>SystemTests</ModuleName>
      <Classes />
    </Module>
    <Module hash="03-76-61-0F-41-C2-66-EA-CF-C6-C8-76-B3-1A-3C-39-7C-55-69-0F">
      <Summary numSequencePoints="282" visitedSequencePoints="208" numBranchPoints="96" visitedBranchPoints="75" sequenceCoverage="73.76" branchCoverage="78.12" maxCyclomaticComplexity="11" minCyclomaticComplexity="1" visitedClasses="5" numClasses="8" visitedMethods="33" numMethods="42" />
      <ModulePath>C:\Users\matan\Desktop\bgu\year 3\2\סדנא\WSEP\Code\TexasHoldem\SystemTests\bin\Debug\TexasHoldemSystem.exe</ModulePath>
      <ModuleTime>2017-04-30T07:42:18.977861Z</ModuleTime>
      <ModuleName>TexasHoldemSystem</ModuleName>
      <Files>
        <File uid="1" fullPath="c:\Users\matan\Desktop\bgu\year 3\2\סדנא\WSEP\Code\TexasHoldem\TexasHoldem\GameCenter.cs" />
        <File uid="6" fullPath="c:\Users\matan\Desktop\bgu\year 3\2\סדנא\WSEP\Code\TexasHoldem\TexasHoldem\Program.cs" />
        <File uid="7" fullPath="c:\Users\matan\Desktop\bgu\year 3\2\סדנא\WSEP\Code\TexasHoldem\TexasHoldem\TexasHoldemSystem.cs" />
      </Files>
      <Classes>
        <Class>
          <Summary numSequencePoints="0" visitedSequencePoints="0" numBranchPoints="0" visitedBranchPoints="0" sequenceCoverage="0" branchCoverage="0" maxCyclomaticComplexity="0" minCyclomaticComplexity="0" visitedClasses="0" numClasses="0" visitedMethods="0" numMethods="0" />
          <FullName>&lt;Module&gt;</FullName>
          <Methods />
        </Class>
        <Class>
          <Summary numSequencePoints="165" visitedSequencePoints="148" numBranchPoints="60" visitedBranchPoints="51" sequenceCoverage="89.70" branchCoverage="85" maxCyclomaticComplexity="11" minCyclomaticComplexity="1" visitedClasses="1" numClasses="1" visitedMethods="21" numMethods="24" />
          <FullName>GameSystem.GameCenter</FullName>
          <Methods>
            <Method visited="true" cyclomaticComplexity="1" nPathComplexity="0" sequenceCoverage="100" branchCoverage="100" isConstructor="false" isStatic="false" isGetter="false" isSetter="false">
              <Summary numSequencePoints="6" visitedSequencePoints="6" numBranchPoints="1" visitedBranchPoints="1" sequenceCoverage="100" branchCoverage="100" maxCyclomaticComplexity="1" minCyclomaticComplexity="1" visitedClasses="0" numClasses="0" visitedMethods="1" numMethods="1" />
              <MetadataToken>100663297</MetadataToken>
              <Name>Gaming.Game GameSystem.GameCenter::createGame(Gaming.GamePreferences)</Name>
              <FileRef uid="1" />
              <SequencePoints>
                <SequencePoint vc="24" uspid="1" ordinal="0" offset="0" sl="20" sc="9" el="20" ec="10" bec="0" bev="0" fileid="1" />
                <SequencePoint vc="24" uspid="2" ordinal="1" offset="1" sl="21" sc="13" el="21" ec="48" bec="0" bev="0" fileid="1" />
                <SequencePoint vc="24" uspid="3" ordinal="2" offset="8" sl="22" sc="13" el="22" ec="29" bec="0" bev="0" fileid="1" />
                <SequencePoint vc="24" uspid="4" ordinal="3" offset="21" sl="24" sc="13" el="24" ec="44" bec="0" bev="0" fileid="1" />
                <SequencePoint vc="24" uspid="5" ordinal="4" offset="40" sl="25" sc="13" el="25" ec="25" bec="0" bev="0" fileid="1" />
                <SequencePoint vc="24" uspid="6" ordinal="5" offset="44" sl="26" sc="9" el="26" ec="10" bec="0" bev="0" fileid="1" />
              </SequencePoints>
              <BranchPoints />
              <MethodPoint xsi:type="SequencePoint" vc="24" uspid="1" ordinal="0" offset="0" sl="20" sc="9" el="20" ec="10" bec="0" bev="0" fileid="1" />
            </Method>
            <Method visited="true" cyclomaticComplexity="2" nPathComplexity="0" sequenceCoverage="100" branchCoverage="100" isConstructor="false" isStatic="false" isGetter="false" isSetter="false">
              <Summary numSequencePoints="3" visitedSequencePoints="3" numBranchPoints="1" visitedBranchPoints="1" sequenceCoverage="100" branchCoverage="100" maxCyclomaticComplexity="2" minCyclomaticComplexity="2" visitedClasses="0" numClasses="0" visitedMethods="1" numMethods="1" />
              <MetadataToken>100663298</MetadataToken>
              <Name>System.Collections.Generic.List`1&lt;Gaming.Game&gt; GameSystem.GameCenter::getAllSpectatingGames()</Name>
              <FileRef uid="1" />
              <SequencePoints>
                <SequencePoint vc="4" uspid="7" ordinal="0" offset="0" sl="29" sc="9" el="29" ec="10" bec="0" bev="0" fileid="1" />
                <SequencePoint vc="4" uspid="8" ordinal="1" offset="1" sl="30" sc="13" el="30" ec="81" bec="0" bev="0" fileid="1" />
                <SequencePoint vc="4" uspid="9" ordinal="2" offset="51" sl="31" sc="9" el="31" ec="10" bec="0" bev="0" fileid="1" />
              </SequencePoints>
              <BranchPoints />
              <MethodPoint xsi:type="SequencePoint" vc="4" uspid="7" ordinal="0" offset="0" sl="29" sc="9" el="29" ec="10" bec="0" bev="0" fileid="1" />
            </Method>
            <Method visited="true" cyclomaticComplexity="5" nPathComplexity="2" sequenceCoverage="100" branchCoverage="100" isConstructor="false" isStatic="false" isGetter="false" isSetter="false">
              <Summary numSequencePoints="13" visitedSequencePoints="13" numBranchPoints="3" visitedBranchPoints="3" sequenceCoverage="100" branchCoverage="100" maxCyclomaticComplexity="5" minCyclomaticComplexity="5" visitedClasses="0" numClasses="0" visitedMethods="1" numMethods="1" />
              <MetadataToken>100663299</MetadataToken>
              <Name>System.Collections.Generic.List`1&lt;Gaming.Game&gt; GameSystem.GameCenter::getAllActiveGamesByPlayerName(System.String)</Name>
              <FileRef uid="1" />
              <SequencePoints>
                <SequencePoint vc="2" uspid="12" ordinal="0" offset="17" sl="34" sc="9" el="34" ec="10" bec="0" bev="0" fileid="1" />
                <SequencePoint vc="2" uspid="13" ordinal="1" offset="18" sl="35" sc="13" el="35" ec="55" bec="0" bev="0" fileid="1" />
                <SequencePoint vc="2" uspid="14" ordinal="2" offset="24" sl="36" sc="13" el="36" ec="20" bec="0" bev="0" fileid="1" />
                <SequencePoint vc="2" uspid="15" ordinal="3" offset="25" sl="36" sc="35" el="36" ec="112" bec="0" bev="0" fileid="1" />
                <SequencePoint vc="4" uspid="16" ordinal="4" offset="81" sl="36" sc="22" el="36" ec="31" bec="0" bev="0" fileid="1" />
                <SequencePoint vc="4" uspid="17" ordinal="5" offset="89" sl="37" sc="13" el="37" ec="14" bec="0" bev="0" fileid="1" />
                <SequencePoint vc="4" uspid="18" ordinal="6" offset="90" sl="38" sc="17" el="38" ec="68" bec="0" bev="0" fileid="1" />
                <SequencePoint vc="4" uspid="19" ordinal="7" offset="97" sl="39" sc="17" el="39" ec="105" bec="2" bev="2" fileid="1" />
                <SequencePoint vc="2" uspid="20" ordinal="8" offset="145" sl="40" sc="21" el="40" ec="43" bec="0" bev="0" fileid="1" />
                <SequencePoint vc="4" uspid="21" ordinal="9" offset="153" sl="41" sc="13" el="41" ec="14" bec="0" bev="0" fileid="1" />
                <SequencePoint vc="6" uspid="22" ordinal="10" offset="154" sl="36" sc="32" el="36" ec="34" bec="0" bev="0" fileid="1" />
                <SequencePoint vc="2" uspid="23" ordinal="11" offset="185" sl="43" sc="13" el="43" ec="32" bec="0" bev="0" fileid="1" />
                <SequencePoint vc="2" uspid="24" ordinal="12" offset="190" sl="44" sc="9" el="44" ec="10" bec="0" bev="0" fileid="1" />
              </SequencePoints>
              <BranchPoints>
                <BranchPoint vc="2" uspid="29" ordinal="4" offset="143" sl="39" path="0" offsetend="145" fileid="1" />
                <BranchPoint vc="2" uspid="30" ordinal="5" offset="143" sl="39" path="1" offsetend="153" fileid="1" />
              </BranchPoints>
              <MethodPoint vc="2" uspid="33" ordinal="0" offset="0" />
            </Method>
            <Method visited="false" cyclomaticComplexity="1" nPathComplexity="0" sequenceCoverage="0" branchCoverage="0" isConstructor="false" isStatic="false" isGetter="false" isSetter="false">
              <Summary numSequencePoints="3" visitedSequencePoints="0" numBranchPoints="1" visitedBranchPoints="0" sequenceCoverage="0" branchCoverage="0" maxCyclomaticComplexity="1" minCyclomaticComplexity="1" visitedClasses="0" numClasses="0" visitedMethods="0" numMethods="1" />
              <MetadataToken>100663300</MetadataToken>
              <Name>System.Collections.Generic.List`1&lt;Gaming.Game&gt; GameSystem.GameCenter::getAllActiveGamesByPotSize(System.Int32)</Name>
              <FileRef uid="1" />
              <SequencePoints>
                <SequencePoint vc="0" uspid="34" ordinal="0" offset="13" sl="47" sc="9" el="47" ec="10" bec="0" bev="0" fileid="1" />
                <SequencePoint vc="0" uspid="35" ordinal="1" offset="14" sl="48" sc="13" el="48" ec="87" bec="0" bev="0" fileid="1" />
                <SequencePoint vc="0" uspid="36" ordinal="2" offset="45" sl="49" sc="9" el="49" ec="10" bec="0" bev="0" fileid="1" />
              </SequencePoints>
              <BranchPoints />
              <MethodPoint vc="0" uspid="37" ordinal="0" offset="0" />
            </Method>
            <Method visited="true" cyclomaticComplexity="1" nPathComplexity="0" sequenceCoverage="100" branchCoverage="100" isConstructor="false" isStatic="false" isGetter="false" isSetter="false">
              <Summary numSequencePoints="3" visitedSequencePoints="3" numBranchPoints="1" visitedBranchPoints="1" sequenceCoverage="100" branchCoverage="100" maxCyclomaticComplexity="1" minCyclomaticComplexity="1" visitedClasses="0" numClasses="0" visitedMethods="1" numMethods="1" />
              <MetadataToken>100663301</MetadataToken>
              <Name>System.Collections.Generic.List`1&lt;Gaming.Game&gt; GameSystem.GameCenter::getAllActiveGamesByGamePreference(Gaming.GamePreferences)</Name>
              <FileRef uid="1" />
              <SequencePoints>
                <SequencePoint vc="6" uspid="38" ordinal="0" offset="20" sl="52" sc="9" el="52" ec="10" bec="0" bev="0" fileid="1" />
                <SequencePoint vc="6" uspid="39" ordinal="1" offset="21" sl="53" sc="13" el="53" ec="101" bec="0" bev="0" fileid="1" />
                <SequencePoint vc="6" uspid="40" ordinal="2" offset="52" sl="54" sc="9" el="54" ec="10" bec="0" bev="0" fileid="1" />
              </SequencePoints>
              <BranchPoints />
              <MethodPoint vc="6" uspid="41" ordinal="0" offset="0" />
            </Method>
            <Method visited="true" cyclomaticComplexity="11" nPathComplexity="32" sequenceCoverage="77.78" branchCoverage="63.64" isConstructor="false" isStatic="false" isGetter="false" isSetter="false">
              <Summary numSequencePoints="18" visitedSequencePoints="14" numBranchPoints="11" visitedBranchPoints="7" sequenceCoverage="77.78" branchCoverage="63.64" maxCyclomaticComplexity="11" minCyclomaticComplexity="11" visitedClasses="0" numClasses="0" visitedMethods="1" numMethods="1" />
              <MetadataToken>100663302</MetadataToken>
              <Name>System.Boolean GameSystem.GameCenter::contained(Gaming.GamePreferences,Gaming.GamePreferences)</Name>
              <FileRef uid="1" />
              <SequencePoints>
                <SequencePoint vc="12" uspid="42" ordinal="0" offset="0" sl="57" sc="9" el="57" ec="10" bec="0" bev="0" fileid="1" />
                <SequencePoint vc="12" uspid="43" ordinal="1" offset="1" sl="58" sc="13" el="58" ec="54" bec="0" bev="0" fileid="1" />
                <SequencePoint vc="12" uspid="44" ordinal="2" offset="8" sl="59" sc="13" el="59" ec="52" bec="0" bev="0" fileid="1" />
                <SequencePoint vc="12" uspid="45" ordinal="3" offset="15" sl="60" sc="13" el="60" ec="62" bec="0" bev="0" fileid="1" />
                <SequencePoint vc="12" uspid="46" ordinal="4" offset="22" sl="61" sc="13" el="61" ec="64" bec="0" bev="0" fileid="1" />
                <SequencePoint vc="12" uspid="47" ordinal="5" offset="29" sl="62" sc="13" el="62" ec="62" bec="0" bev="0" fileid="1" />
                <SequencePoint vc="12" uspid="48" ordinal="6" offset="37" sl="64" sc="13" el="64" ec="78" bec="2" bev="1" fileid="1" />
                <SequencePoint vc="0" uspid="49" ordinal="7" offset="65" sl="65" sc="17" el="65" ec="30" bec="0" bev="0" fileid="1" />
                <SequencePoint vc="12" uspid="50" ordinal="8" offset="73" sl="67" sc="13" el="67" ec="76" bec="2" bev="2" fileid="1" />
                <SequencePoint vc="2" uspid="51" ordinal="9" offset="101" sl="68" sc="17" el="68" ec="30" bec="0" bev="0" fileid="1" />
                <SequencePoint vc="10" uspid="52" ordinal="10" offset="106" sl="70" sc="13" el="70" ec="94" bec="2" bev="1" fileid="1" />
                <SequencePoint vc="0" uspid="53" ordinal="11" offset="134" sl="71" sc="17" el="71" ec="30" bec="0" bev="0" fileid="1" />
                <SequencePoint vc="10" uspid="54" ordinal="12" offset="139" sl="73" sc="13" el="73" ec="97" bec="2" bev="1" fileid="1" />
                <SequencePoint vc="0" uspid="55" ordinal="13" offset="167" sl="74" sc="17" el="74" ec="30" bec="0" bev="0" fileid="1" />
                <SequencePoint vc="10" uspid="56" ordinal="14" offset="172" sl="76" sc="13" el="76" ec="94" bec="2" bev="1" fileid="1" />
                <SequencePoint vc="0" uspid="57" ordinal="15" offset="201" sl="77" sc="17" el="77" ec="30" bec="0" bev="0" fileid="1" />
                <SequencePoint vc="10" uspid="58" ordinal="16" offset="206" sl="80" sc="13" el="80" ec="25" bec="0" bev="0" fileid="1" />
                <SequencePoint vc="12" uspid="59" ordinal="17" offset="211" sl="81" sc="9" el="81" ec="10" bec="0" bev="0" fileid="1" />
              </SequencePoints>
              <BranchPoints>
                <BranchPoint vc="0" uspid="62" ordinal="2" offset="63" sl="64" path="0" offsetend="65" fileid="1" />
                <BranchPoint vc="12" uspid="63" ordinal="3" offset="63" sl="64" path="1" offsetend="73" fileid="1" />
                <BranchPoint vc="2" uspid="66" ordinal="6" offset="99" sl="67" path="0" offsetend="101" fileid="1" />
                <BranchPoint vc="10" uspid="67" ordinal="7" offset="99" sl="67" path="1" offsetend="106" fileid="1" />
                <BranchPoint vc="0" uspid="70" ordinal="10" offset="132" sl="70" path="0" offsetend="134" fileid="1" />
                <BranchPoint vc="10" uspid="71" ordinal="11" offset="132" sl="70" path="1" offsetend="139" fileid="1" />
                <BranchPoint vc="0" uspid="74" ordinal="14" offset="165" sl="73" path="0" offsetend="167" fileid="1" />
                <BranchPoint vc="10" uspid="75" ordinal="15" offset="165" sl="73" path="1" offsetend="172" fileid="1" />
                <BranchPoint vc="0" uspid="78" ordinal="18" offset="199" sl="76" path="0" offsetend="201" fileid="1" />
                <BranchPoint vc="10" uspid="79" ordinal="19" offset="199" sl="76" path="1" offsetend="206" fileid="1" />
              </BranchPoints>
              <MethodPoint xsi:type="SequencePoint" vc="12" uspid="42" ordinal="0" offset="0" sl="57" sc="9" el="57" ec="10" bec="0" bev="0" fileid="1" />
            </Method>
            <Method visited="true" cyclomaticComplexity="4" nPathComplexity="8" sequenceCoverage="100" branchCoverage="100" isConstructor="false" isStatic="false" isGetter="false" isSetter="false">
              <Summary numSequencePoints="12" visitedSequencePoints="12" numBranchPoints="7" visitedBranchPoints="7" sequenceCoverage="100" branchCoverage="100" maxCyclomaticComplexity="4" minCyclomaticComplexity="4" visitedClasses="0" numClasses="0" visitedMethods="1" numMethods="1" />
              <MetadataToken>100663303</MetadataToken>
              <Name>System.Boolean GameSystem.GameCenter::joinGame(Gaming.Game,GameUtilities.UserProfile,System.Int32)</Name>
              <FileRef uid="1" />
              <SequencePoints>
                <SequencePoint vc="14" uspid="80" ordinal="0" offset="0" sl="84" sc="9" el="84" ec="10" bec="0" bev="0" fileid="1" />
                <SequencePoint vc="14" uspid="81" ordinal="1" offset="1" sl="85" sc="13" el="85" ec="35" bec="2" bev="2" fileid="1" />
                <SequencePoint vc="2" uspid="82" ordinal="2" offset="17" sl="86" sc="17" el="86" ec="30" bec="0" bev="0" fileid="1" />
                <SequencePoint vc="12" uspid="83" ordinal="3" offset="21" sl="87" sc="13" el="87" ec="62" bec="2" bev="2" fileid="1" />
                <SequencePoint vc="2" uspid="84" ordinal="4" offset="42" sl="88" sc="17" el="88" ec="30" bec="0" bev="0" fileid="1" />
                <SequencePoint vc="10" uspid="85" ordinal="5" offset="46" sl="89" sc="13" el="89" ec="81" bec="2" bev="2" fileid="1" />
                <SequencePoint vc="2" uspid="86" ordinal="6" offset="72" sl="90" sc="17" el="90" ec="30" bec="0" bev="0" fileid="1" />
                <SequencePoint vc="8" uspid="87" ordinal="7" offset="76" sl="92" sc="13" el="92" ec="72" bec="0" bev="0" fileid="1" />
                <SequencePoint vc="8" uspid="88" ordinal="8" offset="85" sl="93" sc="13" el="93" ec="41" bec="0" bev="0" fileid="1" />
                <SequencePoint vc="8" uspid="89" ordinal="9" offset="93" sl="95" sc="13" el="95" ec="42" bec="0" bev="0" fileid="1" />
                <SequencePoint vc="8" uspid="90" ordinal="10" offset="108" sl="96" sc="13" el="96" ec="25" bec="0" bev="0" fileid="1" />
                <SequencePoint vc="14" uspid="91" ordinal="11" offset="112" sl="97" sc="9" el="97" ec="10" bec="0" bev="0" fileid="1" />
              </SequencePoints>
              <BranchPoints>
                <BranchPoint vc="2" uspid="92" ordinal="0" offset="15" sl="85" path="0" offsetend="17" fileid="1" />
                <BranchPoint vc="12" uspid="93" ordinal="1" offset="15" sl="85" path="1" offsetend="21" fileid="1" />
                <BranchPoint vc="2" uspid="94" ordinal="2" offset="40" sl="87" path="0" offsetend="42" fileid="1" />
                <BranchPoint vc="10" uspid="95" ordinal="3" offset="40" sl="87" path="1" offsetend="46" fileid="1" />
                <BranchPoint vc="2" uspid="96" ordinal="4" offset="70" sl="89" path="0" offsetend="72" fileid="1" />
                <BranchPoint vc="8" uspid="97" ordinal="5" offset="70" sl="89" path="1" offsetend="76" fileid="1" />
              </BranchPoints>
              <MethodPoint xsi:type="SequencePoint" vc="14" uspid="80" ordinal="0" offset="0" sl="84" sc="9" el="84" ec="10" bec="0" bev="0" fileid="1" />
            </Method>
            <Method visited="true" cyclomaticComplexity="2" nPathComplexity="2" sequenceCoverage="100" branchCoverage="100" isConstructor="false" isStatic="false" isGetter="false" isSetter="false">
              <Summary numSequencePoints="7" visitedSequencePoints="7" numBranchPoints="3" visitedBranchPoints="3" sequenceCoverage="100" branchCoverage="100" maxCyclomaticComplexity="2" minCyclomaticComplexity="2" visitedClasses="0" numClasses="0" visitedMethods="1" numMethods="1" />
              <MetadataToken>100663304</MetadataToken>
              <Name>System.Boolean GameSystem.GameCenter::spectateGame(Gaming.Game,GameUtilities.UserProfile)</Name>
              <FileRef uid="1" />
              <SequencePoints>
                <SequencePoint vc="3" uspid="98" ordinal="0" offset="0" sl="100" sc="9" el="100" ec="10" bec="0" bev="0" fileid="1" />
                <SequencePoint vc="3" uspid="99" ordinal="1" offset="1" sl="101" sc="13" el="101" ec="49" bec="2" bev="2" fileid="1" />
                <SequencePoint vc="1" uspid="100" ordinal="2" offset="16" sl="102" sc="17" el="102" ec="30" bec="0" bev="0" fileid="1" />
                <SequencePoint vc="2" uspid="101" ordinal="3" offset="20" sl="104" sc="13" el="104" ec="73" bec="0" bev="0" fileid="1" />
                <SequencePoint vc="2" uspid="102" ordinal="4" offset="28" sl="105" sc="13" el="105" ec="47" bec="0" bev="0" fileid="1" />
                <SequencePoint vc="2" uspid="103" ordinal="5" offset="36" sl="107" sc="13" el="107" ec="25" bec="0" bev="0" fileid="1" />
                <SequencePoint vc="3" uspid="104" ordinal="6" offset="40" sl="108" sc="9" el="108" ec="10" bec="0" bev="0" fileid="1" />
              </SequencePoints>
              <BranchPoints>
                <BranchPoint vc="1" uspid="105" ordinal="0" offset="14" sl="101" path="0" offsetend="16" fileid="1" />
                <BranchPoint vc="2" uspid="106" ordinal="1" offset="14" sl="101" path="1" offsetend="20" fileid="1" />
              </BranchPoints>
              <MethodPoint xsi:type="SequencePoint" vc="3" uspid="98" ordinal="0" offset="0" sl="100" sc="9" el="100" ec="10" bec="0" bev="0" fileid="1" />
            </Method>
            <Method visited="false" cyclomaticComplexity="2" nPathComplexity="0" sequenceCoverage="0" branchCoverage="0" isConstructor="false" isStatic="false" isGetter="false" isSetter="false">
              <Summary numSequencePoints="5" visitedSequencePoints="0" numBranchPoints="1" visitedBranchPoints="0" sequenceCoverage="0" branchCoverage="0" maxCyclomaticComplexity="2" minCyclomaticComplexity="2" visitedClasses="0" numClasses="0" visitedMethods="0" numMethods="1" />
              <MetadataToken>100663305</MetadataToken>
              <Name>System.Collections.Generic.List`1&lt;System.Collections.Generic.List`1&lt;Gaming.Move&gt;&gt; GameSystem.GameCenter::getAllReplayesOfInActiveGames()</Name>
              <FileRef uid="1" />
              <SequencePoints>
                <SequencePoint vc="0" uspid="107" ordinal="0" offset="6" sl="111" sc="9" el="111" ec="10" bec="0" bev="0" fileid="1" />
                <SequencePoint vc="0" uspid="108" ordinal="1" offset="7" sl="112" sc="13" el="112" ec="64" bec="0" bev="0" fileid="1" />
                <SequencePoint vc="0" uspid="109" ordinal="2" offset="18" sl="113" sc="13" el="113" ec="144" bec="0" bev="0" fileid="1" />
                <SequencePoint vc="0" uspid="110" ordinal="3" offset="83" sl="115" sc="13" el="115" ec="29" bec="0" bev="0" fileid="1" />
                <SequencePoint vc="0" uspid="111" ordinal="4" offset="92" sl="117" sc="9" el="117" ec="10" bec="0" bev="0" fileid="1" />
              </SequencePoints>
              <BranchPoints />
              <MethodPoint vc="0" uspid="114" ordinal="0" offset="0" />
            </Method>
            <Method visited="true" cyclomaticComplexity="3" nPathComplexity="2" sequenceCoverage="100" branchCoverage="100" isConstructor="false" isStatic="false" isGetter="false" isSetter="false">
              <Summary numSequencePoints="13" visitedSequencePoints="13" numBranchPoints="3" visitedBranchPoints="3" sequenceCoverage="100" branchCoverage="100" maxCyclomaticComplexity="3" minCyclomaticComplexity="3" visitedClasses="0" numClasses="0" visitedMethods="1" numMethods="1" />
              <MetadataToken>100663306</MetadataToken>
              <Name>System.Boolean GameSystem.GameCenter::createNewLeague(System.Int32)</Name>
              <FileRef uid="1" />
              <SequencePoints>
                <SequencePoint vc="28" uspid="115" ordinal="0" offset="0" sl="120" sc="9" el="120" ec="10" bec="0" bev="0" fileid="1" />
                <SequencePoint vc="28" uspid="116" ordinal="1" offset="1" sl="121" sc="13" el="121" ec="20" bec="0" bev="0" fileid="1" />
                <SequencePoint vc="28" uspid="117" ordinal="2" offset="2" sl="121" sc="34" el="121" ec="48" bec="0" bev="0" fileid="1" />
                <SequencePoint vc="9" uspid="118" ordinal="3" offset="21" sl="121" sc="22" el="121" ec="30" bec="0" bev="0" fileid="1" />
                <SequencePoint vc="9" uspid="119" ordinal="4" offset="29" sl="122" sc="13" el="122" ec="14" bec="0" bev="0" fileid="1" />
                <SequencePoint vc="9" uspid="120" ordinal="5" offset="30" sl="123" sc="17" el="123" ec="50" bec="2" bev="2" fileid="1" />
                <SequencePoint vc="2" uspid="121" ordinal="6" offset="48" sl="124" sc="21" el="124" ec="34" bec="0" bev="0" fileid="1" />
                <SequencePoint vc="7" uspid="122" ordinal="7" offset="52" sl="125" sc="13" el="125" ec="14" bec="0" bev="0" fileid="1" />
                <SequencePoint vc="35" uspid="123" ordinal="8" offset="53" sl="121" sc="31" el="121" ec="33" bec="0" bev="0" fileid="1" />
                <SequencePoint vc="26" uspid="124" ordinal="9" offset="84" sl="126" sc="13" el="126" ec="79" bec="0" bev="0" fileid="1" />
                <SequencePoint vc="26" uspid="125" ordinal="10" offset="117" sl="127" sc="13" el="127" ec="46" bec="0" bev="0" fileid="1" />
                <SequencePoint vc="26" uspid="126" ordinal="11" offset="131" sl="128" sc="13" el="128" ec="25" bec="0" bev="0" fileid="1" />
                <SequencePoint vc="28" uspid="127" ordinal="12" offset="136" sl="129" sc="9" el="129" ec="10" bec="0" bev="0" fileid="1" />
              </SequencePoints>
              <BranchPoints>
                <BranchPoint vc="2" uspid="128" ordinal="0" offset="46" sl="123" path="0" offsetend="48" fileid="1" />
                <BranchPoint vc="7" uspid="129" ordinal="1" offset="46" sl="123" path="1" offsetend="52" fileid="1" />
              </BranchPoints>
              <MethodPoint xsi:type="SequencePoint" vc="28" uspid="115" ordinal="0" offset="0" sl="120" sc="9" el="120" ec="10" bec="0" bev="0" fileid="1" />
            </Method>
            <Method visited="true" cyclomaticComplexity="4" nPathComplexity="4" sequenceCoverage="100" branchCoverage="100" isConstructor="false" isStatic="false" isGetter="false" isSetter="false">
              <Summary numSequencePoints="13" visitedSequencePoints="13" numBranchPoints="5" visitedBranchPoints="5" sequenceCoverage="100" branchCoverage="100" maxCyclomaticComplexity="4" minCyclomaticComplexity="4" visitedClasses="0" numClasses="0" visitedMethods="1" numMethods="1" />
              <MetadataToken>100663307</MetadataToken>
              <Name>System.Boolean GameSystem.GameCenter::addUserToLeague(GameUtilities.UserProfile,GameUtilities.League)</Name>
              <FileRef uid="1" />
              <SequencePoints>
                <SequencePoint vc="14" uspid="132" ordinal="0" offset="0" sl="132" sc="9" el="132" ec="10" bec="0" bev="0" fileid="1" />
                <SequencePoint vc="14" uspid="133" ordinal="1" offset="1" sl="133" sc="13" el="133" ec="50" bec="2" bev="2" fileid="1" />
                <SequencePoint vc="2" uspid="134" ordinal="2" offset="22" sl="134" sc="17" el="134" ec="30" bec="0" bev="0" fileid="1" />
                <SequencePoint vc="12" uspid="135" ordinal="3" offset="26" sl="135" sc="13" el="135" ec="20" bec="0" bev="0" fileid="1" />
                <SequencePoint vc="12" uspid="136" ordinal="4" offset="27" sl="135" sc="35" el="135" ec="49" bec="0" bev="0" fileid="1" />
                <SequencePoint vc="18" uspid="137" ordinal="5" offset="46" sl="135" sc="21" el="135" ec="31" bec="0" bev="0" fileid="1" />
                <SequencePoint vc="18" uspid="138" ordinal="6" offset="54" sl="136" sc="13" el="136" ec="14" bec="0" bev="0" fileid="1" />
                <SequencePoint vc="18" uspid="139" ordinal="7" offset="55" sl="137" sc="17" el="137" ec="42" bec="2" bev="2" fileid="1" />
                <SequencePoint vc="1" uspid="140" ordinal="8" offset="69" sl="138" sc="21" el="138" ec="27" bec="0" bev="0" fileid="1" />
                <SequencePoint vc="17" uspid="141" ordinal="9" offset="71" sl="139" sc="13" el="139" ec="14" bec="0" bev="0" fileid="1" />
                <SequencePoint vc="29" uspid="142" ordinal="10" offset="72" sl="135" sc="32" el="135" ec="34" bec="0" bev="0" fileid="1" />
                <SequencePoint vc="12" uspid="143" ordinal="11" offset="101" sl="140" sc="13" el="140" ec="41" bec="0" bev="0" fileid="1" />
                <SequencePoint vc="14" uspid="144" ordinal="12" offset="111" sl="141" sc="9" el="141" ec="10" bec="0" bev="0" fileid="1" />
              </SequencePoints>
              <BranchPoints>
                <BranchPoint vc="2" uspid="145" ordinal="0" offset="20" sl="133" path="0" offsetend="22" fileid="1" />
                <BranchPoint vc="12" uspid="146" ordinal="1" offset="20" sl="133" path="1" offsetend="26" fileid="1" />
                <BranchPoint vc="1" uspid="147" ordinal="2" offset="67" sl="137" path="0" offsetchain="69" offsetend="83" fileid="1" />
                <BranchPoint vc="17" uspid="148" ordinal="3" offset="67" sl="137" path="1" offsetend="71" fileid="1" />
              </BranchPoints>
              <MethodPoint xsi:type="SequencePoint" vc="14" uspid="132" ordinal="0" offset="0" sl="132" sc="9" el="132" ec="10" bec="0" bev="0" fileid="1" />
            </Method>
            <Method visited="true" cyclomaticComplexity="1" nPathComplexity="0" sequenceCoverage="100" branchCoverage="100" isConstructor="false" isStatic="false" isGetter="false" isSetter="false">
              <Summary numSequencePoints="3" visitedSequencePoints="3" numBranchPoints="1" visitedBranchPoints="1" sequenceCoverage="100" branchCoverage="100" maxCyclomaticComplexity="1" minCyclomaticComplexity="1" visitedClasses="0" numClasses="0" visitedMethods="1" numMethods="1" />
              <MetadataToken>100663308</MetadataToken>
              <Name>System.Boolean GameSystem.GameCenter::removeUserFromLeague(GameUtilities.UserProfile,GameUtilities.League)</Name>
              <FileRef uid="1" />
              <SequencePoints>
                <SequencePoint vc="2" uspid="151" ordinal="0" offset="0" sl="143" sc="9" el="143" ec="10" bec="0" bev="0" fileid="1" />
                <SequencePoint vc="2" uspid="152" ordinal="1" offset="1" sl="144" sc="13" el="144" ec="44" bec="0" bev="0" fileid="1" />
                <SequencePoint vc="2" uspid="153" ordinal="2" offset="11" sl="145" sc="9" el="145" ec="10" bec="0" bev="0" fileid="1" />
              </SequencePoints>
              <BranchPoints />
              <MethodPoint xsi:type="SequencePoint" vc="2" uspid="151" ordinal="0" offset="0" sl="143" sc="9" el="143" ec="10" bec="0" bev="0" fileid="1" />
            </Method>
            <Method visited="true" cyclomaticComplexity="2" nPathComplexity="2" sequenceCoverage="100" branchCoverage="100" isConstructor="false" isStatic="false" isGetter="false" isSetter="false">
              <Summary numSequencePoints="6" visitedSequencePoints="6" numBranchPoints="3" visitedBranchPoints="3" sequenceCoverage="100" branchCoverage="100" maxCyclomaticComplexity="2" minCyclomaticComplexity="2" visitedClasses="0" numClasses="0" visitedMethods="1" numMethods="1" />
              <MetadataToken>100663309</MetadataToken>
              <Name>System.Boolean GameSystem.GameCenter::changeLeagueMinimumRank(GameUtilities.League,System.Int32)</Name>
              <FileRef uid="1" />
              <SequencePoints>
                <SequencePoint vc="3" uspid="154" ordinal="0" offset="0" sl="147" sc="9" el="147" ec="10" bec="0" bev="0" fileid="1" />
                <SequencePoint vc="3" uspid="155" ordinal="1" offset="1" sl="148" sc="13" el="148" ec="48" bec="2" bev="2" fileid="1" />
                <SequencePoint vc="1" uspid="156" ordinal="2" offset="25" sl="149" sc="17" el="149" ec="30" bec="0" bev="0" fileid="1" />
                <SequencePoint vc="2" uspid="157" ordinal="3" offset="29" sl="150" sc="13" el="150" ec="36" bec="0" bev="0" fileid="1" />
                <SequencePoint vc="2" uspid="158" ordinal="4" offset="37" sl="151" sc="13" el="151" ec="25" bec="0" bev="0" fileid="1" />
                <SequencePoint vc="3" uspid="159" ordinal="5" offset="41" sl="152" sc="9" el="152" ec="10" bec="0" bev="0" fileid="1" />
              </SequencePoints>
              <BranchPoints>
                <BranchPoint vc="1" uspid="160" ordinal="0" offset="23" sl="148" path="0" offsetend="25" fileid="1" />
                <BranchPoint vc="2" uspid="161" ordinal="1" offset="23" sl="148" path="1" offsetend="29" fileid="1" />
              </BranchPoints>
              <MethodPoint xsi:type="SequencePoint" vc="3" uspid="154" ordinal="0" offset="0" sl="147" sc="9" el="147" ec="10" bec="0" bev="0" fileid="1" />
            </Method>
            <Method visited="true" cyclomaticComplexity="3" nPathComplexity="2" sequenceCoverage="90.91" branchCoverage="100" isConstructor="false" isStatic="false" isGetter="false" isSetter="false">
              <Summary numSequencePoints="11" visitedSequencePoints="10" numBranchPoints="3" visitedBranchPoints="3" sequenceCoverage="90.91" branchCoverage="100" maxCyclomaticComplexity="3" minCyclomaticComplexity="3" visitedClasses="0" numClasses="0" visitedMethods="1" numMethods="1" />
              <MetadataToken>100663310</MetadataToken>
              <Name>GameUtilities.League GameSystem.GameCenter::getLeagueByUser(GameUtilities.UserProfile)</Name>
              <FileRef uid="1" />
              <SequencePoints>
                <SequencePoint vc="11" uspid="162" ordinal="0" offset="0" sl="154" sc="9" el="154" ec="10" bec="0" bev="0" fileid="1" />
                <SequencePoint vc="11" uspid="163" ordinal="1" offset="1" sl="155" sc="13" el="155" ec="20" bec="0" bev="0" fileid="1" />
                <SequencePoint vc="11" uspid="164" ordinal="2" offset="2" sl="155" sc="39" el="155" ec="53" bec="0" bev="0" fileid="1" />
                <SequencePoint vc="14" uspid="165" ordinal="3" offset="21" sl="155" sc="22" el="155" ec="35" bec="0" bev="0" fileid="1" />
                <SequencePoint vc="14" uspid="166" ordinal="4" offset="29" sl="156" sc="13" el="156" ec="14" bec="0" bev="0" fileid="1" />
                <SequencePoint vc="14" uspid="167" ordinal="5" offset="30" sl="157" sc="17" el="157" ec="41" bec="2" bev="2" fileid="1" />
                <SequencePoint vc="11" uspid="168" ordinal="6" offset="44" sl="158" sc="21" el="158" ec="35" bec="0" bev="0" fileid="1" />
                <SequencePoint vc="3" uspid="169" ordinal="7" offset="48" sl="159" sc="13" el="159" ec="14" bec="0" bev="0" fileid="1" />
                <SequencePoint vc="14" uspid="170" ordinal="8" offset="49" sl="155" sc="36" el="155" ec="38" bec="0" bev="0" fileid="1" />
                <SequencePoint vc="0" uspid="171" ordinal="9" offset="78" sl="160" sc="13" el="160" ec="25" bec="0" bev="0" fileid="1" />
                <SequencePoint vc="11" uspid="172" ordinal="10" offset="83" sl="161" sc="9" el="161" ec="10" bec="0" bev="0" fileid="1" />
              </SequencePoints>
              <BranchPoints>
                <BranchPoint vc="11" uspid="173" ordinal="0" offset="42" sl="157" path="0" offsetend="44" fileid="1" />
                <BranchPoint vc="3" uspid="174" ordinal="1" offset="42" sl="157" path="1" offsetend="48" fileid="1" />
              </BranchPoints>
              <MethodPoint xsi:type="SequencePoint" vc="11" uspid="162" ordinal="0" offset="0" sl="154" sc="9" el="154" ec="10" bec="0" bev="0" fileid="1" />
            </Method>
            <Method visited="true" cyclomaticComplexity="1" nPathComplexity="0" sequenceCoverage="57.14" branchCoverage="100" isConstructor="false" isStatic="false" isGetter="false" isSetter="false">
              <Summary numSequencePoints="7" visitedSequencePoints="4" numBranchPoints="1" visitedBranchPoints="1" sequenceCoverage="57.14" branchCoverage="100" maxCyclomaticComplexity="1" minCyclomaticComplexity="1" visitedClasses="0" numClasses="0" visitedMethods="1" numMethods="1" />
              <MetadataToken>100663311</MetadataToken>
              <Name>GameUtilities.League GameSystem.GameCenter::getLeagueByRank(System.Int32)</Name>
              <FileRef uid="1" />
              <SequencePoints>
                <SequencePoint vc="25" uspid="177" ordinal="0" offset="0" sl="163" sc="9" el="163" ec="10" bec="0" bev="0" fileid="1" />
                <SequencePoint vc="25" uspid="178" ordinal="1" offset="1" sl="164" sc="17" el="164" ec="18" bec="0" bev="0" fileid="1" />
                <SequencePoint vc="25" uspid="179" ordinal="2" offset="2" sl="165" sc="17" el="165" ec="38" bec="0" bev="0" fileid="1" />
                <SequencePoint vc="0" uspid="180" ordinal="3" offset="17" sl="167" sc="13" el="167" ec="18" bec="0" bev="0" fileid="1" />
                <SequencePoint vc="0" uspid="181" ordinal="4" offset="18" sl="168" sc="13" el="168" ec="14" bec="0" bev="0" fileid="1" />
                <SequencePoint vc="0" uspid="182" ordinal="5" offset="19" sl="169" sc="17" el="169" ec="83" bec="0" bev="0" fileid="1" />
                <SequencePoint vc="25" uspid="183" ordinal="6" offset="42" sl="171" sc="9" el="171" ec="10" bec="0" bev="0" fileid="1" />
              </SequencePoints>
              <BranchPoints />
              <MethodPoint xsi:type="SequencePoint" vc="25" uspid="177" ordinal="0" offset="0" sl="163" sc="9" el="163" ec="10" bec="0" bev="0" fileid="1" />
            </Method>
            <Method visited="true" cyclomaticComplexity="5" nPathComplexity="2" sequenceCoverage="100" branchCoverage="66.67" isConstructor="false" isStatic="false" isGetter="false" isSetter="false">
              <Summary numSequencePoints="10" visitedSequencePoints="10" numBranchPoints="3" visitedBranchPoints="2" sequenceCoverage="100" branchCoverage="66.67" maxCyclomaticComplexity="5" minCyclomaticComplexity="5" visitedClasses="0" numClasses="0" visitedMethods="1" numMethods="1" />
              <MetadataToken>100663312</MetadataToken>
              <Name>System.Void GameSystem.GameCenter::updateState()</Name>
              <FileRef uid="1" />
              <SequencePoints>
                <SequencePoint vc="44" uspid="184" ordinal="0" offset="0" sl="174" sc="9" el="174" ec="10" bec="0" bev="0" fileid="1" />
                <SequencePoint vc="44" uspid="185" ordinal="1" offset="1" sl="175" sc="13" el="175" ec="20" bec="0" bev="0" fileid="1" />
                <SequencePoint vc="44" uspid="186" ordinal="2" offset="2" sl="175" sc="42" el="175" ec="47" bec="0" bev="0" fileid="1" />
                <SequencePoint vc="1" uspid="187" ordinal="3" offset="16" sl="175" sc="22" el="175" ec="38" bec="0" bev="0" fileid="1" />
                <SequencePoint vc="1" uspid="188" ordinal="4" offset="23" sl="176" sc="13" el="176" ec="14" bec="0" bev="0" fileid="1" />
                <SequencePoint vc="1" uspid="189" ordinal="5" offset="24" sl="177" sc="17" el="177" ec="85" bec="2" bev="1" fileid="1" />
                <SequencePoint vc="1" uspid="190" ordinal="6" offset="62" sl="178" sc="21" el="178" ec="44" bec="0" bev="0" fileid="1" />
                <SequencePoint vc="1" uspid="191" ordinal="7" offset="69" sl="179" sc="13" el="179" ec="14" bec="0" bev="0" fileid="1" />
                <SequencePoint vc="45" uspid="192" ordinal="8" offset="70" sl="175" sc="39" el="175" ec="41" bec="0" bev="0" fileid="1" />
                <SequencePoint vc="44" uspid="193" ordinal="9" offset="99" sl="180" sc="9" el="180" ec="10" bec="0" bev="0" fileid="1" />
              </SequencePoints>
              <BranchPoints>
                <BranchPoint vc="1" uspid="196" ordinal="2" offset="60" sl="177" path="0" offsetend="62" fileid="1" />
                <BranchPoint vc="0" uspid="197" ordinal="3" offset="60" sl="177" path="1" offsetend="69" fileid="1" />
              </BranchPoints>
              <MethodPoint xsi:type="SequencePoint" vc="44" uspid="184" ordinal="0" offset="0" sl="174" sc="9" el="174" ec="10" bec="0" bev="0" fileid="1" />
            </Method>
            <Method visited="true" cyclomaticComplexity="7" nPathComplexity="4" sequenceCoverage="100" branchCoverage="80" isConstructor="false" isStatic="false" isGetter="false" isSetter="false">
              <Summary numSequencePoints="16" visitedSequencePoints="16" numBranchPoints="5" visitedBranchPoints="4" sequenceCoverage="100" branchCoverage="80" maxCyclomaticComplexity="7" minCyclomaticComplexity="7" visitedClasses="0" numClasses="0" visitedMethods="1" numMethods="1" />
              <MetadataToken>100663313</MetadataToken>
              <Name>System.Void GameSystem.GameCenter::updateLeagueToUser(GameUtilities.UserProfile)</Name>
              <FileRef uid="1" />
              <SequencePoints>
                <SequencePoint vc="5" uspid="200" ordinal="0" offset="0" sl="182" sc="9" el="182" ec="10" bec="0" bev="0" fileid="1" />
                <SequencePoint vc="5" uspid="201" ordinal="1" offset="1" sl="183" sc="13" el="183" ec="55" bec="0" bev="0" fileid="1" />
                <SequencePoint vc="5" uspid="202" ordinal="2" offset="9" sl="184" sc="13" el="184" ec="78" bec="2" bev="1" fileid="1" />
                <SequencePoint vc="5" uspid="203" ordinal="3" offset="47" sl="185" sc="17" el="185" ec="40" bec="0" bev="0" fileid="1" />
                <SequencePoint vc="5" uspid="204" ordinal="4" offset="54" sl="186" sc="13" el="186" ec="20" bec="0" bev="0" fileid="1" />
                <SequencePoint vc="5" uspid="205" ordinal="5" offset="55" sl="186" sc="39" el="186" ec="53" bec="0" bev="0" fileid="1" />
                <SequencePoint vc="10" uspid="206" ordinal="6" offset="74" sl="186" sc="22" el="186" ec="35" bec="0" bev="0" fileid="1" />
                <SequencePoint vc="10" uspid="207" ordinal="7" offset="82" sl="187" sc="13" el="187" ec="14" bec="0" bev="0" fileid="1" />
                <SequencePoint vc="10" uspid="208" ordinal="8" offset="83" sl="188" sc="17" el="189" ec="107" bec="2" bev="2" fileid="1" />
                <SequencePoint vc="3" uspid="209" ordinal="9" offset="140" sl="190" sc="17" el="190" ec="18" bec="0" bev="0" fileid="1" />
                <SequencePoint vc="3" uspid="210" ordinal="10" offset="141" sl="191" sc="21" el="191" ec="49" bec="0" bev="0" fileid="1" />
                <SequencePoint vc="3" uspid="211" ordinal="11" offset="149" sl="192" sc="21" el="192" ec="42" bec="0" bev="0" fileid="1" />
                <SequencePoint vc="3" uspid="212" ordinal="12" offset="157" sl="193" sc="21" el="193" ec="28" bec="0" bev="0" fileid="1" />
                <SequencePoint vc="7" uspid="213" ordinal="13" offset="159" sl="195" sc="13" el="195" ec="14" bec="0" bev="0" fileid="1" />
                <SequencePoint vc="12" uspid="214" ordinal="14" offset="160" sl="186" sc="36" el="186" ec="38" bec="0" bev="0" fileid="1" />
                <SequencePoint vc="5" uspid="215" ordinal="15" offset="190" sl="196" sc="9" el="196" ec="10" bec="0" bev="0" fileid="1" />
              </SequencePoints>
              <BranchPoints>
                <BranchPoint vc="5" uspid="218" ordinal="2" offset="45" sl="184" path="0" offsetend="47" fileid="1" />
                <BranchPoint vc="0" uspid="219" ordinal="3" offset="45" sl="184" path="1" offsetend="54" fileid="1" />
                <BranchPoint vc="3" uspid="224" ordinal="8" offset="138" sl="188" path="0" offsetend="140" fileid="1" />
                <BranchPoint vc="7" uspid="225" ordinal="9" offset="138" sl="188" path="1" offsetend="159" fileid="1" />
              </BranchPoints>
              <MethodPoint xsi:type="SequencePoint" vc="5" uspid="200" ordinal="0" offset="0" sl="182" sc="9" el="182" ec="10" bec="0" bev="0" fileid="1" />
            </Method>
            <Method visited="true" cyclomaticComplexity="1" nPathComplexity="0" sequenceCoverage="100" branchCoverage="100" isConstructor="false" isStatic="false" isGetter="false" isSetter="false">
              <Summary numSequencePoints="3" visitedSequencePoints="3" numBranchPoints="1" visitedBranchPoints="1" sequenceCoverage="100" branchCoverage="100" maxCyclomaticComplexity="1" minCyclomaticComplexity="1" visitedClasses="0" numClasses="0" visitedMethods="1" numMethods="1" />
              <MetadataToken>100663314</MetadataToken>
              <Name>GameUtilities.UserProfile GameSystem.GameCenter::getHighestRankUser()</Name>
              <FileRef uid="1" />
              <SequencePoints>
                <SequencePoint vc="2" uspid="228" ordinal="0" offset="0" sl="198" sc="9" el="198" ec="10" bec="0" bev="0" fileid="1" />
                <SequencePoint vc="2" uspid="229" ordinal="1" offset="1" sl="199" sc="13" el="199" ec="36" bec="0" bev="0" fileid="1" />
                <SequencePoint vc="2" uspid="230" ordinal="2" offset="10" sl="200" sc="9" el="200" ec="10" bec="0" bev="0" fileid="1" />
              </SequencePoints>
              <BranchPoints />
              <MethodPoint xsi:type="SequencePoint" vc="2" uspid="228" ordinal="0" offset="0" sl="198" sc="9" el="198" ec="10" bec="0" bev="0" fileid="1" />
            </Method>
            <Method visited="true" cyclomaticComplexity="1" nPathComplexity="0" sequenceCoverage="100" branchCoverage="100" isConstructor="false" isStatic="false" isGetter="false" isSetter="false">
              <Summary numSequencePoints="4" visitedSequencePoints="4" numBranchPoints="1" visitedBranchPoints="1" sequenceCoverage="100" branchCoverage="100" maxCyclomaticComplexity="1" minCyclomaticComplexity="1" visitedClasses="0" numClasses="0" visitedMethods="1" numMethods="1" />
              <MetadataToken>100663315</MetadataToken>
              <Name>System.Void GameSystem.GameCenter::setUsers(System.Collections.Generic.ICollection`1&lt;GameUtilities.UserProfile&gt;)</Name>
              <FileRef uid="1" />
              <SequencePoints>
                <SequencePoint vc="43" uspid="231" ordinal="0" offset="0" sl="203" sc="9" el="203" ec="10" bec="0" bev="0" fileid="1" />
                <SequencePoint vc="43" uspid="232" ordinal="1" offset="1" sl="204" sc="13" el="204" ec="32" bec="0" bev="0" fileid="1" />
                <SequencePoint vc="43" uspid="233" ordinal="2" offset="8" sl="205" sc="13" el="205" ec="27" bec="0" bev="0" fileid="1" />
                <SequencePoint vc="43" uspid="234" ordinal="3" offset="15" sl="206" sc="9" el="206" ec="10" bec="0" bev="0" fileid="1" />
              </SequencePoints>
              <BranchPoints />
              <MethodPoint xsi:type="SequencePoint" vc="43" uspid="231" ordinal="0" offset="0" sl="203" sc="9" el="203" ec="10" bec="0" bev="0" fileid="1" />
            </Method>
            <Method visited="true" cyclomaticComplexity="1" nPathComplexity="0" sequenceCoverage="100" branchCoverage="100" isConstructor="false" isStatic="false" isGetter="false" isSetter="false">
              <Summary numSequencePoints="3" visitedSequencePoints="3" numBranchPoints="1" visitedBranchPoints="1" sequenceCoverage="100" branchCoverage="100" maxCyclomaticComplexity="1" minCyclomaticComplexity="1" visitedClasses="0" numClasses="0" visitedMethods="1" numMethods="1" />
              <MetadataToken>100663316</MetadataToken>
              <Name>System.Collections.Generic.Dictionary`2&lt;System.Int32,GameUtilities.League&gt; GameSystem.GameCenter::getLeagues()</Name>
              <FileRef uid="1" />
              <SequencePoints>
                <SequencePoint vc="6" uspid="235" ordinal="0" offset="0" sl="210" sc="9" el="210" ec="10" bec="0" bev="0" fileid="1" />
                <SequencePoint vc="6" uspid="236" ordinal="1" offset="1" sl="211" sc="13" el="211" ec="28" bec="0" bev="0" fileid="1" />
                <SequencePoint vc="6" uspid="237" ordinal="2" offset="10" sl="212" sc="9" el="212" ec="10" bec="0" bev="0" fileid="1" />
              </SequencePoints>
              <BranchPoints />
              <MethodPoint xsi:type="SequencePoint" vc="6" uspid="235" ordinal="0" offset="0" sl="210" sc="9" el="210" ec="10" bec="0" bev="0" fileid="1" />
            </Method>
            <Method visited="true" cyclomaticComplexity="1" nPathComplexity="0" sequenceCoverage="100" branchCoverage="100" isConstructor="true" isStatic="false" isGetter="false" isSetter="false">
              <Summary numSequencePoints="3" visitedSequencePoints="3" numBranchPoints="1" visitedBranchPoints="1" sequenceCoverage="100" branchCoverage="100" maxCyclomaticComplexity="1" minCyclomaticComplexity="1" visitedClasses="0" numClasses="0" visitedMethods="1" numMethods="1" />
              <MetadataToken>100663317</MetadataToken>
              <Name>System.Void GameSystem.GameCenter::.ctor()</Name>
              <FileRef uid="1" />
              <SequencePoints>
                <SequencePoint vc="77" uspid="238" ordinal="0" offset="0" sl="12" sc="9" el="12" ec="45" bec="0" bev="0" fileid="1" />
                <SequencePoint vc="77" uspid="239" ordinal="1" offset="11" sl="14" sc="9" el="14" ec="73" bec="0" bev="0" fileid="1" />
                <SequencePoint vc="77" uspid="240" ordinal="2" offset="22" sl="16" sc="9" el="16" ec="50" bec="0" bev="0" fileid="1" />
              </SequencePoints>
              <BranchPoints />
              <MethodPoint xsi:type="SequencePoint" vc="77" uspid="238" ordinal="0" offset="0" sl="12" sc="9" el="12" ec="45" bec="0" bev="0" fileid="1" />
            </Method>
            <Method visited="true" cyclomaticComplexity="1" nPathComplexity="0" sequenceCoverage="100" branchCoverage="100" isConstructor="false" isStatic="true" isGetter="false" isSetter="false">
              <Summary numSequencePoints="1" visitedSequencePoints="1" numBranchPoints="1" visitedBranchPoints="1" sequenceCoverage="100" branchCoverage="100" maxCyclomaticComplexity="1" minCyclomaticComplexity="1" visitedClasses="0" numClasses="0" visitedMethods="1" numMethods="1" />
              <MetadataToken>100663318</MetadataToken>
              <Name>System.Boolean GameSystem.GameCenter::&lt;getAllSpectatingGames&gt;b__0(Gaming.Game)</Name>
              <FileRef uid="1" />
              <SequencePoints>
                <SequencePoint vc="8" uspid="241" ordinal="0" offset="0" sl="30" sc="40" el="30" ec="70" bec="0" bev="0" fileid="1" />
              </SequencePoints>
              <BranchPoints />
              <MethodPoint xsi:type="SequencePoint" vc="8" uspid="241" ordinal="0" offset="0" sl="30" sc="40" el="30" ec="70" bec="0" bev="0" fileid="1" />
            </Method>
            <Method visited="true" cyclomaticComplexity="1" nPathComplexity="0" sequenceCoverage="100" branchCoverage="100" isConstructor="false" isStatic="true" isGetter="false" isSetter="false">
              <Summary numSequencePoints="1" visitedSequencePoints="1" numBranchPoints="1" visitedBranchPoints="1" sequenceCoverage="100" branchCoverage="100" maxCyclomaticComplexity="1" minCyclomaticComplexity="1" visitedClasses="0" numClasses="0" visitedMethods="1" numMethods="1" />
              <MetadataToken>100663319</MetadataToken>
              <Name>System.Boolean GameSystem.GameCenter::&lt;getAllActiveGamesByPlayerName&gt;b__2(Gaming.Game)</Name>
              <FileRef uid="1" />
              <SequencePoints>
                <SequencePoint vc="4" uspid="242" ordinal="0" offset="0" sl="36" sc="55" el="36" ec="102" bec="0" bev="0" fileid="1" />
              </SequencePoints>
              <BranchPoints />
              <MethodPoint xsi:type="SequencePoint" vc="4" uspid="242" ordinal="0" offset="0" sl="36" sc="55" el="36" ec="102" bec="0" bev="0" fileid="1" />
            </Method>
            <Method visited="false" cyclomaticComplexity="1" nPathComplexity="0" sequenceCoverage="0" branchCoverage="0" isConstructor="false" isStatic="true" isGetter="false" isSetter="false">
              <Summary numSequencePoints="1" visitedSequencePoints="0" numBranchPoints="1" visitedBranchPoints="0" sequenceCoverage="0" branchCoverage="0" maxCyclomaticComplexity="1" minCyclomaticComplexity="1" visitedClasses="0" numClasses="0" visitedMethods="0" numMethods="1" />
              <MetadataToken>100663320</MetadataToken>
              <Name>System.Boolean GameSystem.GameCenter::&lt;getAllReplayesOfInActiveGames&gt;b__f(Gaming.Game)</Name>
              <FileRef uid="1" />
              <SequencePoints>
                <SequencePoint vc="0" uspid="243" ordinal="0" offset="0" sl="113" sc="33" el="113" ec="81" bec="0" bev="0" fileid="1" />
              </SequencePoints>
              <BranchPoints />
              <MethodPoint xsi:type="SequencePoint" vc="0" uspid="243" ordinal="0" offset="0" sl="113" sc="33" el="113" ec="81" bec="0" bev="0" fileid="1" />
            </Method>
          </Methods>
        </Class>
        <Class>
          <Summary numSequencePoints="1" visitedSequencePoints="1" numBranchPoints="1" visitedBranchPoints="1" sequenceCoverage="100" branchCoverage="100" maxCyclomaticComplexity="1" minCyclomaticComplexity="1" visitedClasses="1" numClasses="1" visitedMethods="1" numMethods="1" />
          <FullName>GameSystem.GameCenter/&lt;&gt;c__DisplayClass6</FullName>
          <Methods>
            <Method visited="true" cyclomaticComplexity="1" nPathComplexity="0" sequenceCoverage="0" branchCoverage="0" isConstructor="true" isStatic="false" isGetter="false" isSetter="false">
              <Summary numSequencePoints="0" visitedSequencePoints="0" numBranchPoints="0" visitedBranchPoints="0" sequenceCoverage="0" branchCoverage="0" maxCyclomaticComplexity="1" minCyclomaticComplexity="1" visitedClasses="0" numClasses="0" visitedMethods="0" numMethods="0" />
              <MetadataToken>100663343</MetadataToken>
              <Name>System.Void GameSystem.GameCenter/&lt;&gt;c__DisplayClass6::.ctor()</Name>
              <SequencePoints />
              <BranchPoints />
              <MethodPoint vc="2" uspid="244" ordinal="0" offset="0" />
            </Method>
            <Method visited="true" cyclomaticComplexity="1" nPathComplexity="0" sequenceCoverage="100" branchCoverage="100" isConstructor="false" isStatic="false" isGetter="false" isSetter="false">
              <Summary numSequencePoints="1" visitedSequencePoints="1" numBranchPoints="1" visitedBranchPoints="1" sequenceCoverage="100" branchCoverage="100" maxCyclomaticComplexity="1" minCyclomaticComplexity="1" visitedClasses="0" numClasses="0" visitedMethods="1" numMethods="1" />
              <MetadataToken>100663344</MetadataToken>
              <Name>System.Boolean GameSystem.GameCenter/&lt;&gt;c__DisplayClass6::&lt;getAllActiveGamesByPlayerName&gt;b__3(GameUtilities.UserProfile)</Name>
              <FileRef uid="1" />
              <SequencePoints>
                <SequencePoint vc="3" uspid="245" ordinal="0" offset="0" sl="39" sc="40" el="39" ec="84" bec="0" bev="0" fileid="1" />
              </SequencePoints>
              <BranchPoints />
              <MethodPoint xsi:type="SequencePoint" vc="3" uspid="245" ordinal="0" offset="0" sl="39" sc="40" el="39" ec="84" bec="0" bev="0" fileid="1" />
            </Method>
          </Methods>
        </Class>
        <Class>
          <Summary numSequencePoints="1" visitedSequencePoints="0" numBranchPoints="1" visitedBranchPoints="0" sequenceCoverage="0" branchCoverage="0" maxCyclomaticComplexity="1" minCyclomaticComplexity="1" visitedClasses="0" numClasses="1" visitedMethods="0" numMethods="1" />
          <FullName>GameSystem.GameCenter/&lt;&gt;c__DisplayClass9</FullName>
          <Methods>
            <Method visited="false" cyclomaticComplexity="1" nPathComplexity="0" sequenceCoverage="0" branchCoverage="0" isConstructor="true" isStatic="false" isGetter="false" isSetter="false">
              <Summary numSequencePoints="0" visitedSequencePoints="0" numBranchPoints="0" visitedBranchPoints="0" sequenceCoverage="0" branchCoverage="0" maxCyclomaticComplexity="1" minCyclomaticComplexity="1" visitedClasses="0" numClasses="0" visitedMethods="0" numMethods="0" />
              <MetadataToken>100663345</MetadataToken>
              <Name>System.Void GameSystem.GameCenter/&lt;&gt;c__DisplayClass9::.ctor()</Name>
              <SequencePoints />
              <BranchPoints />
              <MethodPoint vc="0" uspid="246" ordinal="0" offset="0" />
            </Method>
            <Method visited="false" cyclomaticComplexity="1" nPathComplexity="0" sequenceCoverage="0" branchCoverage="0" isConstructor="false" isStatic="false" isGetter="false" isSetter="false">
              <Summary numSequencePoints="1" visitedSequencePoints="0" numBranchPoints="1" visitedBranchPoints="0" sequenceCoverage="0" branchCoverage="0" maxCyclomaticComplexity="1" minCyclomaticComplexity="1" visitedClasses="0" numClasses="0" visitedMethods="0" numMethods="1" />
              <MetadataToken>100663346</MetadataToken>
              <Name>System.Boolean GameSystem.GameCenter/&lt;&gt;c__DisplayClass9::&lt;getAllActiveGamesByPotSize&gt;b__8(Gaming.Game)</Name>
              <FileRef uid="1" />
              <SequencePoints>
                <SequencePoint vc="0" uspid="247" ordinal="0" offset="0" sl="48" sc="40" el="48" ec="76" bec="0" bev="0" fileid="1" />
              </SequencePoints>
              <BranchPoints />
              <MethodPoint xsi:type="SequencePoint" vc="0" uspid="247" ordinal="0" offset="0" sl="48" sc="40" el="48" ec="76" bec="0" bev="0" fileid="1" />
            </Method>
          </Methods>
        </Class>
        <Class>
          <Summary numSequencePoints="1" visitedSequencePoints="1" numBranchPoints="1" visitedBranchPoints="1" sequenceCoverage="100" branchCoverage="100" maxCyclomaticComplexity="1" minCyclomaticComplexity="1" visitedClasses="1" numClasses="1" visitedMethods="1" numMethods="1" />
          <FullName>GameSystem.GameCenter/&lt;&gt;c__DisplayClassc</FullName>
          <Methods>
            <Method visited="true" cyclomaticComplexity="1" nPathComplexity="0" sequenceCoverage="0" branchCoverage="0" isConstructor="true" isStatic="false" isGetter="false" isSetter="false">
              <Summary numSequencePoints="0" visitedSequencePoints="0" numBranchPoints="0" visitedBranchPoints="0" sequenceCoverage="0" branchCoverage="0" maxCyclomaticComplexity="1" minCyclomaticComplexity="1" visitedClasses="0" numClasses="0" visitedMethods="0" numMethods="0" />
              <MetadataToken>100663347</MetadataToken>
              <Name>System.Void GameSystem.GameCenter/&lt;&gt;c__DisplayClassc::.ctor()</Name>
              <SequencePoints />
              <BranchPoints />
              <MethodPoint vc="6" uspid="248" ordinal="0" offset="0" />
            </Method>
            <Method visited="true" cyclomaticComplexity="1" nPathComplexity="0" sequenceCoverage="100" branchCoverage="100" isConstructor="false" isStatic="false" isGetter="false" isSetter="false">
              <Summary numSequencePoints="1" visitedSequencePoints="1" numBranchPoints="1" visitedBranchPoints="1" sequenceCoverage="100" branchCoverage="100" maxCyclomaticComplexity="1" minCyclomaticComplexity="1" visitedClasses="0" numClasses="0" visitedMethods="1" numMethods="1" />
              <MetadataToken>100663348</MetadataToken>
              <Name>System.Boolean GameSystem.GameCenter/&lt;&gt;c__DisplayClassc::&lt;getAllActiveGamesByGamePreference&gt;b__b(Gaming.Game)</Name>
              <FileRef uid="1" />
              <SequencePoints>
                <SequencePoint vc="12" uspid="249" ordinal="0" offset="0" sl="53" sc="40" el="53" ec="90" bec="0" bev="0" fileid="1" />
              </SequencePoints>
              <BranchPoints />
              <MethodPoint xsi:type="SequencePoint" vc="12" uspid="249" ordinal="0" offset="0" sl="53" sc="40" el="53" ec="90" bec="0" bev="0" fileid="1" />
            </Method>
          </Methods>
        </Class>
        <Class>
          <Summary numSequencePoints="1" visitedSequencePoints="0" numBranchPoints="1" visitedBranchPoints="0" sequenceCoverage="0" branchCoverage="0" maxCyclomaticComplexity="1" minCyclomaticComplexity="1" visitedClasses="0" numClasses="1" visitedMethods="0" numMethods="1" />
          <FullName>GameSystem.GameCenter/&lt;&gt;c__DisplayClass11</FullName>
          <Methods>
            <Method visited="false" cyclomaticComplexity="1" nPathComplexity="0" sequenceCoverage="0" branchCoverage="0" isConstructor="true" isStatic="false" isGetter="false" isSetter="false">
              <Summary numSequencePoints="0" visitedSequencePoints="0" numBranchPoints="0" visitedBranchPoints="0" sequenceCoverage="0" branchCoverage="0" maxCyclomaticComplexity="1" minCyclomaticComplexity="1" visitedClasses="0" numClasses="0" visitedMethods="0" numMethods="0" />
              <MetadataToken>100663349</MetadataToken>
              <Name>System.Void GameSystem.GameCenter/&lt;&gt;c__DisplayClass11::.ctor()</Name>
              <SequencePoints />
              <BranchPoints />
              <MethodPoint vc="0" uspid="250" ordinal="0" offset="0" />
            </Method>
            <Method visited="false" cyclomaticComplexity="1" nPathComplexity="0" sequenceCoverage="0" branchCoverage="0" isConstructor="false" isStatic="false" isGetter="false" isSetter="false">
              <Summary numSequencePoints="1" visitedSequencePoints="0" numBranchPoints="1" visitedBranchPoints="0" sequenceCoverage="0" branchCoverage="0" maxCyclomaticComplexity="1" minCyclomaticComplexity="1" visitedClasses="0" numClasses="0" visitedMethods="0" numMethods="1" />
              <MetadataToken>100663350</MetadataToken>
              <Name>System.Void GameSystem.GameCenter/&lt;&gt;c__DisplayClass11::&lt;getAllReplayesOfInActiveGames&gt;b__e(Gaming.Game)</Name>
              <FileRef uid="1" />
              <SequencePoints>
                <SequencePoint vc="0" uspid="251" ordinal="0" offset="0" sl="113" sc="108" el="113" ec="142" bec="0" bev="0" fileid="1" />
              </SequencePoints>
              <BranchPoints />
              <MethodPoint xsi:type="SequencePoint" vc="0" uspid="251" ordinal="0" offset="0" sl="113" sc="108" el="113" ec="142" bec="0" bev="0" fileid="1" />
            </Method>
          </Methods>
        </Class>
        <Class>
          <Summary numSequencePoints="39" visitedSequencePoints="0" numBranchPoints="1" visitedBranchPoints="0" sequenceCoverage="0" branchCoverage="0" maxCyclomaticComplexity="1" minCyclomaticComplexity="1" visitedClasses="0" numClasses="1" visitedMethods="0" numMethods="1" />
          <FullName>GameSystem.Program</FullName>
          <Methods>
            <Method visited="false" cyclomaticComplexity="1" nPathComplexity="0" sequenceCoverage="0" branchCoverage="0" isConstructor="false" isStatic="true" isGetter="false" isSetter="false">
              <Summary numSequencePoints="39" visitedSequencePoints="0" numBranchPoints="1" visitedBranchPoints="0" sequenceCoverage="0" branchCoverage="0" maxCyclomaticComplexity="1" minCyclomaticComplexity="1" visitedClasses="0" numClasses="0" visitedMethods="0" numMethods="1" />
              <MetadataToken>100663321</MetadataToken>
              <Name>System.Void GameSystem.Program::Main(System.String[])</Name>
              <FileRef uid="6" />
              <SequencePoints>
                <SequencePoint vc="0" uspid="252" ordinal="0" offset="0" sl="15" sc="9" el="15" ec="10" bec="0" bev="0" fileid="6" />
                <SequencePoint vc="0" uspid="253" ordinal="1" offset="1" sl="16" sc="13" el="16" ec="54" bec="0" bev="0" fileid="6" />
                <SequencePoint vc="0" uspid="254" ordinal="2" offset="12" sl="17" sc="13" el="17" ec="47" bec="0" bev="0" fileid="6" />
                <SequencePoint vc="0" uspid="255" ordinal="3" offset="19" sl="19" sc="13" el="19" ec="61" bec="0" bev="0" fileid="6" />
                <SequencePoint vc="0" uspid="256" ordinal="4" offset="35" sl="20" sc="13" el="20" ec="63" bec="0" bev="0" fileid="6" />
                <SequencePoint vc="0" uspid="257" ordinal="5" offset="51" sl="21" sc="13" el="21" ec="63" bec="0" bev="0" fileid="6" />
                <SequencePoint vc="0" uspid="258" ordinal="6" offset="68" sl="22" sc="13" el="22" ec="63" bec="0" bev="0" fileid="6" />
                <SequencePoint vc="0" uspid="259" ordinal="7" offset="85" sl="23" sc="13" el="23" ec="61" bec="0" bev="0" fileid="6" />
                <SequencePoint vc="0" uspid="260" ordinal="8" offset="102" sl="27" sc="13" el="27" ec="67" bec="0" bev="0" fileid="6" />
                <SequencePoint vc="0" uspid="261" ordinal="9" offset="116" sl="28" sc="13" el="28" ec="66" bec="0" bev="0" fileid="6" />
                <SequencePoint vc="0" uspid="262" ordinal="10" offset="130" sl="29" sc="13" el="29" ec="66" bec="0" bev="0" fileid="6" />
                <SequencePoint vc="0" uspid="263" ordinal="11" offset="145" sl="30" sc="13" el="30" ec="67" bec="0" bev="0" fileid="6" />
                <SequencePoint vc="0" uspid="264" ordinal="12" offset="160" sl="31" sc="13" el="31" ec="67" bec="0" bev="0" fileid="6" />
                <SequencePoint vc="0" uspid="265" ordinal="13" offset="175" sl="33" sc="13" el="33" ec="36" bec="0" bev="0" fileid="6" />
                <SequencePoint vc="0" uspid="266" ordinal="14" offset="184" sl="34" sc="13" el="34" ec="34" bec="0" bev="0" fileid="6" />
                <SequencePoint vc="0" uspid="267" ordinal="15" offset="193" sl="35" sc="13" el="35" ec="34" bec="0" bev="0" fileid="6" />
                <SequencePoint vc="0" uspid="268" ordinal="16" offset="202" sl="36" sc="13" el="36" ec="34" bec="0" bev="0" fileid="6" />
                <SequencePoint vc="0" uspid="269" ordinal="17" offset="211" sl="37" sc="13" el="37" ec="35" bec="0" bev="0" fileid="6" />
                <SequencePoint vc="0" uspid="270" ordinal="18" offset="220" sl="39" sc="13" el="39" ec="86" bec="0" bev="0" fileid="6" />
                <SequencePoint vc="0" uspid="271" ordinal="19" offset="270" sl="40" sc="13" el="40" ec="108" bec="0" bev="0" fileid="6" />
                <SequencePoint vc="0" uspid="272" ordinal="20" offset="356" sl="41" sc="13" el="41" ec="94" bec="0" bev="0" fileid="6" />
                <SequencePoint vc="0" uspid="273" ordinal="21" offset="415" sl="42" sc="13" el="42" ec="94" bec="0" bev="0" fileid="6" />
                <SequencePoint vc="0" uspid="274" ordinal="22" offset="474" sl="43" sc="13" el="43" ec="95" bec="0" bev="0" fileid="6" />
                <SequencePoint vc="0" uspid="275" ordinal="23" offset="533" sl="46" sc="13" el="46" ec="65" bec="0" bev="0" fileid="6" />
                <SequencePoint vc="0" uspid="276" ordinal="24" offset="547" sl="47" sc="13" el="47" ec="55" bec="0" bev="0" fileid="6" />
                <SequencePoint vc="0" uspid="277" ordinal="25" offset="556" sl="48" sc="13" el="48" ec="33" bec="0" bev="0" fileid="6" />
                <SequencePoint vc="0" uspid="278" ordinal="26" offset="564" sl="49" sc="13" el="49" ec="48" bec="0" bev="0" fileid="6" />
                <SequencePoint vc="0" uspid="279" ordinal="27" offset="577" sl="50" sc="13" el="50" ec="48" bec="0" bev="0" fileid="6" />
                <SequencePoint vc="0" uspid="280" ordinal="28" offset="590" sl="52" sc="13" el="52" ec="63" bec="0" bev="0" fileid="6" />
                <SequencePoint vc="0" uspid="281" ordinal="29" offset="608" sl="53" sc="13" el="53" ec="32" bec="0" bev="0" fileid="6" />
                <SequencePoint vc="0" uspid="282" ordinal="30" offset="616" sl="55" sc="13" el="55" ec="31" bec="0" bev="0" fileid="6" />
                <SequencePoint vc="0" uspid="283" ordinal="31" offset="627" sl="57" sc="13" el="57" ec="96" bec="0" bev="0" fileid="6" />
                <SequencePoint vc="0" uspid="284" ordinal="32" offset="686" sl="58" sc="13" el="58" ec="84" bec="0" bev="0" fileid="6" />
                <SequencePoint vc="0" uspid="285" ordinal="33" offset="736" sl="59" sc="13" el="59" ec="108" bec="0" bev="0" fileid="6" />
                <SequencePoint vc="0" uspid="286" ordinal="34" offset="822" sl="60" sc="13" el="60" ec="94" bec="0" bev="0" fileid="6" />
                <SequencePoint vc="0" uspid="287" ordinal="35" offset="881" sl="61" sc="13" el="61" ec="95" bec="0" bev="0" fileid="6" />
                <SequencePoint vc="0" uspid="288" ordinal="36" offset="940" sl="63" sc="13" el="63" ec="27" bec="0" bev="0" fileid="6" />
                <SequencePoint vc="0" uspid="289" ordinal="37" offset="947" sl="64" sc="13" el="64" ec="31" bec="0" bev="0" fileid="6" />
                <SequencePoint vc="0" uspid="290" ordinal="38" offset="958" sl="66" sc="9" el="66" ec="10" bec="0" bev="0" fileid="6" />
              </SequencePoints>
              <BranchPoints />
              <MethodPoint xsi:type="SequencePoint" vc="0" uspid="252" ordinal="0" offset="0" sl="15" sc="9" el="15" ec="10" bec="0" bev="0" fileid="6" />
            </Method>
            <Method visited="false" cyclomaticComplexity="1" nPathComplexity="0" sequenceCoverage="0" branchCoverage="0" isConstructor="true" isStatic="false" isGetter="false" isSetter="false">
              <Summary numSequencePoints="0" visitedSequencePoints="0" numBranchPoints="0" visitedBranchPoints="0" sequenceCoverage="0" branchCoverage="0" maxCyclomaticComplexity="1" minCyclomaticComplexity="1" visitedClasses="0" numClasses="0" visitedMethods="0" numMethods="0" />
              <MetadataToken>100663322</MetadataToken>
              <Name>System.Void GameSystem.Program::.ctor()</Name>
              <SequencePoints />
              <BranchPoints />
              <MethodPoint vc="0" uspid="291" ordinal="0" offset="0" />
            </Method>
          </Methods>
        </Class>
        <Class>
          <Summary numSequencePoints="68" visitedSequencePoints="53" numBranchPoints="27" visitedBranchPoints="19" sequenceCoverage="77.94" branchCoverage="70.37" maxCyclomaticComplexity="2" minCyclomaticComplexity="1" visitedClasses="1" numClasses="1" visitedMethods="8" numMethods="11" />
          <FullName>GameSystem.TexasHoldemSystem</FullName>
          <Methods>
            <Method visited="true" cyclomaticComplexity="2" nPathComplexity="0" sequenceCoverage="0" branchCoverage="0" isConstructor="false" isStatic="true" isGetter="false" isSetter="false">
              <Summary numSequencePoints="0" visitedSequencePoints="0" numBranchPoints="0" visitedBranchPoints="0" sequenceCoverage="0" branchCoverage="0" maxCyclomaticComplexity="2" minCyclomaticComplexity="2" visitedClasses="0" numClasses="0" visitedMethods="0" numMethods="0" />
              <MetadataToken>100663323</MetadataToken>
              <Name>System.Void GameSystem.TexasHoldemSystem::add_evt(GameSystem.TexasHoldemSystem/Notify)</Name>
              <SequencePoints />
              <BranchPoints />
              <MethodPoint vc="57" uspid="292" ordinal="0" offset="0" />
            </Method>
            <Method visited="false" cyclomaticComplexity="2" nPathComplexity="0" sequenceCoverage="0" branchCoverage="0" isConstructor="false" isStatic="true" isGetter="false" isSetter="false">
              <Summary numSequencePoints="0" visitedSequencePoints="0" numBranchPoints="0" visitedBranchPoints="0" sequenceCoverage="0" branchCoverage="0" maxCyclomaticComplexity="2" minCyclomaticComplexity="2" visitedClasses="0" numClasses="0" visitedMethods="0" numMethods="0" />
              <MetadataToken>100663324</MetadataToken>
              <Name>System.Void GameSystem.TexasHoldemSystem::remove_evt(GameSystem.TexasHoldemSystem/Notify)</Name>
              <SequencePoints />
              <BranchPoints />
              <MethodPoint vc="0" uspid="293" ordinal="0" offset="0" />
            </Method>
            <Method visited="true" cyclomaticComplexity="1" nPathComplexity="0" sequenceCoverage="100" branchCoverage="100" isConstructor="true" isStatic="false" isGetter="false" isSetter="false">
              <Summary numSequencePoints="7" visitedSequencePoints="7" numBranchPoints="1" visitedBranchPoints="1" sequenceCoverage="100" branchCoverage="100" maxCyclomaticComplexity="1" minCyclomaticComplexity="1" visitedClasses="0" numClasses="0" visitedMethods="1" numMethods="1" />
              <MetadataToken>100663325</MetadataToken>
              <Name>System.Void GameSystem.TexasHoldemSystem::.ctor()</Name>
              <FileRef uid="7" />
              <SequencePoints>
                <SequencePoint vc="42" uspid="294" ordinal="0" offset="0" sl="32" sc="9" el="32" ec="36" bec="0" bev="0" fileid="7" />
                <SequencePoint vc="42" uspid="295" ordinal="1" offset="7" sl="33" sc="9" el="33" ec="10" bec="0" bev="0" fileid="7" />
                <SequencePoint vc="42" uspid="296" ordinal="2" offset="8" sl="34" sc="13" el="34" ec="65" bec="0" bev="0" fileid="7" />
                <SequencePoint vc="42" uspid="297" ordinal="3" offset="19" sl="35" sc="13" el="35" ec="59" bec="0" bev="0" fileid="7" />
                <SequencePoint vc="42" uspid="298" ordinal="4" offset="30" sl="36" sc="13" el="36" ec="35" bec="0" bev="0" fileid="7" />
                <SequencePoint vc="42" uspid="299" ordinal="5" offset="41" sl="37" sc="13" el="37" ec="39" bec="0" bev="0" fileid="7" />
                <SequencePoint vc="42" uspid="300" ordinal="6" offset="64" sl="38" sc="9" el="38" ec="10" bec="0" bev="0" fileid="7" />
              </SequencePoints>
              <BranchPoints />
              <MethodPoint xsi:type="SequencePoint" vc="42" uspid="294" ordinal="0" offset="0" sl="32" sc="9" el="32" ec="36" bec="0" bev="0" fileid="7" />
            </Method>
            <Method visited="true" cyclomaticComplexity="2" nPathComplexity="2" sequenceCoverage="100" branchCoverage="100" isConstructor="false" isStatic="false" isGetter="false" isSetter="false">
              <Summary numSequencePoints="13" visitedSequencePoints="13" numBranchPoints="3" visitedBranchPoints="3" sequenceCoverage="100" branchCoverage="100" maxCyclomaticComplexity="2" minCyclomaticComplexity="2" visitedClasses="0" numClasses="0" visitedMethods="1" numMethods="1" />
              <MetadataToken>100663326</MetadataToken>
              <Name>System.Boolean GameSystem.TexasHoldemSystem::login(System.String,System.String)</Name>
              <FileRef uid="7" />
              <SequencePoints>
                <SequencePoint vc="52" uspid="301" ordinal="0" offset="0" sl="41" sc="9" el="41" ec="10" bec="0" bev="0" fileid="7" />
                <SequencePoint vc="52" uspid="302" ordinal="1" offset="1" sl="42" sc="13" el="42" ec="52" bec="2" bev="2" fileid="7" />
                <SequencePoint vc="50" uspid="303" ordinal="2" offset="17" sl="43" sc="13" el="43" ec="14" bec="0" bev="0" fileid="7" />
                <SequencePoint vc="50" uspid="304" ordinal="3" offset="18" sl="45" sc="17" el="45" ec="18" bec="0" bev="0" fileid="7" />
                <SequencePoint vc="50" uspid="305" ordinal="4" offset="19" sl="46" sc="21" el="46" ec="75" bec="0" bev="0" fileid="7" />
                <SequencePoint vc="43" uspid="306" ordinal="5" offset="40" sl="47" sc="17" el="47" ec="18" bec="0" bev="0" fileid="7" />
[...]
          </Methods>
        </Class>
        <Class>
          <Summary numSequencePoints="55" visitedSequencePoints="46" numBranchPoints="28" visitedBranchPoints="24" sequenceCoverage="83.64" branchCoverage="85.71" maxCyclomaticComplexity="5" minCyclomaticComplexity="1" visitedClasses="1" numClasses="1" visitedMethods="8" numMethods="10" />
          <FullName>ServiceLayer.UserSystem_Service</FullName>
          <Methods>
            <Method visited="true" cyclomaticComplexity="1" nPathComplexity="0" sequenceCoverage="100" branchCoverage="100" isConstructor="true" isStatic="false" isGetter="false" isSetter="false">
              <Summary numSequencePoints="4" visitedSequencePoints="4" numBranchPoints="1" visitedBranchPoints="1" sequenceCoverage="100" branchCoverage="100" maxCyclomaticComplexity="1" minCyclomaticComplexity="1" visitedClasses="0" numClasses="0" visitedMethods="1" numMethods="1" />
              <MetadataToken>100663317</MetadataToken>
              <Name>System.Void ServiceLayer.UserSystem_Service::.ctor()</Name>
              <FileRef uid="60" />
              <SequencePoints>
                <SequencePoint vc="17" uspid="1903" ordinal="0" offset="0" sl="17" sc="9" el="17" ec="36" bec="0" bev="0" fileid="60" />
                <SequencePoint vc="17" uspid="1904" ordinal="1" offset="7" sl="18" sc="9" el="18" ec="10" bec="0" bev="0" fileid="60" />
                <SequencePoint vc="17" uspid="1905" ordinal="2" offset="8" sl="19" sc="13" el="19" ec="83" bec="0" bev="0" fileid="60" />
                <SequencePoint vc="17" uspid="1906" ordinal="3" offset="19" sl="20" sc="9" el="20" ec="10" bec="0" bev="0" fileid="60" />
              </SequencePoints>
              <BranchPoints />
              <MethodPoint xsi:type="SequencePoint" vc="17" uspid="1903" ordinal="0" offset="0" sl="17" sc="9" el="17" ec="36" bec="0" bev="0" fileid="60" />
            </Method>
            <Method visited="false" cyclomaticComplexity="1" nPathComplexity="0" sequenceCoverage="0" branchCoverage="0" isConstructor="false" isStatic="false" isGetter="false" isSetter="false">
              <Summary numSequencePoints="3" visitedSequencePoints="0" numBranchPoints="1" visitedBranchPoints="0" sequenceCoverage="0" branchCoverage="0" maxCyclomaticComplexity="1" minCyclomaticComplexity="1" visitedClasses="0" numClasses="0" visitedMethods="0" numMethods="1" />
              <MetadataToken>100663318</MetadataToken>
              <Name>System.Boolean ServiceLayer.UserSystem_Service::editAvatar(System.Drawing.Image,GameUtilities.UserProfile)</Name>
              <FileRef uid="60" />
              <SequencePoints>
                <SequencePoint vc="0" uspid="1907" ordinal="0" offset="0" sl="23" sc="9" el="23" ec="10" bec="0" bev="0" fileid="60" />
                <SequencePoint vc="0" uspid="1908" ordinal="1" offset="1" sl="24" sc="13" el="24" ec="49" bec="0" bev="0" fileid="60" />
                <SequencePoint vc="0" uspid="1909" ordinal="2" offset="17" sl="25" sc="9" el="25" ec="10" bec="0" bev="0" fileid="60" />
              </SequencePoints>
              <BranchPoints />
              <MethodPoint xsi:type="SequencePoint" vc="0" uspid="1907" ordinal="0" offset="0" sl="23" sc="9" el="23" ec="10" bec="0" bev="0" fileid="60" />
            </Method>
            <Method visited="true" cyclomaticComplexity="2" nPathComplexity="2" sequenceCoverage="100" branchCoverage="100" isConstructor="false" isStatic="false" isGetter="false" isSetter="false">
              <Summary numSequencePoints="5" visitedSequencePoints="5" numBranchPoints="3" visitedBranchPoints="3" sequenceCoverage="100" branchCoverage="100" maxCyclomaticComplexity="2" minCyclomaticComplexity="2" visitedClasses="0" numClasses="0" visitedMethods="1" numMethods="1" />
              <MetadataToken>100663319</MetadataToken>
              <Name>System.Boolean ServiceLayer.UserSystem_Service::editPassword(System.String,GameUtilities.UserProfile)</Name>
              <FileRef uid="60" />
              <SequencePoints>
                <SequencePoint vc="3" uspid="1910" ordinal="0" offset="0" sl="28" sc="9" el="28" ec="10" bec="0" bev="0" fileid="60" />
                <SequencePoint vc="3" uspid="1911" ordinal="1" offset="1" sl="29" sc="13" el="29" ec="53" bec="2" bev="2" fileid="60" />
                <SequencePoint vc="2" uspid="1912" ordinal="2" offset="14" sl="30" sc="17" el="30" ec="30" bec="0" bev="0" fileid="60" />
                <SequencePoint vc="1" uspid="1913" ordinal="3" offset="18" sl="31" sc="13" el="31" ec="53" bec="0" bev="0" fileid="60" />
                <SequencePoint vc="3" uspid="1914" ordinal="4" offset="34" sl="32" sc="9" el="32" ec="10" bec="0" bev="0" fileid="60" />
              </SequencePoints>
              <BranchPoints>
                <BranchPoint vc="2" uspid="1915" ordinal="0" offset="12" sl="29" path="0" offsetend="14" fileid="60" />
                <BranchPoint vc="1" uspid="1916" ordinal="1" offset="12" sl="29" path="1" offsetend="18" fileid="60" />
              </BranchPoints>
              <MethodPoint xsi:type="SequencePoint" vc="3" uspid="1910" ordinal="0" offset="0" sl="28" sc="9" el="28" ec="10" bec="0" bev="0" fileid="60" />
            </Method>
            <Method visited="true" cyclomaticComplexity="4" nPathComplexity="8" sequenceCoverage="75" branchCoverage="71.43" isConstructor="false" isStatic="false" isGetter="false" isSetter="false">
              <Summary numSequencePoints="12" visitedSequencePoints="9" numBranchPoints="7" visitedBranchPoints="5" sequenceCoverage="75" branchCoverage="71.43" maxCyclomaticComplexity="4" minCyclomaticComplexity="4" visitedClasses="0" numClasses="0" visitedMethods="1" numMethods="1" />
              <MetadataToken>100663320</MetadataToken>
              <Name>System.Boolean ServiceLayer.UserSystem_Service::editUserName(System.String,GameUtilities.UserProfile)</Name>
              <FileRef uid="60" />
              <SequencePoints>
                <SequencePoint vc="4" uspid="1917" ordinal="0" offset="0" sl="35" sc="9" el="35" ec="10" bec="0" bev="0" fileid="60" />
                <SequencePoint vc="4" uspid="1918" ordinal="1" offset="1" sl="36" sc="13" el="36" ec="52" bec="2" bev="2" fileid="60" />
                <SequencePoint vc="2" uspid="1919" ordinal="2" offset="14" sl="37" sc="17" el="37" ec="30" bec="0" bev="0" fileid="60" />
                <SequencePoint vc="2" uspid="1920" ordinal="3" offset="18" sl="38" sc="13" el="38" ec="51" bec="0" bev="0" fileid="60" />
                <SequencePoint vc="2" uspid="1921" ordinal="4" offset="29" sl="39" sc="13" el="39" ec="38" bec="2" bev="1" fileid="60" />
                <SequencePoint vc="0" uspid="1922" ordinal="5" offset="40" sl="40" sc="13" el="40" ec="14" bec="0" bev="0" fileid="60" />
                <SequencePoint vc="0" uspid="1923" ordinal="6" offset="41" sl="41" sc="17" el="41" ec="30" bec="0" bev="0" fileid="60" />
                <SequencePoint vc="2" uspid="1924" ordinal="7" offset="45" sl="43" sc="13" el="43" ec="39" bec="0" bev="0" fileid="60" />
                <SequencePoint vc="2" uspid="1925" ordinal="8" offset="56" sl="44" sc="13" el="44" ec="43" bec="2" bev="1" fileid="60" />
                <SequencePoint vc="0" uspid="1926" ordinal="9" offset="86" sl="45" sc="17" el="45" ec="30" bec="0" bev="0" fileid="60" />
                <SequencePoint vc="2" uspid="1927" ordinal="10" offset="90" sl="46" sc="13" el="46" ec="53" bec="0" bev="0" fileid="60" />
                <SequencePoint vc="4" uspid="1928" ordinal="11" offset="106" sl="47" sc="9" el="47" ec="10" bec="0" bev="0" fileid="60" />
              </SequencePoints>
              <BranchPoints>
                <BranchPoint vc="2" uspid="1929" ordinal="0" offset="12" sl="36" path="0" offsetend="14" fileid="60" />
                <BranchPoint vc="2" uspid="1930" ordinal="1" offset="12" sl="36" path="1" offsetend="18" fileid="60" />
                <BranchPoint vc="0" uspid="1931" ordinal="2" offset="38" sl="39" path="0" offsetend="40" fileid="60" />
                <BranchPoint vc="2" uspid="1932" ordinal="3" offset="38" sl="39" path="1" offsetend="45" fileid="60" />
                <BranchPoint vc="0" uspid="1933" ordinal="4" offset="84" sl="44" path="0" offsetend="86" fileid="60" />
                <BranchPoint vc="2" uspid="1934" ordinal="5" offset="84" sl="44" path="1" offsetend="90" fileid="60" />
              </BranchPoints>
              <MethodPoint xsi:type="SequencePoint" vc="4" uspid="1917" ordinal="0" offset="0" sl="35" sc="9" el="35" ec="10" bec="0" bev="0" fileid="60" />
            </Method>
            <Method visited="true" cyclomaticComplexity="1" nPathComplexity="0" sequenceCoverage="100" branchCoverage="100" isConstructor="false" isStatic="false" isGetter="false" isSetter="false">
              <Summary numSequencePoints="3" visitedSequencePoints="3" numBranchPoints="1" visitedBranchPoints="1" sequenceCoverage="100" branchCoverage="100" maxCyclomaticComplexity="1" minCyclomaticComplexity="1" visitedClasses="0" numClasses="0" visitedMethods="1" numMethods="1" />
              <MetadataToken>100663321</MetadataToken>
              <Name>GameUtilities.UserProfile ServiceLayer.UserSystem_Service::getUser(System.String)</Name>
              <FileRef uid="60" />
              <SequencePoints>
                <SequencePoint vc="2" uspid="1935" ordinal="0" offset="0" sl="50" sc="9" el="50" ec="10" bec="0" bev="0" fileid="60" />
                <SequencePoint vc="2" uspid="1936" ordinal="1" offset="1" sl="51" sc="13" el="51" ec="45" bec="0" bev="0" fileid="60" />
                <SequencePoint vc="2" uspid="1937" ordinal="2" offset="16" sl="52" sc="9" el="52" ec="10" bec="0" bev="0" fileid="60" />
              </SequencePoints>
              <BranchPoints />
              <MethodPoint xsi:type="SequencePoint" vc="2" uspid="1935" ordinal="0" offset="0" sl="50" sc="9" el="50" ec="10" bec="0" bev="0" fileid="60" />
            </Method>
            <Method visited="true" cyclomaticComplexity="1" nPathComplexity="0" sequenceCoverage="100" branchCoverage="100" isConstructor="false" isStatic="false" isGetter="false" isSetter="false">
              <Summary numSequencePoints="3" visitedSequencePoints="3" numBranchPoints="1" visitedBranchPoints="1" sequenceCoverage="100" branchCoverage="100" maxCyclomaticComplexity="1" minCyclomaticComplexity="1" visitedClasses="0" numClasses="0" visitedMethods="1" numMethods="1" />
              <MetadataToken>100663322</MetadataToken>
              <Name>GameUtilities.UserProfile ServiceLayer.UserSystem_Service::getUser(System.String,System.String)</Name>
              <FileRef uid="60" />
              <SequencePoints>
                <SequencePoint vc="5" uspid="1938" ordinal="0" offset="0" sl="55" sc="9" el="55" ec="10" bec="0" bev="0" fileid="60" />
                <SequencePoint vc="5" uspid="1939" ordinal="1" offset="1" sl="56" sc="13" el="56" ec="55" bec="0" bev="0" fileid="60" />
                <SequencePoint vc="5" uspid="1940" ordinal="2" offset="17" sl="57" sc="9" el="57" ec="10" bec="0" bev="0" fileid="60" />
              </SequencePoints>
              <BranchPoints />
              <MethodPoint xsi:type="SequencePoint" vc="5" uspid="1938" ordinal="0" offset="0" sl="55" sc="9" el="55" ec="10" bec="0" bev="0" fileid="60" />
            </Method>
            <Method visited="false" cyclomaticComplexity="1" nPathComplexity="0" sequenceCoverage="0" branchCoverage="0" isConstructor="false" isStatic="false" isGetter="false" isSetter="false">
              <Summary numSequencePoints="3" visitedSequencePoints="0" numBranchPoints="1" visitedBranchPoints="0" sequenceCoverage="0" branchCoverage="0" maxCyclomaticComplexity="1" minCyclomaticComplexity="1" visitedClasses="0" numClasses="0" visitedMethods="0" numMethods="1" />
              <MetadataToken>100663323</MetadataToken>
              <Name>System.Boolean ServiceLayer.UserSystem_Service::isConnected(System.String)</Name>
              <FileRef uid="60" />
              <SequencePoints>
                <SequencePoint vc="0" uspid="1941" ordinal="0" offset="0" sl="60" sc="9" el="60" ec="10" bec="0" bev="0" fileid="60" />
                <SequencePoint vc="0" uspid="1942" ordinal="1" offset="1" sl="61" sc="13" el="61" ec="49" bec="0" bev="0" fileid="60" />
                <SequencePoint vc="0" uspid="1943" ordinal="2" offset="16" sl="62" sc="9" el="62" ec="10" bec="0" bev="0" fileid="60" />
              </SequencePoints>
              <BranchPoints />
              <MethodPoint xsi:type="SequencePoint" vc="0" uspid="1941" ordinal="0" offset="0" sl="60" sc="9" el="60" ec="10" bec="0" bev="0" fileid="60" />
            </Method>
            <Method visited="true" cyclomaticComplexity="3" nPathComplexity="2" sequenceCoverage="100" branchCoverage="100" isConstructor="false" isStatic="false" isGetter="false" isSetter="false">
              <Summary numSequencePoints="5" visitedSequencePoints="5" numBranchPoints="3" visitedBranchPoints="3" sequenceCoverage="100" branchCoverage="100" maxCyclomaticComplexity="3" minCyclomaticComplexity="3" visitedClasses="0" numClasses="0" visitedMethods="1" numMethods="1" />
              <MetadataToken>100663324</MetadataToken>
              <Name>System.Boolean ServiceLayer.UserSystem_Service::login(System.String,System.String)</Name>
              <FileRef uid="60" />
              <SequencePoints>
                <SequencePoint vc="19" uspid="1944" ordinal="0" offset="0" sl="65" sc="9" el="65" ec="10" bec="0" bev="0" fileid="60" />
                <SequencePoint vc="19" uspid="1945" ordinal="1" offset="1" sl="66" sc="13" el="66" ec="92" bec="2" bev="2" fileid="60" />
                <SequencePoint vc="3" uspid="1946" ordinal="2" offset="26" sl="67" sc="17" el="67" ec="30" bec="0" bev="0" fileid="60" />
                <SequencePoint vc="16" uspid="1947" ordinal="3" offset="30" sl="68" sc="13" el="68" ec="53" bec="0" bev="0" fileid="60" />
                <SequencePoint vc="19" uspid="1948" ordinal="4" offset="46" sl="69" sc="9" el="69" ec="10" bec="0" bev="0" fileid="60" />
              </SequencePoints>
              <BranchPoints>
                <BranchPoint vc="3" uspid="1951" ordinal="2" offset="24" sl="66" path="0" offsetend="26" fileid="60" />
                <BranchPoint vc="16" uspid="1952" ordinal="3" offset="24" sl="66" path="1" offsetend="30" fileid="60" />
              </BranchPoints>
              <MethodPoint xsi:type="SequencePoint" vc="19" uspid="1944" ordinal="0" offset="0" sl="65" sc="9" el="65" ec="10" bec="0" bev="0" fileid="60" />
            </Method>
            <Method visited="true" cyclomaticComplexity="1" nPathComplexity="0" sequenceCoverage="100" branchCoverage="100" isConstructor="false" isStatic="false" isGetter="false" isSetter="false">
              <Summary numSequencePoints="3" visitedSequencePoints="3" numBranchPoints="1" visitedBranchPoints="1" sequenceCoverage="100" branchCoverage="100" maxCyclomaticComplexity="1" minCyclomaticComplexity="1" visitedClasses="0" numClasses="0" visitedMethods="1" numMethods="1" />
              <MetadataToken>100663325</MetadataToken>
              <Name>System.Boolean ServiceLayer.UserSystem_Service::logout(GameUtilities.UserProfile)</Name>
              <FileRef uid="60" />
              <SequencePoints>
                <SequencePoint vc="4" uspid="1953" ordinal="0" offset="0" sl="72" sc="9" el="72" ec="10" bec="0" bev="0" fileid="60" />
                <SequencePoint vc="4" uspid="1954" ordinal="1" offset="1" sl="73" sc="13" el="73" ec="37" bec="0" bev="0" fileid="60" />
                <SequencePoint vc="4" uspid="1955" ordinal="2" offset="16" sl="74" sc="9" el="74" ec="10" bec="0" bev="0" fileid="60" />
              </SequencePoints>
              <BranchPoints />
              <MethodPoint xsi:type="SequencePoint" vc="4" uspid="1953" ordinal="0" offset="0" sl="72" sc="9" el="72" ec="10" bec="0" bev="0" fileid="60" />
            </Method>
            <Method visited="true" cyclomaticComplexity="5" nPathComplexity="16" sequenceCoverage="100" branchCoverage="100" isConstructor="false" isStatic="false" isGetter="false" isSetter="false">
              <Summary numSequencePoints="14" visitedSequencePoints="14" numBranchPoints="9" visitedBranchPoints="9" sequenceCoverage="100" branchCoverage="100" maxCyclomaticComplexity="5" minCyclomaticComplexity="5" visitedClasses="0" numClasses="0" visitedMethods="1" numMethods="1" />
              <MetadataToken>100663326</MetadataToken>
              <Name>System.Boolean ServiceLayer.UserSystem_Service::register(System.String,System.String)</Name>
              <FileRef uid="60" />
              <SequencePoints>
                <SequencePoint vc="26" uspid="1956" ordinal="0" offset="0" sl="77" sc="9" el="77" ec="10" bec="0" bev="0" fileid="60" />
                <SequencePoint vc="26" uspid="1957" ordinal="1" offset="1" sl="78" sc="13" el="78" ec="53" bec="2" bev="2" fileid="60" />
                <SequencePoint vc="2" uspid="1958" ordinal="2" offset="14" sl="79" sc="17" el="79" ec="30" bec="0" bev="0" fileid="60" />
                <SequencePoint vc="24" uspid="1959" ordinal="3" offset="18" sl="80" sc="13" el="80" ec="51" bec="0" bev="0" fileid="60" />
                <SequencePoint vc="24" uspid="1960" ordinal="4" offset="29" sl="81" sc="13" el="81" ec="38" bec="2" bev="2" fileid="60" />
                <SequencePoint vc="1" uspid="1961" ordinal="5" offset="40" sl="82" sc="13" el="82" ec="14" bec="0" bev="0" fileid="60" />
                <SequencePoint vc="1" uspid="1962" ordinal="6" offset="41" sl="83" sc="17" el="83" ec="30" bec="0" bev="0" fileid="60" />
                <SequencePoint vc="23" uspid="1963" ordinal="7" offset="45" sl="85" sc="13" el="85" ec="39" bec="0" bev="0" fileid="60" />
                <SequencePoint vc="23" uspid="1964" ordinal="8" offset="56" sl="86" sc="13" el="86" ec="45" bec="2" bev="2" fileid="60" />
                <SequencePoint vc="1" uspid="1965" ordinal="9" offset="86" sl="87" sc="17" el="87" ec="30" bec="0" bev="0" fileid="60" />
                <SequencePoint vc="22" uspid="1966" ordinal="10" offset="90" sl="88" sc="13" el="88" ec="53" bec="2" bev="2" fileid="60" />
                <SequencePoint vc="2" uspid="1967" ordinal="11" offset="103" sl="89" sc="17" el="89" ec="30" bec="0" bev="0" fileid="60" />
                <SequencePoint vc="20" uspid="1968" ordinal="12" offset="107" sl="90" sc="13" el="90" ec="56" bec="0" bev="0" fileid="60" />
                <SequencePoint vc="26" uspid="1969" ordinal="13" offset="123" sl="91" sc="9" el="91" ec="10" bec="0" bev="0" fileid="60" />
              </SequencePoints>
              <BranchPoints>
                <BranchPoint vc="2" uspid="1970" ordinal="0" offset="12" sl="78" path="0" offsetend="14" fileid="60" />
                <BranchPoint vc="24" uspid="1971" ordinal="1" offset="12" sl="78" path="1" offsetend="18" fileid="60" />
                <BranchPoint vc="1" uspid="1972" ordinal="2" offset="38" sl="81" path="0" offsetend="40" fileid="60" />
                <BranchPoint vc="23" uspid="1973" ordinal="3" offset="38" sl="81" path="1" offsetend="45" fileid="60" />
                <BranchPoint vc="1" uspid="1974" ordinal="4" offset="84" sl="86" path="0" offsetend="86" fileid="60" />
                <BranchPoint vc="22" uspid="1975" ordinal="5" offset="84" sl="86" path="1" offsetend="90" fileid="60" />
                <BranchPoint vc="2" uspid="1976" ordinal="6" offset="101" sl="88" path="0" offsetend="103" fileid="60" />
                <BranchPoint vc="20" uspid="1977" ordinal="7" offset="101" sl="88" path="1" offsetend="107" fileid="60" />
              </BranchPoints>
              <MethodPoint xsi:type="SequencePoint" vc="26" uspid="1956" ordinal="0" offset="0" sl="77" sc="9" el="77" ec="10" bec="0" bev="0" fileid="60" />
            </Method>
          </Methods>
        </Class>
      </Classes>
    </Module>
  </Modules>
</CoverageSession>