<?xml version="1.0" encoding="utf-8" standalone="no"?>
<test-run id="2" testcasecount="126" result="Failed" total="126" passed="124" failed="2" inconclusive="0" skipped="0" asserts="223" engine-version="3.6.1.0" clr-version="4.0.30319.42000" start-time="2017-04-29 23:21:10Z" end-time="2017-04-29 23:21:20Z" duration="9.439925">
  <command-line><![CDATA["C:\Users\matan\Desktop\bgu\year 3\2\סדנא\WSEP\Code\TexasHoldem\.\packages\NUnit.ConsoleRunner.3.6.1\tools\nunit3-console.exe" .\GamingTests\bin\Debug\GamingTests.dll .\AT\bin\Debug\AT.dll .\SystemTests\bin\Debug\SystemTests.dll]]></command-line>
  <test-suite type="Assembly" id="1-1118" name="GamingTests.dll" fullname="C:\Users\matan\Desktop\bgu\year 3\2\סדנא\WSEP\Code\TexasHoldem\GamingTests\bin\Debug\GamingTests.dll" runstate="Runnable" testcasecount="56" result="Passed" start-time="2017-04-29 23:21:17Z" end-time="2017-04-29 23:21:20Z" duration="2.574717" total="56" passed="56" failed="0" warnings="0" inconclusive="0" skipped="0" asserts="86">
    <environment framework-version="3.6.1.0" clr-version="4.0.30319.42000" os-version="Microsoft Windows NT 10.0.14393.0" platform="Win32NT" cwd="C:\Users\matan\Desktop\bgu\year 3\2\סדנא\WSEP\Code\TexasHoldem" machine-name="NIVHAMAGNIV" user="matan" user-domain="NIVHAMAGNIV" culture="en-US" uiculture="en-US" os-architecture="x64" />
    <settings>
      <setting name="DisposeRunners" value="True" />
      <setting name="WorkDirectory" value="C:\Users\matan\Desktop\bgu\year 3\2\סדנא\WSEP\Code\TexasHoldem" />
      <setting name="ImageRuntimeVersion" value="4.0.30319" />
      <setting name="ImageTargetFrameworkName" value=".NETFramework,Version=v4.5" />
      <setting name="ImageRequiresX86" value="False" />
      <setting name="ImageRequiresDefaultAppDomainAssemblyResolver" value="False" />
      <setting name="NumberOfTestWorkers" value="4" />
    </settings>
    <properties>
      <property name="_PID" value="13040" />
      <property name="_APPDOMAIN" value="domain-2ffc6dfa-GamingTests.dll" />
    </properties>
    <test-suite type="TestSuite" id="1-1120" name="Gaming" fullname="Gaming" runstate="Runnable" testcasecount="6" result="Passed" start-time="2017-04-29 23:21:17Z" end-time="2017-04-29 23:21:17Z" duration="0.221296" total="6" passed="6" failed="0" warnings="0" inconclusive="0" skipped="0" asserts="10">
      <test-suite type="TestFixture" id="1-1066" name="GameParticipantsTests" fullname="Gaming.GameParticipantsTests" classname="Gaming.GameParticipantsTests" runstate="Runnable" testcasecount="6" result="Passed" start-time="2017-04-29 23:21:17Z" end-time="2017-04-29 23:21:17Z" duration="0.201340" total="6" passed="6" failed="0" warnings="0" inconclusive="0" skipped="0" asserts="10">
        <test-suite type="ParameterizedMethod" id="1-1068" name="AddPlayerToGame" fullname="Gaming.GameParticipantsTests.AddPlayerToGame" classname="Gaming.GameParticipantsTests" runstate="Runnable" testcasecount="1" result="Passed" start-time="2017-04-29 23:21:17Z" end-time="2017-04-29 23:21:17Z" duration="0.101340" total="1" passed="1" failed="0" warnings="0" inconclusive="0" skipped="0" asserts="2">
          <test-case id="1-1067" name="AddPlayerToGame()" fullname="Gaming.GameParticipantsTests.AddPlayerToGame()" methodname="AddPlayerToGame" classname="Gaming.GameParticipantsTests" runstate="Runnable" seed="1062262249" result="Passed" start-time="2017-04-29 23:21:17Z" end-time="2017-04-29 23:21:17Z" duration="0.081835" asserts="2" />
        </test-suite>
        <test-suite type="ParameterizedMethod" id="1-1074" name="AddSpectatorsToGameThatDoesntAllowSpecators" fullname="Gaming.GameParticipantsTests.AddSpectatorsToGameThatDoesntAllowSpecators" classname="Gaming.GameParticipantsTests" runstate="Runnable" testcasecount="1" result="Passed" start-time="2017-04-29 23:21:17Z" end-time="2017-04-29 23:21:17Z" duration="0.027166" total="1" passed="1" failed="0" warnings="0" inconclusive="0" skipped="0" asserts="1">
          <test-case id="1-1073" name="AddSpectatorsToGameThatDoesntAllowSpecators()" fullname="Gaming.GameParticipantsTests.AddSpectatorsToGameThatDoesntAllowSpecators()" methodname="AddSpectatorsToGameThatDoesntAllowSpecators" classname="Gaming.GameParticipantsTests" runstate="Runnable" seed="2147069008" result="Passed" start-time="2017-04-29 23:21:17Z" end-time="2017-04-29 23:21:17Z" duration="0.023997" asserts="1" />
        </test-suite>
        <test-suite type="ParameterizedMethod" id="1-1070" name="AddSpectatorToGame" fullname="Gaming.GameParticipantsTests.AddSpectatorToGame" classname="Gaming.GameParticipantsTests" runstate="Runnable" testcasecount="1" result="Passed" start-time="2017-04-29 23:21:17Z" end-time="2017-04-29 23:21:17Z" duration="0.008085" total="1" passed="1" failed="0" warnings="0" inconclusive="0" skipped="0" asserts="2">
          <test-case id="1-1069" name="AddSpectatorToGame()" fullname="Gaming.GameParticipantsTests.AddSpectatorToGame()" methodname="AddSpectatorToGame" classname="Gaming.GameParticipantsTests" runstate="Runnable" seed="2060267058" result="Passed" start-time="2017-04-29 23:21:17Z" end-time="2017-04-29 23:21:17Z" duration="0.001727" asserts="2" />
        </test-suite>
        <test-suite type="ParameterizedMethod" id="1-1072" name="ChatTest" fullname="Gaming.GameParticipantsTests.ChatTest" classname="Gaming.GameParticipantsTests" runstate="Runnable" testcasecount="1" result="Passed" start-time="2017-04-29 23:21:17Z" end-time="2017-04-29 23:21:17Z" duration="0.014507" total="1" passed="1" failed="0" warnings="0" inconclusive="0" skipped="0" asserts="1">
          <test-case id="1-1071" name="ChatTest()" fullname="Gaming.GameParticipantsTests.ChatTest()" methodname="ChatTest" classname="Gaming.GameParticipantsTests" runstate="Runnable" seed="655878948" result="Passed" start-time="2017-04-29 23:21:17Z" end-time="2017-04-29 23:21:17Z" duration="0.010561" asserts="1" />
        </test-suite>
        <test-suite type="ParameterizedMethod" id="1-1076" name="RemovePlayerFromGame" fullname="Gaming.GameParticipantsTests.RemovePlayerFromGame" classname="Gaming.GameParticipantsTests" runstate="Runnable" testcasecount="1" result="Passed" start-time="2017-04-29 23:21:17Z" end-time="2017-04-29 23:21:17Z" duration="0.018004" total="1" passed="1" failed="0" warnings="0" inconclusive="0" skipped="0" asserts="2">
          <test-case id="1-1075" name="RemovePlayerFromGame()" fullname="Gaming.GameParticipantsTests.RemovePlayerFromGame()" methodname="RemovePlayerFromGame" classname="Gaming.GameParticipantsTests" runstate="Runnable" seed="1683855195" result="Passed" start-time="2017-04-29 23:21:17Z" end-time="2017-04-29 23:21:17Z" duration="0.015459" asserts="2" />
        </test-suite>
        <test-suite type="ParameterizedMethod" id="1-1078" name="RemoveSpectatorFromGame" fullname="Gaming.GameParticipantsTests.RemoveSpectatorFromGame" classname="Gaming.GameParticipantsTests" runstate="Runnable" testcasecount="1" result="Passed" start-time="2017-04-29 23:21:17Z" end-time="2017-04-29 23:21:17Z" duration="0.009734" total="1" passed="1" failed="0" warnings="0" inconclusive="0" skipped="0" asserts="2">
          <test-case id="1-1077" name="RemoveSpectatorFromGame()" fullname="Gaming.GameParticipantsTests.RemoveSpectatorFromGame()" methodname="RemoveSpectatorFromGame" classname="Gaming.GameParticipantsTests" runstate="Runnable" seed="1030478390" result="Passed" start-time="2017-04-29 23:21:17Z" end-time="2017-04-29 23:21:17Z" duration="0.005365" asserts="2" />
        </test-suite>
      </test-suite>
    </test-suite>
    <test-suite type="TestSuite" id="1-1119" name="GamingTests" fullname="GamingTests" runstate="Runnable" testcasecount="50" result="Passed" start-time="2017-04-29 23:21:17Z" end-time="2017-04-29 23:21:20Z" duration="2.539488" total="50" passed="50" failed="0" warnings="0" inconclusive="0" skipped="0" asserts="76">
      <test-suite type="TestFixture" id="1-1000" name="CardAnalyzerTest" fullname="GamingTests.CardAnalyzerTest" classname="GamingTests.CardAnalyzerTest" runstate="Runnable" testcasecount="24" result="Passed" start-time="2017-04-29 23:21:17Z" end-time="2017-04-29 23:21:18Z" duration="0.736069" total="24" passed="24" failed="0" warnings="0" inconclusive="0" skipped="0" asserts="24">
        <test-suite type="ParameterizedMethod" id="1-1040" name="fullHouseAnalyzeTest" fullname="GamingTests.CardAnalyzerTest.fullHouseAnalyzeTest" classname="GamingTests.CardAnalyzerTest" runstate="Runnable" testcasecount="1" result="Passed" start-time="2017-04-29 23:21:17Z" end-time="2017-04-29 23:21:17Z" duration="0.043080" total="1" passed="1" failed="0" warnings="0" inconclusive="0" skipped="0" asserts="1">
          <test-case id="1-1039" name="fullHouseAnalyzeTest()" fullname="GamingTests.CardAnalyzerTest.fullHouseAnalyzeTest()" methodname="fullHouseAnalyzeTest" classname="GamingTests.CardAnalyzerTest" runstate="Runnable" seed="696431249" result="Passed" start-time="2017-04-29 23:21:17Z" end-time="2017-04-29 23:21:17Z" duration="0.040146" asserts="1" />
        </test-suite>
        <test-suite type="ParameterizedMethod" id="1-1022" name="hasFlushTest" fullname="GamingTests.CardAnalyzerTest.hasFlushTest" classname="GamingTests.CardAnalyzerTest" runstate="Runnable" testcasecount="1" result="Passed" start-time="2017-04-29 23:21:17Z" end-time="2017-04-29 23:21:17Z" duration="0.027383" total="1" passed="1" failed="0" warnings="0" inconclusive="0" skipped="0" asserts="1">
          <test-case id="1-1021" name="hasFlushTest()" fullname="GamingTests.CardAnalyzerTest.hasFlushTest()" methodname="hasFlushTest" classname="GamingTests.CardAnalyzerTest" runstate="Runnable" seed="235194639" result="Passed" start-time="2017-04-29 23:21:17Z" end-time="2017-04-29 23:21:17Z" duration="0.024382" asserts="1" />
        </test-suite>
        <test-suite type="ParameterizedMethod" id="1-1014" name="hasFourOfAKindTest" fullname="GamingTests.CardAnalyzerTest.hasFourOfAKindTest" classname="GamingTests.CardAnalyzerTest" runstate="Runnable" testcasecount="1" result="Passed" start-time="2017-04-29 23:21:17Z" end-time="2017-04-29 23:21:17Z" duration="0.019961" total="1" passed="1" failed="0" warnings="0" inconclusive="0" skipped="0" asserts="1">
          <test-case id="1-1013" name="hasFourOfAKindTest()" fullname="GamingTests.CardAnalyzerTest.hasFourOfAKindTest()" methodname="hasFourOfAKindTest" classname="GamingTests.CardAnalyzerTest" runstate="Runnable" seed="533710858" result="Passed" start-time="2017-04-29 23:21:17Z" end-time="2017-04-29 23:21:17Z" duration="0.017081" asserts="1" />
        </test-suite>
        <test-suite type="ParameterizedMethod" id="1-1018" name="hasFullHouseTest" fullname="GamingTests.CardAnalyzerTest.hasFullHouseTest" classname="GamingTests.CardAnalyzerTest" runstate="Runnable" testcasecount="1" result="Passed" start-time="2017-04-29 23:21:17Z" end-time="2017-04-29 23:21:17Z" duration="0.021358" total="1" passed="1" failed="0" warnings="0" inconclusive="0" skipped="0" asserts="1">
          <test-case id="1-1017" name="hasFullHouseTest()" fullname="GamingTests.CardAnalyzerTest.hasFullHouseTest()" methodname="hasFullHouseTest" classname="GamingTests.CardAnalyzerTest" runstate="Runnable" seed="316556759" result="Passed" start-time="2017-04-29 23:21:17Z" end-time="2017-04-29 23:21:17Z" duration="0.017816" asserts="1" />
        </test-suite>
        <test-suite type="ParameterizedMethod" id="1-1002" name="hasRoyalFlushTest" fullname="GamingTests.CardAnalyzerTest.hasRoyalFlushTest" classname="GamingTests.CardAnalyzerTest" runstate="Runnable" testcasecount="1" result="Passed" start-time="2017-04-29 23:21:17Z" end-time="2017-04-29 23:21:17Z" duration="0.010018" total="1" passed="1" failed="0" warnings="0" inconclusive="0" skipped="0" asserts="1">
          <test-case id="1-1001" name="hasRoyalFlushTest()" fullname="GamingTests.CardAnalyzerTest.hasRoyalFlushTest()" methodname="hasRoyalFlushTest" classname="GamingTests.CardAnalyzerTest" runstate="Runnable" seed="288949706" result="Passed" start-time="2017-04-29 23:21:17Z" end-time="2017-04-29 23:21:17Z" duration="0.007249" asserts="1" />
        </test-suite>
        <test-suite type="ParameterizedMethod" id="1-1012" name="hasStraightFlush2Test" fullname="GamingTests.CardAnalyzerTest.hasStraightFlush2Test" classname="GamingTests.CardAnalyzerTest" runstate="Runnable" testcasecount="1" result="Passed" start-time="2017-04-29 23:21:17Z" end-time="2017-04-29 23:21:18Z" duration="0.010534" total="1" passed="1" failed="0" warnings="0" inconclusive="0" skipped="0" asserts="1">
          <test-case id="1-1011" name="hasStraightFlush2Test()" fullname="GamingTests.CardAnalyzerTest.hasStraightFlush2Test()" methodname="hasStraightFlush2Test" classname="GamingTests.CardAnalyzerTest" runstate="Runnable" seed="982494908" result="Passed" start-time="2017-04-29 23:21:17Z" end-time="2017-04-29 23:21:17Z" duration="0.007842" asserts="1" />
        </test-suite>
        <test-suite type="ParameterizedMethod" id="1-1010" name="hasStraightFlushTest" fullname="GamingTests.CardAnalyzerTest.hasStraightFlushTest" classname="GamingTests.CardAnalyzerTest" runstate="Runnable" testcasecount="1" result="Passed" start-time="2017-04-29 23:21:18Z" end-time="2017-04-29 23:21:18Z" duration="0.012459" total="1" passed="1" failed="0" warnings="0" inconclusive="0" skipped="0" asserts="1">
          <test-case id="1-1009" name="hasStraightFlushTest()" fullname="GamingTests.CardAnalyzerTest.hasStraightFlushTest()" methodname="hasStraightFlushTest" classname="GamingTests.CardAnalyzerTest" runstate="Runnable" seed="746772941" result="Passed" start-time="2017-04-29 23:21:18Z" end-time="2017-04-29 23:21:18Z" duration="0.007744" asserts="1" />
        </test-suite>
        <test-suite type="ParameterizedMethod" id="1-1026" name="hasStraightTest" fullname="GamingTests.CardAnalyzerTest.hasStraightTest" classname="GamingTests.CardAnalyzerTest" runstate="Runnable" testcasecount="1" result="Passed" start-time="2017-04-29 23:21:18Z" end-time="2017-04-29 23:21:18Z" duration="0.041326" total="1" passed="1" failed="0" warnings="0" inconclusive="0" skipped="0" asserts="1">
          <test-case id="1-1025" name="hasStraightTest()" fullname="GamingTests.CardAnalyzerTest.hasStraightTest()" methodname="hasStraightTest" classname="GamingTests.CardAnalyzerTest" runstate="Runnable" seed="1097091413" result="Passed" start-time="2017-04-29 23:21:18Z" end-time="2017-04-29 23:21:18Z" duration="0.038235" asserts="1" />
        </test-suite>
        <test-suite type="ParameterizedMethod" id="1-1030" name="hasThreeOfAKindTest" fullname="GamingTests.CardAnalyzerTest.hasThreeOfAKindTest" classname="GamingTests.CardAnalyzerTest" runstate="Runnable" testcasecount="1" result="Passed" start-time="2017-04-29 23:21:18Z" end-time="2017-04-29 23:21:18Z" duration="0.033413" total="1" passed="1" failed="0" warnings="0" inconclusive="0" skipped="0" asserts="1">
          <test-case id="1-1029" name="hasThreeOfAKindTest()" fullname="GamingTests.CardAnalyzerTest.hasThreeOfAKindTest()" methodname="hasThreeOfAKindTest" classname="GamingTests.CardAnalyzerTest" runstate="Runnable" seed="365996926" result="Passed" start-time="2017-04-29 23:21:18Z" end-time="2017-04-29 23:21:18Z" duration="0.029956" asserts="1" />
        </test-suite>
        <test-suite type="ParameterizedMethod" id="1-1034" name="hasTwoPairTest" fullname="GamingTests.CardAnalyzerTest.hasTwoPairTest" classname="GamingTests.CardAnalyzerTest" runstate="Runnable" testcasecount="1" result="Passed" start-time="2017-04-29 23:21:18Z" end-time="2017-04-29 23:21:18Z" duration="0.039163" total="1" passed="1" failed="0" warnings="0" inconclusive="0" skipped="0" asserts="1">
          <test-case id="1-1033" name="hasTwoPairTest()" fullname="GamingTests.CardAnalyzerTest.hasTwoPairTest()" methodname="hasTwoPairTest" classname="GamingTests.CardAnalyzerTest" runstate="Runnable" seed="2077558478" result="Passed" start-time="2017-04-29 23:21:18Z" end-time="2017-04-29 23:21:18Z" duration="0.036315" asserts="1" />
        </test-suite>
        <test-suite type="ParameterizedMethod" id="1-1038" name="highCardAnalyzeTest" fullname="GamingTests.CardAnalyzerTest.highCardAnalyzeTest" classname="GamingTests.CardAnalyzerTest" runstate="Runnable" testcasecount="1" result="Passed" start-time="2017-04-29 23:21:18Z" end-time="2017-04-29 23:21:18Z" duration="0.050548" total="1" passed="1" failed="0" warnings="0" inconclusive="0" skipped="0" asserts="1">
          <test-case id="1-1037" name="highCardAnalyzeTest()" fullname="GamingTests.CardAnalyzerTest.highCardAnalyzeTest()" methodname="highCardAnalyzeTest" classname="GamingTests.CardAnalyzerTest" runstate="Runnable" seed="483713613" result="Passed" start-time="2017-04-29 23:21:18Z" end-time="2017-04-29 23:21:18Z" duration="0.045131" asserts="1" />
        </test-suite>
        <test-suite type="ParameterizedMethod" id="1-1044" name="highStraightAnalyzeTest" fullname="GamingTests.CardAnalyzerTest.highStraightAnalyzeTest" classname="GamingTests.CardAnalyzerTest" runstate="Runnable" testcasecount="1" result="Passed" start-time="2017-04-29 23:21:18Z" end-time="2017-04-29 23:21:18Z" duration="0.024544" total="1" passed="1" failed="0" warnings="0" inconclusive="0" skipped="0" asserts="1">
          <test-case id="1-1043" name="highStraightAnalyzeTest()" fullname="GamingTests.CardAnalyzerTest.highStraightAnalyzeTest()" methodname="highStraightAnalyzeTest" classname="GamingTests.CardAnalyzerTest" runstate="Runnable" seed="1330015037" result="Passed" start-time="2017-04-29 23:21:18Z" end-time="2017-04-29 23:21:18Z" duration="0.021728" asserts="1" />
        </test-suite>
        <test-suite type="ParameterizedMethod" id="1-1042" name="lowStraightAnalyzeTest" fullname="GamingTests.CardAnalyzerTest.lowStraightAnalyzeTest" classname="GamingTests.CardAnalyzerTest" runstate="Runnable" testcasecount="1" result="Passed" start-time="2017-04-29 23:21:18Z" end-time="2017-04-29 23:21:18Z" duration="0.026080" total="1" passed="1" failed="0" warnings="0" inconclusive="0" skipped="0" asserts="1">
          <test-case id="1-1041" name="lowStraightAnalyzeTest()" fullname="GamingTests.CardAnalyzerTest.lowStraightAnalyzeTest()" methodname="lowStraightAnalyzeTest" classname="GamingTests.CardAnalyzerTest" runstate="Runnable" seed="469747649" result="Passed" start-time="2017-04-29 23:21:18Z" end-time="2017-04-29 23:21:18Z" duration="0.023167" asserts="1" />
        </test-suite>
        <test-suite type="ParameterizedMethod" id="1-1024" name="noFlushTest" fullname="GamingTests.CardAnalyzerTest.noFlushTest" classname="GamingTests.CardAnalyzerTest" runstate="Runnable" testcasecount="1" result="Passed" start-time="2017-04-29 23:21:18Z" end-time="2017-04-29 23:21:18Z" duration="0.039135" total="1" passed="1" failed="0" warnings="0" inconclusive="0" skipped="0" asserts="1">
          <test-case id="1-1023" name="noFlushTest()" fullname="GamingTests.CardAnalyzerTest.noFlushTest()" methodname="noFlushTest" classname="GamingTests.CardAnalyzerTest" runstate="Runnable" seed="844841115" result="Passed" start-time="2017-04-29 23:21:18Z" end-time="2017-04-29 23:21:18Z" duration="0.036024" asserts="1" />
        </test-suite>
        <test-suite type="ParameterizedMethod" id="1-1016" name="noFourOfAKindTest" fullname="GamingTests.CardAnalyzerTest.noFourOfAKindTest" classname="GamingTests.CardAnalyzerTest" runstate="Runnable" testcasecount="1" result="Passed" start-time="2017-04-29 23:21:18Z" end-time="2017-04-29 23:21:18Z" duration="0.008555" total="1" passed="1" failed="0" warnings="0" inconclusive="0" skipped="0" asserts="1">
          <test-case id="1-1015" name="noFourOfAKindTest()" fullname="GamingTests.CardAnalyzerTest.noFourOfAKindTest()" methodname="noFourOfAKindTest" classname="GamingTests.CardAnalyzerTest" runstate="Runnable" seed="482400117" result="Passed" start-time="2017-04-29 23:21:18Z" end-time="2017-04-29 23:21:18Z" duration="0.005663" asserts="1" />
        </test-suite>
        <test-suite type="ParameterizedMethod" id="1-1020" name="noFullHouseTest" fullname="GamingTests.CardAnalyzerTest.noFullHouseTest" classname="GamingTests.CardAnalyzerTest" runstate="Runnable" testcasecount="1" result="Passed" start-time="2017-04-29 23:21:18Z" end-time="2017-04-29 23:21:18Z" duration="0.025551" total="1" passed="1" failed="0" warnings="0" inconclusive="0" skipped="0" asserts="1">
          <test-case id="1-1019" name="noFullHouseTest()" fullname="GamingTests.CardAnalyzerTest.noFullHouseTest()" methodname="noFullHouseTest" classname="GamingTests.CardAnalyzerTest" runstate="Runnable" seed="1467552060" result="Passed" start-time="2017-04-29 23:21:18Z" end-time="2017-04-29 23:21:18Z" duration="0.022909" asserts="1" />
        </test-suite>
        <test-suite type="ParameterizedMethod" id="1-1006" name="noRoyalFlush2Test" fullname="GamingTests.CardAnalyzerTest.noRoyalFlush2Test" classname="GamingTests.CardAnalyzerTest" runstate="Runnable" testcasecount="1" result="Passed" start-time="2017-04-29 23:21:18Z" end-time="2017-04-29 23:21:18Z" duration="0.023026" total="1" passed="1" failed="0" warnings="0" inconclusive="0" skipped="0" asserts="1">
          <test-case id="1-1005" name="noRoyalFlush2Test()" fullname="GamingTests.CardAnalyzerTest.noRoyalFlush2Test()" methodname="noRoyalFlush2Test" classname="GamingTests.CardAnalyzerTest" runstate="Runnable" seed="612877763" result="Passed" start-time="2017-04-29 23:21:18Z" end-time="2017-04-29 23:21:18Z" duration="0.020240" asserts="1" />
        </test-suite>
        <test-suite type="ParameterizedMethod" id="1-1004" name="noRoyalFlushTest" fullname="GamingTests.CardAnalyzerTest.noRoyalFlushTest" classname="GamingTests.CardAnalyzerTest" runstate="Runnable" testcasecount="1" result="Passed" start-time="2017-04-29 23:21:18Z" end-time="2017-04-29 23:21:18Z" duration="0.026024" total="1" passed="1" failed="0" warnings="0" inconclusive="0" skipped="0" asserts="1">
          <test-case id="1-1003" name="noRoyalFlushTest()" fullname="GamingTests.CardAnalyzerTest.noRoyalFlushTest()" methodname="noRoyalFlushTest" classname="GamingTests.CardAnalyzerTest" runstate="Runnable" seed="1316213198" result="Passed" start-time="2017-04-29 23:21:18Z" end-time="2017-04-29 23:21:18Z" duration="0.022777" asserts="1" />
        </test-suite>
        <test-suite type="ParameterizedMethod" id="1-1008" name="noStraightFlushTest" fullname="GamingTests.CardAnalyzerTest.noStraightFlushTest" classname="GamingTests.CardAnalyzerTest" runstate="Runnable" testcasecount="1" result="Passed" start-time="2017-04-29 23:21:18Z" end-time="2017-04-29 23:21:18Z" duration="0.024553" total="1" passed="1" failed="0" warnings="0" inconclusive="0" skipped="0" asserts="1">
          <test-case id="1-1007" name="noStraightFlushTest()" fullname="GamingTests.CardAnalyzerTest.noStraightFlushTest()" methodname="noStraightFlushTest" classname="GamingTests.CardAnalyzerTest" runstate="Runnable" seed="3757001" result="Passed" start-time="2017-04-29 23:21:18Z" end-time="2017-04-29 23:21:18Z" duration="0.021831" asserts="1" />
        </test-suite>
        <test-suite type="ParameterizedMethod" id="1-1028" name="noStraightTest" fullname="GamingTests.CardAnalyzerTest.noStraightTest" classname="GamingTests.CardAnalyzerTest" runstate="Runnable" testcasecount="1" result="Passed" start-time="2017-04-29 23:21:18Z" end-time="2017-04-29 23:21:18Z" duration="0.041653" total="1" passed="1" failed="0" warnings="0" inconclusive="0" skipped="0" asserts="1">
          <test-case id="1-1027" name="noStraightTest()" fullname="GamingTests.CardAnalyzerTest.noStraightTest()" methodname="noStraightTest" classname="GamingTests.CardAnalyzerTest" runstate="Runnable" seed="446215398" result="Passed" start-time="2017-04-29 23:21:18Z" end-time="2017-04-29 23:21:18Z" duration="0.038634" asserts="1" />
        </test-suite>
        <test-suite type="ParameterizedMethod" id="1-1032" name="noThreeOfAKindTest" fullname="GamingTests.CardAnalyzerTest.noThreeOfAKindTest" classname="GamingTests.CardAnalyzerTest" runstate="Runnable" testcasecount="1" result="Passed" start-time="2017-04-29 23:21:18Z" end-time="2017-04-29 23:21:18Z" duration="0.037057" total="1" passed="1" failed="0" warnings="0" inconclusive="0" skipped="0" asserts="1">
          <test-case id="1-1031" name="noThreeOfAKindTest()" fullname="GamingTests.CardAnalyzerTest.noThreeOfAKindTest()" methodname="noThreeOfAKindTest" classname="GamingTests.CardAnalyzerTest" runstate="Runnable" seed="741934932" result="Passed" start-time="2017-04-29 23:21:18Z" end-time="2017-04-29 23:21:18Z" duration="0.034036" asserts="1" />
        </test-suite>
        <test-suite type="ParameterizedMethod" id="1-1036" name="noTwoPairTest" fullname="GamingTests.CardAnalyzerTest.noTwoPairTest" classname="GamingTests.CardAnalyzerTest" runstate="Runnable" testcasecount="1" result="Passed" start-time="2017-04-29 23:21:18Z" end-time="2017-04-29 23:21:18Z" duration="0.041537" total="1" passed="1" failed="0" warnings="0" inconclusive="0" skipped="0" asserts="1">
          <test-case id="1-1035" name="noTwoPairTest()" fullname="GamingTests.CardAnalyzerTest.noTwoPairTest()" methodname="noTwoPairTest" classname="GamingTests.CardAnalyzerTest" runstate="Runnable" seed="693746031" result="Passed" start-time="2017-04-29 23:21:18Z" end-time="2017-04-29 23:21:18Z" duration="0.038708" asserts="1" />
        </test-suite>
        <test-suite type="ParameterizedMethod" id="1-1046" name="pairTieBreakerTest" fullname="GamingTests.CardAnalyzerTest.pairTieBreakerTest" classname="GamingTests.CardAnalyzerTest" runstate="Runnable" testcasecount="1" result="Passed" start-time="2017-04-29 23:21:18Z" end-time="2017-04-29 23:21:18Z" duration="0.015557" total="1" passed="1" failed="0" warnings="0" inconclusive="0" skipped="0" asserts="1">
          <test-case id="1-1045" name="pairTieBreakerTest()" fullname="GamingTests.CardAnalyzerTest.pairTieBreakerTest()" methodname="pairTieBreakerTest" classname="GamingTests.CardAnalyzerTest" runstate="Runnable" seed="1678424940" result="Passed" start-time="2017-04-29 23:21:18Z" end-time="2017-04-29 23:21:18Z" duration="0.012038" asserts="1" />
        </test-suite>
        <test-suite type="ParameterizedMethod" id="1-1048" name="straightTieBreakerTest" fullname="GamingTests.CardAnalyzerTest.straightTieBreakerTest" classname="GamingTests.CardAnalyzerTest" runstate="Runnable" testcasecount="1" result="Passed" start-time="2017-04-29 23:21:18Z" end-time="2017-04-29 23:21:18Z" duration="0.016054" total="1" passed="1" failed="0" warnings="0" inconclusive="0" skipped="0" asserts="1">
          <test-case id="1-1047" name="straightTieBreakerTest()" fullname="GamingTests.CardAnalyzerTest.straightTieBreakerTest()" methodname="straightTieBreakerTest" classname="GamingTests.CardAnalyzerTest" runstate="Runnable" seed="1788969520" result="Passed" start-time="2017-04-29 23:21:18Z" end-time="2017-04-29 23:21:18Z" duration="0.013040" asserts="1" />
        </test-suite>
      </test-suite>
      <test-suite type="TestFixture" id="1-1049" name="CardAndDeckTests" fullname="GamingTests.CardAndDeckTests" classname="GamingTests.CardAndDeckTests" runstate="Runnable" testcasecount="8" result="Passed" start-time="2017-04-29 23:21:18Z" end-time="2017-04-29 23:21:18Z" duration="0.068579" total="8" passed="8" failed="0" warnings="0" inconclusive="0" skipped="0" asserts="29">
        <test-suite type="ParameterizedMethod" id="1-1051" name="CompareEqualCards" fullname="GamingTests.CardAndDeckTests.CompareEqualCards" classname="GamingTests.CardAndDeckTests" runstate="Runnable" testcasecount="1" result="Passed" start-time="2017-04-29 23:21:18Z" end-time="2017-04-29 23:21:18Z" duration="0.004745" total="1" passed="1" failed="0" warnings="0" inconclusive="0" skipped="0" asserts="2">
          <test-case id="1-1050" name="CompareEqualCards()" fullname="GamingTests.CardAndDeckTests.CompareEqualCards()" methodname="CompareEqualCards" classname="GamingTests.CardAndDeckTests" runstate="Runnable" seed="1204586470" result="Passed" start-time="2017-04-29 23:21:18Z" end-time="2017-04-29 23:21:18Z" duration="0.001609" asserts="2" />
        </test-suite>
        <test-suite type="ParameterizedMethod" id="1-1053" name="CompareUnequalCards" fullname="GamingTests.CardAndDeckTests.CompareUnequalCards" classname="GamingTests.CardAndDeckTests" runstate="Runnable" testcasecount="1" result="Passed" start-time="2017-04-29 23:21:18Z" end-time="2017-04-29 23:21:18Z" duration="0.004577" total="1" passed="1" failed="0" warnings="0" inconclusive="0" skipped="0" asserts="3">
          <test-case id="1-1052" name="CompareUnequalCards()" fullname="GamingTests.CardAndDeckTests.CompareUnequalCards()" methodname="CompareUnequalCards" classname="GamingTests.CardAndDeckTests" runstate="Runnable" seed="578697487" result="Passed" start-time="2017-04-29 23:21:18Z" end-time="2017-04-29 23:21:18Z" duration="0.000858" asserts="3" />
        </test-suite>
        <test-suite type="ParameterizedMethod" id="1-1055" name="CreateDeckWithCorrectCards" fullname="GamingTests.CardAndDeckTests.CreateDeckWithCorrectCards" classname="GamingTests.CardAndDeckTests" runstate="Runnable" testcasecount="1" result="Passed" start-time="2017-04-29 23:21:18Z" end-time="2017-04-29 23:21:18Z" duration="0.009533" total="1" passed="1" failed="0" warnings="0" inconclusive="0" skipped="0" asserts="4">
          <test-case id="1-1054" name="CreateDeckWithCorrectCards()" fullname="GamingTests.CardAndDeckTests.CreateDeckWithCorrectCards()" methodname="CreateDeckWithCorrectCards" classname="GamingTests.CardAndDeckTests" runstate="Runnable" seed="863523703" result="Passed" start-time="2017-04-29 23:21:18Z" end-time="2017-04-29 23:21:18Z" duration="0.006745" asserts="4" />
        </test-suite>
        <test-suite type="ParameterizedMethod" id="1-1061" name="DrawFlop" fullname="GamingTests.CardAndDeckTests.DrawFlop" classname="GamingTests.CardAndDeckTests" runstate="Runnable" testcasecount="1" result="Passed" start-time="2017-04-29 23:21:18Z" end-time="2017-04-29 23:21:18Z" duration="0.005534" total="1" passed="1" failed="0" warnings="0" inconclusive="0" skipped="0" asserts="5">
          <test-case id="1-1060" name="DrawFlop()" fullname="GamingTests.CardAndDeckTests.DrawFlop()" methodname="DrawFlop" classname="GamingTests.CardAndDeckTests" runstate="Runnable" seed="611091658" result="Passed" start-time="2017-04-29 23:21:18Z" end-time="2017-04-29 23:21:18Z" duration="0.002767" asserts="5" />
        </test-suite>
        <test-suite type="ParameterizedMethod" id="1-1059" name="DrawPlayerHand" fullname="GamingTests.CardAndDeckTests.DrawPlayerHand" classname="GamingTests.CardAndDeckTests" runstate="Runnable" testcasecount="1" result="Passed" start-time="2017-04-29 23:21:18Z" end-time="2017-04-29 23:21:18Z" duration="0.004513" total="1" passed="1" failed="0" warnings="0" inconclusive="0" skipped="0" asserts="5">
          <test-case id="1-1058" name="DrawPlayerHand()" fullname="GamingTests.CardAndDeckTests.DrawPlayerHand()" methodname="DrawPlayerHand" classname="GamingTests.CardAndDeckTests" runstate="Runnable" seed="1795366390" result="Passed" start-time="2017-04-29 23:21:18Z" end-time="2017-04-29 23:21:18Z" duration="0.001730" asserts="5" />
        </test-suite>
        <test-suite type="ParameterizedMethod" id="1-1063" name="DrawRiver" fullname="GamingTests.CardAndDeckTests.DrawRiver" classname="GamingTests.CardAndDeckTests" runstate="Runnable" testcasecount="1" result="Passed" start-time="2017-04-29 23:21:18Z" end-time="2017-04-29 23:21:18Z" duration="0.005538" total="1" passed="1" failed="0" warnings="0" inconclusive="0" skipped="0" asserts="3">
          <test-case id="1-1062" name="DrawRiver()" fullname="GamingTests.CardAndDeckTests.DrawRiver()" methodname="DrawRiver" classname="GamingTests.CardAndDeckTests" runstate="Runnable" seed="103912662" result="Passed" start-time="2017-04-29 23:21:18Z" end-time="2017-04-29 23:21:18Z" duration="0.002871" asserts="3" />
        </test-suite>
        <test-suite type="ParameterizedMethod" id="1-1065" name="DrawTurn" fullname="GamingTests.CardAndDeckTests.DrawTurn" classname="GamingTests.CardAndDeckTests" runstate="Runnable" testcasecount="1" result="Passed" start-time="2017-04-29 23:21:18Z" end-time="2017-04-29 23:21:18Z" duration="0.004029" total="1" passed="1" failed="0" warnings="0" inconclusive="0" skipped="0" asserts="4">
          <test-case id="1-1064" name="DrawTurn()" fullname="GamingTests.CardAndDeckTests.DrawTurn()" methodname="DrawTurn" classname="GamingTests.CardAndDeckTests" runstate="Runnable" seed="967539795" result="Passed" start-time="2017-04-29 23:21:18Z" end-time="2017-04-29 23:21:18Z" duration="0.001024" asserts="4" />
        </test-suite>
        <test-suite type="ParameterizedMethod" id="1-1057" name="ShuffleCards" fullname="GamingTests.CardAndDeckTests.ShuffleCards" classname="GamingTests.CardAndDeckTests" runstate="Runnable" testcasecount="1" result="Passed" start-time="2017-04-29 23:21:18Z" end-time="2017-04-29 23:21:18Z" duration="0.005709" total="1" passed="1" failed="0" warnings="0" inconclusive="0" skipped="0" asserts="3">
          <test-case id="1-1056" name="ShuffleCards()" fullname="GamingTests.CardAndDeckTests.ShuffleCards()" methodname="ShuffleCards" classname="GamingTests.CardAndDeckTests" runstate="Runnable" seed="1047647371" result="Passed" start-time="2017-04-29 23:21:18Z" end-time="2017-04-29 23:21:18Z" duration="0.002879" asserts="3" />
        </test-suite>
      </test-suite>
      <test-suite type="TestFixture" id="1-1079" name="GamePlayTests" fullname="GamingTests.GamePlayTests" classname="GamingTests.GamePlayTests" runstate="Runnable" testcasecount="9" result="Passed" start-time="2017-04-29 23:21:18Z" end-time="2017-04-29 23:21:19Z" duration="1.307069" total="9" passed="9" failed="0" warnings="0" inconclusive="0" skipped="0" asserts="10">
        <test-suite type="ParameterizedMethod" id="1-1083" name="AllPlayersCheck" fullname="GamingTests.GamePlayTests.AllPlayersCheck" classname="GamingTests.GamePlayTests" runstate="Runnable" testcasecount="1" result="Passed" start-time="2017-04-29 23:21:18Z" end-time="2017-04-29 23:21:18Z" duration="0.288490" total="1" passed="1" failed="0" warnings="0" inconclusive="0" skipped="0" asserts="1">
          <test-case id="1-1082" name="AllPlayersCheck()" fullname="GamingTests.GamePlayTests.AllPlayersCheck()" methodname="AllPlayersCheck" classname="GamingTests.GamePlayTests" runstate="Runnable" seed="264075744" result="Passed" start-time="2017-04-29 23:21:18Z" end-time="2017-04-29 23:21:18Z" duration="0.285432" asserts="1">
            <output><![CDATA[2
0
1
0
1
2
0
1
2
0
1
2
]]></output>
          </test-case>
        </test-suite>
        <test-suite type="ParameterizedMethod" id="1-1081" name="AllPlayersFold" fullname="GamingTests.GamePlayTests.AllPlayersFold" classname="GamingTests.GamePlayTests" runstate="Runnable" testcasecount="1" result="Passed" start-time="2017-04-29 23:21:18Z" end-time="2017-04-29 23:21:18Z" duration="0.007496" total="1" passed="1" failed="0" warnings="0" inconclusive="0" skipped="0" asserts="1">
          <test-case id="1-1080" name="AllPlayersFold()" fullname="GamingTests.GamePlayTests.AllPlayersFold()" methodname="AllPlayersFold" classname="GamingTests.GamePlayTests" runstate="Runnable" seed="1729636012" result="Passed" start-time="2017-04-29 23:21:18Z" end-time="2017-04-29 23:21:18Z" duration="0.004127" asserts="1">
            <output><![CDATA[2
0
]]></output>
          </test-case>
        </test-suite>
        <test-suite type="ParameterizedMethod" id="1-1091" name="BadBetAndThenFixes" fullname="GamingTests.GamePlayTests.BadBetAndThenFixes" classname="GamingTests.GamePlayTests" runstate="Runnable" testcasecount="1" result="Passed" start-time="2017-04-29 23:21:18Z" end-time="2017-04-29 23:21:19Z" duration="0.039018" total="1" passed="1" failed="0" warnings="0" inconclusive="0" skipped="0" asserts="1">
          <test-case id="1-1090" name="BadBetAndThenFixes()" fullname="GamingTests.GamePlayTests.BadBetAndThenFixes()" methodname="BadBetAndThenFixes" classname="GamingTests.GamePlayTests" runstate="Runnable" seed="1205694206" result="Passed" start-time="2017-04-29 23:21:18Z" end-time="2017-04-29 23:21:19Z" duration="0.035925" asserts="1">
            <output><![CDATA[2
0
1
0
1
2
0
1
0
1
2
0
1
2
0
1
]]></output>
          </test-case>
        </test-suite>
        <test-suite type="ParameterizedMethod" id="1-1093" name="CheckGameReplay_20Moves" fullname="GamingTests.GamePlayTests.CheckGameReplay_20Moves" classname="GamingTests.GamePlayTests" runstate="Runnable" testcasecount="1" result="Passed" start-time="2017-04-29 23:21:19Z" end-time="2017-04-29 23:21:19Z" duration="0.038667" total="1" passed="1" failed="0" warnings="0" inconclusive="0" skipped="0" asserts="1">
          <test-case id="1-1092" name="CheckGameReplay_20Moves()" fullname="GamingTests.GamePlayTests.CheckGameReplay_20Moves()" methodname="CheckGameReplay_20Moves" classname="GamingTests.GamePlayTests" runstate="Runnable" seed="247942769" result="Passed" start-time="2017-04-29 23:21:19Z" end-time="2017-04-29 23:21:19Z" duration="0.035508" asserts="1">
            <output><![CDATA[2
0
1
0
1
2
0
1
0
1
2
0
1
2
0
1
]]></output>
          </test-case>
        </test-suite>
        <test-suite type="ParameterizedMethod" id="1-1095" name="CheckGameReplay_29Moves" fullname="GamingTests.GamePlayTests.CheckGameReplay_29Moves" classname="GamingTests.GamePlayTests" runstate="Runnable" testcasecount="1" result="Passed" start-time="2017-04-29 23:21:19Z" end-time="2017-04-29 23:21:19Z" duration="0.277542" total="1" passed="1" failed="0" warnings="0" inconclusive="0" skipped="0" asserts="1">
          <test-case id="1-1094" name="CheckGameReplay_29Moves()" fullname="GamingTests.GamePlayTests.CheckGameReplay_29Moves()" methodname="CheckGameReplay_29Moves" classname="GamingTests.GamePlayTests" runstate="Runnable" seed="1644935137" result="Passed" start-time="2017-04-29 23:21:19Z" end-time="2017-04-29 23:21:19Z" duration="0.274538" asserts="1">
            <output><![CDATA[2
3
4
0
1
0
1
2
3
4
0
1
0
1
2
3
4
0
1
2
3
4
]]></output>
          </test-case>
        </test-suite>
        <test-suite type="ParameterizedMethod" id="1-1087" name="HeadToHeadAndFold" fullname="GamingTests.GamePlayTests.HeadToHeadAndFold" classname="GamingTests.GamePlayTests" runstate="Runnable" testcasecount="1" result="Passed" start-time="2017-04-29 23:21:19Z" end-time="2017-04-29 23:21:19Z" duration="0.047534" total="1" passed="1" failed="0" warnings="0" inconclusive="0" skipped="0" asserts="1">
          <test-case id="1-1086" name="HeadToHeadAndFold()" fullname="GamingTests.GamePlayTests.HeadToHeadAndFold()" methodname="HeadToHeadAndFold" classname="GamingTests.GamePlayTests" runstate="Runnable" seed="1722832991" result="Passed" start-time="2017-04-29 23:21:19Z" end-time="2017-04-29 23:21:19Z" duration="0.044042" asserts="1">
            <output><![CDATA[2
0
1
0
1
2
0
1
0
1
2
]]></output>
          </test-case>
        </test-suite>
        <test-suite type="ParameterizedMethod" id="1-1089" name="HeadToHeadTwiceAndFold" fullname="GamingTests.GamePlayTests.HeadToHeadTwiceAndFold" classname="GamingTests.GamePlayTests" runstate="Runnable" testcasecount="1" result="Passed" start-time="2017-04-29 23:21:19Z" end-time="2017-04-29 23:21:19Z" duration="0.039061" total="1" passed="1" failed="0" warnings="0" inconclusive="0" skipped="0" asserts="1">
          <test-case id="1-1088" name="HeadToHeadTwiceAndFold()" fullname="GamingTests.GamePlayTests.HeadToHeadTwiceAndFold()" methodname="HeadToHeadTwiceAndFold" classname="GamingTests.GamePlayTests" runstate="Runnable" seed="626146674" result="Passed" start-time="2017-04-29 23:21:19Z" end-time="2017-04-29 23:21:19Z" duration="0.035781" asserts="1">
            <output><![CDATA[2
0
1
0
1
2
0
1
0
1
2
0
1
2
0
]]></output>
          </test-case>
        </test-suite>
        <test-suite type="ParameterizedMethod" id="1-1097" name="MultipleRoundsIn1Game" fullname="GamingTests.GamePlayTests.MultipleRoundsIn1Game" classname="GamingTests.GamePlayTests" runstate="Runnable" testcasecount="1" result="Passed" start-time="2017-04-29 23:21:19Z" end-time="2017-04-29 23:21:19Z" duration="0.492366" total="1" passed="1" failed="0" warnings="0" inconclusive="0" skipped="0" asserts="2">
          <test-case id="1-1096" name="MultipleRoundsIn1Game()" fullname="GamingTests.GamePlayTests.MultipleRoundsIn1Game()" methodname="MultipleRoundsIn1Game" classname="GamingTests.GamePlayTests" runstate="Runnable" seed="1925430533" result="Passed" start-time="2017-04-29 23:21:19Z" end-time="2017-04-29 23:21:19Z" duration="0.488996" asserts="2">
            <output><![CDATA[2
3
4
0
1
0
1
2
3
4
0
1
0
1
2
3
4
0
1
2
3
4
2
3
4
0
1
0
1
2
3
4
0
1
0
1
2
3
4
0
1
2
3
4
]]></output>
          </test-case>
        </test-suite>
        <test-suite type="ParameterizedMethod" id="1-1085" name="PlayersCloseBlindAndThenFold" fullname="GamingTests.GamePlayTests.PlayersCloseBlindAndThenFold" classname="GamingTests.GamePlayTests" runstate="Runnable" testcasecount="1" result="Passed" start-time="2017-04-29 23:21:19Z" end-time="2017-04-29 23:21:19Z" duration="0.047081" total="1" passed="1" failed="0" warnings="0" inconclusive="0" skipped="0" asserts="1">
          <test-case id="1-1084" name="PlayersCloseBlindAndThenFold()" fullname="GamingTests.GamePlayTests.PlayersCloseBlindAndThenFold()" methodname="PlayersCloseBlindAndThenFold" classname="GamingTests.GamePlayTests" runstate="Runnable" seed="721006002" result="Passed" start-time="2017-04-29 23:21:19Z" end-time="2017-04-29 23:21:19Z" duration="0.044281" asserts="1">
            <output><![CDATA[2
0
1
0
1
2
0
1
]]></output>
          </test-case>
        </test-suite>
      </test-suite>
      <test-suite type="TestFixture" id="1-1098" name="GamePropertiesTests" fullname="GamingTests.GamePropertiesTests" classname="GamingTests.GamePropertiesTests" runstate="Runnable" testcasecount="5" result="Passed" start-time="2017-04-29 23:21:19Z" end-time="2017-04-29 23:21:20Z" duration="0.039092" total="5" passed="5" failed="0" warnings="0" inconclusive="0" skipped="0" asserts="11">
        <test-suite type="ParameterizedMethod" id="1-1108" name="ActiveGame" fullname="GamingTests.GamePropertiesTests.ActiveGame" classname="GamingTests.GamePropertiesTests" runstate="Runnable" testcasecount="1" result="Passed" start-time="2017-04-29 23:21:19Z" end-time="2017-04-29 23:21:19Z" duration="0.006063" total="1" passed="1" failed="0" warnings="0" inconclusive="0" skipped="0" asserts="2">
          <test-case id="1-1107" name="ActiveGame()" fullname="GamingTests.GamePropertiesTests.ActiveGame()" methodname="ActiveGame" classname="GamingTests.GamePropertiesTests" runstate="Runnable" seed="2138707672" result="Passed" start-time="2017-04-29 23:21:19Z" end-time="2017-04-29 23:21:19Z" duration="0.002500" asserts="2" />
        </test-suite>
        <test-suite type="ParameterizedMethod" id="1-1104" name="GameStartWithLessThanMinimumPlayers" fullname="GamingTests.GamePropertiesTests.GameStartWithLessThanMinimumPlayers" classname="GamingTests.GamePropertiesTests" runstate="Runnable" testcasecount="1" result="Passed" start-time="2017-04-29 23:21:19Z" end-time="2017-04-29 23:21:19Z" duration="0.004195" total="1" passed="1" failed="0" warnings="0" inconclusive="0" skipped="0" asserts="1">
          <test-case id="1-1103" name="GameStartWithLessThanMinimumPlayers()" fullname="GamingTests.GamePropertiesTests.GameStartWithLessThanMinimumPlayers()" methodname="GameStartWithLessThanMinimumPlayers" classname="GamingTests.GamePropertiesTests" runstate="Runnable" seed="1241063688" result="Passed" start-time="2017-04-29 23:21:19Z" end-time="2017-04-29 23:21:19Z" duration="0.001184" asserts="1" />
        </test-suite>
        <test-suite type="ParameterizedMethod" id="1-1100" name="InvalidGameCreation" fullname="GamingTests.GamePropertiesTests.InvalidGameCreation" classname="GamingTests.GamePropertiesTests" runstate="Runnable" testcasecount="1" result="Passed" start-time="2017-04-29 23:21:19Z" end-time="2017-04-29 23:21:19Z" duration="0.003062" total="1" passed="1" failed="0" warnings="0" inconclusive="0" skipped="0" asserts="0">
          <test-case id="1-1099" name="InvalidGameCreation()" fullname="GamingTests.GamePropertiesTests.InvalidGameCreation()" methodname="InvalidGameCreation" classname="GamingTests.GamePropertiesTests" runstate="Runnable" seed="1842878350" result="Passed" start-time="2017-04-29 23:21:19Z" end-time="2017-04-29 23:21:19Z" duration="0.000209" asserts="0" />
        </test-suite>
        <test-suite type="ParameterizedMethod" id="1-1106" name="MoreThanMaxPlayersJoinGame" fullname="GamingTests.GamePropertiesTests.MoreThanMaxPlayersJoinGame" classname="GamingTests.GamePropertiesTests" runstate="Runnable" testcasecount="1" result="Passed" start-time="2017-04-29 23:21:19Z" end-time="2017-04-29 23:21:19Z" duration="0.004023" total="1" passed="1" failed="0" warnings="0" inconclusive="0" skipped="0" asserts="0">
          <test-case id="1-1105" name="MoreThanMaxPlayersJoinGame()" fullname="GamingTests.GamePropertiesTests.MoreThanMaxPlayersJoinGame()" methodname="MoreThanMaxPlayersJoinGame" classname="GamingTests.GamePropertiesTests" runstate="Runnable" seed="2108303068" result="Passed" start-time="2017-04-29 23:21:19Z" end-time="2017-04-29 23:21:19Z" duration="0.000781" asserts="0" />
        </test-suite>
        <test-suite type="ParameterizedMethod" id="1-1102" name="ValidGameCreation" fullname="GamingTests.GamePropertiesTests.ValidGameCreation" classname="GamingTests.GamePropertiesTests" runstate="Runnable" testcasecount="1" result="Passed" start-time="2017-04-29 23:21:20Z" end-time="2017-04-29 23:21:20Z" duration="0.005017" total="1" passed="1" failed="0" warnings="0" inconclusive="0" skipped="0" asserts="8">
          <test-case id="1-1101" name="ValidGameCreation()" fullname="GamingTests.GamePropertiesTests.ValidGameCreation()" methodname="ValidGameCreation" classname="GamingTests.GamePropertiesTests" runstate="Runnable" seed="1424384244" result="Passed" start-time="2017-04-29 23:21:20Z" end-time="2017-04-29 23:21:20Z" duration="0.002330" asserts="8" />
        </test-suite>
      </test-suite>
      <test-suite type="TestFixture" id="1-1109" name="MoveTests" fullname="GamingTests.MoveTests" classname="GamingTests.MoveTests" runstate="Runnable" testcasecount="4" result="Passed" start-time="2017-04-29 23:21:20Z" end-time="2017-04-29 23:21:20Z" duration="0.155672" total="4" passed="4" failed="0" warnings="0" inconclusive="0" skipped="0" asserts="2">
        <test-suite type="ParameterizedMethod" id="1-1111" name="ValidBetMove" fullname="GamingTests.MoveTests.ValidBetMove" classname="GamingTests.MoveTests" runstate="Runnable" testcasecount="1" result="Passed" start-time="2017-04-29 23:21:20Z" end-time="2017-04-29 23:21:20Z" duration="0.133115" total="1" passed="1" failed="0" warnings="0" inconclusive="0" skipped="0" asserts="2">
          <test-case id="1-1110" name="ValidBetMove()" fullname="GamingTests.MoveTests.ValidBetMove()" methodname="ValidBetMove" classname="GamingTests.MoveTests" runstate="Runnable" seed="770765993" result="Passed" start-time="2017-04-29 23:21:20Z" end-time="2017-04-29 23:21:20Z" duration="0.129683" asserts="2">
            <output><![CDATA[0
1
0
1
0
1
0
1
]]></output>
          </test-case>
        </test-suite>
        <test-suite type="ParameterizedMethod" id="1-1117" name="ValidEndGameMoves" fullname="GamingTests.MoveTests.ValidEndGameMoves" classname="GamingTests.MoveTests" runstate="Runnable" testcasecount="1" result="Passed" start-time="2017-04-29 23:21:20Z" end-time="2017-04-29 23:21:20Z" duration="0.003032" total="1" passed="1" failed="0" warnings="0" inconclusive="0" skipped="0" asserts="0">
          <test-case id="1-1116" name="ValidEndGameMoves()" fullname="GamingTests.MoveTests.ValidEndGameMoves()" methodname="ValidEndGameMoves" classname="GamingTests.MoveTests" runstate="Runnable" seed="1295720483" result="Passed" start-time="2017-04-29 23:21:20Z" end-time="2017-04-29 23:21:20Z" duration="0.000233" asserts="0" />
        </test-suite>
        <test-suite type="ParameterizedMethod" id="1-1113" name="ValidNewCardMove" fullname="GamingTests.MoveTests.ValidNewCardMove" classname="GamingTests.MoveTests" runstate="Runnable" testcasecount="1" result="Passed" start-time="2017-04-29 23:21:20Z" end-time="2017-04-29 23:21:20Z" duration="0.003522" total="1" passed="1" failed="0" warnings="0" inconclusive="0" skipped="0" asserts="0">
          <test-case id="1-1112" name="ValidNewCardMove()" fullname="GamingTests.MoveTests.ValidNewCardMove()" methodname="ValidNewCardMove" classname="GamingTests.MoveTests" runstate="Runnable" seed="1604018652" result="Passed" start-time="2017-04-29 23:21:20Z" end-time="2017-04-29 23:21:20Z" duration="0.000307" asserts="0" />
        </test-suite>
        <test-suite type="ParameterizedMethod" id="1-1115" name="ValidNewGameMove" fullname="GamingTests.MoveTests.ValidNewGameMove" classname="GamingTests.MoveTests" runstate="Runnable" testcasecount="1" result="Passed" start-time="2017-04-29 23:21:20Z" end-time="2017-04-29 23:21:20Z" duration="0.003240" total="1" passed="1" failed="0" warnings="0" inconclusive="0" skipped="0" asserts="0">
          <test-case id="1-1114" name="ValidNewGameMove()" fullname="GamingTests.MoveTests.ValidNewGameMove()" methodname="ValidNewGameMove" classname="GamingTests.MoveTests" runstate="Runnable" seed="394043824" result="Passed" start-time="2017-04-29 23:21:20Z" end-time="2017-04-29 23:21:20Z" duration="0.000248" asserts="0" />
        </test-suite>
      </test-suite>
    </test-suite>
  </test-suite>
  <test-suite type="Assembly" id="2-1100" name="AT.dll" fullname="C:\Users\matan\Desktop\bgu\year 3\2\סדנא\WSEP\Code\TexasHoldem\AT\bin\Debug\AT.dll" runstate="Runnable" testcasecount="46" result="Failed" site="Child" start-time="2017-04-29 23:21:15Z" end-time="2017-04-29 23:21:16Z" duration="1.553182" total="46" passed="44" failed="2" warnings="0" inconclusive="0" skipped="0" asserts="82">
    <environment framework-version="3.6.1.0" clr-version="4.0.30319.42000" os-version="Microsoft Windows NT 10.0.14393.0" platform="Win32NT" cwd="C:\Users\matan\Desktop\bgu\year 3\2\סדנא\WSEP\Code\TexasHoldem" machine-name="NIVHAMAGNIV" user="matan" user-domain="NIVHAMAGNIV" culture="en-US" uiculture="en-US" os-architecture="x64" />
    <settings>
      <setting name="DisposeRunners" value="True" />
      <setting name="WorkDirectory" value="C:\Users\matan\Desktop\bgu\year 3\2\סדנא\WSEP\Code\TexasHoldem" />
      <setting name="ImageRuntimeVersion" value="4.0.30319" />
      <setting name="ImageTargetFrameworkName" value=".NETFramework,Version=v4.5" />
      <setting name="ImageRequiresX86" value="False" />
      <setting name="ImageRequiresDefaultAppDomainAssemblyResolver" value="False" />
      <setting name="NumberOfTestWorkers" value="4" />
    </settings>
    <properties>
      <property name="_PID" value="11512" />
      <property name="_APPDOMAIN" value="domain-98abcda3-AT.dll" />
    </properties>
    <failure>
      <message><![CDATA[One or more child tests had errors]]></message>
    </failure>
    <test-suite type="TestSuite" id="2-1101" name="AT" fullname="AT" runstate="Runnable" testcasecount="46" result="Failed" site="Child" start-time="2017-04-29 23:21:15Z" end-time="2017-04-29 23:21:16Z" duration="1.506219" total="46" passed="44" failed="2" warnings="0" inconclusive="0" skipped="0" asserts="82">
      <failure>
        <message><![CDATA[One or more child tests had errors]]></message>
      </failure>
      <test-suite type="TestFixture" id="2-1000" name="CreateGameAT" fullname="AT.CreateGameAT" classname="AT.CreateGameAT" runstate="Runnable" testcasecount="4" result="Failed" site="Child" start-time="2017-04-29 23:21:15Z" end-time="2017-04-29 23:21:16Z" duration="0.673526" total="4" passed="3" failed="1" warnings="0" inconclusive="0" skipped="0" asserts="6">
        <failure>
          <message><![CDATA[One or more child tests had errors]]></message>
        </failure>
        <test-suite type="ParameterizedMethod" id="2-1008" name="Invalid_createGame_MaxminPlayers" fullname="AT.CreateGameAT.Invalid_createGame_MaxminPlayers" classname="AT.CreateGameAT" runstate="Runnable" testcasecount="1" result="Failed" site="Child" start-time="2017-04-29 23:21:15Z" end-time="2017-04-29 23:21:16Z" duration="0.141154" total="1" passed="0" failed="1" warnings="0" inconclusive="0" skipped="0" asserts="1">
          <failure>
            <message><![CDATA[One or more child tests had errors]]></message>
          </failure>
          <test-case id="2-1007" name="Invalid_createGame_MaxminPlayers()" fullname="AT.CreateGameAT.Invalid_createGame_MaxminPlayers()" methodname="Invalid_createGame_MaxminPlayers" classname="AT.CreateGameAT" runstate="Runnable" seed="888966333" result="Failed" start-time="2017-04-29 23:21:15Z" end-time="2017-04-29 23:21:16Z" duration="0.119772" asserts="1">
            <failure>
              <message><![CDATA[  Expected: <System.InvalidOperationException>
  But was:  null
]]></message>
              <stack-trace><![CDATA[at AT.CreateGameAT.Invalid_createGame_MaxminPlayers() in c:\Users\matan\Desktop\bgu\year 3\2\סדנא\WSEP\Code\TexasHoldem\AT\CreateGameAT.cs:line 43
]]></stack-trace>
            </failure>
            <assertions>
              <assertion result="Failed">
                <message><![CDATA[  Expected: <System.InvalidOperationException>
  But was:  null
]]></message>
                <stack-trace><![CDATA[at AT.CreateGameAT.Invalid_createGame_MaxminPlayers() in c:\Users\matan\Desktop\bgu\year 3\2\סדנא\WSEP\Code\TexasHoldem\AT\CreateGameAT.cs:line 43
]]></stack-trace>
              </assertion>
            </assertions>
          </test-case>
        </test-suite>
        <test-suite type="ParameterizedMethod" id="2-1004" name="Invalid_createGame_maxPlayers" fullname="AT.CreateGameAT.Invalid_createGame_maxPlayers" classname="AT.CreateGameAT" runstate="Runnable" testcasecount="1" result="Passed" start-time="2017-04-29 23:21:16Z" end-time="2017-04-29 23:21:16Z" duration="0.005585" total="1" passed="1" failed="0" warnings="0" inconclusive="0" skipped="0" asserts="2">
          <test-case id="2-1003" name="Invalid_createGame_maxPlayers()" fullname="AT.CreateGameAT.Invalid_createGame_maxPlayers()" methodname="Invalid_createGame_maxPlayers" classname="AT.CreateGameAT" runstate="Runnable" seed="1751358169" result="Passed" start-time="2017-04-29 23:21:16Z" end-time="2017-04-29 23:21:16Z" duration="0.002553" asserts="2" />
        </test-suite>
        <test-suite type="ParameterizedMethod" id="2-1006" name="Invalid_createGame_minPlayers" fullname="AT.CreateGameAT.Invalid_createGame_minPlayers" classname="AT.CreateGameAT" runstate="Runnable" testcasecount="1" result="Passed" start-time="2017-04-29 23:21:16Z" end-time="2017-04-29 23:21:16Z" duration="0.004077" total="1" passed="1" failed="0" warnings="0" inconclusive="0" skipped="0" asserts="2">
          <test-case id="2-1005" name="Invalid_createGame_minPlayers()" fullname="AT.CreateGameAT.Invalid_createGame_minPlayers()" methodname="Invalid_createGame_minPlayers" classname="AT.CreateGameAT" runstate="Runnable" seed="1844611629" result="Passed" start-time="2017-04-29 23:21:16Z" end-time="2017-04-29 23:21:16Z" duration="0.000846" asserts="2" />
        </test-suite>
        <test-suite type="ParameterizedMethod" id="2-1002" name="Valid_createGame" fullname="AT.CreateGameAT.Valid_createGame" classname="AT.CreateGameAT" runstate="Runnable" testcasecount="1" result="Passed" start-time="2017-04-29 23:21:16Z" end-time="2017-04-29 23:21:16Z" duration="0.075824" total="1" passed="1" failed="0" warnings="0" inconclusive="0" skipped="0" asserts="1">
          <test-case id="2-1001" name="Valid_createGame()" fullname="AT.CreateGameAT.Valid_createGame()" methodname="Valid_createGame" classname="AT.CreateGameAT" runstate="Runnable" seed="1040171177" result="Passed" start-time="2017-04-29 23:21:16Z" end-time="2017-04-29 23:21:16Z" duration="0.072555" asserts="1" />
        </test-suite>
      </test-suite>
      <test-suite type="TestFixture" id="2-1009" name="GameAT" fullname="AT.GameAT" classname="AT.GameAT" runstate="Runnable" testcasecount="8" result="Passed" start-time="2017-04-29 23:21:16Z" end-time="2017-04-29 23:21:16Z" duration="0.408337" total="8" passed="8" failed="0" warnings="0" inconclusive="0" skipped="0" asserts="12">
        <test-suite type="ParameterizedMethod" id="2-1019" name="Allin_Fold" fullname="AT.GameAT.Allin_Fold" classname="AT.GameAT" runstate="Runnable" testcasecount="1" result="Passed" start-time="2017-04-29 23:21:16Z" end-time="2017-04-29 23:21:16Z" duration="0.173639" total="1" passed="1" failed="0" warnings="0" inconclusive="0" skipped="0" asserts="1">
          <test-case id="2-1018" name="Allin_Fold()" fullname="AT.GameAT.Allin_Fold()" methodname="Allin_Fold" classname="AT.GameAT" runstate="Runnable" seed="1831676131" result="Passed" start-time="2017-04-29 23:21:16Z" end-time="2017-04-29 23:21:16Z" duration="0.170985" asserts="1">
            <output><![CDATA[2
0
1
0
1
]]></output>
          </test-case>
        </test-suite>
        <test-suite type="ParameterizedMethod" id="2-1021" name="Allin_Fold1" fullname="AT.GameAT.Allin_Fold1" classname="AT.GameAT" runstate="Runnable" testcasecount="1" result="Passed" start-time="2017-04-29 23:21:16Z" end-time="2017-04-29 23:21:16Z" duration="0.035069" total="1" passed="1" failed="0" warnings="0" inconclusive="0" skipped="0" asserts="1">
          <test-case id="2-1020" name="Allin_Fold1()" fullname="AT.GameAT.Allin_Fold1()" methodname="Allin_Fold1" classname="AT.GameAT" runstate="Runnable" seed="1650820587" result="Passed" start-time="2017-04-29 23:21:16Z" end-time="2017-04-29 23:21:16Z" duration="0.032314" asserts="1">
            <output><![CDATA[2
0
1
0
1
2
0
1
2
]]></output>
          </test-case>
        </test-suite>
        <test-suite type="ParameterizedMethod" id="2-1023" name="MovesNumber" fullname="AT.GameAT.MovesNumber" classname="AT.GameAT" runstate="Runnable" testcasecount="1" result="Passed" start-time="2017-04-29 23:21:16Z" end-time="2017-04-29 23:21:16Z" duration="0.066067" total="1" passed="1" failed="0" warnings="0" inconclusive="0" skipped="0" asserts="1">
          <test-case id="2-1022" name="MovesNumber()" fullname="AT.GameAT.MovesNumber()" methodname="MovesNumber" classname="AT.GameAT" runstate="Runnable" seed="470634154" result="Passed" start-time="2017-04-29 23:21:16Z" end-time="2017-04-29 23:21:16Z" duration="0.062842" asserts="1">
            <output><![CDATA[2
0
1
0
1
2
0
1
2
]]></output>
          </test-case>
        </test-suite>
        <test-suite type="ParameterizedMethod" id="2-1011" name="remove_unknown_player" fullname="AT.GameAT.remove_unknown_player" classname="AT.GameAT" runstate="Runnable" testcasecount="1" result="Passed" start-time="2017-04-29 23:21:16Z" end-time="2017-04-29 23:21:16Z" duration="0.006042" total="1" passed="1" failed="0" warnings="0" inconclusive="0" skipped="0" asserts="2">
          <test-case id="2-1010" name="remove_unknown_player()" fullname="AT.GameAT.remove_unknown_player()" methodname="remove_unknown_player" classname="AT.GameAT" runstate="Runnable" seed="2143018520" result="Passed" start-time="2017-04-29 23:21:16Z" end-time="2017-04-29 23:21:16Z" duration="0.002992" asserts="2" />
        </test-suite>
        <test-suite type="ParameterizedMethod" id="2-1015" name="RemovePlayerFromGame" fullname="AT.GameAT.RemovePlayerFromGame" classname="AT.GameAT" runstate="Runnable" testcasecount="1" result="Passed" start-time="2017-04-29 23:21:16Z" end-time="2017-04-29 23:21:16Z" duration="0.020057" total="1" passed="1" failed="0" warnings="0" inconclusive="0" skipped="0" asserts="2">
          <test-case id="2-1014" name="RemovePlayerFromGame()" fullname="AT.GameAT.RemovePlayerFromGame()" methodname="RemovePlayerFromGame" classname="AT.GameAT" runstate="Runnable" seed="1800295820" result="Passed" start-time="2017-04-29 23:21:16Z" end-time="2017-04-29 23:21:16Z" duration="0.016245" asserts="2" />
        </test-suite>
        <test-suite type="ParameterizedMethod" id="2-1017" name="RemoveSpectatorFromGame" fullname="AT.GameAT.RemoveSpectatorFromGame" classname="AT.GameAT" runstate="Runnable" testcasecount="1" result="Passed" start-time="2017-04-29 23:21:16Z" end-time="2017-04-29 23:21:16Z" duration="0.012039" total="1" passed="1" failed="0" warnings="0" inconclusive="0" skipped="0" asserts="2">
          <test-case id="2-1016" name="RemoveSpectatorFromGame()" fullname="AT.GameAT.RemoveSpectatorFromGame()" methodname="RemoveSpectatorFromGame" classname="AT.GameAT" runstate="Runnable" seed="1850730949" result="Passed" start-time="2017-04-29 23:21:16Z" end-time="2017-04-29 23:21:16Z" duration="0.008082" asserts="2" />
        </test-suite>
        <test-suite type="ParameterizedMethod" id="2-1025" name="resetPotSize" fullname="AT.GameAT.resetPotSize" classname="AT.GameAT" runstate="Runnable" testcasecount="1" result="Passed" start-time="2017-04-29 23:21:16Z" end-time="2017-04-29 23:21:16Z" duration="0.061864" total="1" passed="1" failed="0" warnings="0" inconclusive="0" skipped="0" asserts="1">
          <test-case id="2-1024" name="resetPotSize()" fullname="AT.GameAT.resetPotSize()" methodname="resetPotSize" classname="AT.GameAT" runstate="Runnable" seed="1776243969" result="Passed" start-time="2017-04-29 23:21:16Z" end-time="2017-04-29 23:21:16Z" duration="0.053296" asserts="1">
            <output><![CDATA[2
0
1
0
1
2
0
1
2
]]></output>
          </test-case>
        </test-suite>
        <test-suite type="ParameterizedMethod" id="2-1013" name="start_game_with_less_than_minPlayers" fullname="AT.GameAT.start_game_with_less_than_minPlayers" classname="AT.GameAT" runstate="Runnable" testcasecount="1" result="Passed" start-time="2017-04-29 23:21:16Z" end-time="2017-04-29 23:21:16Z" duration="0.005982" total="1" passed="1" failed="0" warnings="0" inconclusive="0" skipped="0" asserts="2">
          <test-case id="2-1012" name="start_game_with_less_than_minPlayers()" fullname="AT.GameAT.start_game_with_less_than_minPlayers()" methodname="start_game_with_less_than_minPlayers" classname="AT.GameAT" runstate="Runnable" seed="53430213" result="Passed" start-time="2017-04-29 23:21:16Z" end-time="2017-04-29 23:21:16Z" duration="0.001537" asserts="2" />
        </test-suite>
      </test-suite>
      <test-suite type="TestFixture" id="2-1026" name="Join_SpectateGameAT" fullname="AT.Join_SpectateGameAT" classname="AT.Join_SpectateGameAT" runstate="Runnable" testcasecount="7" result="Passed" start-time="2017-04-29 23:21:16Z" end-time="2017-04-29 23:21:16Z" duration="0.081079" total="7" passed="7" failed="0" warnings="0" inconclusive="0" skipped="0" asserts="13">
        <test-suite type="ParameterizedMethod" id="2-1030" name="InValid_joinGame_Buyin" fullname="AT.Join_SpectateGameAT.InValid_joinGame_Buyin" classname="AT.Join_SpectateGameAT" runstate="Runnable" testcasecount="1" result="Passed" start-time="2017-04-29 23:21:16Z" end-time="2017-04-29 23:21:16Z" duration="0.022034" total="1" passed="1" failed="0" warnings="0" inconclusive="0" skipped="0" asserts="2">
          <test-case id="2-1029" name="InValid_joinGame_Buyin()" fullname="AT.Join_SpectateGameAT.InValid_joinGame_Buyin()" methodname="InValid_joinGame_Buyin" classname="AT.Join_SpectateGameAT" runstate="Runnable" seed="1742554133" result="Passed" start-time="2017-04-29 23:21:16Z" end-time="2017-04-29 23:21:16Z" duration="0.019328" asserts="2" />
        </test-suite>
        <test-suite type="ParameterizedMethod" id="2-1032" name="InValid_joinGame_Credit" fullname="AT.Join_SpectateGameAT.InValid_joinGame_Credit" classname="AT.Join_SpectateGameAT" runstate="Runnable" testcasecount="1" result="Passed" start-time="2017-04-29 23:21:16Z" end-time="2017-04-29 23:21:16Z" duration="0.004021" total="1" passed="1" failed="0" warnings="0" inconclusive="0" skipped="0" asserts="2">
          <test-case id="2-1031" name="InValid_joinGame_Credit()" fullname="AT.Join_SpectateGameAT.InValid_joinGame_Credit()" methodname="InValid_joinGame_Credit" classname="AT.Join_SpectateGameAT" runstate="Runnable" seed="783216040" result="Passed" start-time="2017-04-29 23:21:16Z" end-time="2017-04-29 23:21:16Z" duration="0.001484" asserts="2" />
        </test-suite>
        <test-suite type="ParameterizedMethod" id="2-1034" name="InValid_joinGame_MaxPlayers" fullname="AT.Join_SpectateGameAT.InValid_joinGame_MaxPlayers" classname="AT.Join_SpectateGameAT" runstate="Runnable" testcasecount="1" result="Passed" start-time="2017-04-29 23:21:16Z" end-time="2017-04-29 23:21:16Z" duration="0.005524" total="1" passed="1" failed="0" warnings="0" inconclusive="0" skipped="0" asserts="2">
          <test-case id="2-1033" name="InValid_joinGame_MaxPlayers()" fullname="AT.Join_SpectateGameAT.InValid_joinGame_MaxPlayers()" methodname="InValid_joinGame_MaxPlayers" classname="AT.Join_SpectateGameAT" runstate="Runnable" seed="1188429867" result="Passed" start-time="2017-04-29 23:21:16Z" end-time="2017-04-29 23:21:16Z" duration="0.002600" asserts="2" />
        </test-suite>
        <test-suite type="ParameterizedMethod" id="2-1040" name="valid_gameListByName" fullname="AT.Join_SpectateGameAT.valid_gameListByName" classname="AT.Join_SpectateGameAT" runstate="Runnable" testcasecount="1" result="Passed" start-time="2017-04-29 23:21:16Z" end-time="2017-04-29 23:21:16Z" duration="0.009574" total="1" passed="1" failed="0" warnings="0" inconclusive="0" skipped="0" asserts="2">
          <test-case id="2-1039" name="valid_gameListByName()" fullname="AT.Join_SpectateGameAT.valid_gameListByName()" methodname="valid_gameListByName" classname="AT.Join_SpectateGameAT" runstate="Runnable" seed="625419766" result="Passed" start-time="2017-04-29 23:21:16Z" end-time="2017-04-29 23:21:16Z" duration="0.006415" asserts="2" />
        </test-suite>
        <test-suite type="ParameterizedMethod" id="2-1028" name="Valid_joinGame" fullname="AT.Join_SpectateGameAT.Valid_joinGame" classname="AT.Join_SpectateGameAT" runstate="Runnable" testcasecount="1" result="Passed" start-time="2017-04-29 23:21:16Z" end-time="2017-04-29 23:21:16Z" duration="0.005041" total="1" passed="1" failed="0" warnings="0" inconclusive="0" skipped="0" asserts="2">
          <test-case id="2-1027" name="Valid_joinGame()" fullname="AT.Join_SpectateGameAT.Valid_joinGame()" methodname="Valid_joinGame" classname="AT.Join_SpectateGameAT" runstate="Runnable" seed="2125893298" result="Passed" start-time="2017-04-29 23:21:16Z" end-time="2017-04-29 23:21:16Z" duration="0.001630" asserts="2" />
        </test-suite>
        <test-suite type="ParameterizedMethod" id="2-1036" name="valid_spectateGame" fullname="AT.Join_SpectateGameAT.valid_spectateGame" classname="AT.Join_SpectateGameAT" runstate="Runnable" testcasecount="1" result="Passed" start-time="2017-04-29 23:21:16Z" end-time="2017-04-29 23:21:16Z" duration="0.008028" total="1" passed="1" failed="0" warnings="0" inconclusive="0" skipped="0" asserts="2">
          <test-case id="2-1035" name="valid_spectateGame()" fullname="AT.Join_SpectateGameAT.valid_spectateGame()" methodname="valid_spectateGame" classname="AT.Join_SpectateGameAT" runstate="Runnable" seed="108614445" result="Passed" start-time="2017-04-29 23:21:16Z" end-time="2017-04-29 23:21:16Z" duration="0.005137" asserts="2" />
        </test-suite>
        <test-suite type="ParameterizedMethod" id="2-1038" name="valid_spectateGamesList" fullname="AT.Join_SpectateGameAT.valid_spectateGamesList" classname="AT.Join_SpectateGameAT" runstate="Runnable" testcasecount="1" result="Passed" start-time="2017-04-29 23:21:16Z" end-time="2017-04-29 23:21:16Z" duration="0.004514" total="1" passed="1" failed="0" warnings="0" inconclusive="0" skipped="0" asserts="1">
          <test-case id="2-1037" name="valid_spectateGamesList()" fullname="AT.Join_SpectateGameAT.valid_spectateGamesList()" methodname="valid_spectateGamesList" classname="AT.Join_SpectateGameAT" runstate="Runnable" seed="475979789" result="Passed" start-time="2017-04-29 23:21:16Z" end-time="2017-04-29 23:21:16Z" duration="0.001691" asserts="1" />
        </test-suite>
      </test-suite>
      <test-suite type="TestFixture" id="2-1041" name="LeaguesAT" fullname="AT.LeaguesAT" classname="AT.LeaguesAT" runstate="Runnable" testcasecount="10" result="Passed" start-time="2017-04-29 23:21:16Z" end-time="2017-04-29 23:21:16Z" duration="0.127605" total="10" passed="10" failed="0" warnings="0" inconclusive="0" skipped="0" asserts="15">
        <test-suite type="ParameterizedMethod" id="2-1057" name="Add_to_2_Leagues" fullname="AT.LeaguesAT.Add_to_2_Leagues" classname="AT.LeaguesAT" runstate="Runnable" testcasecount="1" result="Passed" start-time="2017-04-29 23:21:16Z" end-time="2017-04-29 23:21:16Z" duration="0.023438" total="1" passed="1" failed="0" warnings="0" inconclusive="0" skipped="0" asserts="3">
          <test-case id="2-1056" name="Add_to_2_Leagues()" fullname="AT.LeaguesAT.Add_to_2_Leagues()" methodname="Add_to_2_Leagues" classname="AT.LeaguesAT" runstate="Runnable" seed="2129132569" result="Passed" start-time="2017-04-29 23:21:16Z" end-time="2017-04-29 23:21:16Z" duration="0.020934" asserts="3" />
        </test-suite>
        <test-suite type="ParameterizedMethod" id="2-1053" name="addUserToMyLeague" fullname="AT.LeaguesAT.addUserToMyLeague" classname="AT.LeaguesAT" runstate="Runnable" testcasecount="1" result="Passed" start-time="2017-04-29 23:21:16Z" end-time="2017-04-29 23:21:16Z" duration="0.007210" total="1" passed="1" failed="0" warnings="0" inconclusive="0" skipped="0" asserts="2">
          <test-case id="2-1052" name="addUserToMyLeague()" fullname="AT.LeaguesAT.addUserToMyLeague()" methodname="addUserToMyLeague" classname="AT.LeaguesAT" runstate="Runnable" seed="1424123782" result="Passed" start-time="2017-04-29 23:21:16Z" end-time="2017-04-29 23:21:16Z" duration="0.004385" asserts="2" />
        </test-suite>
        <test-suite type="ParameterizedMethod" id="2-1055" name="addUserToWrongLeague" fullname="AT.LeaguesAT.addUserToWrongLeague" classname="AT.LeaguesAT" runstate="Runnable" testcasecount="1" result="Passed" start-time="2017-04-29 23:21:16Z" end-time="2017-04-29 23:21:16Z" duration="0.003577" total="1" passed="1" failed="0" warnings="0" inconclusive="0" skipped="0" asserts="1">
          <test-case id="2-1054" name="addUserToWrongLeague()" fullname="AT.LeaguesAT.addUserToWrongLeague()" methodname="addUserToWrongLeague" classname="AT.LeaguesAT" runstate="Runnable" seed="1361125829" result="Passed" start-time="2017-04-29 23:21:16Z" end-time="2017-04-29 23:21:16Z" duration="0.000576" asserts="1" />
        </test-suite>
        <test-suite type="ParameterizedMethod" id="2-1051" name="changeRank_changeLeagueDown" fullname="AT.LeaguesAT.changeRank_changeLeagueDown" classname="AT.LeaguesAT" runstate="Runnable" testcasecount="1" result="Passed" start-time="2017-04-29 23:21:16Z" end-time="2017-04-29 23:21:16Z" duration="0.007590" total="1" passed="1" failed="0" warnings="0" inconclusive="0" skipped="0" asserts="2">
          <test-case id="2-1050" name="changeRank_changeLeagueDown()" fullname="AT.LeaguesAT.changeRank_changeLeagueDown()" methodname="changeRank_changeLeagueDown" classname="AT.LeaguesAT" runstate="Runnable" seed="1094536396" result="Passed" start-time="2017-04-29 23:21:16Z" end-time="2017-04-29 23:21:16Z" duration="0.004557" asserts="2" />
        </test-suite>
        <test-suite type="ParameterizedMethod" id="2-1049" name="changeRank_changeLeagueUP" fullname="AT.LeaguesAT.changeRank_changeLeagueUP" classname="AT.LeaguesAT" runstate="Runnable" testcasecount="1" result="Passed" start-time="2017-04-29 23:21:16Z" end-time="2017-04-29 23:21:16Z" duration="0.015374" total="1" passed="1" failed="0" warnings="0" inconclusive="0" skipped="0" asserts="1">
          <test-case id="2-1048" name="changeRank_changeLeagueUP()" fullname="AT.LeaguesAT.changeRank_changeLeagueUP()" methodname="changeRank_changeLeagueUP" classname="AT.LeaguesAT" runstate="Runnable" seed="423051482" result="Passed" start-time="2017-04-29 23:21:16Z" end-time="2017-04-29 23:21:16Z" duration="0.011488" asserts="1" />
        </test-suite>
        <test-suite type="ParameterizedMethod" id="2-1047" name="changeRank_SameLeague" fullname="AT.LeaguesAT.changeRank_SameLeague" classname="AT.LeaguesAT" runstate="Runnable" testcasecount="1" result="Passed" start-time="2017-04-29 23:21:16Z" end-time="2017-04-29 23:21:16Z" duration="0.006143" total="1" passed="1" failed="0" warnings="0" inconclusive="0" skipped="0" asserts="1">
          <test-case id="2-1046" name="changeRank_SameLeague()" fullname="AT.LeaguesAT.changeRank_SameLeague()" methodname="changeRank_SameLeague" classname="AT.LeaguesAT" runstate="Runnable" seed="87074413" result="Passed" start-time="2017-04-29 23:21:16Z" end-time="2017-04-29 23:21:16Z" duration="0.001588" asserts="1" />
        </test-suite>
        <test-suite type="ParameterizedMethod" id="2-1061" name="idleUser_League" fullname="AT.LeaguesAT.idleUser_League" classname="AT.LeaguesAT" runstate="Runnable" testcasecount="1" result="Passed" start-time="2017-04-29 23:21:16Z" end-time="2017-04-29 23:21:16Z" duration="0.010821" total="1" passed="1" failed="0" warnings="0" inconclusive="0" skipped="0" asserts="0">
          <test-case id="2-1060" name="idleUser_League()" fullname="AT.LeaguesAT.idleUser_League()" methodname="idleUser_League" classname="AT.LeaguesAT" runstate="Runnable" seed="485890364" result="Passed" start-time="2017-04-29 23:21:16Z" end-time="2017-04-29 23:21:16Z" duration="0.000372" asserts="0" />
        </test-suite>
        <test-suite type="ParameterizedMethod" id="2-1059" name="newLeague_ToRankLeague" fullname="AT.LeaguesAT.newLeague_ToRankLeague" classname="AT.LeaguesAT" runstate="Runnable" testcasecount="1" result="Passed" start-time="2017-04-29 23:21:16Z" end-time="2017-04-29 23:21:16Z" duration="0.004250" total="1" passed="1" failed="0" warnings="0" inconclusive="0" skipped="0" asserts="0">
          <test-case id="2-1058" name="newLeague_ToRankLeague()" fullname="AT.LeaguesAT.newLeague_ToRankLeague()" methodname="newLeague_ToRankLeague" classname="AT.LeaguesAT" runstate="Runnable" seed="1534709746" result="Passed" start-time="2017-04-29 23:21:16Z" end-time="2017-04-29 23:21:16Z" duration="0.000386" asserts="0" />
        </test-suite>
        <test-suite type="ParameterizedMethod" id="2-1043" name="success_createLeague" fullname="AT.LeaguesAT.success_createLeague" classname="AT.LeaguesAT" runstate="Runnable" testcasecount="1" result="Passed" start-time="2017-04-29 23:21:16Z" end-time="2017-04-29 23:21:16Z" duration="0.005037" total="1" passed="1" failed="0" warnings="0" inconclusive="0" skipped="0" asserts="2">
          <test-case id="2-1042" name="success_createLeague()" fullname="AT.LeaguesAT.success_createLeague()" methodname="success_createLeague" classname="AT.LeaguesAT" runstate="Runnable" seed="70926559" result="Passed" start-time="2017-04-29 23:21:16Z" end-time="2017-04-29 23:21:16Z" duration="0.001505" asserts="2" />
        </test-suite>
        <test-suite type="ParameterizedMethod" id="2-1045" name="unsuccessful_createLeague" fullname="AT.LeaguesAT.unsuccessful_createLeague" classname="AT.LeaguesAT" runstate="Runnable" testcasecount="1" result="Passed" start-time="2017-04-29 23:21:16Z" end-time="2017-04-29 23:21:16Z" duration="0.003516" total="1" passed="1" failed="0" warnings="0" inconclusive="0" skipped="0" asserts="3">
          <test-case id="2-1044" name="unsuccessful_createLeague()" fullname="AT.LeaguesAT.unsuccessful_createLeague()" methodname="unsuccessful_createLeague" classname="AT.LeaguesAT" runstate="Runnable" seed="1487285414" result="Passed" start-time="2017-04-29 23:21:16Z" end-time="2017-04-29 23:21:16Z" duration="0.000668" asserts="3" />
        </test-suite>
      </test-suite>
      <test-suite type="TestFixture" id="2-1062" name="LoginAT" fullname="AT.LoginAT" classname="AT.LoginAT" runstate="Runnable" testcasecount="4" result="Passed" start-time="2017-04-29 23:21:16Z" end-time="2017-04-29 23:21:16Z" duration="0.041351" total="4" passed="4" failed="0" warnings="0" inconclusive="0" skipped="0" asserts="12">
        <test-suite type="ParameterizedMethod" id="2-1070" name="AllreadyLoggedin_LoginTest" fullname="AT.LoginAT.AllreadyLoggedin_LoginTest" classname="AT.LoginAT" runstate="Runnable" testcasecount="1" result="Passed" start-time="2017-04-29 23:21:16Z" end-time="2017-04-29 23:21:16Z" duration="0.011045" total="1" passed="1" failed="0" warnings="0" inconclusive="0" skipped="0" asserts="1">
          <test-case id="2-1069" name="AllreadyLoggedin_LoginTest()" fullname="AT.LoginAT.AllreadyLoggedin_LoginTest()" methodname="AllreadyLoggedin_LoginTest" classname="AT.LoginAT" runstate="Runnable" seed="1266249987" result="Passed" start-time="2017-04-29 23:21:16Z" end-time="2017-04-29 23:21:16Z" duration="0.008254" asserts="1" />
        </test-suite>
        <test-suite type="ParameterizedMethod" id="2-1068" name="passwordIncorrect_LoginTest" fullname="AT.LoginAT.passwordIncorrect_LoginTest" classname="AT.LoginAT" runstate="Runnable" testcasecount="1" result="Passed" start-time="2017-04-29 23:21:16Z" end-time="2017-04-29 23:21:16Z" duration="0.006033" total="1" passed="1" failed="0" warnings="0" inconclusive="0" skipped="0" asserts="6">
          <test-case id="2-1067" name="passwordIncorrect_LoginTest()" fullname="AT.LoginAT.passwordIncorrect_LoginTest()" methodname="passwordIncorrect_LoginTest" classname="AT.LoginAT" runstate="Runnable" seed="956982202" result="Passed" start-time="2017-04-29 23:21:16Z" end-time="2017-04-29 23:21:16Z" duration="0.001006" asserts="6" />
        </test-suite>
        <test-suite type="ParameterizedMethod" id="2-1064" name="Success_LoginTest" fullname="AT.LoginAT.Success_LoginTest" classname="AT.LoginAT" runstate="Runnable" testcasecount="1" result="Passed" start-time="2017-04-29 23:21:16Z" end-time="2017-04-29 23:21:16Z" duration="0.004359" total="1" passed="1" failed="0" warnings="0" inconclusive="0" skipped="0" asserts="1">
          <test-case id="2-1063" name="Success_LoginTest()" fullname="AT.LoginAT.Success_LoginTest()" methodname="Success_LoginTest" classname="AT.LoginAT" runstate="Runnable" seed="89044570" result="Passed" start-time="2017-04-29 23:21:16Z" end-time="2017-04-29 23:21:16Z" duration="0.000539" asserts="1" />
        </test-suite>
        <test-suite type="ParameterizedMethod" id="2-1066" name="usernameNotExist_LoginTest" fullname="AT.LoginAT.usernameNotExist_LoginTest" classname="AT.LoginAT" runstate="Runnable" testcasecount="1" result="Passed" start-time="2017-04-29 23:21:16Z" end-time="2017-04-29 23:21:16Z" duration="0.006545" total="1" passed="1" failed="0" warnings="0" inconclusive="0" skipped="0" asserts="4">
          <test-case id="2-1065" name="usernameNotExist_LoginTest()" fullname="AT.LoginAT.usernameNotExist_LoginTest()" methodname="usernameNotExist_LoginTest" classname="AT.LoginAT" runstate="Runnable" seed="192786285" result="Passed" start-time="2017-04-29 23:21:16Z" end-time="2017-04-29 23:21:16Z" duration="0.002363" asserts="4" />
        </test-suite>
      </test-suite>
      <test-suite type="TestFixture" id="2-1071" name="LogoutAT" fullname="AT.LogoutAT" classname="AT.LogoutAT" runstate="Runnable" testcasecount="2" result="Passed" start-time="2017-04-29 23:21:16Z" end-time="2017-04-29 23:21:16Z" duration="0.017365" total="2" passed="2" failed="0" warnings="0" inconclusive="0" skipped="0" asserts="4">
[...]
          <test-case id="3-1005" name="addUserToAppropriateLeague()" fullname="SystemTests.GameCenterLeagueTest.addUserToAppropriateLeague()" methodname="addUserToAppropriateLeague" classname="SystemTests.GameCenterLeagueTest" runstate="Runnable" seed="2140186559" result="Passed" start-time="2017-04-29 23:21:17Z" end-time="2017-04-29 23:21:17Z" duration="0.078231" asserts="3" />
        </test-suite>
        <test-suite type="ParameterizedMethod" id="3-1008" name="addUserToNotAppropriateLeague" fullname="SystemTests.GameCenterLeagueTest.addUserToNotAppropriateLeague" classname="SystemTests.GameCenterLeagueTest" runstate="Runnable" testcasecount="1" result="Passed" start-time="2017-04-29 23:21:17Z" end-time="2017-04-29 23:21:17Z" duration="0.005083" total="1" passed="1" failed="0" warnings="0" inconclusive="0" skipped="0" asserts="3">
          <test-case id="3-1007" name="addUserToNotAppropriateLeague()" fullname="SystemTests.GameCenterLeagueTest.addUserToNotAppropriateLeague()" methodname="addUserToNotAppropriateLeague" classname="SystemTests.GameCenterLeagueTest" runstate="Runnable" seed="360845807" result="Passed" start-time="2017-04-29 23:21:17Z" end-time="2017-04-29 23:21:17Z" duration="0.001538" asserts="3" />
        </test-suite>
        <test-suite type="ParameterizedMethod" id="3-1016" name="changeLeagueMinimumRank2Test" fullname="SystemTests.GameCenterLeagueTest.changeLeagueMinimumRank2Test" classname="SystemTests.GameCenterLeagueTest" runstate="Runnable" testcasecount="1" result="Passed" start-time="2017-04-29 23:21:17Z" end-time="2017-04-29 23:21:17Z" duration="0.012054" total="1" passed="1" failed="0" warnings="0" inconclusive="0" skipped="0" asserts="4">
          <test-case id="3-1015" name="changeLeagueMinimumRank2Test()" fullname="SystemTests.GameCenterLeagueTest.changeLeagueMinimumRank2Test()" methodname="changeLeagueMinimumRank2Test" classname="SystemTests.GameCenterLeagueTest" runstate="Runnable" seed="1082050459" result="Passed" start-time="2017-04-29 23:21:17Z" end-time="2017-04-29 23:21:17Z" duration="0.009236" asserts="4" />
        </test-suite>
        <test-suite type="ParameterizedMethod" id="3-1014" name="changeLeagueMinimumRankTest" fullname="SystemTests.GameCenterLeagueTest.changeLeagueMinimumRankTest" classname="SystemTests.GameCenterLeagueTest" runstate="Runnable" testcasecount="1" result="Passed" start-time="2017-04-29 23:21:17Z" end-time="2017-04-29 23:21:17Z" duration="0.005388" total="1" passed="1" failed="0" warnings="0" inconclusive="0" skipped="0" asserts="4">
          <test-case id="3-1013" name="changeLeagueMinimumRankTest()" fullname="SystemTests.GameCenterLeagueTest.changeLeagueMinimumRankTest()" methodname="changeLeagueMinimumRankTest" classname="SystemTests.GameCenterLeagueTest" runstate="Runnable" seed="783168524" result="Passed" start-time="2017-04-29 23:21:17Z" end-time="2017-04-29 23:21:17Z" duration="0.002240" asserts="4" />
        </test-suite>
        <test-suite type="ParameterizedMethod" id="3-1018" name="changeLeagueMinimumRankToExistedLeagueTest" fullname="SystemTests.GameCenterLeagueTest.changeLeagueMinimumRankToExistedLeagueTest" classname="SystemTests.GameCenterLeagueTest" runstate="Runnable" testcasecount="1" result="Passed" start-time="2017-04-29 23:21:17Z" end-time="2017-04-29 23:21:17Z" duration="0.007444" total="1" passed="1" failed="0" warnings="0" inconclusive="0" skipped="0" asserts="3">
          <test-case id="3-1017" name="changeLeagueMinimumRankToExistedLeagueTest()" fullname="SystemTests.GameCenterLeagueTest.changeLeagueMinimumRankToExistedLeagueTest()" methodname="changeLeagueMinimumRankToExistedLeagueTest" classname="SystemTests.GameCenterLeagueTest" runstate="Runnable" seed="1374323859" result="Passed" start-time="2017-04-29 23:21:17Z" end-time="2017-04-29 23:21:17Z" duration="0.000514" asserts="3" />
        </test-suite>
        <test-suite type="ParameterizedMethod" id="3-1002" name="CreateNewLeagueTest" fullname="SystemTests.GameCenterLeagueTest.CreateNewLeagueTest" classname="SystemTests.GameCenterLeagueTest" runstate="Runnable" testcasecount="1" result="Passed" start-time="2017-04-29 23:21:17Z" end-time="2017-04-29 23:21:17Z" duration="0.004042" total="1" passed="1" failed="0" warnings="0" inconclusive="0" skipped="0" asserts="2">
          <test-case id="3-1001" name="CreateNewLeagueTest()" fullname="SystemTests.GameCenterLeagueTest.CreateNewLeagueTest()" methodname="CreateNewLeagueTest" classname="SystemTests.GameCenterLeagueTest" runstate="Runnable" seed="1741751735" result="Passed" start-time="2017-04-29 23:21:17Z" end-time="2017-04-29 23:21:17Z" duration="0.001003" asserts="2" />
        </test-suite>
        <test-suite type="ParameterizedMethod" id="3-1004" name="CreateNewLeagueWithSameRankTest" fullname="SystemTests.GameCenterLeagueTest.CreateNewLeagueWithSameRankTest" classname="SystemTests.GameCenterLeagueTest" runstate="Runnable" testcasecount="1" result="Passed" start-time="2017-04-29 23:21:17Z" end-time="2017-04-29 23:21:17Z" duration="0.003541" total="1" passed="1" failed="0" warnings="0" inconclusive="0" skipped="0" asserts="3">
          <test-case id="3-1003" name="CreateNewLeagueWithSameRankTest()" fullname="SystemTests.GameCenterLeagueTest.CreateNewLeagueWithSameRankTest()" methodname="CreateNewLeagueWithSameRankTest" classname="SystemTests.GameCenterLeagueTest" runstate="Runnable" seed="1103105000" result="Passed" start-time="2017-04-29 23:21:17Z" end-time="2017-04-29 23:21:17Z" duration="0.000606" asserts="3" />
        </test-suite>
        <test-suite type="ParameterizedMethod" id="3-1010" name="removeExistedUser" fullname="SystemTests.GameCenterLeagueTest.removeExistedUser" classname="SystemTests.GameCenterLeagueTest" runstate="Runnable" testcasecount="1" result="Passed" start-time="2017-04-29 23:21:17Z" end-time="2017-04-29 23:21:17Z" duration="0.003537" total="1" passed="1" failed="0" warnings="0" inconclusive="0" skipped="0" asserts="5">
          <test-case id="3-1009" name="removeExistedUser()" fullname="SystemTests.GameCenterLeagueTest.removeExistedUser()" methodname="removeExistedUser" classname="SystemTests.GameCenterLeagueTest" runstate="Runnable" seed="2140293402" result="Passed" start-time="2017-04-29 23:21:17Z" end-time="2017-04-29 23:21:17Z" duration="0.000818" asserts="5" />
        </test-suite>
        <test-suite type="ParameterizedMethod" id="3-1012" name="removeUnExistedUser" fullname="SystemTests.GameCenterLeagueTest.removeUnExistedUser" classname="SystemTests.GameCenterLeagueTest" runstate="Runnable" testcasecount="1" result="Passed" start-time="2017-04-29 23:21:17Z" end-time="2017-04-29 23:21:17Z" duration="0.006681" total="1" passed="1" failed="0" warnings="0" inconclusive="0" skipped="0" asserts="2">
          <test-case id="3-1011" name="removeUnExistedUser()" fullname="SystemTests.GameCenterLeagueTest.removeUnExistedUser()" methodname="removeUnExistedUser" classname="SystemTests.GameCenterLeagueTest" runstate="Runnable" seed="344287951" result="Passed" start-time="2017-04-29 23:21:17Z" end-time="2017-04-29 23:21:17Z" duration="0.000599" asserts="2" />
        </test-suite>
        <test-suite type="ParameterizedMethod" id="3-1024" name="setUsersTest" fullname="SystemTests.GameCenterLeagueTest.setUsersTest" classname="SystemTests.GameCenterLeagueTest" runstate="Runnable" testcasecount="1" result="Passed" start-time="2017-04-29 23:21:17Z" end-time="2017-04-29 23:21:17Z" duration="0.027987" total="1" passed="1" failed="0" warnings="0" inconclusive="0" skipped="0" asserts="2">
          <test-case id="3-1023" name="setUsersTest()" fullname="SystemTests.GameCenterLeagueTest.setUsersTest()" methodname="setUsersTest" classname="SystemTests.GameCenterLeagueTest" runstate="Runnable" seed="1396425814" result="Passed" start-time="2017-04-29 23:21:17Z" end-time="2017-04-29 23:21:17Z" duration="0.025302" asserts="2" />
        </test-suite>
        <test-suite type="ParameterizedMethod" id="3-1020" name="updateLeaguesTest" fullname="SystemTests.GameCenterLeagueTest.updateLeaguesTest" classname="SystemTests.GameCenterLeagueTest" runstate="Runnable" testcasecount="1" result="Passed" start-time="2017-04-29 23:21:17Z" end-time="2017-04-29 23:21:17Z" duration="0.006995" total="1" passed="1" failed="0" warnings="0" inconclusive="0" skipped="0" asserts="2">
          <test-case id="3-1019" name="updateLeaguesTest()" fullname="SystemTests.GameCenterLeagueTest.updateLeaguesTest()" methodname="updateLeaguesTest" classname="SystemTests.GameCenterLeagueTest" runstate="Runnable" seed="1642853448" result="Passed" start-time="2017-04-29 23:21:17Z" end-time="2017-04-29 23:21:17Z" duration="0.003839" asserts="2" />
        </test-suite>
        <test-suite type="ParameterizedMethod" id="3-1022" name="updateLeaguesWithoutChangeTest" fullname="SystemTests.GameCenterLeagueTest.updateLeaguesWithoutChangeTest" classname="SystemTests.GameCenterLeagueTest" runstate="Runnable" testcasecount="1" result="Passed" start-time="2017-04-29 23:21:17Z" end-time="2017-04-29 23:21:17Z" duration="0.004026" total="1" passed="1" failed="0" warnings="0" inconclusive="0" skipped="0" asserts="2">
          <test-case id="3-1021" name="updateLeaguesWithoutChangeTest()" fullname="SystemTests.GameCenterLeagueTest.updateLeaguesWithoutChangeTest()" methodname="updateLeaguesWithoutChangeTest" classname="SystemTests.GameCenterLeagueTest" runstate="Runnable" seed="1721662186" result="Passed" start-time="2017-04-29 23:21:17Z" end-time="2017-04-29 23:21:17Z" duration="0.000873" asserts="2" />
        </test-suite>
      </test-suite>
      <test-suite type="TestFixture" id="3-1025" name="GameCenterTest" fullname="SystemTests.GameCenterTest" classname="SystemTests.GameCenterTest" runstate="Runnable" testcasecount="5" result="Passed" start-time="2017-04-29 23:21:17Z" end-time="2017-04-29 23:21:17Z" duration="0.096155" total="5" passed="5" failed="0" warnings="0" inconclusive="0" skipped="0" asserts="10">
        <test-suite type="ParameterizedMethod" id="3-1027" name="createGameTest" fullname="SystemTests.GameCenterTest.createGameTest" classname="SystemTests.GameCenterTest" runstate="Runnable" testcasecount="1" result="Passed" start-time="2017-04-29 23:21:17Z" end-time="2017-04-29 23:21:17Z" duration="0.026186" total="1" passed="1" failed="0" warnings="0" inconclusive="0" skipped="0" asserts="1">
          <test-case id="3-1026" name="createGameTest()" fullname="SystemTests.GameCenterTest.createGameTest()" methodname="createGameTest" classname="SystemTests.GameCenterTest" runstate="Runnable" seed="89821318" result="Passed" start-time="2017-04-29 23:21:17Z" end-time="2017-04-29 23:21:17Z" duration="0.023437" asserts="1" />
        </test-suite>
        <test-suite type="ParameterizedMethod" id="3-1031" name="getAllActiveGamesByPlayerNameTest" fullname="SystemTests.GameCenterTest.getAllActiveGamesByPlayerNameTest" classname="SystemTests.GameCenterTest" runstate="Runnable" testcasecount="1" result="Passed" start-time="2017-04-29 23:21:17Z" end-time="2017-04-29 23:21:17Z" duration="0.023551" total="1" passed="1" failed="0" warnings="0" inconclusive="0" skipped="0" asserts="1">
          <test-case id="3-1030" name="getAllActiveGamesByPlayerNameTest()" fullname="SystemTests.GameCenterTest.getAllActiveGamesByPlayerNameTest()" methodname="getAllActiveGamesByPlayerNameTest" classname="SystemTests.GameCenterTest" runstate="Runnable" seed="262086118" result="Passed" start-time="2017-04-29 23:21:17Z" end-time="2017-04-29 23:21:17Z" duration="0.019631" asserts="1" />
        </test-suite>
        <test-suite type="ParameterizedMethod" id="3-1029" name="getAllSpectatingGamesTest" fullname="SystemTests.GameCenterTest.getAllSpectatingGamesTest" classname="SystemTests.GameCenterTest" runstate="Runnable" testcasecount="1" result="Passed" start-time="2017-04-29 23:21:17Z" end-time="2017-04-29 23:21:17Z" duration="0.006019" total="1" passed="1" failed="0" warnings="0" inconclusive="0" skipped="0" asserts="1">
          <test-case id="3-1028" name="getAllSpectatingGamesTest()" fullname="SystemTests.GameCenterTest.getAllSpectatingGamesTest()" methodname="getAllSpectatingGamesTest" classname="SystemTests.GameCenterTest" runstate="Runnable" seed="1807007075" result="Passed" start-time="2017-04-29 23:21:17Z" end-time="2017-04-29 23:21:17Z" duration="0.003346" asserts="1" />
        </test-suite>
        <test-suite type="ParameterizedMethod" id="3-1033" name="joinGameTest" fullname="SystemTests.GameCenterTest.joinGameTest" classname="SystemTests.GameCenterTest" runstate="Runnable" testcasecount="1" result="Passed" start-time="2017-04-29 23:21:17Z" end-time="2017-04-29 23:21:17Z" duration="0.004834" total="1" passed="1" failed="0" warnings="0" inconclusive="0" skipped="0" asserts="5">
          <test-case id="3-1032" name="joinGameTest()" fullname="SystemTests.GameCenterTest.joinGameTest()" methodname="joinGameTest" classname="SystemTests.GameCenterTest" runstate="Runnable" seed="1060148187" result="Passed" start-time="2017-04-29 23:21:17Z" end-time="2017-04-29 23:21:17Z" duration="0.001504" asserts="5" />
        </test-suite>
        <test-suite type="ParameterizedMethod" id="3-1035" name="spectateGameTest" fullname="SystemTests.GameCenterTest.spectateGameTest" classname="SystemTests.GameCenterTest" runstate="Runnable" testcasecount="1" result="Passed" start-time="2017-04-29 23:21:17Z" end-time="2017-04-29 23:21:17Z" duration="0.006528" total="1" passed="1" failed="0" warnings="0" inconclusive="0" skipped="0" asserts="2">
          <test-case id="3-1034" name="spectateGameTest()" fullname="SystemTests.GameCenterTest.spectateGameTest()" methodname="spectateGameTest" classname="SystemTests.GameCenterTest" runstate="Runnable" seed="178071030" result="Passed" start-time="2017-04-29 23:21:17Z" end-time="2017-04-29 23:21:17Z" duration="0.003606" asserts="2" />
        </test-suite>
      </test-suite>
      <test-suite type="TestFixture" id="3-1036" name="testUserSystem" fullname="SystemTests.testUserSystem" classname="SystemTests.testUserSystem" runstate="Runnable" testcasecount="7" result="Passed" start-time="2017-04-29 23:21:17Z" end-time="2017-04-29 23:21:18Z" duration="0.058337" total="7" passed="7" failed="0" warnings="0" inconclusive="0" skipped="0" asserts="10">
        <test-suite type="ParameterizedMethod" id="3-1050" name="editAvatarTest" fullname="SystemTests.testUserSystem.editAvatarTest" classname="SystemTests.testUserSystem" runstate="Runnable" testcasecount="1" result="Passed" start-time="2017-04-29 23:21:17Z" end-time="2017-04-29 23:21:18Z" duration="0.006536" total="1" passed="1" failed="0" warnings="0" inconclusive="0" skipped="0" asserts="0">
          <test-case id="3-1049" name="editAvatarTest()" fullname="SystemTests.testUserSystem.editAvatarTest()" methodname="editAvatarTest" classname="SystemTests.testUserSystem" runstate="Runnable" seed="1027224635" result="Passed" start-time="2017-04-29 23:21:17Z" end-time="2017-04-29 23:21:17Z" duration="0.003485" asserts="0" />
        </test-suite>
        <test-suite type="ParameterizedMethod" id="3-1048" name="editProfileToLoggedOutUser" fullname="SystemTests.testUserSystem.editProfileToLoggedOutUser" classname="SystemTests.testUserSystem" runstate="Runnable" testcasecount="1" result="Passed" start-time="2017-04-29 23:21:18Z" end-time="2017-04-29 23:21:18Z" duration="0.005842" total="1" passed="1" failed="0" warnings="0" inconclusive="0" skipped="0" asserts="1">
          <test-case id="3-1047" name="editProfileToLoggedOutUser()" fullname="SystemTests.testUserSystem.editProfileToLoggedOutUser()" methodname="editProfileToLoggedOutUser" classname="SystemTests.testUserSystem" runstate="Runnable" seed="1814797285" result="Passed" start-time="2017-04-29 23:21:18Z" end-time="2017-04-29 23:21:18Z" duration="0.002284" asserts="1" />
        </test-suite>
        <test-suite type="ParameterizedMethod" id="3-1046" name="editUsernameAndPasswordTest" fullname="SystemTests.testUserSystem.editUsernameAndPasswordTest" classname="SystemTests.testUserSystem" runstate="Runnable" testcasecount="1" result="Passed" start-time="2017-04-29 23:21:18Z" end-time="2017-04-29 23:21:18Z" duration="0.004032" total="1" passed="1" failed="0" warnings="0" inconclusive="0" skipped="0" asserts="4">
          <test-case id="3-1045" name="editUsernameAndPasswordTest()" fullname="SystemTests.testUserSystem.editUsernameAndPasswordTest()" methodname="editUsernameAndPasswordTest" classname="SystemTests.testUserSystem" runstate="Runnable" seed="1494301061" result="Passed" start-time="2017-04-29 23:21:18Z" end-time="2017-04-29 23:21:18Z" duration="0.001466" asserts="4" />
        </test-suite>
        <test-suite type="ParameterizedMethod" id="3-1044" name="failureLoginTest" fullname="SystemTests.testUserSystem.failureLoginTest" classname="SystemTests.testUserSystem" runstate="Runnable" testcasecount="1" result="Passed" start-time="2017-04-29 23:21:18Z" end-time="2017-04-29 23:21:18Z" duration="0.005036" total="1" passed="1" failed="0" warnings="0" inconclusive="0" skipped="0" asserts="1">
          <test-case id="3-1043" name="failureLoginTest()" fullname="SystemTests.testUserSystem.failureLoginTest()" methodname="failureLoginTest" classname="SystemTests.testUserSystem" runstate="Runnable" seed="1654046789" result="Passed" start-time="2017-04-29 23:21:18Z" end-time="2017-04-29 23:21:18Z" duration="0.001125" asserts="1" />
        </test-suite>
        <test-suite type="ParameterizedMethod" id="3-1038" name="registerTest" fullname="SystemTests.testUserSystem.registerTest" classname="SystemTests.testUserSystem" runstate="Runnable" testcasecount="1" result="Passed" start-time="2017-04-29 23:21:18Z" end-time="2017-04-29 23:21:18Z" duration="0.003025" total="1" passed="1" failed="0" warnings="0" inconclusive="0" skipped="0" asserts="1">
          <test-case id="3-1037" name="registerTest()" fullname="SystemTests.testUserSystem.registerTest()" methodname="registerTest" classname="SystemTests.testUserSystem" runstate="Runnable" seed="998903661" result="Passed" start-time="2017-04-29 23:21:18Z" end-time="2017-04-29 23:21:18Z" duration="0.000349" asserts="1" />
        </test-suite>
        <test-suite type="ParameterizedMethod" id="3-1040" name="registerWithUsedNameTest" fullname="SystemTests.testUserSystem.registerWithUsedNameTest" classname="SystemTests.testUserSystem" runstate="Runnable" testcasecount="1" result="Passed" start-time="2017-04-29 23:21:18Z" end-time="2017-04-29 23:21:18Z" duration="0.003021" total="1" passed="1" failed="0" warnings="0" inconclusive="0" skipped="0" asserts="2">
          <test-case id="3-1039" name="registerWithUsedNameTest()" fullname="SystemTests.testUserSystem.registerWithUsedNameTest()" methodname="registerWithUsedNameTest" classname="SystemTests.testUserSystem" runstate="Runnable" seed="1331283674" result="Passed" start-time="2017-04-29 23:21:18Z" end-time="2017-04-29 23:21:18Z" duration="0.000342" asserts="2" />
        </test-suite>
        <test-suite type="ParameterizedMethod" id="3-1042" name="SuccesfullLoginTest" fullname="SystemTests.testUserSystem.SuccesfullLoginTest" classname="SystemTests.testUserSystem" runstate="Runnable" testcasecount="1" result="Passed" start-time="2017-04-29 23:21:18Z" end-time="2017-04-29 23:21:18Z" duration="0.007125" total="1" passed="1" failed="0" warnings="0" inconclusive="0" skipped="0" asserts="1">
          <test-case id="3-1041" name="SuccesfullLoginTest()" fullname="SystemTests.testUserSystem.SuccesfullLoginTest()" methodname="SuccesfullLoginTest" classname="SystemTests.testUserSystem" runstate="Runnable" seed="2040733255" result="Passed" start-time="2017-04-29 23:21:18Z" end-time="2017-04-29 23:21:18Z" duration="0.000928" asserts="1" />
        </test-suite>
      </test-suite>
    </test-suite>
  </test-suite>
</test-run>