<?xml version="1.0" encoding="utf-8" standalone="no"?>
<test-run id="2" testcasecount="126" result="Failed" total="126" passed="125" failed="1" inconclusive="0" skipped="0" asserts="227" engine-version="3.6.1.0" clr-version="4.0.30319.42000" start-time="2017-04-30 08:33:48Z" end-time="2017-04-30 08:34:00Z" duration="12.341752">
  <command-line><![CDATA["C:\Users\matan\Desktop\bgu\year 3\2\סדנא\WSEP\Code\TexasHoldem\.\packages\NUnit.ConsoleRunner.3.6.1\tools\nunit3-console.exe" .\GamingTests\bin\Debug\GamingTests.dll .\AT\bin\Debug\AT.dll .\SystemTests\bin\Debug\SystemTests.dll]]></command-line>
  <test-suite type="Assembly" id="1-1118" name="GamingTests.dll" fullname="C:\Users\matan\Desktop\bgu\year 3\2\סדנא\WSEP\Code\TexasHoldem\GamingTests\bin\Debug\GamingTests.dll" runstate="Runnable" testcasecount="56" result="Passed" start-time="2017-04-30 08:33:54Z" end-time="2017-04-30 08:34:00Z" duration="5.988628" total="56" passed="56" failed="0" warnings="0" inconclusive="0" skipped="0" asserts="87">
    <environment framework-version="3.6.1.0" clr-version="4.0.30319.42000" os-version="Microsoft Windows NT 10.0.14393.0" platform="Win32NT" cwd="C:\Users\matan\Desktop\bgu\year 3\2\סדנא\WSEP\Code\TexasHoldem" machine-name="NIVHAMAGNIV" user="matan" user-domain="NIVHAMAGNIV" culture="en-US" uiculture="en-US" os-architecture="x64" />
    <settings>
      <setting name="DisposeRunners" value="True" />
      <setting name="WorkDirectory" value="C:\Users\matan\Desktop\bgu\year 3\2\סדנא\WSEP\Code\TexasHoldem" />
      <setting name="ImageRuntimeVersion" value="4.0.30319" />
      <setting name="ImageTargetFrameworkName" value=".NETFramework,Version=v4.5" />
      <setting name="ImageRequiresX86" value="False" />
      <setting name="ImageRequiresDefaultAppDomainAssemblyResolver" value="False" />
      <setting name="NumberOfTestWorkers" value="4" />
    </settings>
    <properties>
      <property name="_PID" value="528" />
      <property name="_APPDOMAIN" value="domain-2ffc6dfa-GamingTests.dll" />
    </properties>
    <test-suite type="TestSuite" id="1-1120" name="Gaming" fullname="Gaming" runstate="Runnable" testcasecount="6" result="Passed" start-time="2017-04-30 08:33:54Z" end-time="2017-04-30 08:33:55Z" duration="0.541209" total="6" passed="6" failed="0" warnings="0" inconclusive="0" skipped="0" asserts="10">
      <test-suite type="TestFixture" id="1-1066" name="GameParticipantsTests" fullname="Gaming.GameParticipantsTests" classname="Gaming.GameParticipantsTests" runstate="Runnable" testcasecount="6" result="Passed" start-time="2017-04-30 08:33:54Z" end-time="2017-04-30 08:33:55Z" duration="0.499446" total="6" passed="6" failed="0" warnings="0" inconclusive="0" skipped="0" asserts="10">
        <test-suite type="ParameterizedMethod" id="1-1068" name="AddPlayerToGame" fullname="Gaming.GameParticipantsTests.AddPlayerToGame" classname="Gaming.GameParticipantsTests" runstate="Runnable" testcasecount="1" result="Passed" start-time="2017-04-30 08:33:54Z" end-time="2017-04-30 08:33:54Z" duration="0.128946" total="1" passed="1" failed="0" warnings="0" inconclusive="0" skipped="0" asserts="2">
          <test-case id="1-1067" name="AddPlayerToGame()" fullname="Gaming.GameParticipantsTests.AddPlayerToGame()" methodname="AddPlayerToGame" classname="Gaming.GameParticipantsTests" runstate="Runnable" seed="1653621995" result="Passed" start-time="2017-04-30 08:33:54Z" end-time="2017-04-30 08:33:54Z" duration="0.094541" asserts="2" />
        </test-suite>
        <test-suite type="ParameterizedMethod" id="1-1074" name="AddSpectatorsToGameThatDoesntAllowSpecators" fullname="Gaming.GameParticipantsTests.AddSpectatorsToGameThatDoesntAllowSpecators" classname="Gaming.GameParticipantsTests" runstate="Runnable" testcasecount="1" result="Passed" start-time="2017-04-30 08:33:54Z" end-time="2017-04-30 08:33:54Z" duration="0.037856" total="1" passed="1" failed="0" warnings="0" inconclusive="0" skipped="0" asserts="1">
          <test-case id="1-1073" name="AddSpectatorsToGameThatDoesntAllowSpecators()" fullname="Gaming.GameParticipantsTests.AddSpectatorsToGameThatDoesntAllowSpecators()" methodname="AddSpectatorsToGameThatDoesntAllowSpecators" classname="Gaming.GameParticipantsTests" runstate="Runnable" seed="414724273" result="Passed" start-time="2017-04-30 08:33:54Z" end-time="2017-04-30 08:33:54Z" duration="0.016656" asserts="1" />
        </test-suite>
        <test-suite type="ParameterizedMethod" id="1-1070" name="AddSpectatorToGame" fullname="Gaming.GameParticipantsTests.AddSpectatorToGame" classname="Gaming.GameParticipantsTests" runstate="Runnable" testcasecount="1" result="Passed" start-time="2017-04-30 08:33:54Z" end-time="2017-04-30 08:33:54Z" duration="0.031273" total="1" passed="1" failed="0" warnings="0" inconclusive="0" skipped="0" asserts="2">
          <test-case id="1-1069" name="AddSpectatorToGame()" fullname="Gaming.GameParticipantsTests.AddSpectatorToGame()" methodname="AddSpectatorToGame" classname="Gaming.GameParticipantsTests" runstate="Runnable" seed="1510931411" result="Passed" start-time="2017-04-30 08:33:54Z" end-time="2017-04-30 08:33:54Z" duration="0.001732" asserts="2" />
        </test-suite>
        <test-suite type="ParameterizedMethod" id="1-1072" name="ChatTest" fullname="Gaming.GameParticipantsTests.ChatTest" classname="Gaming.GameParticipantsTests" runstate="Runnable" testcasecount="1" result="Passed" start-time="2017-04-30 08:33:54Z" end-time="2017-04-30 08:33:54Z" duration="0.031305" total="1" passed="1" failed="0" warnings="0" inconclusive="0" skipped="0" asserts="1">
          <test-case id="1-1071" name="ChatTest()" fullname="Gaming.GameParticipantsTests.ChatTest()" methodname="ChatTest" classname="Gaming.GameParticipantsTests" runstate="Runnable" seed="1424278136" result="Passed" start-time="2017-04-30 08:33:54Z" end-time="2017-04-30 08:33:54Z" duration="0.008803" asserts="1" />
        </test-suite>
        <test-suite type="ParameterizedMethod" id="1-1076" name="RemovePlayerFromGame" fullname="Gaming.GameParticipantsTests.RemovePlayerFromGame" classname="Gaming.GameParticipantsTests" runstate="Runnable" testcasecount="1" result="Passed" start-time="2017-04-30 08:33:54Z" end-time="2017-04-30 08:33:55Z" duration="0.052597" total="1" passed="1" failed="0" warnings="0" inconclusive="0" skipped="0" asserts="2">
          <test-case id="1-1075" name="RemovePlayerFromGame()" fullname="Gaming.GameParticipantsTests.RemovePlayerFromGame()" methodname="RemovePlayerFromGame" classname="Gaming.GameParticipantsTests" runstate="Runnable" seed="2008650180" result="Passed" start-time="2017-04-30 08:33:54Z" end-time="2017-04-30 08:33:54Z" duration="0.023908" asserts="2" />
        </test-suite>
        <test-suite type="ParameterizedMethod" id="1-1078" name="RemoveSpectatorFromGame" fullname="Gaming.GameParticipantsTests.RemoveSpectatorFromGame" classname="Gaming.GameParticipantsTests" runstate="Runnable" testcasecount="1" result="Passed" start-time="2017-04-30 08:33:55Z" end-time="2017-04-30 08:33:55Z" duration="0.031321" total="1" passed="1" failed="0" warnings="0" inconclusive="0" skipped="0" asserts="2">
          <test-case id="1-1077" name="RemoveSpectatorFromGame()" fullname="Gaming.GameParticipantsTests.RemoveSpectatorFromGame()" methodname="RemoveSpectatorFromGame" classname="Gaming.GameParticipantsTests" runstate="Runnable" seed="642975101" result="Passed" start-time="2017-04-30 08:33:55Z" end-time="2017-04-30 08:33:55Z" duration="0.001652" asserts="2" />
        </test-suite>
      </test-suite>
    </test-suite>
    <test-suite type="TestSuite" id="1-1119" name="GamingTests" fullname="GamingTests" runstate="Runnable" testcasecount="50" result="Passed" start-time="2017-04-30 08:33:54Z" end-time="2017-04-30 08:34:00Z" duration="5.928179" total="50" passed="50" failed="0" warnings="0" inconclusive="0" skipped="0" asserts="77">
      <test-suite type="TestFixture" id="1-1000" name="CardAnalyzerTest" fullname="GamingTests.CardAnalyzerTest" classname="GamingTests.CardAnalyzerTest" runstate="Runnable" testcasecount="24" result="Passed" start-time="2017-04-30 08:33:55Z" end-time="2017-04-30 08:33:57Z" duration="2.021947" total="24" passed="24" failed="0" warnings="0" inconclusive="0" skipped="0" asserts="24">
        <test-suite type="ParameterizedMethod" id="1-1040" name="fullHouseAnalyzeTest" fullname="GamingTests.CardAnalyzerTest.fullHouseAnalyzeTest" classname="GamingTests.CardAnalyzerTest" runstate="Runnable" testcasecount="1" result="Passed" start-time="2017-04-30 08:33:55Z" end-time="2017-04-30 08:33:55Z" duration="0.035440" total="1" passed="1" failed="0" warnings="0" inconclusive="0" skipped="0" asserts="1">
          <test-case id="1-1039" name="fullHouseAnalyzeTest()" fullname="GamingTests.CardAnalyzerTest.fullHouseAnalyzeTest()" methodname="fullHouseAnalyzeTest" classname="GamingTests.CardAnalyzerTest" runstate="Runnable" seed="1127684643" result="Passed" start-time="2017-04-30 08:33:55Z" end-time="2017-04-30 08:33:55Z" duration="0.028145" asserts="1" />
        </test-suite>
        <test-suite type="ParameterizedMethod" id="1-1022" name="hasFlushTest" fullname="GamingTests.CardAnalyzerTest.hasFlushTest" classname="GamingTests.CardAnalyzerTest" runstate="Runnable" testcasecount="1" result="Passed" start-time="2017-04-30 08:33:55Z" end-time="2017-04-30 08:33:55Z" duration="0.048553" total="1" passed="1" failed="0" warnings="0" inconclusive="0" skipped="0" asserts="1">
          <test-case id="1-1021" name="hasFlushTest()" fullname="GamingTests.CardAnalyzerTest.hasFlushTest()" methodname="hasFlushTest" classname="GamingTests.CardAnalyzerTest" runstate="Runnable" seed="1041594647" result="Passed" start-time="2017-04-30 08:33:55Z" end-time="2017-04-30 08:33:55Z" duration="0.023843" asserts="1" />
        </test-suite>
        <test-suite type="ParameterizedMethod" id="1-1014" name="hasFourOfAKindTest" fullname="GamingTests.CardAnalyzerTest.hasFourOfAKindTest" classname="GamingTests.CardAnalyzerTest" runstate="Runnable" testcasecount="1" result="Passed" start-time="2017-04-30 08:33:55Z" end-time="2017-04-30 08:33:55Z" duration="0.037944" total="1" passed="1" failed="0" warnings="0" inconclusive="0" skipped="0" asserts="1">
          <test-case id="1-1013" name="hasFourOfAKindTest()" fullname="GamingTests.CardAnalyzerTest.hasFourOfAKindTest()" methodname="hasFourOfAKindTest" classname="GamingTests.CardAnalyzerTest" runstate="Runnable" seed="1030209709" result="Passed" start-time="2017-04-30 08:33:55Z" end-time="2017-04-30 08:33:55Z" duration="0.009940" asserts="1" />
        </test-suite>
        <test-suite type="ParameterizedMethod" id="1-1018" name="hasFullHouseTest" fullname="GamingTests.CardAnalyzerTest.hasFullHouseTest" classname="GamingTests.CardAnalyzerTest" runstate="Runnable" testcasecount="1" result="Passed" start-time="2017-04-30 08:33:55Z" end-time="2017-04-30 08:33:55Z" duration="0.031180" total="1" passed="1" failed="0" warnings="0" inconclusive="0" skipped="0" asserts="1">
          <test-case id="1-1017" name="hasFullHouseTest()" fullname="GamingTests.CardAnalyzerTest.hasFullHouseTest()" methodname="hasFullHouseTest" classname="GamingTests.CardAnalyzerTest" runstate="Runnable" seed="868292788" result="Passed" start-time="2017-04-30 08:33:55Z" end-time="2017-04-30 08:33:55Z" duration="0.013586" asserts="1" />
        </test-suite>
        <test-suite type="ParameterizedMethod" id="1-1002" name="hasRoyalFlushTest" fullname="GamingTests.CardAnalyzerTest.hasRoyalFlushTest" classname="GamingTests.CardAnalyzerTest" runstate="Runnable" testcasecount="1" result="Passed" start-time="2017-04-30 08:33:55Z" end-time="2017-04-30 08:33:55Z" duration="0.031288" total="1" passed="1" failed="0" warnings="0" inconclusive="0" skipped="0" asserts="1">
          <test-case id="1-1001" name="hasRoyalFlushTest()" fullname="GamingTests.CardAnalyzerTest.hasRoyalFlushTest()" methodname="hasRoyalFlushTest" classname="GamingTests.CardAnalyzerTest" runstate="Runnable" seed="65014286" result="Passed" start-time="2017-04-30 08:33:55Z" end-time="2017-04-30 08:33:55Z" duration="0.000890" asserts="1" />
        </test-suite>
        <test-suite type="ParameterizedMethod" id="1-1012" name="hasStraightFlush2Test" fullname="GamingTests.CardAnalyzerTest.hasStraightFlush2Test" classname="GamingTests.CardAnalyzerTest" runstate="Runnable" testcasecount="1" result="Passed" start-time="2017-04-30 08:33:55Z" end-time="2017-04-30 08:33:55Z" duration="0.037995" total="1" passed="1" failed="0" warnings="0" inconclusive="0" skipped="0" asserts="1">
          <test-case id="1-1011" name="hasStraightFlush2Test()" fullname="GamingTests.CardAnalyzerTest.hasStraightFlush2Test()" methodname="hasStraightFlush2Test" classname="GamingTests.CardAnalyzerTest" runstate="Runnable" seed="331513117" result="Passed" start-time="2017-04-30 08:33:55Z" end-time="2017-04-30 08:33:55Z" duration="0.006401" asserts="1" />
        </test-suite>
        <test-suite type="ParameterizedMethod" id="1-1010" name="hasStraightFlushTest" fullname="GamingTests.CardAnalyzerTest.hasStraightFlushTest" classname="GamingTests.CardAnalyzerTest" runstate="Runnable" testcasecount="1" result="Passed" start-time="2017-04-30 08:33:55Z" end-time="2017-04-30 08:33:55Z" duration="0.031198" total="1" passed="1" failed="0" warnings="0" inconclusive="0" skipped="0" asserts="1">
          <test-case id="1-1009" name="hasStraightFlushTest()" fullname="GamingTests.CardAnalyzerTest.hasStraightFlushTest()" methodname="hasStraightFlushTest" classname="GamingTests.CardAnalyzerTest" runstate="Runnable" seed="2103337293" result="Passed" start-time="2017-04-30 08:33:55Z" end-time="2017-04-30 08:33:55Z" duration="0.006209" asserts="1" />
        </test-suite>
        <test-suite type="ParameterizedMethod" id="1-1026" name="hasStraightTest" fullname="GamingTests.CardAnalyzerTest.hasStraightTest" classname="GamingTests.CardAnalyzerTest" runstate="Runnable" testcasecount="1" result="Passed" start-time="2017-04-30 08:33:55Z" end-time="2017-04-30 08:33:55Z" duration="0.062541" total="1" passed="1" failed="0" warnings="0" inconclusive="0" skipped="0" asserts="1">
          <test-case id="1-1025" name="hasStraightTest()" fullname="GamingTests.CardAnalyzerTest.hasStraightTest()" methodname="hasStraightTest" classname="GamingTests.CardAnalyzerTest" runstate="Runnable" seed="578077092" result="Passed" start-time="2017-04-30 08:33:55Z" end-time="2017-04-30 08:33:55Z" duration="0.034168" asserts="1" />
        </test-suite>
        <test-suite type="ParameterizedMethod" id="1-1030" name="hasThreeOfAKindTest" fullname="GamingTests.CardAnalyzerTest.hasThreeOfAKindTest" classname="GamingTests.CardAnalyzerTest" runstate="Runnable" testcasecount="1" result="Passed" start-time="2017-04-30 08:33:55Z" end-time="2017-04-30 08:33:55Z" duration="0.062441" total="1" passed="1" failed="0" warnings="0" inconclusive="0" skipped="0" asserts="1">
          <test-case id="1-1029" name="hasThreeOfAKindTest()" fullname="GamingTests.CardAnalyzerTest.hasThreeOfAKindTest()" methodname="hasThreeOfAKindTest" classname="GamingTests.CardAnalyzerTest" runstate="Runnable" seed="922698890" result="Passed" start-time="2017-04-30 08:33:55Z" end-time="2017-04-30 08:33:55Z" duration="0.035775" asserts="1" />
        </test-suite>
        <test-suite type="ParameterizedMethod" id="1-1034" name="hasTwoPairTest" fullname="GamingTests.CardAnalyzerTest.hasTwoPairTest" classname="GamingTests.CardAnalyzerTest" runstate="Runnable" testcasecount="1" result="Passed" start-time="2017-04-30 08:33:55Z" end-time="2017-04-30 08:33:55Z" duration="0.062581" total="1" passed="1" failed="0" warnings="0" inconclusive="0" skipped="0" asserts="1">
          <test-case id="1-1033" name="hasTwoPairTest()" fullname="GamingTests.CardAnalyzerTest.hasTwoPairTest()" methodname="hasTwoPairTest" classname="GamingTests.CardAnalyzerTest" runstate="Runnable" seed="1472813188" result="Passed" start-time="2017-04-30 08:33:55Z" end-time="2017-04-30 08:33:55Z" duration="0.031958" asserts="1" />
        </test-suite>
        <test-suite type="ParameterizedMethod" id="1-1038" name="highCardAnalyzeTest" fullname="GamingTests.CardAnalyzerTest.highCardAnalyzeTest" classname="GamingTests.CardAnalyzerTest" runstate="Runnable" testcasecount="1" result="Passed" start-time="2017-04-30 08:33:55Z" end-time="2017-04-30 08:33:55Z" duration="0.062469" total="1" passed="1" failed="0" warnings="0" inconclusive="0" skipped="0" asserts="1">
          <test-case id="1-1037" name="highCardAnalyzeTest()" fullname="GamingTests.CardAnalyzerTest.highCardAnalyzeTest()" methodname="highCardAnalyzeTest" classname="GamingTests.CardAnalyzerTest" runstate="Runnable" seed="1949185490" result="Passed" start-time="2017-04-30 08:33:55Z" end-time="2017-04-30 08:33:55Z" duration="0.041393" asserts="1" />
        </test-suite>
        <test-suite type="ParameterizedMethod" id="1-1044" name="highStraightAnalyzeTest" fullname="GamingTests.CardAnalyzerTest.highStraightAnalyzeTest" classname="GamingTests.CardAnalyzerTest" runstate="Runnable" testcasecount="1" result="Passed" start-time="2017-04-30 08:33:55Z" end-time="2017-04-30 08:33:56Z" duration="0.078128" total="1" passed="1" failed="0" warnings="0" inconclusive="0" skipped="0" asserts="1">
          <test-case id="1-1043" name="highStraightAnalyzeTest()" fullname="GamingTests.CardAnalyzerTest.highStraightAnalyzeTest()" methodname="highStraightAnalyzeTest" classname="GamingTests.CardAnalyzerTest" runstate="Runnable" seed="749016099" result="Passed" start-time="2017-04-30 08:33:56Z" end-time="2017-04-30 08:33:56Z" duration="0.049907" asserts="1" />
        </test-suite>
        <test-suite type="ParameterizedMethod" id="1-1042" name="lowStraightAnalyzeTest" fullname="GamingTests.CardAnalyzerTest.lowStraightAnalyzeTest" classname="GamingTests.CardAnalyzerTest" runstate="Runnable" testcasecount="1" result="Passed" start-time="2017-04-30 08:33:56Z" end-time="2017-04-30 08:33:56Z" duration="0.085228" total="1" passed="1" failed="0" warnings="0" inconclusive="0" skipped="0" asserts="1">
          <test-case id="1-1041" name="lowStraightAnalyzeTest()" fullname="GamingTests.CardAnalyzerTest.lowStraightAnalyzeTest()" methodname="lowStraightAnalyzeTest" classname="GamingTests.CardAnalyzerTest" runstate="Runnable" seed="982752841" result="Passed" start-time="2017-04-30 08:33:56Z" end-time="2017-04-30 08:33:56Z" duration="0.054218" asserts="1" />
        </test-suite>
        <test-suite type="ParameterizedMethod" id="1-1024" name="noFlushTest" fullname="GamingTests.CardAnalyzerTest.noFlushTest" classname="GamingTests.CardAnalyzerTest" runstate="Runnable" testcasecount="1" result="Passed" start-time="2017-04-30 08:33:56Z" end-time="2017-04-30 08:33:56Z" duration="0.100113" total="1" passed="1" failed="0" warnings="0" inconclusive="0" skipped="0" asserts="1">
          <test-case id="1-1023" name="noFlushTest()" fullname="GamingTests.CardAnalyzerTest.noFlushTest()" methodname="noFlushTest" classname="GamingTests.CardAnalyzerTest" runstate="Runnable" seed="140329913" result="Passed" start-time="2017-04-30 08:33:56Z" end-time="2017-04-30 08:33:56Z" duration="0.075114" asserts="1" />
        </test-suite>
        <test-suite type="ParameterizedMethod" id="1-1016" name="noFourOfAKindTest" fullname="GamingTests.CardAnalyzerTest.noFourOfAKindTest" classname="GamingTests.CardAnalyzerTest" runstate="Runnable" testcasecount="1" result="Passed" start-time="2017-04-30 08:33:56Z" end-time="2017-04-30 08:33:56Z" duration="0.037863" total="1" passed="1" failed="0" warnings="0" inconclusive="0" skipped="0" asserts="1">
          <test-case id="1-1015" name="noFourOfAKindTest()" fullname="GamingTests.CardAnalyzerTest.noFourOfAKindTest()" methodname="noFourOfAKindTest" classname="GamingTests.CardAnalyzerTest" runstate="Runnable" seed="157542730" result="Passed" start-time="2017-04-30 08:33:56Z" end-time="2017-04-30 08:33:56Z" duration="0.006378" asserts="1" />
        </test-suite>
        <test-suite type="ParameterizedMethod" id="1-1020" name="noFullHouseTest" fullname="GamingTests.CardAnalyzerTest.noFullHouseTest" classname="GamingTests.CardAnalyzerTest" runstate="Runnable" testcasecount="1" result="Passed" start-time="2017-04-30 08:33:56Z" end-time="2017-04-30 08:33:56Z" duration="0.043673" total="1" passed="1" failed="0" warnings="0" inconclusive="0" skipped="0" asserts="1">
          <test-case id="1-1019" name="noFullHouseTest()" fullname="GamingTests.CardAnalyzerTest.noFullHouseTest()" methodname="noFullHouseTest" classname="GamingTests.CardAnalyzerTest" runstate="Runnable" seed="1191989973" result="Passed" start-time="2017-04-30 08:33:56Z" end-time="2017-04-30 08:33:56Z" duration="0.023982" asserts="1" />
        </test-suite>
        <test-suite type="ParameterizedMethod" id="1-1006" name="noRoyalFlush2Test" fullname="GamingTests.CardAnalyzerTest.noRoyalFlush2Test" classname="GamingTests.CardAnalyzerTest" runstate="Runnable" testcasecount="1" result="Passed" start-time="2017-04-30 08:33:56Z" end-time="2017-04-30 08:33:56Z" duration="0.038670" total="1" passed="1" failed="0" warnings="0" inconclusive="0" skipped="0" asserts="1">
          <test-case id="1-1005" name="noRoyalFlush2Test()" fullname="GamingTests.CardAnalyzerTest.noRoyalFlush2Test()" methodname="noRoyalFlush2Test" classname="GamingTests.CardAnalyzerTest" runstate="Runnable" seed="1542933577" result="Passed" start-time="2017-04-30 08:33:56Z" end-time="2017-04-30 08:33:56Z" duration="0.021398" asserts="1" />
        </test-suite>
        <test-suite type="ParameterizedMethod" id="1-1004" name="noRoyalFlushTest" fullname="GamingTests.CardAnalyzerTest.noRoyalFlushTest" classname="GamingTests.CardAnalyzerTest" runstate="Runnable" testcasecount="1" result="Passed" start-time="2017-04-30 08:33:56Z" end-time="2017-04-30 08:33:56Z" duration="0.048956" total="1" passed="1" failed="0" warnings="0" inconclusive="0" skipped="0" asserts="1">
          <test-case id="1-1003" name="noRoyalFlushTest()" fullname="GamingTests.CardAnalyzerTest.noRoyalFlushTest()" methodname="noRoyalFlushTest" classname="GamingTests.CardAnalyzerTest" runstate="Runnable" seed="1510291149" result="Passed" start-time="2017-04-30 08:33:56Z" end-time="2017-04-30 08:33:56Z" duration="0.025023" asserts="1" />
        </test-suite>
        <test-suite type="ParameterizedMethod" id="1-1008" name="noStraightFlushTest" fullname="GamingTests.CardAnalyzerTest.noStraightFlushTest" classname="GamingTests.CardAnalyzerTest" runstate="Runnable" testcasecount="1" result="Passed" start-time="2017-04-30 08:33:56Z" end-time="2017-04-30 08:33:56Z" duration="0.046832" total="1" passed="1" failed="0" warnings="0" inconclusive="0" skipped="0" asserts="1">
          <test-case id="1-1007" name="noStraightFlushTest()" fullname="GamingTests.CardAnalyzerTest.noStraightFlushTest()" methodname="noStraightFlushTest" classname="GamingTests.CardAnalyzerTest" runstate="Runnable" seed="1477202477" result="Passed" start-time="2017-04-30 08:33:56Z" end-time="2017-04-30 08:33:56Z" duration="0.026743" asserts="1" />
        </test-suite>
        <test-suite type="ParameterizedMethod" id="1-1028" name="noStraightTest" fullname="GamingTests.CardAnalyzerTest.noStraightTest" classname="GamingTests.CardAnalyzerTest" runstate="Runnable" testcasecount="1" result="Passed" start-time="2017-04-30 08:33:56Z" end-time="2017-04-30 08:33:56Z" duration="0.061214" total="1" passed="1" failed="0" warnings="0" inconclusive="0" skipped="0" asserts="1">
          <test-case id="1-1027" name="noStraightTest()" fullname="GamingTests.CardAnalyzerTest.noStraightTest()" methodname="noStraightTest" classname="GamingTests.CardAnalyzerTest" runstate="Runnable" seed="1734332278" result="Passed" start-time="2017-04-30 08:33:56Z" end-time="2017-04-30 08:33:56Z" duration="0.043156" asserts="1" />
        </test-suite>
        <test-suite type="ParameterizedMethod" id="1-1032" name="noThreeOfAKindTest" fullname="GamingTests.CardAnalyzerTest.noThreeOfAKindTest" classname="GamingTests.CardAnalyzerTest" runstate="Runnable" testcasecount="1" result="Passed" start-time="2017-04-30 08:33:56Z" end-time="2017-04-30 08:33:56Z" duration="0.062561" total="1" passed="1" failed="0" warnings="0" inconclusive="0" skipped="0" asserts="1">
          <test-case id="1-1031" name="noThreeOfAKindTest()" fullname="GamingTests.CardAnalyzerTest.noThreeOfAKindTest()" methodname="noThreeOfAKindTest" classname="GamingTests.CardAnalyzerTest" runstate="Runnable" seed="343006397" result="Passed" start-time="2017-04-30 08:33:56Z" end-time="2017-04-30 08:33:56Z" duration="0.036735" asserts="1" />
        </test-suite>
        <test-suite type="ParameterizedMethod" id="1-1036" name="noTwoPairTest" fullname="GamingTests.CardAnalyzerTest.noTwoPairTest" classname="GamingTests.CardAnalyzerTest" runstate="Runnable" testcasecount="1" result="Passed" start-time="2017-04-30 08:33:56Z" end-time="2017-04-30 08:33:56Z" duration="0.062565" total="1" passed="1" failed="0" warnings="0" inconclusive="0" skipped="0" asserts="1">
          <test-case id="1-1035" name="noTwoPairTest()" fullname="GamingTests.CardAnalyzerTest.noTwoPairTest()" methodname="noTwoPairTest" classname="GamingTests.CardAnalyzerTest" runstate="Runnable" seed="1967196687" result="Passed" start-time="2017-04-30 08:33:56Z" end-time="2017-04-30 08:33:56Z" duration="0.037751" asserts="1" />
        </test-suite>
        <test-suite type="ParameterizedMethod" id="1-1046" name="pairTieBreakerTest" fullname="GamingTests.CardAnalyzerTest.pairTieBreakerTest" classname="GamingTests.CardAnalyzerTest" runstate="Runnable" testcasecount="1" result="Passed" start-time="2017-04-30 08:33:57Z" end-time="2017-04-30 08:33:57Z" duration="0.031191" total="1" passed="1" failed="0" warnings="0" inconclusive="0" skipped="0" asserts="1">
          <test-case id="1-1045" name="pairTieBreakerTest()" fullname="GamingTests.CardAnalyzerTest.pairTieBreakerTest()" methodname="pairTieBreakerTest" classname="GamingTests.CardAnalyzerTest" runstate="Runnable" seed="12870864" result="Passed" start-time="2017-04-30 08:33:57Z" end-time="2017-04-30 08:33:57Z" duration="0.012737" asserts="1" />
        </test-suite>
        <test-suite type="ParameterizedMethod" id="1-1048" name="straightTieBreakerTest" fullname="GamingTests.CardAnalyzerTest.straightTieBreakerTest" classname="GamingTests.CardAnalyzerTest" runstate="Runnable" testcasecount="1" result="Passed" start-time="2017-04-30 08:33:57Z" end-time="2017-04-30 08:33:57Z" duration="0.037860" total="1" passed="1" failed="0" warnings="0" inconclusive="0" skipped="0" asserts="1">
          <test-case id="1-1047" name="straightTieBreakerTest()" fullname="GamingTests.CardAnalyzerTest.straightTieBreakerTest()" methodname="straightTieBreakerTest" classname="GamingTests.CardAnalyzerTest" runstate="Runnable" seed="952834010" result="Passed" start-time="2017-04-30 08:33:57Z" end-time="2017-04-30 08:33:57Z" duration="0.009785" asserts="1" />
        </test-suite>
      </test-suite>
      <test-suite type="TestFixture" id="1-1049" name="CardAndDeckTests" fullname="GamingTests.CardAndDeckTests" classname="GamingTests.CardAndDeckTests" runstate="Runnable" testcasecount="8" result="Passed" start-time="2017-04-30 08:33:57Z" end-time="2017-04-30 08:33:57Z" duration="0.538068" total="8" passed="8" failed="0" warnings="0" inconclusive="0" skipped="0" asserts="29">
        <test-suite type="ParameterizedMethod" id="1-1051" name="CompareEqualCards" fullname="GamingTests.CardAndDeckTests.CompareEqualCards" classname="GamingTests.CardAndDeckTests" runstate="Runnable" testcasecount="1" result="Passed" start-time="2017-04-30 08:33:57Z" end-time="2017-04-30 08:33:57Z" duration="0.037930" total="1" passed="1" failed="0" warnings="0" inconclusive="0" skipped="0" asserts="2">
          <test-case id="1-1050" name="CompareEqualCards()" fullname="GamingTests.CardAndDeckTests.CompareEqualCards()" methodname="CompareEqualCards" classname="GamingTests.CardAndDeckTests" runstate="Runnable" seed="1717678608" result="Passed" start-time="2017-04-30 08:33:57Z" end-time="2017-04-30 08:33:57Z" duration="0.001444" asserts="2" />
        </test-suite>
        <test-suite type="ParameterizedMethod" id="1-1053" name="CompareUnequalCards" fullname="GamingTests.CardAndDeckTests.CompareUnequalCards" classname="GamingTests.CardAndDeckTests" runstate="Runnable" testcasecount="1" result="Passed" start-time="2017-04-30 08:33:57Z" end-time="2017-04-30 08:33:57Z" duration="0.031290" total="1" passed="1" failed="0" warnings="0" inconclusive="0" skipped="0" asserts="3">
          <test-case id="1-1052" name="CompareUnequalCards()" fullname="GamingTests.CardAndDeckTests.CompareUnequalCards()" methodname="CompareUnequalCards" classname="GamingTests.CardAndDeckTests" runstate="Runnable" seed="603389211" result="Passed" start-time="2017-04-30 08:33:57Z" end-time="2017-04-30 08:33:57Z" duration="0.000979" asserts="3" />
        </test-suite>
        <test-suite type="ParameterizedMethod" id="1-1055" name="CreateDeckWithCorrectCards" fullname="GamingTests.CardAndDeckTests.CreateDeckWithCorrectCards" classname="GamingTests.CardAndDeckTests" runstate="Runnable" testcasecount="1" result="Passed" start-time="2017-04-30 08:33:57Z" end-time="2017-04-30 08:33:57Z" duration="0.028209" total="1" passed="1" failed="0" warnings="0" inconclusive="0" skipped="0" asserts="4">
          <test-case id="1-1054" name="CreateDeckWithCorrectCards()" fullname="GamingTests.CardAndDeckTests.CreateDeckWithCorrectCards()" methodname="CreateDeckWithCorrectCards" classname="GamingTests.CardAndDeckTests" runstate="Runnable" seed="1723880404" result="Passed" start-time="2017-04-30 08:33:57Z" end-time="2017-04-30 08:33:57Z" duration="0.006119" asserts="4" />
        </test-suite>
        <test-suite type="ParameterizedMethod" id="1-1061" name="DrawFlop" fullname="GamingTests.CardAndDeckTests.DrawFlop" classname="GamingTests.CardAndDeckTests" runstate="Runnable" testcasecount="1" result="Passed" start-time="2017-04-30 08:33:57Z" end-time="2017-04-30 08:33:57Z" duration="0.037817" total="1" passed="1" failed="0" warnings="0" inconclusive="0" skipped="0" asserts="5">
          <test-case id="1-1060" name="DrawFlop()" fullname="GamingTests.CardAndDeckTests.DrawFlop()" methodname="DrawFlop" classname="GamingTests.CardAndDeckTests" runstate="Runnable" seed="2043541353" result="Passed" start-time="2017-04-30 08:33:57Z" end-time="2017-04-30 08:33:57Z" duration="0.003468" asserts="5" />
        </test-suite>
        <test-suite type="ParameterizedMethod" id="1-1059" name="DrawPlayerHand" fullname="GamingTests.CardAndDeckTests.DrawPlayerHand" classname="GamingTests.CardAndDeckTests" runstate="Runnable" testcasecount="1" result="Passed" start-time="2017-04-30 08:33:57Z" end-time="2017-04-30 08:33:57Z" duration="0.031368" total="1" passed="1" failed="0" warnings="0" inconclusive="0" skipped="0" asserts="5">
          <test-case id="1-1058" name="DrawPlayerHand()" fullname="GamingTests.CardAndDeckTests.DrawPlayerHand()" methodname="DrawPlayerHand" classname="GamingTests.CardAndDeckTests" runstate="Runnable" seed="88573139" result="Passed" start-time="2017-04-30 08:33:57Z" end-time="2017-04-30 08:33:57Z" duration="0.004742" asserts="5" />
        </test-suite>
        <test-suite type="ParameterizedMethod" id="1-1063" name="DrawRiver" fullname="GamingTests.CardAndDeckTests.DrawRiver" classname="GamingTests.CardAndDeckTests" runstate="Runnable" testcasecount="1" result="Passed" start-time="2017-04-30 08:33:57Z" end-time="2017-04-30 08:33:57Z" duration="0.031362" total="1" passed="1" failed="0" warnings="0" inconclusive="0" skipped="0" asserts="3">
          <test-case id="1-1062" name="DrawRiver()" fullname="GamingTests.CardAndDeckTests.DrawRiver()" methodname="DrawRiver" classname="GamingTests.CardAndDeckTests" runstate="Runnable" seed="28219188" result="Passed" start-time="2017-04-30 08:33:57Z" end-time="2017-04-30 08:33:57Z" duration="0.003942" asserts="3" />
        </test-suite>
        <test-suite type="ParameterizedMethod" id="1-1065" name="DrawTurn" fullname="GamingTests.CardAndDeckTests.DrawTurn" classname="GamingTests.CardAndDeckTests" runstate="Runnable" testcasecount="1" result="Passed" start-time="2017-04-30 08:33:57Z" end-time="2017-04-30 08:33:57Z" duration="0.037651" total="1" passed="1" failed="0" warnings="0" inconclusive="0" skipped="0" asserts="4">
          <test-case id="1-1064" name="DrawTurn()" fullname="GamingTests.CardAndDeckTests.DrawTurn()" methodname="DrawTurn" classname="GamingTests.CardAndDeckTests" runstate="Runnable" seed="111253750" result="Passed" start-time="2017-04-30 08:33:57Z" end-time="2017-04-30 08:33:57Z" duration="0.002780" asserts="4" />
        </test-suite>
        <test-suite type="ParameterizedMethod" id="1-1057" name="ShuffleCards" fullname="GamingTests.CardAndDeckTests.ShuffleCards" classname="GamingTests.CardAndDeckTests" runstate="Runnable" testcasecount="1" result="Passed" start-time="2017-04-30 08:33:57Z" end-time="2017-04-30 08:33:57Z" duration="0.031520" total="1" passed="1" failed="0" warnings="0" inconclusive="0" skipped="0" asserts="3">
          <test-case id="1-1056" name="ShuffleCards()" fullname="GamingTests.CardAndDeckTests.ShuffleCards()" methodname="ShuffleCards" classname="GamingTests.CardAndDeckTests" runstate="Runnable" seed="1792214178" result="Passed" start-time="2017-04-30 08:33:57Z" end-time="2017-04-30 08:33:57Z" duration="0.009640" asserts="3" />
        </test-suite>
      </test-suite>
      <test-suite type="TestFixture" id="1-1079" name="GamePlayTests" fullname="GamingTests.GamePlayTests" classname="GamingTests.GamePlayTests" runstate="Runnable" testcasecount="9" result="Passed" start-time="2017-04-30 08:33:57Z" end-time="2017-04-30 08:33:59Z" duration="1.903228" total="9" passed="9" failed="0" warnings="0" inconclusive="0" skipped="0" asserts="10">
        <test-suite type="ParameterizedMethod" id="1-1083" name="AllPlayersCheck" fullname="GamingTests.GamePlayTests.AllPlayersCheck" classname="GamingTests.GamePlayTests" runstate="Runnable" testcasecount="1" result="Passed" start-time="2017-04-30 08:33:57Z" end-time="2017-04-30 08:33:58Z" duration="0.316462" total="1" passed="1" failed="0" warnings="0" inconclusive="0" skipped="0" asserts="1">
          <test-case id="1-1082" name="AllPlayersCheck()" fullname="GamingTests.GamePlayTests.AllPlayersCheck()" methodname="AllPlayersCheck" classname="GamingTests.GamePlayTests" runstate="Runnable" seed="963807111" result="Passed" start-time="2017-04-30 08:33:57Z" end-time="2017-04-30 08:33:58Z" duration="0.298951" asserts="1">
            <output><![CDATA[2
0
1
0
1
2
0
1
2
0
1
2
]]></output>
          </test-case>
        </test-suite>
        <test-suite type="ParameterizedMethod" id="1-1081" name="AllPlayersFold" fullname="GamingTests.GamePlayTests.AllPlayersFold" classname="GamingTests.GamePlayTests" runstate="Runnable" testcasecount="1" result="Passed" start-time="2017-04-30 08:33:58Z" end-time="2017-04-30 08:33:58Z" duration="0.031093" total="1" passed="1" failed="0" warnings="0" inconclusive="0" skipped="0" asserts="1">
          <test-case id="1-1080" name="AllPlayersFold()" fullname="GamingTests.GamePlayTests.AllPlayersFold()" methodname="AllPlayersFold" classname="GamingTests.GamePlayTests" runstate="Runnable" seed="432299098" result="Passed" start-time="2017-04-30 08:33:58Z" end-time="2017-04-30 08:33:58Z" duration="0.004824" asserts="1">
            <output><![CDATA[2
0
]]></output>
          </test-case>
        </test-suite>
        <test-suite type="ParameterizedMethod" id="1-1091" name="BadBetAndThenFixes" fullname="GamingTests.GamePlayTests.BadBetAndThenFixes" classname="GamingTests.GamePlayTests" runstate="Runnable" testcasecount="1" result="Passed" start-time="2017-04-30 08:33:58Z" end-time="2017-04-30 08:33:58Z" duration="0.053605" total="1" passed="1" failed="0" warnings="0" inconclusive="0" skipped="0" asserts="1">
          <test-case id="1-1090" name="BadBetAndThenFixes()" fullname="GamingTests.GamePlayTests.BadBetAndThenFixes()" methodname="BadBetAndThenFixes" classname="GamingTests.GamePlayTests" runstate="Runnable" seed="1734578055" result="Passed" start-time="2017-04-30 08:33:58Z" end-time="2017-04-30 08:33:58Z" duration="0.033110" asserts="1">
            <output><![CDATA[2
0
1
0
1
2
0
1
0
1
2
0
1
2
0
1
]]></output>
          </test-case>
        </test-suite>
        <test-suite type="ParameterizedMethod" id="1-1093" name="CheckGameReplay_20Moves" fullname="GamingTests.GamePlayTests.CheckGameReplay_20Moves" classname="GamingTests.GamePlayTests" runstate="Runnable" testcasecount="1" result="Passed" start-time="2017-04-30 08:33:58Z" end-time="2017-04-30 08:33:58Z" duration="0.069055" total="1" passed="1" failed="0" warnings="0" inconclusive="0" skipped="0" asserts="1">
          <test-case id="1-1092" name="CheckGameReplay_20Moves()" fullname="GamingTests.GamePlayTests.CheckGameReplay_20Moves()" methodname="CheckGameReplay_20Moves" classname="GamingTests.GamePlayTests" runstate="Runnable" seed="1272724250" result="Passed" start-time="2017-04-30 08:33:58Z" end-time="2017-04-30 08:33:58Z" duration="0.038715" asserts="1">
            <output><![CDATA[2
0
1
0
1
2
0
1
0
1
2
0
1
2
0
1
]]></output>
          </test-case>
        </test-suite>
        <test-suite type="ParameterizedMethod" id="1-1095" name="CheckGameReplay_29Moves" fullname="GamingTests.GamePlayTests.CheckGameReplay_29Moves" classname="GamingTests.GamePlayTests" runstate="Runnable" testcasecount="1" result="Passed" start-time="2017-04-30 08:33:58Z" end-time="2017-04-30 08:33:58Z" duration="0.316594" total="1" passed="1" failed="0" warnings="0" inconclusive="0" skipped="0" asserts="1">
          <test-case id="1-1094" name="CheckGameReplay_29Moves()" fullname="GamingTests.GamePlayTests.CheckGameReplay_29Moves()" methodname="CheckGameReplay_29Moves" classname="GamingTests.GamePlayTests" runstate="Runnable" seed="643738836" result="Passed" start-time="2017-04-30 08:33:58Z" end-time="2017-04-30 08:33:58Z" duration="0.298214" asserts="1">
            <output><![CDATA[2
3
4
0
1
0
1
2
3
4
0
1
0
1
2
3
4
0
1
2
3
4
]]></output>
          </test-case>
        </test-suite>
        <test-suite type="ParameterizedMethod" id="1-1087" name="HeadToHeadAndFold" fullname="GamingTests.GamePlayTests.HeadToHeadAndFold" classname="GamingTests.GamePlayTests" runstate="Runnable" testcasecount="1" result="Passed" start-time="2017-04-30 08:33:58Z" end-time="2017-04-30 08:33:58Z" duration="0.078077" total="1" passed="1" failed="0" warnings="0" inconclusive="0" skipped="0" asserts="1">
          <test-case id="1-1086" name="HeadToHeadAndFold()" fullname="GamingTests.GamePlayTests.HeadToHeadAndFold()" methodname="HeadToHeadAndFold" classname="GamingTests.GamePlayTests" runstate="Runnable" seed="1299212732" result="Passed" start-time="2017-04-30 08:33:58Z" end-time="2017-04-30 08:33:58Z" duration="0.053685" asserts="1">
            <output><![CDATA[2
0
1
0
1
2
0
1
0
1
2
]]></output>
          </test-case>
        </test-suite>
        <test-suite type="ParameterizedMethod" id="1-1089" name="HeadToHeadTwiceAndFold" fullname="GamingTests.GamePlayTests.HeadToHeadTwiceAndFold" classname="GamingTests.GamePlayTests" runstate="Runnable" testcasecount="1" result="Passed" start-time="2017-04-30 08:33:58Z" end-time="2017-04-30 08:33:58Z" duration="0.084781" total="1" passed="1" failed="0" warnings="0" inconclusive="0" skipped="0" asserts="1">
          <test-case id="1-1088" name="HeadToHeadTwiceAndFold()" fullname="GamingTests.GamePlayTests.HeadToHeadTwiceAndFold()" methodname="HeadToHeadTwiceAndFold" classname="GamingTests.GamePlayTests" runstate="Runnable" seed="1308528330" result="Passed" start-time="2017-04-30 08:33:58Z" end-time="2017-04-30 08:33:58Z" duration="0.056337" asserts="1">
            <output><![CDATA[2
0
1
0
1
2
0
1
0
1
2
0
1
2
0
]]></output>
          </test-case>
        </test-suite>
        <test-suite type="ParameterizedMethod" id="1-1097" name="MultipleRoundsIn1Game" fullname="GamingTests.GamePlayTests.MultipleRoundsIn1Game" classname="GamingTests.GamePlayTests" runstate="Runnable" testcasecount="1" result="Passed" start-time="2017-04-30 08:33:58Z" end-time="2017-04-30 08:33:59Z" duration="0.548185" total="1" passed="1" failed="0" warnings="0" inconclusive="0" skipped="0" asserts="2">
          <test-case id="1-1096" name="MultipleRoundsIn1Game()" fullname="GamingTests.GamePlayTests.MultipleRoundsIn1Game()" methodname="MultipleRoundsIn1Game" classname="GamingTests.GamePlayTests" runstate="Runnable" seed="366645552" result="Passed" start-time="2017-04-30 08:33:58Z" end-time="2017-04-30 08:33:59Z" duration="0.520894" asserts="2">
            <output><![CDATA[2
3
4
0
1
0
1
2
3
4
0
1
0
1
2
3
4
0
1
2
3
4
2
3
4
0
1
0
1
2
3
4
0
1
0
1
2
3
4
0
1
2
3
4
]]></output>
          </test-case>
        </test-suite>
        <test-suite type="ParameterizedMethod" id="1-1085" name="PlayersCloseBlindAndThenFold" fullname="GamingTests.GamePlayTests.PlayersCloseBlindAndThenFold" classname="GamingTests.GamePlayTests" runstate="Runnable" testcasecount="1" result="Passed" start-time="2017-04-30 08:33:59Z" end-time="2017-04-30 08:33:59Z" duration="0.100311" total="1" passed="1" failed="0" warnings="0" inconclusive="0" skipped="0" asserts="1">
          <test-case id="1-1084" name="PlayersCloseBlindAndThenFold()" fullname="GamingTests.GamePlayTests.PlayersCloseBlindAndThenFold()" methodname="PlayersCloseBlindAndThenFold" classname="GamingTests.GamePlayTests" runstate="Runnable" seed="764615828" result="Passed" start-time="2017-04-30 08:33:59Z" end-time="2017-04-30 08:33:59Z" duration="0.074274" asserts="1">
            <output><![CDATA[2
0
1
0
1
2
0
1
]]></output>
          </test-case>
        </test-suite>
      </test-suite>
      <test-suite type="TestFixture" id="1-1098" name="GamePropertiesTests" fullname="GamingTests.GamePropertiesTests" classname="GamingTests.GamePropertiesTests" runstate="Runnable" testcasecount="5" result="Passed" start-time="2017-04-30 08:33:59Z" end-time="2017-04-30 08:33:59Z" duration="0.337205" total="5" passed="5" failed="0" warnings="0" inconclusive="0" skipped="0" asserts="12">
        <test-suite type="ParameterizedMethod" id="1-1108" name="ActiveGame" fullname="GamingTests.GamePropertiesTests.ActiveGame" classname="GamingTests.GamePropertiesTests" runstate="Runnable" testcasecount="1" result="Passed" start-time="2017-04-30 08:33:59Z" end-time="2017-04-30 08:33:59Z" duration="0.037504" total="1" passed="1" failed="0" warnings="0" inconclusive="0" skipped="0" asserts="2">
          <test-case id="1-1107" name="ActiveGame()" fullname="GamingTests.GamePropertiesTests.ActiveGame()" methodname="ActiveGame" classname="GamingTests.GamePropertiesTests" runstate="Runnable" seed="1748260484" result="Passed" start-time="2017-04-30 08:33:59Z" end-time="2017-04-30 08:33:59Z" duration="0.005316" asserts="2" />
        </test-suite>
        <test-suite type="ParameterizedMethod" id="1-1104" name="GameStartWithLessThanMinimumPlayers" fullname="GamingTests.GamePropertiesTests.GameStartWithLessThanMinimumPlayers" classname="GamingTests.GamePropertiesTests" runstate="Runnable" testcasecount="1" result="Passed" start-time="2017-04-30 08:33:59Z" end-time="2017-04-30 08:33:59Z" duration="0.031459" total="1" passed="1" failed="0" warnings="0" inconclusive="0" skipped="0" asserts="1">
          <test-case id="1-1103" name="GameStartWithLessThanMinimumPlayers()" fullname="GamingTests.GamePropertiesTests.GameStartWithLessThanMinimumPlayers()" methodname="GameStartWithLessThanMinimumPlayers" classname="GamingTests.GamePropertiesTests" runstate="Runnable" seed="231301201" result="Passed" start-time="2017-04-30 08:33:59Z" end-time="2017-04-30 08:33:59Z" duration="0.003475" asserts="1" />
        </test-suite>
        <test-suite type="ParameterizedMethod" id="1-1100" name="InvalidGameCreation" fullname="GamingTests.GamePropertiesTests.InvalidGameCreation" classname="GamingTests.GamePropertiesTests" runstate="Runnable" testcasecount="1" result="Passed" start-time="2017-04-30 08:33:59Z" end-time="2017-04-30 08:33:59Z" duration="0.031302" total="1" passed="1" failed="0" warnings="0" inconclusive="0" skipped="0" asserts="0">
          <test-case id="1-1099" name="InvalidGameCreation()" fullname="GamingTests.GamePropertiesTests.InvalidGameCreation()" methodname="InvalidGameCreation" classname="GamingTests.GamePropertiesTests" runstate="Runnable" seed="2040694622" result="Passed" start-time="2017-04-30 08:33:59Z" end-time="2017-04-30 08:33:59Z" duration="0.000625" asserts="0" />
        </test-suite>
        <test-suite type="ParameterizedMethod" id="1-1106" name="MoreThanMaxPlayersJoinGame" fullname="GamingTests.GamePropertiesTests.MoreThanMaxPlayersJoinGame" classname="GamingTests.GamePropertiesTests" runstate="Runnable" testcasecount="1" result="Passed" start-time="2017-04-30 08:33:59Z" end-time="2017-04-30 08:33:59Z" duration="0.037956" total="1" passed="1" failed="0" warnings="0" inconclusive="0" skipped="0" asserts="1">
          <test-case id="1-1105" name="MoreThanMaxPlayersJoinGame()" fullname="GamingTests.GamePropertiesTests.MoreThanMaxPlayersJoinGame()" methodname="MoreThanMaxPlayersJoinGame" classname="GamingTests.GamePropertiesTests" runstate="Runnable" seed="1852996018" result="Passed" start-time="2017-04-30 08:33:59Z" end-time="2017-04-30 08:33:59Z" duration="0.004004" asserts="1" />
        </test-suite>
        <test-suite type="ParameterizedMethod" id="1-1102" name="ValidGameCreation" fullname="GamingTests.GamePropertiesTests.ValidGameCreation" classname="GamingTests.GamePropertiesTests" runstate="Runnable" testcasecount="1" result="Passed" start-time="2017-04-30 08:33:59Z" end-time="2017-04-30 08:33:59Z" duration="0.031424" total="1" passed="1" failed="0" warnings="0" inconclusive="0" skipped="0" asserts="8">
          <test-case id="1-1101" name="ValidGameCreation()" fullname="GamingTests.GamePropertiesTests.ValidGameCreation()" methodname="ValidGameCreation" classname="GamingTests.GamePropertiesTests" runstate="Runnable" seed="1611347091" result="Passed" start-time="2017-04-30 08:33:59Z" end-time="2017-04-30 08:33:59Z" duration="0.005856" asserts="8" />
        </test-suite>
      </test-suite>
      <test-suite type="TestFixture" id="1-1109" name="MoveTests" fullname="GamingTests.MoveTests" classname="GamingTests.MoveTests" runstate="Runnable" testcasecount="4" result="Passed" start-time="2017-04-30 08:34:00Z" end-time="2017-04-30 08:34:00Z" duration="0.446972" total="4" passed="4" failed="0" warnings="0" inconclusive="0" skipped="0" asserts="2">
        <test-suite type="ParameterizedMethod" id="1-1111" name="ValidBetMove" fullname="GamingTests.MoveTests.ValidBetMove" classname="GamingTests.MoveTests" runstate="Runnable" testcasecount="1" result="Passed" start-time="2017-04-30 08:34:00Z" end-time="2017-04-30 08:34:00Z" duration="0.215921" total="1" passed="1" failed="0" warnings="0" inconclusive="0" skipped="0" asserts="2">
          <test-case id="1-1110" name="ValidBetMove()" fullname="GamingTests.MoveTests.ValidBetMove()" methodname="ValidBetMove" classname="GamingTests.MoveTests" runstate="Runnable" seed="1545794743" result="Passed" start-time="2017-04-30 08:34:00Z" end-time="2017-04-30 08:34:00Z" duration="0.183984" asserts="2">
            <output><![CDATA[0
1
0
1
0
1
0
1
]]></output>
          </test-case>
        </test-suite>
        <test-suite type="ParameterizedMethod" id="1-1117" name="ValidEndGameMoves" fullname="GamingTests.MoveTests.ValidEndGameMoves" classname="GamingTests.MoveTests" runstate="Runnable" testcasecount="1" result="Passed" start-time="2017-04-30 08:34:00Z" end-time="2017-04-30 08:34:00Z" duration="0.031489" total="1" passed="1" failed="0" warnings="0" inconclusive="0" skipped="0" asserts="0">
          <test-case id="1-1116" name="ValidEndGameMoves()" fullname="GamingTests.MoveTests.ValidEndGameMoves()" methodname="ValidEndGameMoves" classname="GamingTests.MoveTests" runstate="Runnable" seed="1515486695" result="Passed" start-time="2017-04-30 08:34:00Z" end-time="2017-04-30 08:34:00Z" duration="0.000427" asserts="0" />
        </test-suite>
        <test-suite type="ParameterizedMethod" id="1-1113" name="ValidNewCardMove" fullname="GamingTests.MoveTests.ValidNewCardMove" classname="GamingTests.MoveTests" runstate="Runnable" testcasecount="1" result="Passed" start-time="2017-04-30 08:34:00Z" end-time="2017-04-30 08:34:00Z" duration="0.037957" total="1" passed="1" failed="0" warnings="0" inconclusive="0" skipped="0" asserts="0">
          <test-case id="1-1112" name="ValidNewCardMove()" fullname="GamingTests.MoveTests.ValidNewCardMove()" methodname="ValidNewCardMove" classname="GamingTests.MoveTests" runstate="Runnable" seed="558028472" result="Passed" start-time="2017-04-30 08:34:00Z" end-time="2017-04-30 08:34:00Z" duration="0.000565" asserts="0" />
        </test-suite>
        <test-suite type="ParameterizedMethod" id="1-1115" name="ValidNewGameMove" fullname="GamingTests.MoveTests.ValidNewGameMove" classname="GamingTests.MoveTests" runstate="Runnable" testcasecount="1" result="Passed" start-time="2017-04-30 08:34:00Z" end-time="2017-04-30 08:34:00Z" duration="0.031347" total="1" passed="1" failed="0" warnings="0" inconclusive="0" skipped="0" asserts="0">
          <test-case id="1-1114" name="ValidNewGameMove()" fullname="GamingTests.MoveTests.ValidNewGameMove()" methodname="ValidNewGameMove" classname="GamingTests.MoveTests" runstate="Runnable" seed="747760715" result="Passed" start-time="2017-04-30 08:34:00Z" end-time="2017-04-30 08:34:00Z" duration="0.000695" asserts="0" />
        </test-suite>
      </test-suite>
    </test-suite>
  </test-suite>
  <test-suite type="Assembly" id="2-1100" name="AT.dll" fullname="C:\Users\matan\Desktop\bgu\year 3\2\סדנא\WSEP\Code\TexasHoldem\AT\bin\Debug\AT.dll" runstate="Runnable" testcasecount="46" result="Failed" site="Child" start-time="2017-04-30 08:33:54Z" end-time="2017-04-30 08:33:58Z" duration="3.933679" total="46" passed="45" failed="1" warnings="0" inconclusive="0" skipped="0" asserts="85">
    <environment framework-version="3.6.1.0" clr-version="4.0.30319.42000" os-version="Microsoft Windows NT 10.0.14393.0" platform="Win32NT" cwd="C:\Users\matan\Desktop\bgu\year 3\2\סדנא\WSEP\Code\TexasHoldem" machine-name="NIVHAMAGNIV" user="matan" user-domain="NIVHAMAGNIV" culture="en-US" uiculture="en-US" os-architecture="x64" />
    <settings>
      <setting name="DisposeRunners" value="True" />
      <setting name="WorkDirectory" value="C:\Users\matan\Desktop\bgu\year 3\2\סדנא\WSEP\Code\TexasHoldem" />
      <setting name="ImageRuntimeVersion" value="4.0.30319" />
      <setting name="ImageTargetFrameworkName" value=".NETFramework,Version=v4.5" />
      <setting name="ImageRequiresX86" value="False" />
      <setting name="ImageRequiresDefaultAppDomainAssemblyResolver" value="False" />
      <setting name="NumberOfTestWorkers" value="4" />
    </settings>
    <properties>
      <property name="_PID" value="15228" />
      <property name="_APPDOMAIN" value="domain-98abcda3-AT.dll" />
    </properties>
    <failure>
      <message><![CDATA[One or more child tests had errors]]></message>
    </failure>
    <test-suite type="TestSuite" id="2-1101" name="AT" fullname="AT" runstate="Runnable" testcasecount="46" result="Failed" site="Child" start-time="2017-04-30 08:33:54Z" end-time="2017-04-30 08:33:58Z" duration="3.886441" total="46" passed="45" failed="1" warnings="0" inconclusive="0" skipped="0" asserts="85">
      <failure>
        <message><![CDATA[One or more child tests had errors]]></message>
      </failure>
      <test-suite type="TestFixture" id="2-1000" name="CreateGameAT" fullname="AT.CreateGameAT" classname="AT.CreateGameAT" runstate="Runnable" testcasecount="4" result="Passed" start-time="2017-04-30 08:33:54Z" end-time="2017-04-30 08:33:54Z" duration="0.368847" total="4" passed="4" failed="0" warnings="0" inconclusive="0" skipped="0" asserts="7">
        <test-suite type="ParameterizedMethod" id="2-1008" name="Invalid_createGame_MaxminPlayers" fullname="AT.CreateGameAT.Invalid_createGame_MaxminPlayers" classname="AT.CreateGameAT" runstate="Runnable" testcasecount="1" result="Passed" start-time="2017-04-30 08:33:54Z" end-time="2017-04-30 08:33:54Z" duration="0.077702" total="1" passed="1" failed="0" warnings="0" inconclusive="0" skipped="0" asserts="2">
          <test-case id="2-1007" name="Invalid_createGame_MaxminPlayers()" fullname="AT.CreateGameAT.Invalid_createGame_MaxminPlayers()" methodname="Invalid_createGame_MaxminPlayers" classname="AT.CreateGameAT" runstate="Runnable" seed="1477202477" result="Passed" start-time="2017-04-30 08:33:54Z" end-time="2017-04-30 08:33:54Z" duration="0.039495" asserts="2" />
        </test-suite>
        <test-suite type="ParameterizedMethod" id="2-1004" name="Invalid_createGame_maxPlayers" fullname="AT.CreateGameAT.Invalid_createGame_maxPlayers" classname="AT.CreateGameAT" runstate="Runnable" testcasecount="1" result="Passed" start-time="2017-04-30 08:33:54Z" end-time="2017-04-30 08:33:54Z" duration="0.031382" total="1" passed="1" failed="0" warnings="0" inconclusive="0" skipped="0" asserts="2">
          <test-case id="2-1003" name="Invalid_createGame_maxPlayers()" fullname="AT.CreateGameAT.Invalid_createGame_maxPlayers()" methodname="Invalid_createGame_maxPlayers" classname="AT.CreateGameAT" runstate="Runnable" seed="1510291149" result="Passed" start-time="2017-04-30 08:33:54Z" end-time="2017-04-30 08:33:54Z" duration="0.000911" asserts="2" />
        </test-suite>
        <test-suite type="ParameterizedMethod" id="2-1006" name="Invalid_createGame_minPlayers" fullname="AT.CreateGameAT.Invalid_createGame_minPlayers" classname="AT.CreateGameAT" runstate="Runnable" testcasecount="1" result="Passed" start-time="2017-04-30 08:33:54Z" end-time="2017-04-30 08:33:54Z" duration="0.038473" total="1" passed="1" failed="0" warnings="0" inconclusive="0" skipped="0" asserts="2">
          <test-case id="2-1005" name="Invalid_createGame_minPlayers()" fullname="AT.CreateGameAT.Invalid_createGame_minPlayers()" methodname="Invalid_createGame_minPlayers" classname="AT.CreateGameAT" runstate="Runnable" seed="1542933577" result="Passed" start-time="2017-04-30 08:33:54Z" end-time="2017-04-30 08:33:54Z" duration="0.000885" asserts="2" />
        </test-suite>
        <test-suite type="ParameterizedMethod" id="2-1002" name="Valid_createGame" fullname="AT.CreateGameAT.Valid_createGame" classname="AT.CreateGameAT" runstate="Runnable" testcasecount="1" result="Passed" start-time="2017-04-30 08:33:54Z" end-time="2017-04-30 08:33:54Z" duration="0.068939" total="1" passed="1" failed="0" warnings="0" inconclusive="0" skipped="0" asserts="1">
          <test-case id="2-1001" name="Valid_createGame()" fullname="AT.CreateGameAT.Valid_createGame()" methodname="Valid_createGame" classname="AT.CreateGameAT" runstate="Runnable" seed="65014286" result="Passed" start-time="2017-04-30 08:33:54Z" end-time="2017-04-30 08:33:54Z" duration="0.036481" asserts="1" />
        </test-suite>
      </test-suite>
      <test-suite type="TestFixture" id="2-1009" name="GameAT" fullname="AT.GameAT" classname="AT.GameAT" runstate="Runnable" testcasecount="8" result="Passed" start-time="2017-04-30 08:33:54Z" end-time="2017-04-30 08:33:55Z" duration="0.915952" total="8" passed="8" failed="0" warnings="0" inconclusive="0" skipped="0" asserts="12">
        <test-suite type="ParameterizedMethod" id="2-1019" name="Allin_Fold" fullname="AT.GameAT.Allin_Fold" classname="AT.GameAT" runstate="Runnable" testcasecount="1" result="Passed" start-time="2017-04-30 08:33:54Z" end-time="2017-04-30 08:33:55Z" duration="0.157291" total="1" passed="1" failed="0" warnings="0" inconclusive="0" skipped="0" asserts="1">
          <test-case id="2-1018" name="Allin_Fold()" fullname="AT.GameAT.Allin_Fold()" methodname="Allin_Fold" classname="AT.GameAT" runstate="Runnable" seed="2130297017" result="Passed" start-time="2017-04-30 08:33:54Z" end-time="2017-04-30 08:33:55Z" duration="0.129863" asserts="1">
            <output><![CDATA[2
0
1
0
1
]]></output>
          </test-case>
        </test-suite>
        <test-suite type="ParameterizedMethod" id="2-1021" name="Allin_Fold1" fullname="AT.GameAT.Allin_Fold1" classname="AT.GameAT" runstate="Runnable" testcasecount="1" result="Passed" start-time="2017-04-30 08:33:55Z" end-time="2017-04-30 08:33:55Z" duration="0.148723" total="1" passed="1" failed="0" warnings="0" inconclusive="0" skipped="0" asserts="1">
          <test-case id="2-1020" name="Allin_Fold1()" fullname="AT.GameAT.Allin_Fold1()" methodname="Allin_Fold1" classname="AT.GameAT" runstate="Runnable" seed="1431807475" result="Passed" start-time="2017-04-30 08:33:55Z" end-time="2017-04-30 08:33:55Z" duration="0.116861" asserts="1">
            <output><![CDATA[2
0
1
0
1
2
0
1
2
]]></output>
          </test-case>
        </test-suite>
        <test-suite type="ParameterizedMethod" id="2-1023" name="MovesNumber" fullname="AT.GameAT.MovesNumber" classname="AT.GameAT" runstate="Runnable" testcasecount="1" result="Passed" start-time="2017-04-30 08:33:55Z" end-time="2017-04-30 08:33:55Z" duration="0.131577" total="1" passed="1" failed="0" warnings="0" inconclusive="0" skipped="0" asserts="1">
          <test-case id="2-1022" name="MovesNumber()" fullname="AT.GameAT.MovesNumber()" methodname="MovesNumber" classname="AT.GameAT" runstate="Runnable" seed="1979879301" result="Passed" start-time="2017-04-30 08:33:55Z" end-time="2017-04-30 08:33:55Z" duration="0.102074" asserts="1">
            <output><![CDATA[2
0
1
0
1
2
0
1
2
]]></output>
          </test-case>
        </test-suite>
        <test-suite type="ParameterizedMethod" id="2-1011" name="remove_unknown_player" fullname="AT.GameAT.remove_unknown_player" classname="AT.GameAT" runstate="Runnable" testcasecount="1" result="Passed" start-time="2017-04-30 08:33:55Z" end-time="2017-04-30 08:33:55Z" duration="0.031273" total="1" passed="1" failed="0" warnings="0" inconclusive="0" skipped="0" asserts="2">
          <test-case id="2-1010" name="remove_unknown_player()" fullname="AT.GameAT.remove_unknown_player()" methodname="remove_unknown_player" classname="AT.GameAT" runstate="Runnable" seed="939691836" result="Passed" start-time="2017-04-30 08:33:55Z" end-time="2017-04-30 08:33:55Z" duration="0.003893" asserts="2" />
        </test-suite>
        <test-suite type="ParameterizedMethod" id="2-1015" name="RemovePlayerFromGame" fullname="AT.GameAT.RemovePlayerFromGame" classname="AT.GameAT" runstate="Runnable" testcasecount="1" result="Passed" start-time="2017-04-30 08:33:55Z" end-time="2017-04-30 08:33:55Z" duration="0.052991" total="1" passed="1" failed="0" warnings="0" inconclusive="0" skipped="0" asserts="2">
          <test-case id="2-1014" name="RemovePlayerFromGame()" fullname="AT.GameAT.RemovePlayerFromGame()" methodname="RemovePlayerFromGame" classname="AT.GameAT" runstate="Runnable" seed="1918532552" result="Passed" start-time="2017-04-30 08:33:55Z" end-time="2017-04-30 08:33:55Z" duration="0.024751" asserts="2" />
        </test-suite>
        <test-suite type="ParameterizedMethod" id="2-1017" name="RemoveSpectatorFromGame" fullname="AT.GameAT.RemoveSpectatorFromGame" classname="AT.GameAT" runstate="Runnable" testcasecount="1" result="Passed" start-time="2017-04-30 08:33:55Z" end-time="2017-04-30 08:33:55Z" duration="0.037403" total="1" passed="1" failed="0" warnings="0" inconclusive="0" skipped="0" asserts="2">
          <test-case id="2-1016" name="RemoveSpectatorFromGame()" fullname="AT.GameAT.RemoveSpectatorFromGame()" methodname="RemoveSpectatorFromGame" classname="AT.GameAT" runstate="Runnable" seed="1813868080" result="Passed" start-time="2017-04-30 08:33:55Z" end-time="2017-04-30 08:33:55Z" duration="0.005694" asserts="2" />
        </test-suite>
        <test-suite type="ParameterizedMethod" id="2-1025" name="resetPotSize" fullname="AT.GameAT.resetPotSize" classname="AT.GameAT" runstate="Runnable" testcasecount="1" result="Passed" start-time="2017-04-30 08:33:55Z" end-time="2017-04-30 08:33:55Z" duration="0.069081" total="1" passed="1" failed="0" warnings="0" inconclusive="0" skipped="0" asserts="1">
          <test-case id="2-1024" name="resetPotSize()" fullname="AT.GameAT.resetPotSize()" methodname="resetPotSize" classname="AT.GameAT" runstate="Runnable" seed="833829909" result="Passed" start-time="2017-04-30 08:33:55Z" end-time="2017-04-30 08:33:55Z" duration="0.040313" asserts="1">
            <output><![CDATA[2
0
1
0
1
2
0
1
2
]]></output>
          </test-case>
        </test-suite>
        <test-suite type="ParameterizedMethod" id="2-1013" name="start_game_with_less_than_minPlayers" fullname="AT.GameAT.start_game_with_less_than_minPlayers" classname="AT.GameAT" runstate="Runnable" testcasecount="1" result="Passed" start-time="2017-04-30 08:33:55Z" end-time="2017-04-30 08:33:55Z" duration="0.031385" total="1" passed="1" failed="0" warnings="0" inconclusive="0" skipped="0" asserts="2">
          <test-case id="2-1012" name="start_game_with_less_than_minPlayers()" fullname="AT.GameAT.start_game_with_less_than_minPlayers()" methodname="start_game_with_less_than_minPlayers" classname="AT.GameAT" runstate="Runnable" seed="1566839637" result="Passed" start-time="2017-04-30 08:33:55Z" end-time="2017-04-30 08:33:55Z" duration="0.001338" asserts="2" />
        </test-suite>
      </test-suite>
      <test-suite type="TestFixture" id="2-1026" name="Join_SpectateGameAT" fullname="AT.Join_SpectateGameAT" classname="AT.Join_SpectateGameAT" runstate="Runnable" testcasecount="7" result="Passed" start-time="2017-04-30 08:33:55Z" end-time="2017-04-30 08:33:56Z" duration="0.485113" total="7" passed="7" failed="0" warnings="0" inconclusive="0" skipped="0" asserts="15">
        <test-suite type="ParameterizedMethod" id="2-1030" name="InValid_joinGame_Buyin" fullname="AT.Join_SpectateGameAT.InValid_joinGame_Buyin" classname="AT.Join_SpectateGameAT" runstate="Runnable" testcasecount="1" result="Passed" start-time="2017-04-30 08:33:55Z" end-time="2017-04-30 08:33:55Z" duration="0.046954" total="1" passed="1" failed="0" warnings="0" inconclusive="0" skipped="0" asserts="2">
          <test-case id="2-1029" name="InValid_joinGame_Buyin()" fullname="AT.Join_SpectateGameAT.InValid_joinGame_Buyin()" methodname="InValid_joinGame_Buyin" classname="AT.Join_SpectateGameAT" runstate="Runnable" seed="922698890" result="Passed" start-time="2017-04-30 08:33:55Z" end-time="2017-04-30 08:33:55Z" duration="0.017673" asserts="2" />
        </test-suite>
        <test-suite type="ParameterizedMethod" id="2-1032" name="InValid_joinGame_Credit" fullname="AT.Join_SpectateGameAT.InValid_joinGame_Credit" classname="AT.Join_SpectateGameAT" runstate="Runnable" testcasecount="1" result="Passed" start-time="2017-04-30 08:33:56Z" end-time="2017-04-30 08:33:56Z" duration="0.032374" total="1" passed="1" failed="0" warnings="0" inconclusive="0" skipped="0" asserts="2">
          <test-case id="2-1031" name="InValid_joinGame_Credit()" fullname="AT.Join_SpectateGameAT.InValid_joinGame_Credit()" methodname="InValid_joinGame_Credit" classname="AT.Join_SpectateGameAT" runstate="Runnable" seed="343006397" result="Passed" start-time="2017-04-30 08:33:56Z" end-time="2017-04-30 08:33:56Z" duration="0.009892" asserts="2" />
        </test-suite>
        <test-suite type="ParameterizedMethod" id="2-1034" name="InValid_joinGame_MaxPlayers" fullname="AT.Join_SpectateGameAT.InValid_joinGame_MaxPlayers" classname="AT.Join_SpectateGameAT" runstate="Runnable" testcasecount="1" result="Passed" start-time="2017-04-30 08:33:56Z" end-time="2017-04-30 08:33:56Z" duration="0.037623" total="1" passed="1" failed="0" warnings="0" inconclusive="0" skipped="0" asserts="4">
          <test-case id="2-1033" name="InValid_joinGame_MaxPlayers()" fullname="AT.Join_SpectateGameAT.InValid_joinGame_MaxPlayers()" methodname="InValid_joinGame_MaxPlayers" classname="AT.Join_SpectateGameAT" runstate="Runnable" seed="1472813188" result="Passed" start-time="2017-04-30 08:33:56Z" end-time="2017-04-30 08:33:56Z" duration="0.007378" asserts="4" />
        </test-suite>
        <test-suite type="ParameterizedMethod" id="2-1040" name="valid_gameListByName" fullname="AT.Join_SpectateGameAT.valid_gameListByName" classname="AT.Join_SpectateGameAT" runstate="Runnable" testcasecount="1" result="Passed" start-time="2017-04-30 08:33:56Z" end-time="2017-04-30 08:33:56Z" duration="0.031127" total="1" passed="1" failed="0" warnings="0" inconclusive="0" skipped="0" asserts="2">
          <test-case id="2-1039" name="valid_gameListByName()" fullname="AT.Join_SpectateGameAT.valid_gameListByName()" methodname="valid_gameListByName" classname="AT.Join_SpectateGameAT" runstate="Runnable" seed="1127684643" result="Passed" start-time="2017-04-30 08:33:56Z" end-time="2017-04-30 08:33:56Z" duration="0.009204" asserts="2" />
        </test-suite>
        <test-suite type="ParameterizedMethod" id="2-1028" name="Valid_joinGame" fullname="AT.Join_SpectateGameAT.Valid_joinGame" classname="AT.Join_SpectateGameAT" runstate="Runnable" testcasecount="1" result="Passed" start-time="2017-04-30 08:33:56Z" end-time="2017-04-30 08:33:56Z" duration="0.031434" total="1" passed="1" failed="0" warnings="0" inconclusive="0" skipped="0" asserts="2">
          <test-case id="2-1027" name="Valid_joinGame()" fullname="AT.Join_SpectateGameAT.Valid_joinGame()" methodname="Valid_joinGame" classname="AT.Join_SpectateGameAT" runstate="Runnable" seed="1734332278" result="Passed" start-time="2017-04-30 08:33:56Z" end-time="2017-04-30 08:33:56Z" duration="0.006222" asserts="2" />
        </test-suite>
        <test-suite type="ParameterizedMethod" id="2-1036" name="valid_spectateGame" fullname="AT.Join_SpectateGameAT.valid_spectateGame" classname="AT.Join_SpectateGameAT" runstate="Runnable" testcasecount="1" result="Passed" start-time="2017-04-30 08:33:56Z" end-time="2017-04-30 08:33:56Z" duration="0.037814" total="1" passed="1" failed="0" warnings="0" inconclusive="0" skipped="0" asserts="2">
          <test-case id="2-1035" name="valid_spectateGame()" fullname="AT.Join_SpectateGameAT.valid_spectateGame()" methodname="valid_spectateGame" classname="AT.Join_SpectateGameAT" runstate="Runnable" seed="1967196687" result="Passed" start-time="2017-04-30 08:33:56Z" end-time="2017-04-30 08:33:56Z" duration="0.005693" asserts="2" />
        </test-suite>
        <test-suite type="ParameterizedMethod" id="2-1038" name="valid_spectateGamesList" fullname="AT.Join_SpectateGameAT.valid_spectateGamesList" classname="AT.Join_SpectateGameAT" runstate="Runnable" testcasecount="1" result="Passed" start-time="2017-04-30 08:33:56Z" end-time="2017-04-30 08:33:56Z" duration="0.031281" total="1" passed="1" failed="0" warnings="0" inconclusive="0" skipped="0" asserts="1">
          <test-case id="2-1037" name="valid_spectateGamesList()" fullname="AT.Join_SpectateGameAT.valid_spectateGamesList()" methodname="valid_spectateGamesList" classname="AT.Join_SpectateGameAT" runstate="Runnable" seed="1949185490" result="Passed" start-time="2017-04-30 08:33:56Z" end-time="2017-04-30 08:33:56Z" duration="0.002023" asserts="1" />
        </test-suite>
      </test-suite>
      <test-suite type="TestFixture" id="2-1041" name="LeaguesAT" fullname="AT.LeaguesAT" classname="AT.LeaguesAT" runstate="Runnable" testcasecount="10" result="Passed" start-time="2017-04-30 08:33:56Z" end-time="2017-04-30 08:33:57Z" duration="0.669723" total="10" passed="10" failed="0" warnings="0" inconclusive="0" skipped="0" asserts="15">
        <test-suite type="ParameterizedMethod" id="2-1057" name="Add_to_2_Leagues" fullname="AT.LeaguesAT.Add_to_2_Leagues" classname="AT.LeaguesAT" runstate="Runnable" testcasecount="1" result="Passed" start-time="2017-04-30 08:33:56Z" end-time="2017-04-30 08:33:56Z" duration="0.041191" total="1" passed="1" failed="0" warnings="0" inconclusive="0" skipped="0" asserts="3">
          <test-case id="2-1056" name="Add_to_2_Leagues()" fullname="AT.LeaguesAT.Add_to_2_Leagues()" methodname="Add_to_2_Leagues" classname="AT.LeaguesAT" runstate="Runnable" seed="1792214178" result="Passed" start-time="2017-04-30 08:33:56Z" end-time="2017-04-30 08:33:56Z" duration="0.020014" asserts="3" />
        </test-suite>
        <test-suite type="ParameterizedMethod" id="2-1053" name="addUserToMyLeague" fullname="AT.LeaguesAT.addUserToMyLeague" classname="AT.LeaguesAT" runstate="Runnable" testcasecount="1" result="Passed" start-time="2017-04-30 08:33:56Z" end-time="2017-04-30 08:33:56Z" duration="0.031330" total="1" passed="1" failed="0" warnings="0" inconclusive="0" skipped="0" asserts="2">
          <test-case id="2-1052" name="addUserToMyLeague()" fullname="AT.LeaguesAT.addUserToMyLeague()" methodname="addUserToMyLeague" classname="AT.LeaguesAT" runstate="Runnable" seed="603389211" result="Passed" start-time="2017-04-30 08:33:56Z" end-time="2017-04-30 08:33:56Z" duration="0.002083" asserts="2" />
        </test-suite>
        <test-suite type="ParameterizedMethod" id="2-1055" name="addUserToWrongLeague" fullname="AT.LeaguesAT.addUserToWrongLeague" classname="AT.LeaguesAT" runstate="Runnable" testcasecount="1" result="Passed" start-time="2017-04-30 08:33:56Z" end-time="2017-04-30 08:33:56Z" duration="0.032816" total="1" passed="1" failed="0" warnings="0" inconclusive="0" skipped="0" asserts="1">
          <test-case id="2-1054" name="addUserToWrongLeague()" fullname="AT.LeaguesAT.addUserToWrongLeague()" methodname="addUserToWrongLeague" classname="AT.LeaguesAT" runstate="Runnable" seed="1723880404" result="Passed" start-time="2017-04-30 08:33:56Z" end-time="2017-04-30 08:33:56Z" duration="0.000623" asserts="1" />
        </test-suite>
        <test-suite type="ParameterizedMethod" id="2-1051" name="changeRank_changeLeagueDown" fullname="AT.LeaguesAT.changeRank_changeLeagueDown" classname="AT.LeaguesAT" runstate="Runnable" testcasecount="1" result="Passed" start-time="2017-04-30 08:33:56Z" end-time="2017-04-30 08:33:56Z" duration="0.031291" total="1" passed="1" failed="0" warnings="0" inconclusive="0" skipped="0" asserts="2">
          <test-case id="2-1050" name="changeRank_changeLeagueDown()" fullname="AT.LeaguesAT.changeRank_changeLeagueDown()" methodname="changeRank_changeLeagueDown" classname="AT.LeaguesAT" runstate="Runnable" seed="1717678608" result="Passed" start-time="2017-04-30 08:33:56Z" end-time="2017-04-30 08:33:56Z" duration="0.002474" asserts="2" />
        </test-suite>
        <test-suite type="ParameterizedMethod" id="2-1049" name="changeRank_changeLeagueUP" fullname="AT.LeaguesAT.changeRank_changeLeagueUP" classname="AT.LeaguesAT" runstate="Runnable" testcasecount="1" result="Passed" start-time="2017-04-30 08:33:56Z" end-time="2017-04-30 08:33:56Z" duration="0.031294" total="1" passed="1" failed="0" warnings="0" inconclusive="0" skipped="0" asserts="1">
          <test-case id="2-1048" name="changeRank_changeLeagueUP()" fullname="AT.LeaguesAT.changeRank_changeLeagueUP()" methodname="changeRank_changeLeagueUP" classname="AT.LeaguesAT" runstate="Runnable" seed="182637066" result="Passed" start-time="2017-04-30 08:33:56Z" end-time="2017-04-30 08:33:56Z" duration="0.004824" asserts="1" />
        </test-suite>
        <test-suite type="ParameterizedMethod" id="2-1047" name="changeRank_SameLeague" fullname="AT.LeaguesAT.changeRank_SameLeague" classname="AT.LeaguesAT" runstate="Runnable" testcasecount="1" result="Passed" start-time="2017-04-30 08:33:56Z" end-time="2017-04-30 08:33:56Z" duration="0.037413" total="1" passed="1" failed="0" warnings="0" inconclusive="0" skipped="0" asserts="1">
          <test-case id="2-1046" name="changeRank_SameLeague()" fullname="AT.LeaguesAT.changeRank_SameLeague()" methodname="changeRank_SameLeague" classname="AT.LeaguesAT" runstate="Runnable" seed="1705373540" result="Passed" start-time="2017-04-30 08:33:56Z" end-time="2017-04-30 08:33:56Z" duration="0.000999" asserts="1" />
        </test-suite>
        <test-suite type="ParameterizedMethod" id="2-1061" name="idleUser_League" fullname="AT.LeaguesAT.idleUser_League" classname="AT.LeaguesAT" runstate="Runnable" testcasecount="1" result="Passed" start-time="2017-04-30 08:33:56Z" end-time="2017-04-30 08:33:56Z" duration="0.031323" total="1" passed="1" failed="0" warnings="0" inconclusive="0" skipped="0" asserts="0">
          <test-case id="2-1060" name="idleUser_League()" fullname="AT.LeaguesAT.idleUser_League()" methodname="idleUser_League" classname="AT.LeaguesAT" runstate="Runnable" seed="2043541353" result="Passed" start-time="2017-04-30 08:33:56Z" end-time="2017-04-30 08:33:56Z" duration="0.000379" asserts="0" />
        </test-suite>
        <test-suite type="ParameterizedMethod" id="2-1059" name="newLeague_ToRankLeague" fullname="AT.LeaguesAT.newLeague_ToRankLeague" classname="AT.LeaguesAT" runstate="Runnable" testcasecount="1" result="Passed" start-time="2017-04-30 08:33:56Z" end-time="2017-04-30 08:33:56Z" duration="0.031300" total="1" passed="1" failed="0" warnings="0" inconclusive="0" skipped="0" asserts="0">
          <test-case id="2-1058" name="newLeague_ToRankLeague()" fullname="AT.LeaguesAT.newLeague_ToRankLeague()" methodname="newLeague_ToRankLeague" classname="AT.LeaguesAT" runstate="Runnable" seed="88573139" result="Passed" start-time="2017-04-30 08:33:56Z" end-time="2017-04-30 08:33:56Z" duration="0.000406" asserts="0" />
        </test-suite>
        <test-suite type="ParameterizedMethod" id="2-1043" name="success_createLeague" fullname="AT.LeaguesAT.success_createLeague" classname="AT.LeaguesAT" runstate="Runnable" testcasecount="1" result="Passed" start-time="2017-04-30 08:33:56Z" end-time="2017-04-30 08:33:57Z" duration="0.037824" total="1" passed="1" failed="0" warnings="0" inconclusive="0" skipped="0" asserts="2">
          <test-case id="2-1042" name="success_createLeague()" fullname="AT.LeaguesAT.success_createLeague()" methodname="success_createLeague" classname="AT.LeaguesAT" runstate="Runnable" seed="2142905603" result="Passed" start-time="2017-04-30 08:33:56Z" end-time="2017-04-30 08:33:56Z" duration="0.002554" asserts="2" />
        </test-suite>
        <test-suite type="ParameterizedMethod" id="2-1045" name="unsuccessful_createLeague" fullname="AT.LeaguesAT.unsuccessful_createLeague" classname="AT.LeaguesAT" runstate="Runnable" testcasecount="1" result="Passed" start-time="2017-04-30 08:33:57Z" end-time="2017-04-30 08:33:57Z" duration="0.031286" total="1" passed="1" failed="0" warnings="0" inconclusive="0" skipped="0" asserts="3">
          <test-case id="2-1044" name="unsuccessful_createLeague()" fullname="AT.LeaguesAT.unsuccessful_createLeague()" methodname="unsuccessful_createLeague" classname="AT.LeaguesAT" runstate="Runnable" seed="489896414" result="Passed" start-time="2017-04-30 08:33:57Z" end-time="2017-04-30 08:33:57Z" duration="0.000832" asserts="3" />
        </test-suite>
      </test-suite>
      <test-suite type="TestFixture" id="2-1062" name="LoginAT" fullname="AT.LoginAT" classname="AT.LoginAT" runstate="Runnable" testcasecount="4" result="Passed" start-time="2017-04-30 08:33:57Z" end-time="2017-04-30 08:33:57Z" duration="0.300895" total="4" passed="4" failed="0" warnings="0" inconclusive="0" skipped="0" asserts="12">
        <test-suite type="ParameterizedMethod" id="2-1070" name="AllreadyLoggedin_LoginTest" fullname="AT.LoginAT.AllreadyLoggedin_LoginTest" classname="AT.LoginAT" runstate="Runnable" testcasecount="1" result="Passed" start-time="2017-04-30 08:33:57Z" end-time="2017-04-30 08:33:57Z" duration="0.031299" total="1" passed="1" failed="0" warnings="0" inconclusive="0" skipped="0" asserts="1">
          <test-case id="2-1069" name="AllreadyLoggedin_LoginTest()" fullname="AT.LoginAT.AllreadyLoggedin_LoginTest()" methodname="AllreadyLoggedin_LoginTest" classname="AT.LoginAT" runstate="Runnable" seed="976992191" result="Passed" start-time="2017-04-30 08:33:57Z" end-time="2017-04-30 08:33:57Z" duration="0.009029" asserts="1" />
        </test-suite>
        <test-suite type="ParameterizedMethod" id="2-1068" name="passwordIncorrect_LoginTest" fullname="AT.LoginAT.passwordIncorrect_LoginTest" classname="AT.LoginAT" runstate="Runnable" testcasecount="1" result="Passed" start-time="2017-04-30 08:33:57Z" end-time="2017-04-30 08:33:57Z" duration="0.031308" total="1" passed="1" failed="0" warnings="0" inconclusive="0" skipped="0" asserts="6">
          <test-case id="2-1067" name="passwordIncorrect_LoginTest()" fullname="AT.LoginAT.passwordIncorrect_LoginTest()" methodname="passwordIncorrect_LoginTest" classname="AT.LoginAT" runstate="Runnable" seed="779365713" result="Passed" start-time="2017-04-30 08:33:57Z" end-time="2017-04-30 08:33:57Z" duration="0.001229" asserts="6" />
        </test-suite>
        <test-suite type="ParameterizedMethod" id="2-1064" name="Success_LoginTest" fullname="AT.LoginAT.Success_LoginTest" classname="AT.LoginAT" runstate="Runnable" testcasecount="1" result="Passed" start-time="2017-04-30 08:33:57Z" end-time="2017-04-30 08:33:57Z" duration="0.037818" total="1" passed="1" failed="0" warnings="0" inconclusive="0" skipped="0" asserts="1">
          <test-case id="2-1063" name="Success_LoginTest()" fullname="AT.LoginAT.Success_LoginTest()" methodname="Success_LoginTest" classname="AT.LoginAT" runstate="Runnable" seed="28219188" result="Passed" start-time="2017-04-30 08:33:57Z" end-time="2017-04-30 08:33:57Z" duration="0.001542" asserts="1" />
        </test-suite>
        <test-suite type="ParameterizedMethod" id="2-1066" name="usernameNotExist_LoginTest" fullname="AT.LoginAT.usernameNotExist_LoginTest" classname="AT.LoginAT" runstate="Runnable" testcasecount="1" result="Passed" start-time="2017-04-30 08:33:57Z" end-time="2017-04-30 08:33:57Z" duration="0.069053" total="1" passed="1" failed="0" warnings="0" inconclusive="0" skipped="0" asserts="4">
          <test-case id="2-1065" name="usernameNotExist_LoginTest()" fullname="AT.LoginAT.usernameNotExist_LoginTest()" methodname="usernameNotExist_LoginTest" classname="AT.LoginAT" runstate="Runnable" seed="111253750" result="Passed" start-time="2017-04-30 08:33:57Z" end-time="2017-04-30 08:33:57Z" duration="0.045206" asserts="4" />
        </test-suite>
      </test-suite>
      <test-suite type="TestFixture" id="2-1071" name="LogoutAT" fullname="AT.LogoutAT" classname="AT.LogoutAT" runstate="Runnable" testcasecount="2" result="Passed" start-time="2017-04-30 08:33:57Z" end-time="2017-04-30 08:33:57Z" duration="0.136904" total="2" passed="2" failed="0" warnings="0" inconclusive="0" skipped="0" asserts="4">
        <test-suite type="ParameterizedMethod" id="2-1073" name="Logout_Loggedin" fullname="AT.LogoutAT.Logout_Loggedin" classname="AT.LogoutAT" runstate="Runnable" testcasecount="1" result="Passed" start-time="2017-04-30 08:33:57Z" end-time="2017-04-30 08:33:57Z" duration="0.036973" total="1" passed="1" failed="0" warnings="0" inconclusive="0" skipped="0" asserts="3">
          <test-case id="2-1072" name="Logout_Loggedin()" fullname="AT.LogoutAT.Logout_Loggedin()" methodname="Logout_Loggedin" classname="AT.LogoutAT" runstate="Runnable" seed="176533310" result="Passed" start-time="2017-04-30 08:33:57Z" end-time="2017-04-30 08:33:57Z" duration="0.003232" asserts="3" />
        </test-suite>
        <test-suite type="ParameterizedMethod" id="2-1075" name="Logout_NotLoggedin" fullname="AT.LogoutAT.Logout_NotLoggedin" classname="AT.LogoutAT" runstate="Runnable" testcasecount="1" result="Passed" start-time="2017-04-30 08:33:57Z" end-time="2017-04-30 08:33:57Z" duration="0.031321" total="1" passed="1" failed="0" warnings="0" inconclusive="0" skipped="0" asserts="1">
[...]
          <test-case id="3-1005" name="addUserToAppropriateLeague()" fullname="SystemTests.GameCenterLeagueTest.addUserToAppropriateLeague()" methodname="addUserToAppropriateLeague" classname="SystemTests.GameCenterLeagueTest" runstate="Runnable" seed="627183796" result="Passed" start-time="2017-04-30 08:33:52Z" end-time="2017-04-30 08:33:53Z" duration="0.639595" asserts="3" />
        </test-suite>
        <test-suite type="ParameterizedMethod" id="3-1008" name="addUserToNotAppropriateLeague" fullname="SystemTests.GameCenterLeagueTest.addUserToNotAppropriateLeague" classname="SystemTests.GameCenterLeagueTest" runstate="Runnable" testcasecount="1" result="Passed" start-time="2017-04-30 08:33:53Z" end-time="2017-04-30 08:33:53Z" duration="0.030961" total="1" passed="1" failed="0" warnings="0" inconclusive="0" skipped="0" asserts="3">
          <test-case id="3-1007" name="addUserToNotAppropriateLeague()" fullname="SystemTests.GameCenterLeagueTest.addUserToNotAppropriateLeague()" methodname="addUserToNotAppropriateLeague" classname="SystemTests.GameCenterLeagueTest" runstate="Runnable" seed="1880831854" result="Passed" start-time="2017-04-30 08:33:53Z" end-time="2017-04-30 08:33:53Z" duration="0.001765" asserts="3" />
        </test-suite>
        <test-suite type="ParameterizedMethod" id="3-1016" name="changeLeagueMinimumRank2Test" fullname="SystemTests.GameCenterLeagueTest.changeLeagueMinimumRank2Test" classname="SystemTests.GameCenterLeagueTest" runstate="Runnable" testcasecount="1" result="Passed" start-time="2017-04-30 08:33:53Z" end-time="2017-04-30 08:33:53Z" duration="0.031052" total="1" passed="1" failed="0" warnings="0" inconclusive="0" skipped="0" asserts="4">
          <test-case id="3-1015" name="changeLeagueMinimumRank2Test()" fullname="SystemTests.GameCenterLeagueTest.changeLeagueMinimumRank2Test()" methodname="changeLeagueMinimumRank2Test" classname="SystemTests.GameCenterLeagueTest" runstate="Runnable" seed="761859299" result="Passed" start-time="2017-04-30 08:33:53Z" end-time="2017-04-30 08:33:53Z" duration="0.007962" asserts="4" />
        </test-suite>
        <test-suite type="ParameterizedMethod" id="3-1014" name="changeLeagueMinimumRankTest" fullname="SystemTests.GameCenterLeagueTest.changeLeagueMinimumRankTest" classname="SystemTests.GameCenterLeagueTest" runstate="Runnable" testcasecount="1" result="Passed" start-time="2017-04-30 08:33:53Z" end-time="2017-04-30 08:33:53Z" duration="0.031105" total="1" passed="1" failed="0" warnings="0" inconclusive="0" skipped="0" asserts="4">
          <test-case id="3-1013" name="changeLeagueMinimumRankTest()" fullname="SystemTests.GameCenterLeagueTest.changeLeagueMinimumRankTest()" methodname="changeLeagueMinimumRankTest" classname="SystemTests.GameCenterLeagueTest" runstate="Runnable" seed="1628301199" result="Passed" start-time="2017-04-30 08:33:53Z" end-time="2017-04-30 08:33:53Z" duration="0.001499" asserts="4" />
        </test-suite>
        <test-suite type="ParameterizedMethod" id="3-1018" name="changeLeagueMinimumRankToExistedLeagueTest" fullname="SystemTests.GameCenterLeagueTest.changeLeagueMinimumRankToExistedLeagueTest" classname="SystemTests.GameCenterLeagueTest" runstate="Runnable" testcasecount="1" result="Passed" start-time="2017-04-30 08:33:53Z" end-time="2017-04-30 08:33:53Z" duration="0.035292" total="1" passed="1" failed="0" warnings="0" inconclusive="0" skipped="0" asserts="3">
          <test-case id="3-1017" name="changeLeagueMinimumRankToExistedLeagueTest()" fullname="SystemTests.GameCenterLeagueTest.changeLeagueMinimumRankToExistedLeagueTest()" methodname="changeLeagueMinimumRankToExistedLeagueTest" classname="SystemTests.GameCenterLeagueTest" runstate="Runnable" seed="480581772" result="Passed" start-time="2017-04-30 08:33:53Z" end-time="2017-04-30 08:33:53Z" duration="0.000490" asserts="3" />
        </test-suite>
        <test-suite type="ParameterizedMethod" id="3-1002" name="CreateNewLeagueTest" fullname="SystemTests.GameCenterLeagueTest.CreateNewLeagueTest" classname="SystemTests.GameCenterLeagueTest" runstate="Runnable" testcasecount="1" result="Passed" start-time="2017-04-30 08:33:53Z" end-time="2017-04-30 08:33:53Z" duration="0.031303" total="1" passed="1" failed="0" warnings="0" inconclusive="0" skipped="0" asserts="2">
          <test-case id="3-1001" name="CreateNewLeagueTest()" fullname="SystemTests.GameCenterLeagueTest.CreateNewLeagueTest()" methodname="CreateNewLeagueTest" classname="SystemTests.GameCenterLeagueTest" runstate="Runnable" seed="816235757" result="Passed" start-time="2017-04-30 08:33:53Z" end-time="2017-04-30 08:33:53Z" duration="0.000961" asserts="2" />
        </test-suite>
        <test-suite type="ParameterizedMethod" id="3-1004" name="CreateNewLeagueWithSameRankTest" fullname="SystemTests.GameCenterLeagueTest.CreateNewLeagueWithSameRankTest" classname="SystemTests.GameCenterLeagueTest" runstate="Runnable" testcasecount="1" result="Passed" start-time="2017-04-30 08:33:53Z" end-time="2017-04-30 08:33:53Z" duration="0.020596" total="1" passed="1" failed="0" warnings="0" inconclusive="0" skipped="0" asserts="3">
          <test-case id="3-1003" name="CreateNewLeagueWithSameRankTest()" fullname="SystemTests.GameCenterLeagueTest.CreateNewLeagueWithSameRankTest()" methodname="CreateNewLeagueWithSameRankTest" classname="SystemTests.GameCenterLeagueTest" runstate="Runnable" seed="1849120129" result="Passed" start-time="2017-04-30 08:33:53Z" end-time="2017-04-30 08:33:53Z" duration="0.000551" asserts="3" />
        </test-suite>
        <test-suite type="ParameterizedMethod" id="3-1010" name="removeExistedUser" fullname="SystemTests.GameCenterLeagueTest.removeExistedUser" classname="SystemTests.GameCenterLeagueTest" runstate="Runnable" testcasecount="1" result="Passed" start-time="2017-04-30 08:33:53Z" end-time="2017-04-30 08:33:53Z" duration="0.045953" total="1" passed="1" failed="0" warnings="0" inconclusive="0" skipped="0" asserts="5">
          <test-case id="3-1009" name="removeExistedUser()" fullname="SystemTests.GameCenterLeagueTest.removeExistedUser()" methodname="removeExistedUser" classname="SystemTests.GameCenterLeagueTest" runstate="Runnable" seed="1546086267" result="Passed" start-time="2017-04-30 08:33:53Z" end-time="2017-04-30 08:33:53Z" duration="0.001147" asserts="5" />
        </test-suite>
        <test-suite type="ParameterizedMethod" id="3-1012" name="removeUnExistedUser" fullname="SystemTests.GameCenterLeagueTest.removeUnExistedUser" classname="SystemTests.GameCenterLeagueTest" runstate="Runnable" testcasecount="1" result="Passed" start-time="2017-04-30 08:33:53Z" end-time="2017-04-30 08:33:53Z" duration="0.031909" total="1" passed="1" failed="0" warnings="0" inconclusive="0" skipped="0" asserts="2">
          <test-case id="3-1011" name="removeUnExistedUser()" fullname="SystemTests.GameCenterLeagueTest.removeUnExistedUser()" methodname="removeUnExistedUser" classname="SystemTests.GameCenterLeagueTest" runstate="Runnable" seed="516724225" result="Passed" start-time="2017-04-30 08:33:53Z" end-time="2017-04-30 08:33:53Z" duration="0.000522" asserts="2" />
        </test-suite>
        <test-suite type="ParameterizedMethod" id="3-1024" name="setUsersTest" fullname="SystemTests.GameCenterLeagueTest.setUsersTest" classname="SystemTests.GameCenterLeagueTest" runstate="Runnable" testcasecount="1" result="Passed" start-time="2017-04-30 08:33:53Z" end-time="2017-04-30 08:33:53Z" duration="0.031220" total="1" passed="1" failed="0" warnings="0" inconclusive="0" skipped="0" asserts="2">
          <test-case id="3-1023" name="setUsersTest()" fullname="SystemTests.GameCenterLeagueTest.setUsersTest()" methodname="setUsersTest" classname="SystemTests.GameCenterLeagueTest" runstate="Runnable" seed="2016524548" result="Passed" start-time="2017-04-30 08:33:53Z" end-time="2017-04-30 08:33:53Z" duration="0.012604" asserts="2" />
        </test-suite>
        <test-suite type="ParameterizedMethod" id="3-1020" name="updateLeaguesTest" fullname="SystemTests.GameCenterLeagueTest.updateLeaguesTest" classname="SystemTests.GameCenterLeagueTest" runstate="Runnable" testcasecount="1" result="Passed" start-time="2017-04-30 08:33:53Z" end-time="2017-04-30 08:33:53Z" duration="0.037749" total="1" passed="1" failed="0" warnings="0" inconclusive="0" skipped="0" asserts="2">
          <test-case id="3-1019" name="updateLeaguesTest()" fullname="SystemTests.GameCenterLeagueTest.updateLeaguesTest()" methodname="updateLeaguesTest" classname="SystemTests.GameCenterLeagueTest" runstate="Runnable" seed="729941022" result="Passed" start-time="2017-04-30 08:33:53Z" end-time="2017-04-30 08:33:53Z" duration="0.003450" asserts="2" />
        </test-suite>
        <test-suite type="ParameterizedMethod" id="3-1022" name="updateLeaguesWithoutChangeTest" fullname="SystemTests.GameCenterLeagueTest.updateLeaguesWithoutChangeTest" classname="SystemTests.GameCenterLeagueTest" runstate="Runnable" testcasecount="1" result="Passed" start-time="2017-04-30 08:33:53Z" end-time="2017-04-30 08:33:53Z" duration="0.031291" total="1" passed="1" failed="0" warnings="0" inconclusive="0" skipped="0" asserts="2">
          <test-case id="3-1021" name="updateLeaguesWithoutChangeTest()" fullname="SystemTests.GameCenterLeagueTest.updateLeaguesWithoutChangeTest()" methodname="updateLeaguesWithoutChangeTest" classname="SystemTests.GameCenterLeagueTest" runstate="Runnable" seed="343523258" result="Passed" start-time="2017-04-30 08:33:53Z" end-time="2017-04-30 08:33:53Z" duration="0.000875" asserts="2" />
        </test-suite>
      </test-suite>
      <test-suite type="TestFixture" id="3-1025" name="GameCenterTest" fullname="SystemTests.GameCenterTest" classname="SystemTests.GameCenterTest" runstate="Runnable" testcasecount="5" result="Passed" start-time="2017-04-30 08:33:53Z" end-time="2017-04-30 08:33:54Z" duration="0.362529" total="5" passed="5" failed="0" warnings="0" inconclusive="0" skipped="0" asserts="10">
        <test-suite type="ParameterizedMethod" id="3-1027" name="createGameTest" fullname="SystemTests.GameCenterTest.createGameTest" classname="SystemTests.GameCenterTest" runstate="Runnable" testcasecount="1" result="Passed" start-time="2017-04-30 08:33:53Z" end-time="2017-04-30 08:33:53Z" duration="0.046897" total="1" passed="1" failed="0" warnings="0" inconclusive="0" skipped="0" asserts="1">
          <test-case id="3-1026" name="createGameTest()" fullname="SystemTests.GameCenterTest.createGameTest()" methodname="createGameTest" classname="SystemTests.GameCenterTest" runstate="Runnable" seed="1156862103" result="Passed" start-time="2017-04-30 08:33:53Z" end-time="2017-04-30 08:33:53Z" duration="0.022999" asserts="1" />
        </test-suite>
        <test-suite type="ParameterizedMethod" id="3-1031" name="getAllActiveGamesByPlayerNameTest" fullname="SystemTests.GameCenterTest.getAllActiveGamesByPlayerNameTest" classname="SystemTests.GameCenterTest" runstate="Runnable" testcasecount="1" result="Passed" start-time="2017-04-30 08:33:53Z" end-time="2017-04-30 08:33:53Z" duration="0.046806" total="1" passed="1" failed="0" warnings="0" inconclusive="0" skipped="0" asserts="1">
          <test-case id="3-1030" name="getAllActiveGamesByPlayerNameTest()" fullname="SystemTests.GameCenterTest.getAllActiveGamesByPlayerNameTest()" methodname="getAllActiveGamesByPlayerNameTest" classname="SystemTests.GameCenterTest" runstate="Runnable" seed="151772450" result="Passed" start-time="2017-04-30 08:33:53Z" end-time="2017-04-30 08:33:53Z" duration="0.017812" asserts="1" />
        </test-suite>
        <test-suite type="ParameterizedMethod" id="3-1029" name="getAllSpectatingGamesTest" fullname="SystemTests.GameCenterTest.getAllSpectatingGamesTest" classname="SystemTests.GameCenterTest" runstate="Runnable" testcasecount="1" result="Passed" start-time="2017-04-30 08:33:53Z" end-time="2017-04-30 08:33:54Z" duration="0.031324" total="1" passed="1" failed="0" warnings="0" inconclusive="0" skipped="0" asserts="1">
          <test-case id="3-1028" name="getAllSpectatingGamesTest()" fullname="SystemTests.GameCenterTest.getAllSpectatingGamesTest()" methodname="getAllSpectatingGamesTest" classname="SystemTests.GameCenterTest" runstate="Runnable" seed="1362842522" result="Passed" start-time="2017-04-30 08:33:54Z" end-time="2017-04-30 08:33:54Z" duration="0.003069" asserts="1" />
        </test-suite>
        <test-suite type="ParameterizedMethod" id="3-1033" name="joinGameTest" fullname="SystemTests.GameCenterTest.joinGameTest" classname="SystemTests.GameCenterTest" runstate="Runnable" testcasecount="1" result="Passed" start-time="2017-04-30 08:33:54Z" end-time="2017-04-30 08:33:54Z" duration="0.038041" total="1" passed="1" failed="0" warnings="0" inconclusive="0" skipped="0" asserts="5">
          <test-case id="3-1032" name="joinGameTest()" fullname="SystemTests.GameCenterTest.joinGameTest()" methodname="joinGameTest" classname="SystemTests.GameCenterTest" runstate="Runnable" seed="962183451" result="Passed" start-time="2017-04-30 08:33:54Z" end-time="2017-04-30 08:33:54Z" duration="0.001580" asserts="5" />
        </test-suite>
        <test-suite type="ParameterizedMethod" id="3-1035" name="spectateGameTest" fullname="SystemTests.GameCenterTest.spectateGameTest" classname="SystemTests.GameCenterTest" runstate="Runnable" testcasecount="1" result="Passed" start-time="2017-04-30 08:33:54Z" end-time="2017-04-30 08:33:54Z" duration="0.031330" total="1" passed="1" failed="0" warnings="0" inconclusive="0" skipped="0" asserts="2">
          <test-case id="3-1034" name="spectateGameTest()" fullname="SystemTests.GameCenterTest.spectateGameTest()" methodname="spectateGameTest" classname="SystemTests.GameCenterTest" runstate="Runnable" seed="583684577" result="Passed" start-time="2017-04-30 08:33:54Z" end-time="2017-04-30 08:33:54Z" duration="0.003103" asserts="2" />
        </test-suite>
      </test-suite>
      <test-suite type="TestFixture" id="3-1036" name="testUserSystem" fullname="SystemTests.testUserSystem" classname="SystemTests.testUserSystem" runstate="Runnable" testcasecount="7" result="Passed" start-time="2017-04-30 08:33:54Z" end-time="2017-04-30 08:33:54Z" duration="0.463757" total="7" passed="7" failed="0" warnings="0" inconclusive="0" skipped="0" asserts="10">
        <test-suite type="ParameterizedMethod" id="3-1050" name="editAvatarTest" fullname="SystemTests.testUserSystem.editAvatarTest" classname="SystemTests.testUserSystem" runstate="Runnable" testcasecount="1" result="Passed" start-time="2017-04-30 08:33:54Z" end-time="2017-04-30 08:33:54Z" duration="0.031325" total="1" passed="1" failed="0" warnings="0" inconclusive="0" skipped="0" asserts="0">
          <test-case id="3-1049" name="editAvatarTest()" fullname="SystemTests.testUserSystem.editAvatarTest()" methodname="editAvatarTest" classname="SystemTests.testUserSystem" runstate="Runnable" seed="1493016950" result="Passed" start-time="2017-04-30 08:33:54Z" end-time="2017-04-30 08:33:54Z" duration="0.003459" asserts="0" />
        </test-suite>
        <test-suite type="ParameterizedMethod" id="3-1048" name="editProfileToLoggedOutUser" fullname="SystemTests.testUserSystem.editProfileToLoggedOutUser" classname="SystemTests.testUserSystem" runstate="Runnable" testcasecount="1" result="Passed" start-time="2017-04-30 08:33:54Z" end-time="2017-04-30 08:33:54Z" duration="0.031293" total="1" passed="1" failed="0" warnings="0" inconclusive="0" skipped="0" asserts="1">
          <test-case id="3-1047" name="editProfileToLoggedOutUser()" fullname="SystemTests.testUserSystem.editProfileToLoggedOutUser()" methodname="editProfileToLoggedOutUser" classname="SystemTests.testUserSystem" runstate="Runnable" seed="865397006" result="Passed" start-time="2017-04-30 08:33:54Z" end-time="2017-04-30 08:33:54Z" duration="0.001163" asserts="1" />
        </test-suite>
        <test-suite type="ParameterizedMethod" id="3-1046" name="editUsernameAndPasswordTest" fullname="SystemTests.testUserSystem.editUsernameAndPasswordTest" classname="SystemTests.testUserSystem" runstate="Runnable" testcasecount="1" result="Passed" start-time="2017-04-30 08:33:54Z" end-time="2017-04-30 08:33:54Z" duration="0.037823" total="1" passed="1" failed="0" warnings="0" inconclusive="0" skipped="0" asserts="4">
          <test-case id="3-1045" name="editUsernameAndPasswordTest()" fullname="SystemTests.testUserSystem.editUsernameAndPasswordTest()" methodname="editUsernameAndPasswordTest" classname="SystemTests.testUserSystem" runstate="Runnable" seed="1143802103" result="Passed" start-time="2017-04-30 08:33:54Z" end-time="2017-04-30 08:33:54Z" duration="0.001229" asserts="4" />
        </test-suite>
        <test-suite type="ParameterizedMethod" id="3-1044" name="failureLoginTest" fullname="SystemTests.testUserSystem.failureLoginTest" classname="SystemTests.testUserSystem" runstate="Runnable" testcasecount="1" result="Passed" start-time="2017-04-30 08:33:54Z" end-time="2017-04-30 08:33:54Z" duration="0.031296" total="1" passed="1" failed="0" warnings="0" inconclusive="0" skipped="0" asserts="1">
          <test-case id="3-1043" name="failureLoginTest()" fullname="SystemTests.testUserSystem.failureLoginTest()" methodname="failureLoginTest" classname="SystemTests.testUserSystem" runstate="Runnable" seed="809135557" result="Passed" start-time="2017-04-30 08:33:54Z" end-time="2017-04-30 08:33:54Z" duration="0.001053" asserts="1" />
        </test-suite>
        <test-suite type="ParameterizedMethod" id="3-1038" name="registerTest" fullname="SystemTests.testUserSystem.registerTest" classname="SystemTests.testUserSystem" runstate="Runnable" testcasecount="1" result="Passed" start-time="2017-04-30 08:33:54Z" end-time="2017-04-30 08:33:54Z" duration="0.031295" total="1" passed="1" failed="0" warnings="0" inconclusive="0" skipped="0" asserts="1">
          <test-case id="3-1037" name="registerTest()" fullname="SystemTests.testUserSystem.registerTest()" methodname="registerTest" classname="SystemTests.testUserSystem" runstate="Runnable" seed="1500609413" result="Passed" start-time="2017-04-30 08:33:54Z" end-time="2017-04-30 08:33:54Z" duration="0.000384" asserts="1" />
        </test-suite>
        <test-suite type="ParameterizedMethod" id="3-1040" name="registerWithUsedNameTest" fullname="SystemTests.testUserSystem.registerWithUsedNameTest" classname="SystemTests.testUserSystem" runstate="Runnable" testcasecount="1" result="Passed" start-time="2017-04-30 08:33:54Z" end-time="2017-04-30 08:33:54Z" duration="0.037836" total="1" passed="1" failed="0" warnings="0" inconclusive="0" skipped="0" asserts="2">
          <test-case id="3-1039" name="registerWithUsedNameTest()" fullname="SystemTests.testUserSystem.registerWithUsedNameTest()" methodname="registerWithUsedNameTest" classname="SystemTests.testUserSystem" runstate="Runnable" seed="2061798339" result="Passed" start-time="2017-04-30 08:33:54Z" end-time="2017-04-30 08:33:54Z" duration="0.000499" asserts="2" />
        </test-suite>
        <test-suite type="ParameterizedMethod" id="3-1042" name="SuccesfullLoginTest" fullname="SystemTests.testUserSystem.SuccesfullLoginTest" classname="SystemTests.testUserSystem" runstate="Runnable" testcasecount="1" result="Passed" start-time="2017-04-30 08:33:54Z" end-time="2017-04-30 08:33:54Z" duration="0.031267" total="1" passed="1" failed="0" warnings="0" inconclusive="0" skipped="0" asserts="1">
          <test-case id="3-1041" name="SuccesfullLoginTest()" fullname="SystemTests.testUserSystem.SuccesfullLoginTest()" methodname="SuccesfullLoginTest" classname="SystemTests.testUserSystem" runstate="Runnable" seed="179610817" result="Passed" start-time="2017-04-30 08:33:54Z" end-time="2017-04-30 08:33:54Z" duration="0.000461" asserts="1" />
        </test-suite>
      </test-suite>
    </test-suite>
  </test-suite>
</test-run>