<?xml version="1.0" encoding="utf-8" standalone="no"?>
<test-run id="2" testcasecount="126" result="Failed" total="126" passed="125" failed="1" inconclusive="0" skipped="0" asserts="227" engine-version="3.6.1.0" clr-version="4.0.30319.42000" start-time="2017-04-30 07:45:22Z" end-time="2017-04-30 07:45:31Z" duration="9.552519">
  <command-line><![CDATA["C:\Users\matan\Desktop\bgu\year 3\2\סדנא\WSEP\Code\TexasHoldem\.\packages\NUnit.ConsoleRunner.3.6.1\tools\nunit3-console.exe" .\GamingTests\bin\Debug\GamingTests.dll .\AT\bin\Debug\AT.dll .\SystemTests\bin\Debug\SystemTests.dll]]></command-line>
  <test-suite type="Assembly" id="1-1118" name="GamingTests.dll" fullname="C:\Users\matan\Desktop\bgu\year 3\2\סדנא\WSEP\Code\TexasHoldem\GamingTests\bin\Debug\GamingTests.dll" runstate="Runnable" testcasecount="56" result="Passed" start-time="2017-04-30 07:45:28Z" end-time="2017-04-30 07:45:31Z" duration="2.701907" total="56" passed="56" failed="0" warnings="0" inconclusive="0" skipped="0" asserts="87">
    <environment framework-version="3.6.1.0" clr-version="4.0.30319.42000" os-version="Microsoft Windows NT 10.0.14393.0" platform="Win32NT" cwd="C:\Users\matan\Desktop\bgu\year 3\2\סדנא\WSEP\Code\TexasHoldem" machine-name="NIVHAMAGNIV" user="matan" user-domain="NIVHAMAGNIV" culture="en-US" uiculture="en-US" os-architecture="x64" />
    <settings>
      <setting name="DisposeRunners" value="True" />
      <setting name="WorkDirectory" value="C:\Users\matan\Desktop\bgu\year 3\2\סדנא\WSEP\Code\TexasHoldem" />
      <setting name="ImageRuntimeVersion" value="4.0.30319" />
      <setting name="ImageTargetFrameworkName" value=".NETFramework,Version=v4.5" />
      <setting name="ImageRequiresX86" value="False" />
      <setting name="ImageRequiresDefaultAppDomainAssemblyResolver" value="False" />
      <setting name="NumberOfTestWorkers" value="4" />
    </settings>
    <properties>
      <property name="_PID" value="11468" />
      <property name="_APPDOMAIN" value="domain-2ffc6dfa-GamingTests.dll" />
    </properties>
    <test-suite type="TestSuite" id="1-1120" name="Gaming" fullname="Gaming" runstate="Runnable" testcasecount="6" result="Passed" start-time="2017-04-30 07:45:29Z" end-time="2017-04-30 07:45:29Z" duration="0.242085" total="6" passed="6" failed="0" warnings="0" inconclusive="0" skipped="0" asserts="10">
      <test-suite type="TestFixture" id="1-1066" name="GameParticipantsTests" fullname="Gaming.GameParticipantsTests" classname="Gaming.GameParticipantsTests" runstate="Runnable" testcasecount="6" result="Passed" start-time="2017-04-30 07:45:29Z" end-time="2017-04-30 07:45:29Z" duration="0.230987" total="6" passed="6" failed="0" warnings="0" inconclusive="0" skipped="0" asserts="10">
        <test-suite type="ParameterizedMethod" id="1-1068" name="AddPlayerToGame" fullname="Gaming.GameParticipantsTests.AddPlayerToGame" classname="Gaming.GameParticipantsTests" runstate="Runnable" testcasecount="1" result="Passed" start-time="2017-04-30 07:45:29Z" end-time="2017-04-30 07:45:29Z" duration="0.097280" total="1" passed="1" failed="0" warnings="0" inconclusive="0" skipped="0" asserts="2">
          <test-case id="1-1067" name="AddPlayerToGame()" fullname="Gaming.GameParticipantsTests.AddPlayerToGame()" methodname="AddPlayerToGame" classname="Gaming.GameParticipantsTests" runstate="Runnable" seed="1035802652" result="Passed" start-time="2017-04-30 07:45:29Z" end-time="2017-04-30 07:45:29Z" duration="0.076458" asserts="2" />
        </test-suite>
        <test-suite type="ParameterizedMethod" id="1-1074" name="AddSpectatorsToGameThatDoesntAllowSpecators" fullname="Gaming.GameParticipantsTests.AddSpectatorsToGameThatDoesntAllowSpecators" classname="Gaming.GameParticipantsTests" runstate="Runnable" testcasecount="1" result="Passed" start-time="2017-04-30 07:45:29Z" end-time="2017-04-30 07:45:29Z" duration="0.028907" total="1" passed="1" failed="0" warnings="0" inconclusive="0" skipped="0" asserts="1">
          <test-case id="1-1073" name="AddSpectatorsToGameThatDoesntAllowSpecators()" fullname="Gaming.GameParticipantsTests.AddSpectatorsToGameThatDoesntAllowSpecators()" methodname="AddSpectatorsToGameThatDoesntAllowSpecators" classname="Gaming.GameParticipantsTests" runstate="Runnable" seed="500743759" result="Passed" start-time="2017-04-30 07:45:29Z" end-time="2017-04-30 07:45:29Z" duration="0.025493" asserts="1" />
        </test-suite>
        <test-suite type="ParameterizedMethod" id="1-1070" name="AddSpectatorToGame" fullname="Gaming.GameParticipantsTests.AddSpectatorToGame" classname="Gaming.GameParticipantsTests" runstate="Runnable" testcasecount="1" result="Passed" start-time="2017-04-30 07:45:29Z" end-time="2017-04-30 07:45:29Z" duration="0.017705" total="1" passed="1" failed="0" warnings="0" inconclusive="0" skipped="0" asserts="2">
          <test-case id="1-1069" name="AddSpectatorToGame()" fullname="Gaming.GameParticipantsTests.AddSpectatorToGame()" methodname="AddSpectatorToGame" classname="Gaming.GameParticipantsTests" runstate="Runnable" seed="1821807675" result="Passed" start-time="2017-04-30 07:45:29Z" end-time="2017-04-30 07:45:29Z" duration="0.009839" asserts="2" />
        </test-suite>
        <test-suite type="ParameterizedMethod" id="1-1072" name="ChatTest" fullname="Gaming.GameParticipantsTests.ChatTest" classname="Gaming.GameParticipantsTests" runstate="Runnable" testcasecount="1" result="Passed" start-time="2017-04-30 07:45:29Z" end-time="2017-04-30 07:45:29Z" duration="0.018736" total="1" passed="1" failed="0" warnings="0" inconclusive="0" skipped="0" asserts="1">
          <test-case id="1-1071" name="ChatTest()" fullname="Gaming.GameParticipantsTests.ChatTest()" methodname="ChatTest" classname="Gaming.GameParticipantsTests" runstate="Runnable" seed="1393378641" result="Passed" start-time="2017-04-30 07:45:29Z" end-time="2017-04-30 07:45:29Z" duration="0.013775" asserts="1" />
        </test-suite>
        <test-suite type="ParameterizedMethod" id="1-1076" name="RemovePlayerFromGame" fullname="Gaming.GameParticipantsTests.RemovePlayerFromGame" classname="Gaming.GameParticipantsTests" runstate="Runnable" testcasecount="1" result="Passed" start-time="2017-04-30 07:45:29Z" end-time="2017-04-30 07:45:29Z" duration="0.017034" total="1" passed="1" failed="0" warnings="0" inconclusive="0" skipped="0" asserts="2">
          <test-case id="1-1075" name="RemovePlayerFromGame()" fullname="Gaming.GameParticipantsTests.RemovePlayerFromGame()" methodname="RemovePlayerFromGame" classname="Gaming.GameParticipantsTests" runstate="Runnable" seed="1844525143" result="Passed" start-time="2017-04-30 07:45:29Z" end-time="2017-04-30 07:45:29Z" duration="0.014471" asserts="2" />
        </test-suite>
        <test-suite type="ParameterizedMethod" id="1-1078" name="RemoveSpectatorFromGame" fullname="Gaming.GameParticipantsTests.RemoveSpectatorFromGame" classname="Gaming.GameParticipantsTests" runstate="Runnable" testcasecount="1" result="Passed" start-time="2017-04-30 07:45:29Z" end-time="2017-04-30 07:45:29Z" duration="0.023779" total="1" passed="1" failed="0" warnings="0" inconclusive="0" skipped="0" asserts="2">
          <test-case id="1-1077" name="RemoveSpectatorFromGame()" fullname="Gaming.GameParticipantsTests.RemoveSpectatorFromGame()" methodname="RemoveSpectatorFromGame" classname="Gaming.GameParticipantsTests" runstate="Runnable" seed="1776307314" result="Passed" start-time="2017-04-30 07:45:29Z" end-time="2017-04-30 07:45:29Z" duration="0.017686" asserts="2" />
        </test-suite>
      </test-suite>
    </test-suite>
    <test-suite type="TestSuite" id="1-1119" name="GamingTests" fullname="GamingTests" runstate="Runnable" testcasecount="50" result="Passed" start-time="2017-04-30 07:45:29Z" end-time="2017-04-30 07:45:31Z" duration="2.665605" total="50" passed="50" failed="0" warnings="0" inconclusive="0" skipped="0" asserts="77">
      <test-suite type="TestFixture" id="1-1000" name="CardAnalyzerTest" fullname="GamingTests.CardAnalyzerTest" classname="GamingTests.CardAnalyzerTest" runstate="Runnable" testcasecount="24" result="Passed" start-time="2017-04-30 07:45:29Z" end-time="2017-04-30 07:45:30Z" duration="0.800650" total="24" passed="24" failed="0" warnings="0" inconclusive="0" skipped="0" asserts="24">
        <test-suite type="ParameterizedMethod" id="1-1040" name="fullHouseAnalyzeTest" fullname="GamingTests.CardAnalyzerTest.fullHouseAnalyzeTest" classname="GamingTests.CardAnalyzerTest" runstate="Runnable" testcasecount="1" result="Passed" start-time="2017-04-30 07:45:29Z" end-time="2017-04-30 07:45:29Z" duration="0.037062" total="1" passed="1" failed="0" warnings="0" inconclusive="0" skipped="0" asserts="1">
          <test-case id="1-1039" name="fullHouseAnalyzeTest()" fullname="GamingTests.CardAnalyzerTest.fullHouseAnalyzeTest()" methodname="fullHouseAnalyzeTest" classname="GamingTests.CardAnalyzerTest" runstate="Runnable" seed="1729876112" result="Passed" start-time="2017-04-30 07:45:29Z" end-time="2017-04-30 07:45:29Z" duration="0.034374" asserts="1" />
        </test-suite>
        <test-suite type="ParameterizedMethod" id="1-1022" name="hasFlushTest" fullname="GamingTests.CardAnalyzerTest.hasFlushTest" classname="GamingTests.CardAnalyzerTest" runstate="Runnable" testcasecount="1" result="Passed" start-time="2017-04-30 07:45:29Z" end-time="2017-04-30 07:45:29Z" duration="0.024484" total="1" passed="1" failed="0" warnings="0" inconclusive="0" skipped="0" asserts="1">
          <test-case id="1-1021" name="hasFlushTest()" fullname="GamingTests.CardAnalyzerTest.hasFlushTest()" methodname="hasFlushTest" classname="GamingTests.CardAnalyzerTest" runstate="Runnable" seed="1309059128" result="Passed" start-time="2017-04-30 07:45:29Z" end-time="2017-04-30 07:45:29Z" duration="0.021853" asserts="1" />
        </test-suite>
        <test-suite type="ParameterizedMethod" id="1-1014" name="hasFourOfAKindTest" fullname="GamingTests.CardAnalyzerTest.hasFourOfAKindTest" classname="GamingTests.CardAnalyzerTest" runstate="Runnable" testcasecount="1" result="Passed" start-time="2017-04-30 07:45:29Z" end-time="2017-04-30 07:45:29Z" duration="0.013533" total="1" passed="1" failed="0" warnings="0" inconclusive="0" skipped="0" asserts="1">
          <test-case id="1-1013" name="hasFourOfAKindTest()" fullname="GamingTests.CardAnalyzerTest.hasFourOfAKindTest()" methodname="hasFourOfAKindTest" classname="GamingTests.CardAnalyzerTest" runstate="Runnable" seed="22116543" result="Passed" start-time="2017-04-30 07:45:29Z" end-time="2017-04-30 07:45:29Z" duration="0.010691" asserts="1" />
        </test-suite>
        <test-suite type="ParameterizedMethod" id="1-1018" name="hasFullHouseTest" fullname="GamingTests.CardAnalyzerTest.hasFullHouseTest" classname="GamingTests.CardAnalyzerTest" runstate="Runnable" testcasecount="1" result="Passed" start-time="2017-04-30 07:45:29Z" end-time="2017-04-30 07:45:29Z" duration="0.020543" total="1" passed="1" failed="0" warnings="0" inconclusive="0" skipped="0" asserts="1">
          <test-case id="1-1017" name="hasFullHouseTest()" fullname="GamingTests.CardAnalyzerTest.hasFullHouseTest()" methodname="hasFullHouseTest" classname="GamingTests.CardAnalyzerTest" runstate="Runnable" seed="2025005925" result="Passed" start-time="2017-04-30 07:45:29Z" end-time="2017-04-30 07:45:29Z" duration="0.017894" asserts="1" />
        </test-suite>
        <test-suite type="ParameterizedMethod" id="1-1002" name="hasRoyalFlushTest" fullname="GamingTests.CardAnalyzerTest.hasRoyalFlushTest" classname="GamingTests.CardAnalyzerTest" runstate="Runnable" testcasecount="1" result="Passed" start-time="2017-04-30 07:45:29Z" end-time="2017-04-30 07:45:29Z" duration="0.004225" total="1" passed="1" failed="0" warnings="0" inconclusive="0" skipped="0" asserts="1">
          <test-case id="1-1001" name="hasRoyalFlushTest()" fullname="GamingTests.CardAnalyzerTest.hasRoyalFlushTest()" methodname="hasRoyalFlushTest" classname="GamingTests.CardAnalyzerTest" runstate="Runnable" seed="174413678" result="Passed" start-time="2017-04-30 07:45:29Z" end-time="2017-04-30 07:45:29Z" duration="0.001189" asserts="1" />
        </test-suite>
        <test-suite type="ParameterizedMethod" id="1-1012" name="hasStraightFlush2Test" fullname="GamingTests.CardAnalyzerTest.hasStraightFlush2Test" classname="GamingTests.CardAnalyzerTest" runstate="Runnable" testcasecount="1" result="Passed" start-time="2017-04-30 07:45:29Z" end-time="2017-04-30 07:45:29Z" duration="0.010030" total="1" passed="1" failed="0" warnings="0" inconclusive="0" skipped="0" asserts="1">
          <test-case id="1-1011" name="hasStraightFlush2Test()" fullname="GamingTests.CardAnalyzerTest.hasStraightFlush2Test()" methodname="hasStraightFlush2Test" classname="GamingTests.CardAnalyzerTest" runstate="Runnable" seed="1768312721" result="Passed" start-time="2017-04-30 07:45:29Z" end-time="2017-04-30 07:45:29Z" duration="0.006985" asserts="1" />
        </test-suite>
        <test-suite type="ParameterizedMethod" id="1-1010" name="hasStraightFlushTest" fullname="GamingTests.CardAnalyzerTest.hasStraightFlushTest" classname="GamingTests.CardAnalyzerTest" runstate="Runnable" testcasecount="1" result="Passed" start-time="2017-04-30 07:45:29Z" end-time="2017-04-30 07:45:29Z" duration="0.015983" total="1" passed="1" failed="0" warnings="0" inconclusive="0" skipped="0" asserts="1">
          <test-case id="1-1009" name="hasStraightFlushTest()" fullname="GamingTests.CardAnalyzerTest.hasStraightFlushTest()" methodname="hasStraightFlushTest" classname="GamingTests.CardAnalyzerTest" runstate="Runnable" seed="520013669" result="Passed" start-time="2017-04-30 07:45:29Z" end-time="2017-04-30 07:45:29Z" duration="0.011145" asserts="1" />
        </test-suite>
        <test-suite type="ParameterizedMethod" id="1-1026" name="hasStraightTest" fullname="GamingTests.CardAnalyzerTest.hasStraightTest" classname="GamingTests.CardAnalyzerTest" runstate="Runnable" testcasecount="1" result="Passed" start-time="2017-04-30 07:45:29Z" end-time="2017-04-30 07:45:29Z" duration="0.033552" total="1" passed="1" failed="0" warnings="0" inconclusive="0" skipped="0" asserts="1">
          <test-case id="1-1025" name="hasStraightTest()" fullname="GamingTests.CardAnalyzerTest.hasStraightTest()" methodname="hasStraightTest" classname="GamingTests.CardAnalyzerTest" runstate="Runnable" seed="1665415569" result="Passed" start-time="2017-04-30 07:45:29Z" end-time="2017-04-30 07:45:29Z" duration="0.030069" asserts="1" />
        </test-suite>
        <test-suite type="ParameterizedMethod" id="1-1030" name="hasThreeOfAKindTest" fullname="GamingTests.CardAnalyzerTest.hasThreeOfAKindTest" classname="GamingTests.CardAnalyzerTest" runstate="Runnable" testcasecount="1" result="Passed" start-time="2017-04-30 07:45:29Z" end-time="2017-04-30 07:45:29Z" duration="0.044029" total="1" passed="1" failed="0" warnings="0" inconclusive="0" skipped="0" asserts="1">
          <test-case id="1-1029" name="hasThreeOfAKindTest()" fullname="GamingTests.CardAnalyzerTest.hasThreeOfAKindTest()" methodname="hasThreeOfAKindTest" classname="GamingTests.CardAnalyzerTest" runstate="Runnable" seed="1936012386" result="Passed" start-time="2017-04-30 07:45:29Z" end-time="2017-04-30 07:45:29Z" duration="0.036999" asserts="1" />
        </test-suite>
        <test-suite type="ParameterizedMethod" id="1-1034" name="hasTwoPairTest" fullname="GamingTests.CardAnalyzerTest.hasTwoPairTest" classname="GamingTests.CardAnalyzerTest" runstate="Runnable" testcasecount="1" result="Passed" start-time="2017-04-30 07:45:29Z" end-time="2017-04-30 07:45:29Z" duration="0.042069" total="1" passed="1" failed="0" warnings="0" inconclusive="0" skipped="0" asserts="1">
          <test-case id="1-1033" name="hasTwoPairTest()" fullname="GamingTests.CardAnalyzerTest.hasTwoPairTest()" methodname="hasTwoPairTest" classname="GamingTests.CardAnalyzerTest" runstate="Runnable" seed="1251327247" result="Passed" start-time="2017-04-30 07:45:29Z" end-time="2017-04-30 07:45:29Z" duration="0.039134" asserts="1" />
        </test-suite>
        <test-suite type="ParameterizedMethod" id="1-1038" name="highCardAnalyzeTest" fullname="GamingTests.CardAnalyzerTest.highCardAnalyzeTest" classname="GamingTests.CardAnalyzerTest" runstate="Runnable" testcasecount="1" result="Passed" start-time="2017-04-30 07:45:29Z" end-time="2017-04-30 07:45:29Z" duration="0.054491" total="1" passed="1" failed="0" warnings="0" inconclusive="0" skipped="0" asserts="1">
          <test-case id="1-1037" name="highCardAnalyzeTest()" fullname="GamingTests.CardAnalyzerTest.highCardAnalyzeTest()" methodname="highCardAnalyzeTest" classname="GamingTests.CardAnalyzerTest" runstate="Runnable" seed="315368378" result="Passed" start-time="2017-04-30 07:45:29Z" end-time="2017-04-30 07:45:29Z" duration="0.050453" asserts="1" />
        </test-suite>
        <test-suite type="ParameterizedMethod" id="1-1044" name="highStraightAnalyzeTest" fullname="GamingTests.CardAnalyzerTest.highStraightAnalyzeTest" classname="GamingTests.CardAnalyzerTest" runstate="Runnable" testcasecount="1" result="Passed" start-time="2017-04-30 07:45:29Z" end-time="2017-04-30 07:45:29Z" duration="0.042144" total="1" passed="1" failed="0" warnings="0" inconclusive="0" skipped="0" asserts="1">
          <test-case id="1-1043" name="highStraightAnalyzeTest()" fullname="GamingTests.CardAnalyzerTest.highStraightAnalyzeTest()" methodname="highStraightAnalyzeTest" classname="GamingTests.CardAnalyzerTest" runstate="Runnable" seed="356697477" result="Passed" start-time="2017-04-30 07:45:29Z" end-time="2017-04-30 07:45:29Z" duration="0.038946" asserts="1" />
        </test-suite>
        <test-suite type="ParameterizedMethod" id="1-1042" name="lowStraightAnalyzeTest" fullname="GamingTests.CardAnalyzerTest.lowStraightAnalyzeTest" classname="GamingTests.CardAnalyzerTest" runstate="Runnable" testcasecount="1" result="Passed" start-time="2017-04-30 07:45:29Z" end-time="2017-04-30 07:45:29Z" duration="0.030560" total="1" passed="1" failed="0" warnings="0" inconclusive="0" skipped="0" asserts="1">
          <test-case id="1-1041" name="lowStraightAnalyzeTest()" fullname="GamingTests.CardAnalyzerTest.lowStraightAnalyzeTest()" methodname="lowStraightAnalyzeTest" classname="GamingTests.CardAnalyzerTest" runstate="Runnable" seed="1542307055" result="Passed" start-time="2017-04-30 07:45:29Z" end-time="2017-04-30 07:45:29Z" duration="0.027205" asserts="1" />
        </test-suite>
        <test-suite type="ParameterizedMethod" id="1-1024" name="noFlushTest" fullname="GamingTests.CardAnalyzerTest.noFlushTest" classname="GamingTests.CardAnalyzerTest" runstate="Runnable" testcasecount="1" result="Passed" start-time="2017-04-30 07:45:29Z" end-time="2017-04-30 07:45:29Z" duration="0.044043" total="1" passed="1" failed="0" warnings="0" inconclusive="0" skipped="0" asserts="1">
          <test-case id="1-1023" name="noFlushTest()" fullname="GamingTests.CardAnalyzerTest.noFlushTest()" methodname="noFlushTest" classname="GamingTests.CardAnalyzerTest" runstate="Runnable" seed="735691277" result="Passed" start-time="2017-04-30 07:45:29Z" end-time="2017-04-30 07:45:29Z" duration="0.040198" asserts="1" />
        </test-suite>
        <test-suite type="ParameterizedMethod" id="1-1016" name="noFourOfAKindTest" fullname="GamingTests.CardAnalyzerTest.noFourOfAKindTest" classname="GamingTests.CardAnalyzerTest" runstate="Runnable" testcasecount="1" result="Passed" start-time="2017-04-30 07:45:29Z" end-time="2017-04-30 07:45:29Z" duration="0.010929" total="1" passed="1" failed="0" warnings="0" inconclusive="0" skipped="0" asserts="1">
          <test-case id="1-1015" name="noFourOfAKindTest()" fullname="GamingTests.CardAnalyzerTest.noFourOfAKindTest()" methodname="noFourOfAKindTest" classname="GamingTests.CardAnalyzerTest" runstate="Runnable" seed="1827113727" result="Passed" start-time="2017-04-30 07:45:29Z" end-time="2017-04-30 07:45:29Z" duration="0.007491" asserts="1" />
        </test-suite>
        <test-suite type="ParameterizedMethod" id="1-1020" name="noFullHouseTest" fullname="GamingTests.CardAnalyzerTest.noFullHouseTest" classname="GamingTests.CardAnalyzerTest" runstate="Runnable" testcasecount="1" result="Passed" start-time="2017-04-30 07:45:29Z" end-time="2017-04-30 07:45:29Z" duration="0.029558" total="1" passed="1" failed="0" warnings="0" inconclusive="0" skipped="0" asserts="1">
          <test-case id="1-1019" name="noFullHouseTest()" fullname="GamingTests.CardAnalyzerTest.noFullHouseTest()" methodname="noFullHouseTest" classname="GamingTests.CardAnalyzerTest" runstate="Runnable" seed="1357930393" result="Passed" start-time="2017-04-30 07:45:29Z" end-time="2017-04-30 07:45:29Z" duration="0.026056" asserts="1" />
        </test-suite>
        <test-suite type="ParameterizedMethod" id="1-1006" name="noRoyalFlush2Test" fullname="GamingTests.CardAnalyzerTest.noRoyalFlush2Test" classname="GamingTests.CardAnalyzerTest" runstate="Runnable" testcasecount="1" result="Passed" start-time="2017-04-30 07:45:29Z" end-time="2017-04-30 07:45:29Z" duration="0.025048" total="1" passed="1" failed="0" warnings="0" inconclusive="0" skipped="0" asserts="1">
          <test-case id="1-1005" name="noRoyalFlush2Test()" fullname="GamingTests.CardAnalyzerTest.noRoyalFlush2Test()" methodname="noRoyalFlush2Test" classname="GamingTests.CardAnalyzerTest" runstate="Runnable" seed="740897080" result="Passed" start-time="2017-04-30 07:45:29Z" end-time="2017-04-30 07:45:29Z" duration="0.022350" asserts="1" />
        </test-suite>
        <test-suite type="ParameterizedMethod" id="1-1004" name="noRoyalFlushTest" fullname="GamingTests.CardAnalyzerTest.noRoyalFlushTest" classname="GamingTests.CardAnalyzerTest" runstate="Runnable" testcasecount="1" result="Passed" start-time="2017-04-30 07:45:29Z" end-time="2017-04-30 07:45:29Z" duration="0.029559" total="1" passed="1" failed="0" warnings="0" inconclusive="0" skipped="0" asserts="1">
          <test-case id="1-1003" name="noRoyalFlushTest()" fullname="GamingTests.CardAnalyzerTest.noRoyalFlushTest()" methodname="noRoyalFlushTest" classname="GamingTests.CardAnalyzerTest" runstate="Runnable" seed="1715717600" result="Passed" start-time="2017-04-30 07:45:29Z" end-time="2017-04-30 07:45:29Z" duration="0.026171" asserts="1" />
        </test-suite>
        <test-suite type="ParameterizedMethod" id="1-1008" name="noStraightFlushTest" fullname="GamingTests.CardAnalyzerTest.noStraightFlushTest" classname="GamingTests.CardAnalyzerTest" runstate="Runnable" testcasecount="1" result="Passed" start-time="2017-04-30 07:45:29Z" end-time="2017-04-30 07:45:29Z" duration="0.032060" total="1" passed="1" failed="0" warnings="0" inconclusive="0" skipped="0" asserts="1">
          <test-case id="1-1007" name="noStraightFlushTest()" fullname="GamingTests.CardAnalyzerTest.noStraightFlushTest()" methodname="noStraightFlushTest" classname="GamingTests.CardAnalyzerTest" runstate="Runnable" seed="1043302974" result="Passed" start-time="2017-04-30 07:45:29Z" end-time="2017-04-30 07:45:29Z" duration="0.029189" asserts="1" />
        </test-suite>
        <test-suite type="ParameterizedMethod" id="1-1028" name="noStraightTest" fullname="GamingTests.CardAnalyzerTest.noStraightTest" classname="GamingTests.CardAnalyzerTest" runstate="Runnable" testcasecount="1" result="Passed" start-time="2017-04-30 07:45:29Z" end-time="2017-04-30 07:45:29Z" duration="0.043638" total="1" passed="1" failed="0" warnings="0" inconclusive="0" skipped="0" asserts="1">
          <test-case id="1-1027" name="noStraightTest()" fullname="GamingTests.CardAnalyzerTest.noStraightTest()" methodname="noStraightTest" classname="GamingTests.CardAnalyzerTest" runstate="Runnable" seed="1870774429" result="Passed" start-time="2017-04-30 07:45:29Z" end-time="2017-04-30 07:45:29Z" duration="0.039932" asserts="1" />
        </test-suite>
        <test-suite type="ParameterizedMethod" id="1-1032" name="noThreeOfAKindTest" fullname="GamingTests.CardAnalyzerTest.noThreeOfAKindTest" classname="GamingTests.CardAnalyzerTest" runstate="Runnable" testcasecount="1" result="Passed" start-time="2017-04-30 07:45:29Z" end-time="2017-04-30 07:45:29Z" duration="0.056669" total="1" passed="1" failed="0" warnings="0" inconclusive="0" skipped="0" asserts="1">
          <test-case id="1-1031" name="noThreeOfAKindTest()" fullname="GamingTests.CardAnalyzerTest.noThreeOfAKindTest()" methodname="noThreeOfAKindTest" classname="GamingTests.CardAnalyzerTest" runstate="Runnable" seed="1077028529" result="Passed" start-time="2017-04-30 07:45:29Z" end-time="2017-04-30 07:45:29Z" duration="0.053064" asserts="1" />
        </test-suite>
        <test-suite type="ParameterizedMethod" id="1-1036" name="noTwoPairTest" fullname="GamingTests.CardAnalyzerTest.noTwoPairTest" classname="GamingTests.CardAnalyzerTest" runstate="Runnable" testcasecount="1" result="Passed" start-time="2017-04-30 07:45:29Z" end-time="2017-04-30 07:45:30Z" duration="0.048416" total="1" passed="1" failed="0" warnings="0" inconclusive="0" skipped="0" asserts="1">
          <test-case id="1-1035" name="noTwoPairTest()" fullname="GamingTests.CardAnalyzerTest.noTwoPairTest()" methodname="noTwoPairTest" classname="GamingTests.CardAnalyzerTest" runstate="Runnable" seed="1488909871" result="Passed" start-time="2017-04-30 07:45:29Z" end-time="2017-04-30 07:45:30Z" duration="0.044700" asserts="1" />
        </test-suite>
        <test-suite type="ParameterizedMethod" id="1-1046" name="pairTieBreakerTest" fullname="GamingTests.CardAnalyzerTest.pairTieBreakerTest" classname="GamingTests.CardAnalyzerTest" runstate="Runnable" testcasecount="1" result="Passed" start-time="2017-04-30 07:45:30Z" end-time="2017-04-30 07:45:30Z" duration="0.016343" total="1" passed="1" failed="0" warnings="0" inconclusive="0" skipped="0" asserts="1">
          <test-case id="1-1045" name="pairTieBreakerTest()" fullname="GamingTests.CardAnalyzerTest.pairTieBreakerTest()" methodname="pairTieBreakerTest" classname="GamingTests.CardAnalyzerTest" runstate="Runnable" seed="906425315" result="Passed" start-time="2017-04-30 07:45:30Z" end-time="2017-04-30 07:45:30Z" duration="0.012544" asserts="1" />
        </test-suite>
        <test-suite type="ParameterizedMethod" id="1-1048" name="straightTieBreakerTest" fullname="GamingTests.CardAnalyzerTest.straightTieBreakerTest" classname="GamingTests.CardAnalyzerTest" runstate="Runnable" testcasecount="1" result="Passed" start-time="2017-04-30 07:45:30Z" end-time="2017-04-30 07:45:30Z" duration="0.014562" total="1" passed="1" failed="0" warnings="0" inconclusive="0" skipped="0" asserts="1">
          <test-case id="1-1047" name="straightTieBreakerTest()" fullname="GamingTests.CardAnalyzerTest.straightTieBreakerTest()" methodname="straightTieBreakerTest" classname="GamingTests.CardAnalyzerTest" runstate="Runnable" seed="240436791" result="Passed" start-time="2017-04-30 07:45:30Z" end-time="2017-04-30 07:45:30Z" duration="0.010997" asserts="1" />
        </test-suite>
      </test-suite>
      <test-suite type="TestFixture" id="1-1049" name="CardAndDeckTests" fullname="GamingTests.CardAndDeckTests" classname="GamingTests.CardAndDeckTests" runstate="Runnable" testcasecount="8" result="Passed" start-time="2017-04-30 07:45:30Z" end-time="2017-04-30 07:45:30Z" duration="0.077091" total="8" passed="8" failed="0" warnings="0" inconclusive="0" skipped="0" asserts="29">
        <test-suite type="ParameterizedMethod" id="1-1051" name="CompareEqualCards" fullname="GamingTests.CardAndDeckTests.CompareEqualCards" classname="GamingTests.CardAndDeckTests" runstate="Runnable" testcasecount="1" result="Passed" start-time="2017-04-30 07:45:30Z" end-time="2017-04-30 07:45:30Z" duration="0.004494" total="1" passed="1" failed="0" warnings="0" inconclusive="0" skipped="0" asserts="2">
          <test-case id="1-1050" name="CompareEqualCards()" fullname="GamingTests.CardAndDeckTests.CompareEqualCards()" methodname="CompareEqualCards" classname="GamingTests.CardAndDeckTests" runstate="Runnable" seed="1579272341" result="Passed" start-time="2017-04-30 07:45:30Z" end-time="2017-04-30 07:45:30Z" duration="0.001199" asserts="2" />
        </test-suite>
        <test-suite type="ParameterizedMethod" id="1-1053" name="CompareUnequalCards" fullname="GamingTests.CardAndDeckTests.CompareUnequalCards" classname="GamingTests.CardAndDeckTests" runstate="Runnable" testcasecount="1" result="Passed" start-time="2017-04-30 07:45:30Z" end-time="2017-04-30 07:45:30Z" duration="0.004666" total="1" passed="1" failed="0" warnings="0" inconclusive="0" skipped="0" asserts="3">
          <test-case id="1-1052" name="CompareUnequalCards()" fullname="GamingTests.CardAndDeckTests.CompareUnequalCards()" methodname="CompareUnequalCards" classname="GamingTests.CardAndDeckTests" runstate="Runnable" seed="528973754" result="Passed" start-time="2017-04-30 07:45:30Z" end-time="2017-04-30 07:45:30Z" duration="0.001177" asserts="3" />
        </test-suite>
        <test-suite type="ParameterizedMethod" id="1-1055" name="CreateDeckWithCorrectCards" fullname="GamingTests.CardAndDeckTests.CreateDeckWithCorrectCards" classname="GamingTests.CardAndDeckTests" runstate="Runnable" testcasecount="1" result="Passed" start-time="2017-04-30 07:45:30Z" end-time="2017-04-30 07:45:30Z" duration="0.011563" total="1" passed="1" failed="0" warnings="0" inconclusive="0" skipped="0" asserts="4">
          <test-case id="1-1054" name="CreateDeckWithCorrectCards()" fullname="GamingTests.CardAndDeckTests.CreateDeckWithCorrectCards()" methodname="CreateDeckWithCorrectCards" classname="GamingTests.CardAndDeckTests" runstate="Runnable" seed="916756530" result="Passed" start-time="2017-04-30 07:45:30Z" end-time="2017-04-30 07:45:30Z" duration="0.008198" asserts="4" />
        </test-suite>
        <test-suite type="ParameterizedMethod" id="1-1061" name="DrawFlop" fullname="GamingTests.CardAndDeckTests.DrawFlop" classname="GamingTests.CardAndDeckTests" runstate="Runnable" testcasecount="1" result="Passed" start-time="2017-04-30 07:45:30Z" end-time="2017-04-30 07:45:30Z" duration="0.007974" total="1" passed="1" failed="0" warnings="0" inconclusive="0" skipped="0" asserts="5">
          <test-case id="1-1060" name="DrawFlop()" fullname="GamingTests.CardAndDeckTests.DrawFlop()" methodname="DrawFlop" classname="GamingTests.CardAndDeckTests" runstate="Runnable" seed="54004904" result="Passed" start-time="2017-04-30 07:45:30Z" end-time="2017-04-30 07:45:30Z" duration="0.004798" asserts="5" />
        </test-suite>
        <test-suite type="ParameterizedMethod" id="1-1059" name="DrawPlayerHand" fullname="GamingTests.CardAndDeckTests.DrawPlayerHand" classname="GamingTests.CardAndDeckTests" runstate="Runnable" testcasecount="1" result="Passed" start-time="2017-04-30 07:45:30Z" end-time="2017-04-30 07:45:30Z" duration="0.005900" total="1" passed="1" failed="0" warnings="0" inconclusive="0" skipped="0" asserts="5">
          <test-case id="1-1058" name="DrawPlayerHand()" fullname="GamingTests.CardAndDeckTests.DrawPlayerHand()" methodname="DrawPlayerHand" classname="GamingTests.CardAndDeckTests" runstate="Runnable" seed="375657230" result="Passed" start-time="2017-04-30 07:45:30Z" end-time="2017-04-30 07:45:30Z" duration="0.002625" asserts="5" />
        </test-suite>
        <test-suite type="ParameterizedMethod" id="1-1063" name="DrawRiver" fullname="GamingTests.CardAndDeckTests.DrawRiver" classname="GamingTests.CardAndDeckTests" runstate="Runnable" testcasecount="1" result="Passed" start-time="2017-04-30 07:45:30Z" end-time="2017-04-30 07:45:30Z" duration="0.006038" total="1" passed="1" failed="0" warnings="0" inconclusive="0" skipped="0" asserts="3">
          <test-case id="1-1062" name="DrawRiver()" fullname="GamingTests.CardAndDeckTests.DrawRiver()" methodname="DrawRiver" classname="GamingTests.CardAndDeckTests" runstate="Runnable" seed="313268657" result="Passed" start-time="2017-04-30 07:45:30Z" end-time="2017-04-30 07:45:30Z" duration="0.002864" asserts="3" />
        </test-suite>
        <test-suite type="ParameterizedMethod" id="1-1065" name="DrawTurn" fullname="GamingTests.CardAndDeckTests.DrawTurn" classname="GamingTests.CardAndDeckTests" runstate="Runnable" testcasecount="1" result="Passed" start-time="2017-04-30 07:45:30Z" end-time="2017-04-30 07:45:30Z" duration="0.004029" total="1" passed="1" failed="0" warnings="0" inconclusive="0" skipped="0" asserts="4">
          <test-case id="1-1064" name="DrawTurn()" fullname="GamingTests.CardAndDeckTests.DrawTurn()" methodname="DrawTurn" classname="GamingTests.CardAndDeckTests" runstate="Runnable" seed="821056135" result="Passed" start-time="2017-04-30 07:45:30Z" end-time="2017-04-30 07:45:30Z" duration="0.001254" asserts="4" />
        </test-suite>
        <test-suite type="ParameterizedMethod" id="1-1057" name="ShuffleCards" fullname="GamingTests.CardAndDeckTests.ShuffleCards" classname="GamingTests.CardAndDeckTests" runstate="Runnable" testcasecount="1" result="Passed" start-time="2017-04-30 07:45:30Z" end-time="2017-04-30 07:45:30Z" duration="0.006576" total="1" passed="1" failed="0" warnings="0" inconclusive="0" skipped="0" asserts="3">
          <test-case id="1-1056" name="ShuffleCards()" fullname="GamingTests.CardAndDeckTests.ShuffleCards()" methodname="ShuffleCards" classname="GamingTests.CardAndDeckTests" runstate="Runnable" seed="1160599979" result="Passed" start-time="2017-04-30 07:45:30Z" end-time="2017-04-30 07:45:30Z" duration="0.003550" asserts="3" />
        </test-suite>
      </test-suite>
      <test-suite type="TestFixture" id="1-1079" name="GamePlayTests" fullname="GamingTests.GamePlayTests" classname="GamingTests.GamePlayTests" runstate="Runnable" testcasecount="9" result="Passed" start-time="2017-04-30 07:45:30Z" end-time="2017-04-30 07:45:31Z" duration="1.321190" total="9" passed="9" failed="0" warnings="0" inconclusive="0" skipped="0" asserts="10">
        <test-suite type="ParameterizedMethod" id="1-1083" name="AllPlayersCheck" fullname="GamingTests.GamePlayTests.AllPlayersCheck" classname="GamingTests.GamePlayTests" runstate="Runnable" testcasecount="1" result="Passed" start-time="2017-04-30 07:45:30Z" end-time="2017-04-30 07:45:30Z" duration="0.290252" total="1" passed="1" failed="0" warnings="0" inconclusive="0" skipped="0" asserts="1">
          <test-case id="1-1082" name="AllPlayersCheck()" fullname="GamingTests.GamePlayTests.AllPlayersCheck()" methodname="AllPlayersCheck" classname="GamingTests.GamePlayTests" runstate="Runnable" seed="1723103568" result="Passed" start-time="2017-04-30 07:45:30Z" end-time="2017-04-30 07:45:30Z" duration="0.287098" asserts="1">
            <output><![CDATA[2
0
1
0
1
2
0
1
2
0
1
2
]]></output>
          </test-case>
        </test-suite>
        <test-suite type="ParameterizedMethod" id="1-1081" name="AllPlayersFold" fullname="GamingTests.GamePlayTests.AllPlayersFold" classname="GamingTests.GamePlayTests" runstate="Runnable" testcasecount="1" result="Passed" start-time="2017-04-30 07:45:30Z" end-time="2017-04-30 07:45:30Z" duration="0.006541" total="1" passed="1" failed="0" warnings="0" inconclusive="0" skipped="0" asserts="1">
          <test-case id="1-1080" name="AllPlayersFold()" fullname="GamingTests.GamePlayTests.AllPlayersFold()" methodname="AllPlayersFold" classname="GamingTests.GamePlayTests" runstate="Runnable" seed="470356103" result="Passed" start-time="2017-04-30 07:45:30Z" end-time="2017-04-30 07:45:30Z" duration="0.003868" asserts="1">
            <output><![CDATA[2
0
]]></output>
          </test-case>
        </test-suite>
        <test-suite type="ParameterizedMethod" id="1-1091" name="BadBetAndThenFixes" fullname="GamingTests.GamePlayTests.BadBetAndThenFixes" classname="GamingTests.GamePlayTests" runstate="Runnable" testcasecount="1" result="Passed" start-time="2017-04-30 07:45:30Z" end-time="2017-04-30 07:45:30Z" duration="0.045574" total="1" passed="1" failed="0" warnings="0" inconclusive="0" skipped="0" asserts="1">
          <test-case id="1-1090" name="BadBetAndThenFixes()" fullname="GamingTests.GamePlayTests.BadBetAndThenFixes()" methodname="BadBetAndThenFixes" classname="GamingTests.GamePlayTests" runstate="Runnable" seed="1887905438" result="Passed" start-time="2017-04-30 07:45:30Z" end-time="2017-04-30 07:45:30Z" duration="0.042891" asserts="1">
            <output><![CDATA[2
0
1
0
1
2
0
1
0
1
2
0
1
2
0
1
]]></output>
          </test-case>
        </test-suite>
        <test-suite type="ParameterizedMethod" id="1-1093" name="CheckGameReplay_20Moves" fullname="GamingTests.GamePlayTests.CheckGameReplay_20Moves" classname="GamingTests.GamePlayTests" runstate="Runnable" testcasecount="1" result="Passed" start-time="2017-04-30 07:45:30Z" end-time="2017-04-30 07:45:30Z" duration="0.049555" total="1" passed="1" failed="0" warnings="0" inconclusive="0" skipped="0" asserts="1">
          <test-case id="1-1092" name="CheckGameReplay_20Moves()" fullname="GamingTests.GamePlayTests.CheckGameReplay_20Moves()" methodname="CheckGameReplay_20Moves" classname="GamingTests.GamePlayTests" runstate="Runnable" seed="1499306694" result="Passed" start-time="2017-04-30 07:45:30Z" end-time="2017-04-30 07:45:30Z" duration="0.046656" asserts="1">
            <output><![CDATA[2
0
1
0
1
2
0
1
0
1
2
0
1
2
0
1
]]></output>
          </test-case>
        </test-suite>
        <test-suite type="ParameterizedMethod" id="1-1095" name="CheckGameReplay_29Moves" fullname="GamingTests.GamePlayTests.CheckGameReplay_29Moves" classname="GamingTests.GamePlayTests" runstate="Runnable" testcasecount="1" result="Passed" start-time="2017-04-30 07:45:30Z" end-time="2017-04-30 07:45:30Z" duration="0.277013" total="1" passed="1" failed="0" warnings="0" inconclusive="0" skipped="0" asserts="1">
          <test-case id="1-1094" name="CheckGameReplay_29Moves()" fullname="GamingTests.GamePlayTests.CheckGameReplay_29Moves()" methodname="CheckGameReplay_29Moves" classname="GamingTests.GamePlayTests" runstate="Runnable" seed="1087983107" result="Passed" start-time="2017-04-30 07:45:30Z" end-time="2017-04-30 07:45:30Z" duration="0.274023" asserts="1">
            <output><![CDATA[2
3
4
0
1
0
1
2
3
4
0
1
0
1
2
3
4
0
1
2
3
4
]]></output>
          </test-case>
        </test-suite>
        <test-suite type="ParameterizedMethod" id="1-1087" name="HeadToHeadAndFold" fullname="GamingTests.GamePlayTests.HeadToHeadAndFold" classname="GamingTests.GamePlayTests" runstate="Runnable" testcasecount="1" result="Passed" start-time="2017-04-30 07:45:30Z" end-time="2017-04-30 07:45:30Z" duration="0.040794" total="1" passed="1" failed="0" warnings="0" inconclusive="0" skipped="0" asserts="1">
          <test-case id="1-1086" name="HeadToHeadAndFold()" fullname="GamingTests.GamePlayTests.HeadToHeadAndFold()" methodname="HeadToHeadAndFold" classname="GamingTests.GamePlayTests" runstate="Runnable" seed="2107650321" result="Passed" start-time="2017-04-30 07:45:30Z" end-time="2017-04-30 07:45:30Z" duration="0.037619" asserts="1">
            <output><![CDATA[2
0
1
0
1
2
0
1
0
1
2
]]></output>
          </test-case>
        </test-suite>
        <test-suite type="ParameterizedMethod" id="1-1089" name="HeadToHeadTwiceAndFold" fullname="GamingTests.GamePlayTests.HeadToHeadTwiceAndFold" classname="GamingTests.GamePlayTests" runstate="Runnable" testcasecount="1" result="Passed" start-time="2017-04-30 07:45:30Z" end-time="2017-04-30 07:45:30Z" duration="0.047545" total="1" passed="1" failed="0" warnings="0" inconclusive="0" skipped="0" asserts="1">
          <test-case id="1-1088" name="HeadToHeadTwiceAndFold()" fullname="GamingTests.GamePlayTests.HeadToHeadTwiceAndFold()" methodname="HeadToHeadTwiceAndFold" classname="GamingTests.GamePlayTests" runstate="Runnable" seed="1894166263" result="Passed" start-time="2017-04-30 07:45:30Z" end-time="2017-04-30 07:45:30Z" duration="0.044578" asserts="1">
            <output><![CDATA[2
0
1
0
1
2
0
1
0
1
2
0
1
2
0
]]></output>
          </test-case>
        </test-suite>
        <test-suite type="ParameterizedMethod" id="1-1097" name="MultipleRoundsIn1Game" fullname="GamingTests.GamePlayTests.MultipleRoundsIn1Game" classname="GamingTests.GamePlayTests" runstate="Runnable" testcasecount="1" result="Passed" start-time="2017-04-30 07:45:30Z" end-time="2017-04-30 07:45:31Z" duration="0.478537" total="1" passed="1" failed="0" warnings="0" inconclusive="0" skipped="0" asserts="2">
          <test-case id="1-1096" name="MultipleRoundsIn1Game()" fullname="GamingTests.GamePlayTests.MultipleRoundsIn1Game()" methodname="MultipleRoundsIn1Game" classname="GamingTests.GamePlayTests" runstate="Runnable" seed="641150297" result="Passed" start-time="2017-04-30 07:45:30Z" end-time="2017-04-30 07:45:31Z" duration="0.475873" asserts="2">
            <output><![CDATA[2
3
4
0
1
0
1
2
3
4
0
1
0
1
2
3
4
0
1
2
3
4
2
3
4
0
1
0
1
2
3
4
0
1
0
1
2
3
4
0
1
2
3
4
]]></output>
          </test-case>
        </test-suite>
        <test-suite type="ParameterizedMethod" id="1-1085" name="PlayersCloseBlindAndThenFold" fullname="GamingTests.GamePlayTests.PlayersCloseBlindAndThenFold" classname="GamingTests.GamePlayTests" runstate="Runnable" testcasecount="1" result="Passed" start-time="2017-04-30 07:45:31Z" end-time="2017-04-30 07:45:31Z" duration="0.056031" total="1" passed="1" failed="0" warnings="0" inconclusive="0" skipped="0" asserts="1">
          <test-case id="1-1084" name="PlayersCloseBlindAndThenFold()" fullname="GamingTests.GamePlayTests.PlayersCloseBlindAndThenFold()" methodname="PlayersCloseBlindAndThenFold" classname="GamingTests.GamePlayTests" runstate="Runnable" seed="1916335591" result="Passed" start-time="2017-04-30 07:45:31Z" end-time="2017-04-30 07:45:31Z" duration="0.053406" asserts="1">
            <output><![CDATA[2
0
1
0
1
2
0
1
]]></output>
          </test-case>
        </test-suite>
      </test-suite>
      <test-suite type="TestFixture" id="1-1098" name="GamePropertiesTests" fullname="GamingTests.GamePropertiesTests" classname="GamingTests.GamePropertiesTests" runstate="Runnable" testcasecount="5" result="Passed" start-time="2017-04-30 07:45:31Z" end-time="2017-04-30 07:45:31Z" duration="0.039581" total="5" passed="5" failed="0" warnings="0" inconclusive="0" skipped="0" asserts="12">
        <test-suite type="ParameterizedMethod" id="1-1108" name="ActiveGame" fullname="GamingTests.GamePropertiesTests.ActiveGame" classname="GamingTests.GamePropertiesTests" runstate="Runnable" testcasecount="1" result="Passed" start-time="2017-04-30 07:45:31Z" end-time="2017-04-30 07:45:31Z" duration="0.005056" total="1" passed="1" failed="0" warnings="0" inconclusive="0" skipped="0" asserts="2">
          <test-case id="1-1107" name="ActiveGame()" fullname="GamingTests.GamePropertiesTests.ActiveGame()" methodname="ActiveGame" classname="GamingTests.GamePropertiesTests" runstate="Runnable" seed="1587825541" result="Passed" start-time="2017-04-30 07:45:31Z" end-time="2017-04-30 07:45:31Z" duration="0.002425" asserts="2" />
        </test-suite>
        <test-suite type="ParameterizedMethod" id="1-1104" name="GameStartWithLessThanMinimumPlayers" fullname="GamingTests.GamePropertiesTests.GameStartWithLessThanMinimumPlayers" classname="GamingTests.GamePropertiesTests" runstate="Runnable" testcasecount="1" result="Passed" start-time="2017-04-30 07:45:31Z" end-time="2017-04-30 07:45:31Z" duration="0.004541" total="1" passed="1" failed="0" warnings="0" inconclusive="0" skipped="0" asserts="1">
          <test-case id="1-1103" name="GameStartWithLessThanMinimumPlayers()" fullname="GamingTests.GamePropertiesTests.GameStartWithLessThanMinimumPlayers()" methodname="GameStartWithLessThanMinimumPlayers" classname="GamingTests.GamePropertiesTests" runstate="Runnable" seed="1445054278" result="Passed" start-time="2017-04-30 07:45:31Z" end-time="2017-04-30 07:45:31Z" duration="0.001220" asserts="1" />
        </test-suite>
        <test-suite type="ParameterizedMethod" id="1-1100" name="InvalidGameCreation" fullname="GamingTests.GamePropertiesTests.InvalidGameCreation" classname="GamingTests.GamePropertiesTests" runstate="Runnable" testcasecount="1" result="Passed" start-time="2017-04-30 07:45:31Z" end-time="2017-04-30 07:45:31Z" duration="0.004391" total="1" passed="1" failed="0" warnings="0" inconclusive="0" skipped="0" asserts="0">
          <test-case id="1-1099" name="InvalidGameCreation()" fullname="GamingTests.GamePropertiesTests.InvalidGameCreation()" methodname="InvalidGameCreation" classname="GamingTests.GamePropertiesTests" runstate="Runnable" seed="419403783" result="Passed" start-time="2017-04-30 07:45:31Z" end-time="2017-04-30 07:45:31Z" duration="0.000211" asserts="0" />
        </test-suite>
        <test-suite type="ParameterizedMethod" id="1-1106" name="MoreThanMaxPlayersJoinGame" fullname="GamingTests.GamePropertiesTests.MoreThanMaxPlayersJoinGame" classname="GamingTests.GamePropertiesTests" runstate="Runnable" testcasecount="1" result="Passed" start-time="2017-04-30 07:45:31Z" end-time="2017-04-30 07:45:31Z" duration="0.004534" total="1" passed="1" failed="0" warnings="0" inconclusive="0" skipped="0" asserts="1">
          <test-case id="1-1105" name="MoreThanMaxPlayersJoinGame()" fullname="GamingTests.GamePropertiesTests.MoreThanMaxPlayersJoinGame()" methodname="MoreThanMaxPlayersJoinGame" classname="GamingTests.GamePropertiesTests" runstate="Runnable" seed="1745489246" result="Passed" start-time="2017-04-30 07:45:31Z" end-time="2017-04-30 07:45:31Z" duration="0.001629" asserts="1" />
        </test-suite>
        <test-suite type="ParameterizedMethod" id="1-1102" name="ValidGameCreation" fullname="GamingTests.GamePropertiesTests.ValidGameCreation" classname="GamingTests.GamePropertiesTests" runstate="Runnable" testcasecount="1" result="Passed" start-time="2017-04-30 07:45:31Z" end-time="2017-04-30 07:45:31Z" duration="0.005552" total="1" passed="1" failed="0" warnings="0" inconclusive="0" skipped="0" asserts="8">
          <test-case id="1-1101" name="ValidGameCreation()" fullname="GamingTests.GamePropertiesTests.ValidGameCreation()" methodname="ValidGameCreation" classname="GamingTests.GamePropertiesTests" runstate="Runnable" seed="1130964259" result="Passed" start-time="2017-04-30 07:45:31Z" end-time="2017-04-30 07:45:31Z" duration="0.002121" asserts="8" />
        </test-suite>
      </test-suite>
      <test-suite type="TestFixture" id="1-1109" name="MoveTests" fullname="GamingTests.MoveTests" classname="GamingTests.MoveTests" runstate="Runnable" testcasecount="4" result="Passed" start-time="2017-04-30 07:45:31Z" end-time="2017-04-30 07:45:31Z" duration="0.172637" total="4" passed="4" failed="0" warnings="0" inconclusive="0" skipped="0" asserts="2">
        <test-suite type="ParameterizedMethod" id="1-1111" name="ValidBetMove" fullname="GamingTests.MoveTests.ValidBetMove" classname="GamingTests.MoveTests" runstate="Runnable" testcasecount="1" result="Passed" start-time="2017-04-30 07:45:31Z" end-time="2017-04-30 07:45:31Z" duration="0.151114" total="1" passed="1" failed="0" warnings="0" inconclusive="0" skipped="0" asserts="2">
          <test-case id="1-1110" name="ValidBetMove()" fullname="GamingTests.MoveTests.ValidBetMove()" methodname="ValidBetMove" classname="GamingTests.MoveTests" runstate="Runnable" seed="1806475878" result="Passed" start-time="2017-04-30 07:45:31Z" end-time="2017-04-30 07:45:31Z" duration="0.148137" asserts="2">
            <output><![CDATA[0
1
0
1
0
1
0
1
]]></output>
          </test-case>
        </test-suite>
        <test-suite type="ParameterizedMethod" id="1-1117" name="ValidEndGameMoves" fullname="GamingTests.MoveTests.ValidEndGameMoves" classname="GamingTests.MoveTests" runstate="Runnable" testcasecount="1" result="Passed" start-time="2017-04-30 07:45:31Z" end-time="2017-04-30 07:45:31Z" duration="0.003533" total="1" passed="1" failed="0" warnings="0" inconclusive="0" skipped="0" asserts="0">
          <test-case id="1-1116" name="ValidEndGameMoves()" fullname="GamingTests.MoveTests.ValidEndGameMoves()" methodname="ValidEndGameMoves" classname="GamingTests.MoveTests" runstate="Runnable" seed="705169744" result="Passed" start-time="2017-04-30 07:45:31Z" end-time="2017-04-30 07:45:31Z" duration="0.000304" asserts="0" />
        </test-suite>
        <test-suite type="ParameterizedMethod" id="1-1113" name="ValidNewCardMove" fullname="GamingTests.MoveTests.ValidNewCardMove" classname="GamingTests.MoveTests" runstate="Runnable" testcasecount="1" result="Passed" start-time="2017-04-30 07:45:31Z" end-time="2017-04-30 07:45:31Z" duration="0.003041" total="1" passed="1" failed="0" warnings="0" inconclusive="0" skipped="0" asserts="0">
          <test-case id="1-1112" name="ValidNewCardMove()" fullname="GamingTests.MoveTests.ValidNewCardMove()" methodname="ValidNewCardMove" classname="GamingTests.MoveTests" runstate="Runnable" seed="2015865499" result="Passed" start-time="2017-04-30 07:45:31Z" end-time="2017-04-30 07:45:31Z" duration="0.000261" asserts="0" />
        </test-suite>
        <test-suite type="ParameterizedMethod" id="1-1115" name="ValidNewGameMove" fullname="GamingTests.MoveTests.ValidNewGameMove" classname="GamingTests.MoveTests" runstate="Runnable" testcasecount="1" result="Passed" start-time="2017-04-30 07:45:31Z" end-time="2017-04-30 07:45:31Z" duration="0.002993" total="1" passed="1" failed="0" warnings="0" inconclusive="0" skipped="0" asserts="0">
          <test-case id="1-1114" name="ValidNewGameMove()" fullname="GamingTests.MoveTests.ValidNewGameMove()" methodname="ValidNewGameMove" classname="GamingTests.MoveTests" runstate="Runnable" seed="642736841" result="Passed" start-time="2017-04-30 07:45:31Z" end-time="2017-04-30 07:45:31Z" duration="0.000206" asserts="0" />
        </test-suite>
      </test-suite>
    </test-suite>
  </test-suite>
  <test-suite type="Assembly" id="2-1100" name="AT.dll" fullname="C:\Users\matan\Desktop\bgu\year 3\2\סדנא\WSEP\Code\TexasHoldem\AT\bin\Debug\AT.dll" runstate="Runnable" testcasecount="46" result="Failed" site="Child" start-time="2017-04-30 07:45:28Z" end-time="2017-04-30 07:45:30Z" duration="1.110177" total="46" passed="45" failed="1" warnings="0" inconclusive="0" skipped="0" asserts="85">
    <environment framework-version="3.6.1.0" clr-version="4.0.30319.42000" os-version="Microsoft Windows NT 10.0.14393.0" platform="Win32NT" cwd="C:\Users\matan\Desktop\bgu\year 3\2\סדנא\WSEP\Code\TexasHoldem" machine-name="NIVHAMAGNIV" user="matan" user-domain="NIVHAMAGNIV" culture="en-US" uiculture="en-US" os-architecture="x64" />
    <settings>
      <setting name="DisposeRunners" value="True" />
      <setting name="WorkDirectory" value="C:\Users\matan\Desktop\bgu\year 3\2\סדנא\WSEP\Code\TexasHoldem" />
      <setting name="ImageRuntimeVersion" value="4.0.30319" />
      <setting name="ImageTargetFrameworkName" value=".NETFramework,Version=v4.5" />
      <setting name="ImageRequiresX86" value="False" />
      <setting name="ImageRequiresDefaultAppDomainAssemblyResolver" value="False" />
      <setting name="NumberOfTestWorkers" value="4" />
    </settings>
    <properties>
      <property name="_PID" value="15488" />
      <property name="_APPDOMAIN" value="domain-98abcda3-AT.dll" />
    </properties>
    <failure>
      <message><![CDATA[One or more child tests had errors]]></message>
    </failure>
    <test-suite type="TestSuite" id="2-1101" name="AT" fullname="AT" runstate="Runnable" testcasecount="46" result="Failed" site="Child" start-time="2017-04-30 07:45:29Z" end-time="2017-04-30 07:45:30Z" duration="1.075319" total="46" passed="45" failed="1" warnings="0" inconclusive="0" skipped="0" asserts="85">
      <failure>
        <message><![CDATA[One or more child tests had errors]]></message>
      </failure>
      <test-suite type="TestFixture" id="2-1000" name="CreateGameAT" fullname="AT.CreateGameAT" classname="AT.CreateGameAT" runstate="Runnable" testcasecount="4" result="Passed" start-time="2017-04-30 07:45:29Z" end-time="2017-04-30 07:45:29Z" duration="0.208530" total="4" passed="4" failed="0" warnings="0" inconclusive="0" skipped="0" asserts="7">
        <test-suite type="ParameterizedMethod" id="2-1008" name="Invalid_createGame_MaxminPlayers" fullname="AT.CreateGameAT.Invalid_createGame_MaxminPlayers" classname="AT.CreateGameAT" runstate="Runnable" testcasecount="1" result="Passed" start-time="2017-04-30 07:45:29Z" end-time="2017-04-30 07:45:29Z" duration="0.052962" total="1" passed="1" failed="0" warnings="0" inconclusive="0" skipped="0" asserts="2">
          <test-case id="2-1007" name="Invalid_createGame_MaxminPlayers()" fullname="AT.CreateGameAT.Invalid_createGame_MaxminPlayers()" methodname="Invalid_createGame_MaxminPlayers" classname="AT.CreateGameAT" runstate="Runnable" seed="1043302974" result="Passed" start-time="2017-04-30 07:45:29Z" end-time="2017-04-30 07:45:29Z" duration="0.032517" asserts="2" />
        </test-suite>
        <test-suite type="ParameterizedMethod" id="2-1004" name="Invalid_createGame_maxPlayers" fullname="AT.CreateGameAT.Invalid_createGame_maxPlayers" classname="AT.CreateGameAT" runstate="Runnable" testcasecount="1" result="Passed" start-time="2017-04-30 07:45:29Z" end-time="2017-04-30 07:45:29Z" duration="0.004390" total="1" passed="1" failed="0" warnings="0" inconclusive="0" skipped="0" asserts="2">
          <test-case id="2-1003" name="Invalid_createGame_maxPlayers()" fullname="AT.CreateGameAT.Invalid_createGame_maxPlayers()" methodname="Invalid_createGame_maxPlayers" classname="AT.CreateGameAT" runstate="Runnable" seed="1715717600" result="Passed" start-time="2017-04-30 07:45:29Z" end-time="2017-04-30 07:45:29Z" duration="0.001404" asserts="2" />
        </test-suite>
        <test-suite type="ParameterizedMethod" id="2-1006" name="Invalid_createGame_minPlayers" fullname="AT.CreateGameAT.Invalid_createGame_minPlayers" classname="AT.CreateGameAT" runstate="Runnable" testcasecount="1" result="Passed" start-time="2017-04-30 07:45:29Z" end-time="2017-04-30 07:45:29Z" duration="0.004531" total="1" passed="1" failed="0" warnings="0" inconclusive="0" skipped="0" asserts="2">
          <test-case id="2-1005" name="Invalid_createGame_minPlayers()" fullname="AT.CreateGameAT.Invalid_createGame_minPlayers()" methodname="Invalid_createGame_minPlayers" classname="AT.CreateGameAT" runstate="Runnable" seed="740897080" result="Passed" start-time="2017-04-30 07:45:29Z" end-time="2017-04-30 07:45:29Z" duration="0.001134" asserts="2" />
        </test-suite>
        <test-suite type="ParameterizedMethod" id="2-1002" name="Valid_createGame" fullname="AT.CreateGameAT.Valid_createGame" classname="AT.CreateGameAT" runstate="Runnable" testcasecount="1" result="Passed" start-time="2017-04-30 07:45:29Z" end-time="2017-04-30 07:45:29Z" duration="0.073575" total="1" passed="1" failed="0" warnings="0" inconclusive="0" skipped="0" asserts="1">
          <test-case id="2-1001" name="Valid_createGame()" fullname="AT.CreateGameAT.Valid_createGame()" methodname="Valid_createGame" classname="AT.CreateGameAT" runstate="Runnable" seed="174413678" result="Passed" start-time="2017-04-30 07:45:29Z" end-time="2017-04-30 07:45:29Z" duration="0.070824" asserts="1" />
        </test-suite>
      </test-suite>
      <test-suite type="TestFixture" id="2-1009" name="GameAT" fullname="AT.GameAT" classname="AT.GameAT" runstate="Runnable" testcasecount="8" result="Passed" start-time="2017-04-30 07:45:29Z" end-time="2017-04-30 07:45:29Z" duration="0.372760" total="8" passed="8" failed="0" warnings="0" inconclusive="0" skipped="0" asserts="12">
        <test-suite type="ParameterizedMethod" id="2-1019" name="Allin_Fold" fullname="AT.GameAT.Allin_Fold" classname="AT.GameAT" runstate="Runnable" testcasecount="1" result="Passed" start-time="2017-04-30 07:45:29Z" end-time="2017-04-30 07:45:29Z" duration="0.140930" total="1" passed="1" failed="0" warnings="0" inconclusive="0" skipped="0" asserts="1">
          <test-case id="2-1018" name="Allin_Fold()" fullname="AT.GameAT.Allin_Fold()" methodname="Allin_Fold" classname="AT.GameAT" runstate="Runnable" seed="671024325" result="Passed" start-time="2017-04-30 07:45:29Z" end-time="2017-04-30 07:45:29Z" duration="0.133250" asserts="1">
            <output><![CDATA[2
0
1
0
1
]]></output>
          </test-case>
        </test-suite>
        <test-suite type="ParameterizedMethod" id="2-1021" name="Allin_Fold1" fullname="AT.GameAT.Allin_Fold1" classname="AT.GameAT" runstate="Runnable" testcasecount="1" result="Passed" start-time="2017-04-30 07:45:29Z" end-time="2017-04-30 07:45:29Z" duration="0.058203" total="1" passed="1" failed="0" warnings="0" inconclusive="0" skipped="0" asserts="1">
          <test-case id="2-1020" name="Allin_Fold1()" fullname="AT.GameAT.Allin_Fold1()" methodname="Allin_Fold1" classname="AT.GameAT" runstate="Runnable" seed="1827236652" result="Passed" start-time="2017-04-30 07:45:29Z" end-time="2017-04-30 07:45:29Z" duration="0.054802" asserts="1">
            <output><![CDATA[2
0
1
0
1
2
0
1
2
]]></output>
          </test-case>
        </test-suite>
        <test-suite type="ParameterizedMethod" id="2-1023" name="MovesNumber" fullname="AT.GameAT.MovesNumber" classname="AT.GameAT" runstate="Runnable" testcasecount="1" result="Passed" start-time="2017-04-30 07:45:29Z" end-time="2017-04-30 07:45:29Z" duration="0.048051" total="1" passed="1" failed="0" warnings="0" inconclusive="0" skipped="0" asserts="1">
          <test-case id="2-1022" name="MovesNumber()" fullname="AT.GameAT.MovesNumber()" methodname="MovesNumber" classname="AT.GameAT" runstate="Runnable" seed="573409245" result="Passed" start-time="2017-04-30 07:45:29Z" end-time="2017-04-30 07:45:29Z" duration="0.044480" asserts="1">
            <output><![CDATA[2
0
1
0
1
2
0
1
2
]]></output>
          </test-case>
        </test-suite>
        <test-suite type="ParameterizedMethod" id="2-1011" name="remove_unknown_player" fullname="AT.GameAT.remove_unknown_player" classname="AT.GameAT" runstate="Runnable" testcasecount="1" result="Passed" start-time="2017-04-30 07:45:29Z" end-time="2017-04-30 07:45:29Z" duration="0.005533" total="1" passed="1" failed="0" warnings="0" inconclusive="0" skipped="0" asserts="2">
          <test-case id="2-1010" name="remove_unknown_player()" fullname="AT.GameAT.remove_unknown_player()" methodname="remove_unknown_player" classname="AT.GameAT" runstate="Runnable" seed="434162802" result="Passed" start-time="2017-04-30 07:45:29Z" end-time="2017-04-30 07:45:29Z" duration="0.002791" asserts="2" />
        </test-suite>
        <test-suite type="ParameterizedMethod" id="2-1015" name="RemovePlayerFromGame" fullname="AT.GameAT.RemovePlayerFromGame" classname="AT.GameAT" runstate="Runnable" testcasecount="1" result="Passed" start-time="2017-04-30 07:45:29Z" end-time="2017-04-30 07:45:29Z" duration="0.018497" total="1" passed="1" failed="0" warnings="0" inconclusive="0" skipped="0" asserts="2">
          <test-case id="2-1014" name="RemovePlayerFromGame()" fullname="AT.GameAT.RemovePlayerFromGame()" methodname="RemovePlayerFromGame" classname="AT.GameAT" runstate="Runnable" seed="1751122000" result="Passed" start-time="2017-04-30 07:45:29Z" end-time="2017-04-30 07:45:29Z" duration="0.015984" asserts="2" />
        </test-suite>
        <test-suite type="ParameterizedMethod" id="2-1017" name="RemoveSpectatorFromGame" fullname="AT.GameAT.RemoveSpectatorFromGame" classname="AT.GameAT" runstate="Runnable" testcasecount="1" result="Passed" start-time="2017-04-30 07:45:29Z" end-time="2017-04-30 07:45:29Z" duration="0.006974" total="1" passed="1" failed="0" warnings="0" inconclusive="0" skipped="0" asserts="2">
          <test-case id="2-1016" name="RemoveSpectatorFromGame()" fullname="AT.GameAT.RemoveSpectatorFromGame()" methodname="RemoveSpectatorFromGame" classname="AT.GameAT" runstate="Runnable" seed="149151473" result="Passed" start-time="2017-04-30 07:45:29Z" end-time="2017-04-30 07:45:29Z" duration="0.003489" asserts="2" />
        </test-suite>
        <test-suite type="ParameterizedMethod" id="2-1025" name="resetPotSize" fullname="AT.GameAT.resetPotSize" classname="AT.GameAT" runstate="Runnable" testcasecount="1" result="Passed" start-time="2017-04-30 07:45:29Z" end-time="2017-04-30 07:45:29Z" duration="0.052606" total="1" passed="1" failed="0" warnings="0" inconclusive="0" skipped="0" asserts="1">
          <test-case id="2-1024" name="resetPotSize()" fullname="AT.GameAT.resetPotSize()" methodname="resetPotSize" classname="AT.GameAT" runstate="Runnable" seed="752172269" result="Passed" start-time="2017-04-30 07:45:29Z" end-time="2017-04-30 07:45:29Z" duration="0.046492" asserts="1">
            <output><![CDATA[2
0
1
0
1
2
0
1
2
]]></output>
          </test-case>
        </test-suite>
        <test-suite type="ParameterizedMethod" id="2-1013" name="start_game_with_less_than_minPlayers" fullname="AT.GameAT.start_game_with_less_than_minPlayers" classname="AT.GameAT" runstate="Runnable" testcasecount="1" result="Passed" start-time="2017-04-30 07:45:29Z" end-time="2017-04-30 07:45:29Z" duration="0.006363" total="1" passed="1" failed="0" warnings="0" inconclusive="0" skipped="0" asserts="2">
          <test-case id="2-1012" name="start_game_with_less_than_minPlayers()" fullname="AT.GameAT.start_game_with_less_than_minPlayers()" methodname="start_game_with_less_than_minPlayers" classname="AT.GameAT" runstate="Runnable" seed="727534353" result="Passed" start-time="2017-04-30 07:45:29Z" end-time="2017-04-30 07:45:29Z" duration="0.002141" asserts="2" />
        </test-suite>
      </test-suite>
      <test-suite type="TestFixture" id="2-1026" name="Join_SpectateGameAT" fullname="AT.Join_SpectateGameAT" classname="AT.Join_SpectateGameAT" runstate="Runnable" testcasecount="7" result="Passed" start-time="2017-04-30 07:45:29Z" end-time="2017-04-30 07:45:29Z" duration="0.103055" total="7" passed="7" failed="0" warnings="0" inconclusive="0" skipped="0" asserts="15">
        <test-suite type="ParameterizedMethod" id="2-1030" name="InValid_joinGame_Buyin" fullname="AT.Join_SpectateGameAT.InValid_joinGame_Buyin" classname="AT.Join_SpectateGameAT" runstate="Runnable" testcasecount="1" result="Passed" start-time="2017-04-30 07:45:29Z" end-time="2017-04-30 07:45:29Z" duration="0.037072" total="1" passed="1" failed="0" warnings="0" inconclusive="0" skipped="0" asserts="2">
          <test-case id="2-1029" name="InValid_joinGame_Buyin()" fullname="AT.Join_SpectateGameAT.InValid_joinGame_Buyin()" methodname="InValid_joinGame_Buyin" classname="AT.Join_SpectateGameAT" runstate="Runnable" seed="1936012386" result="Passed" start-time="2017-04-30 07:45:29Z" end-time="2017-04-30 07:45:29Z" duration="0.033212" asserts="2" />
        </test-suite>
        <test-suite type="ParameterizedMethod" id="2-1032" name="InValid_joinGame_Credit" fullname="AT.Join_SpectateGameAT.InValid_joinGame_Credit" classname="AT.Join_SpectateGameAT" runstate="Runnable" testcasecount="1" result="Passed" start-time="2017-04-30 07:45:29Z" end-time="2017-04-30 07:45:29Z" duration="0.005555" total="1" passed="1" failed="0" warnings="0" inconclusive="0" skipped="0" asserts="2">
          <test-case id="2-1031" name="InValid_joinGame_Credit()" fullname="AT.Join_SpectateGameAT.InValid_joinGame_Credit()" methodname="InValid_joinGame_Credit" classname="AT.Join_SpectateGameAT" runstate="Runnable" seed="1077028529" result="Passed" start-time="2017-04-30 07:45:29Z" end-time="2017-04-30 07:45:29Z" duration="0.002851" asserts="2" />
        </test-suite>
        <test-suite type="ParameterizedMethod" id="2-1034" name="InValid_joinGame_MaxPlayers" fullname="AT.Join_SpectateGameAT.InValid_joinGame_MaxPlayers" classname="AT.Join_SpectateGameAT" runstate="Runnable" testcasecount="1" result="Passed" start-time="2017-04-30 07:45:29Z" end-time="2017-04-30 07:45:29Z" duration="0.010034" total="1" passed="1" failed="0" warnings="0" inconclusive="0" skipped="0" asserts="4">
          <test-case id="2-1033" name="InValid_joinGame_MaxPlayers()" fullname="AT.Join_SpectateGameAT.InValid_joinGame_MaxPlayers()" methodname="InValid_joinGame_MaxPlayers" classname="AT.Join_SpectateGameAT" runstate="Runnable" seed="1251327247" result="Passed" start-time="2017-04-30 07:45:29Z" end-time="2017-04-30 07:45:29Z" duration="0.007479" asserts="4" />
        </test-suite>
        <test-suite type="ParameterizedMethod" id="2-1040" name="valid_gameListByName" fullname="AT.Join_SpectateGameAT.valid_gameListByName" classname="AT.Join_SpectateGameAT" runstate="Runnable" testcasecount="1" result="Passed" start-time="2017-04-30 07:45:29Z" end-time="2017-04-30 07:45:29Z" duration="0.011534" total="1" passed="1" failed="0" warnings="0" inconclusive="0" skipped="0" asserts="2">
          <test-case id="2-1039" name="valid_gameListByName()" fullname="AT.Join_SpectateGameAT.valid_gameListByName()" methodname="valid_gameListByName" classname="AT.Join_SpectateGameAT" runstate="Runnable" seed="1729876112" result="Passed" start-time="2017-04-30 07:45:29Z" end-time="2017-04-30 07:45:29Z" duration="0.008656" asserts="2" />
        </test-suite>
        <test-suite type="ParameterizedMethod" id="2-1028" name="Valid_joinGame" fullname="AT.Join_SpectateGameAT.Valid_joinGame" classname="AT.Join_SpectateGameAT" runstate="Runnable" testcasecount="1" result="Passed" start-time="2017-04-30 07:45:29Z" end-time="2017-04-30 07:45:29Z" duration="0.005029" total="1" passed="1" failed="0" warnings="0" inconclusive="0" skipped="0" asserts="2">
          <test-case id="2-1027" name="Valid_joinGame()" fullname="AT.Join_SpectateGameAT.Valid_joinGame()" methodname="Valid_joinGame" classname="AT.Join_SpectateGameAT" runstate="Runnable" seed="1870774429" result="Passed" start-time="2017-04-30 07:45:29Z" end-time="2017-04-30 07:45:29Z" duration="0.002248" asserts="2" />
        </test-suite>
        <test-suite type="ParameterizedMethod" id="2-1036" name="valid_spectateGame" fullname="AT.Join_SpectateGameAT.valid_spectateGame" classname="AT.Join_SpectateGameAT" runstate="Runnable" testcasecount="1" result="Passed" start-time="2017-04-30 07:45:29Z" end-time="2017-04-30 07:45:29Z" duration="0.007028" total="1" passed="1" failed="0" warnings="0" inconclusive="0" skipped="0" asserts="2">
          <test-case id="2-1035" name="valid_spectateGame()" fullname="AT.Join_SpectateGameAT.valid_spectateGame()" methodname="valid_spectateGame" classname="AT.Join_SpectateGameAT" runstate="Runnable" seed="1488909871" result="Passed" start-time="2017-04-30 07:45:29Z" end-time="2017-04-30 07:45:29Z" duration="0.004027" asserts="2" />
        </test-suite>
        <test-suite type="ParameterizedMethod" id="2-1038" name="valid_spectateGamesList" fullname="AT.Join_SpectateGameAT.valid_spectateGamesList" classname="AT.Join_SpectateGameAT" runstate="Runnable" testcasecount="1" result="Passed" start-time="2017-04-30 07:45:29Z" end-time="2017-04-30 07:45:29Z" duration="0.005031" total="1" passed="1" failed="0" warnings="0" inconclusive="0" skipped="0" asserts="1">
          <test-case id="2-1037" name="valid_spectateGamesList()" fullname="AT.Join_SpectateGameAT.valid_spectateGamesList()" methodname="valid_spectateGamesList" classname="AT.Join_SpectateGameAT" runstate="Runnable" seed="315368378" result="Passed" start-time="2017-04-30 07:45:29Z" end-time="2017-04-30 07:45:29Z" duration="0.002026" asserts="1" />
        </test-suite>
      </test-suite>
      <test-suite type="TestFixture" id="2-1041" name="LeaguesAT" fullname="AT.LeaguesAT" classname="AT.LeaguesAT" runstate="Runnable" testcasecount="10" result="Passed" start-time="2017-04-30 07:45:29Z" end-time="2017-04-30 07:45:29Z" duration="0.104599" total="10" passed="10" failed="0" warnings="0" inconclusive="0" skipped="0" asserts="15">
        <test-suite type="ParameterizedMethod" id="2-1057" name="Add_to_2_Leagues" fullname="AT.LeaguesAT.Add_to_2_Leagues" classname="AT.LeaguesAT" runstate="Runnable" testcasecount="1" result="Passed" start-time="2017-04-30 07:45:29Z" end-time="2017-04-30 07:45:29Z" duration="0.026588" total="1" passed="1" failed="0" warnings="0" inconclusive="0" skipped="0" asserts="3">
          <test-case id="2-1056" name="Add_to_2_Leagues()" fullname="AT.LeaguesAT.Add_to_2_Leagues()" methodname="Add_to_2_Leagues" classname="AT.LeaguesAT" runstate="Runnable" seed="1160599979" result="Passed" start-time="2017-04-30 07:45:29Z" end-time="2017-04-30 07:45:29Z" duration="0.023927" asserts="3" />
        </test-suite>
        <test-suite type="ParameterizedMethod" id="2-1053" name="addUserToMyLeague" fullname="AT.LeaguesAT.addUserToMyLeague" classname="AT.LeaguesAT" runstate="Runnable" testcasecount="1" result="Passed" start-time="2017-04-30 07:45:29Z" end-time="2017-04-30 07:45:29Z" duration="0.005023" total="1" passed="1" failed="0" warnings="0" inconclusive="0" skipped="0" asserts="2">
          <test-case id="2-1052" name="addUserToMyLeague()" fullname="AT.LeaguesAT.addUserToMyLeague()" methodname="addUserToMyLeague" classname="AT.LeaguesAT" runstate="Runnable" seed="528973754" result="Passed" start-time="2017-04-30 07:45:29Z" end-time="2017-04-30 07:45:29Z" duration="0.002381" asserts="2" />
        </test-suite>
        <test-suite type="ParameterizedMethod" id="2-1055" name="addUserToWrongLeague" fullname="AT.LeaguesAT.addUserToWrongLeague" classname="AT.LeaguesAT" runstate="Runnable" testcasecount="1" result="Passed" start-time="2017-04-30 07:45:29Z" end-time="2017-04-30 07:45:29Z" duration="0.004851" total="1" passed="1" failed="0" warnings="0" inconclusive="0" skipped="0" asserts="1">
          <test-case id="2-1054" name="addUserToWrongLeague()" fullname="AT.LeaguesAT.addUserToWrongLeague()" methodname="addUserToWrongLeague" classname="AT.LeaguesAT" runstate="Runnable" seed="916756530" result="Passed" start-time="2017-04-30 07:45:29Z" end-time="2017-04-30 07:45:29Z" duration="0.000999" asserts="1" />
        </test-suite>
        <test-suite type="ParameterizedMethod" id="2-1051" name="changeRank_changeLeagueDown" fullname="AT.LeaguesAT.changeRank_changeLeagueDown" classname="AT.LeaguesAT" runstate="Runnable" testcasecount="1" result="Passed" start-time="2017-04-30 07:45:29Z" end-time="2017-04-30 07:45:29Z" duration="0.006541" total="1" passed="1" failed="0" warnings="0" inconclusive="0" skipped="0" asserts="2">
          <test-case id="2-1050" name="changeRank_changeLeagueDown()" fullname="AT.LeaguesAT.changeRank_changeLeagueDown()" methodname="changeRank_changeLeagueDown" classname="AT.LeaguesAT" runstate="Runnable" seed="1579272341" result="Passed" start-time="2017-04-30 07:45:29Z" end-time="2017-04-30 07:45:29Z" duration="0.003182" asserts="2" />
        </test-suite>
        <test-suite type="ParameterizedMethod" id="2-1049" name="changeRank_changeLeagueUP" fullname="AT.LeaguesAT.changeRank_changeLeagueUP" classname="AT.LeaguesAT" runstate="Runnable" testcasecount="1" result="Passed" start-time="2017-04-30 07:45:29Z" end-time="2017-04-30 07:45:29Z" duration="0.009540" total="1" passed="1" failed="0" warnings="0" inconclusive="0" skipped="0" asserts="1">
          <test-case id="2-1048" name="changeRank_changeLeagueUP()" fullname="AT.LeaguesAT.changeRank_changeLeagueUP()" methodname="changeRank_changeLeagueUP" classname="AT.LeaguesAT" runstate="Runnable" seed="1707266407" result="Passed" start-time="2017-04-30 07:45:29Z" end-time="2017-04-30 07:45:29Z" duration="0.006717" asserts="1" />
        </test-suite>
        <test-suite type="ParameterizedMethod" id="2-1047" name="changeRank_SameLeague" fullname="AT.LeaguesAT.changeRank_SameLeague" classname="AT.LeaguesAT" runstate="Runnable" testcasecount="1" result="Passed" start-time="2017-04-30 07:45:29Z" end-time="2017-04-30 07:45:29Z" duration="0.003581" total="1" passed="1" failed="0" warnings="0" inconclusive="0" skipped="0" asserts="1">
          <test-case id="2-1046" name="changeRank_SameLeague()" fullname="AT.LeaguesAT.changeRank_SameLeague()" methodname="changeRank_SameLeague" classname="AT.LeaguesAT" runstate="Runnable" seed="607171365" result="Passed" start-time="2017-04-30 07:45:29Z" end-time="2017-04-30 07:45:29Z" duration="0.000941" asserts="1" />
        </test-suite>
        <test-suite type="ParameterizedMethod" id="2-1061" name="idleUser_League" fullname="AT.LeaguesAT.idleUser_League" classname="AT.LeaguesAT" runstate="Runnable" testcasecount="1" result="Passed" start-time="2017-04-30 07:45:29Z" end-time="2017-04-30 07:45:29Z" duration="0.003037" total="1" passed="1" failed="0" warnings="0" inconclusive="0" skipped="0" asserts="0">
          <test-case id="2-1060" name="idleUser_League()" fullname="AT.LeaguesAT.idleUser_League()" methodname="idleUser_League" classname="AT.LeaguesAT" runstate="Runnable" seed="54004904" result="Passed" start-time="2017-04-30 07:45:29Z" end-time="2017-04-30 07:45:29Z" duration="0.000342" asserts="0" />
        </test-suite>
        <test-suite type="ParameterizedMethod" id="2-1059" name="newLeague_ToRankLeague" fullname="AT.LeaguesAT.newLeague_ToRankLeague" classname="AT.LeaguesAT" runstate="Runnable" testcasecount="1" result="Passed" start-time="2017-04-30 07:45:29Z" end-time="2017-04-30 07:45:29Z" duration="0.003948" total="1" passed="1" failed="0" warnings="0" inconclusive="0" skipped="0" asserts="0">
          <test-case id="2-1058" name="newLeague_ToRankLeague()" fullname="AT.LeaguesAT.newLeague_ToRankLeague()" methodname="newLeague_ToRankLeague" classname="AT.LeaguesAT" runstate="Runnable" seed="375657230" result="Passed" start-time="2017-04-30 07:45:29Z" end-time="2017-04-30 07:45:29Z" duration="0.000347" asserts="0" />
        </test-suite>
        <test-suite type="ParameterizedMethod" id="2-1043" name="success_createLeague" fullname="AT.LeaguesAT.success_createLeague" classname="AT.LeaguesAT" runstate="Runnable" testcasecount="1" result="Passed" start-time="2017-04-30 07:45:29Z" end-time="2017-04-30 07:45:29Z" duration="0.005039" total="1" passed="1" failed="0" warnings="0" inconclusive="0" skipped="0" asserts="2">
          <test-case id="2-1042" name="success_createLeague()" fullname="AT.LeaguesAT.success_createLeague()" methodname="success_createLeague" classname="AT.LeaguesAT" runstate="Runnable" seed="402065147" result="Passed" start-time="2017-04-30 07:45:29Z" end-time="2017-04-30 07:45:29Z" duration="0.002150" asserts="2" />
        </test-suite>
        <test-suite type="ParameterizedMethod" id="2-1045" name="unsuccessful_createLeague" fullname="AT.LeaguesAT.unsuccessful_createLeague" classname="AT.LeaguesAT" runstate="Runnable" testcasecount="1" result="Passed" start-time="2017-04-30 07:45:29Z" end-time="2017-04-30 07:45:29Z" duration="0.004031" total="1" passed="1" failed="0" warnings="0" inconclusive="0" skipped="0" asserts="3">
          <test-case id="2-1044" name="unsuccessful_createLeague()" fullname="AT.LeaguesAT.unsuccessful_createLeague()" methodname="unsuccessful_createLeague" classname="AT.LeaguesAT" runstate="Runnable" seed="1924021703" result="Passed" start-time="2017-04-30 07:45:29Z" end-time="2017-04-30 07:45:29Z" duration="0.000840" asserts="3" />
        </test-suite>
      </test-suite>
      <test-suite type="TestFixture" id="2-1062" name="LoginAT" fullname="AT.LoginAT" classname="AT.LoginAT" runstate="Runnable" testcasecount="4" result="Passed" start-time="2017-04-30 07:45:29Z" end-time="2017-04-30 07:45:29Z" duration="0.088064" total="4" passed="4" failed="0" warnings="0" inconclusive="0" skipped="0" asserts="12">
        <test-suite type="ParameterizedMethod" id="2-1070" name="AllreadyLoggedin_LoginTest" fullname="AT.LoginAT.AllreadyLoggedin_LoginTest" classname="AT.LoginAT" runstate="Runnable" testcasecount="1" result="Passed" start-time="2017-04-30 07:45:29Z" end-time="2017-04-30 07:45:29Z" duration="0.012051" total="1" passed="1" failed="0" warnings="0" inconclusive="0" skipped="0" asserts="1">
          <test-case id="2-1069" name="AllreadyLoggedin_LoginTest()" fullname="AT.LoginAT.AllreadyLoggedin_LoginTest()" methodname="AllreadyLoggedin_LoginTest" classname="AT.LoginAT" runstate="Runnable" seed="597849880" result="Passed" start-time="2017-04-30 07:45:29Z" end-time="2017-04-30 07:45:29Z" duration="0.009442" asserts="1" />
        </test-suite>
        <test-suite type="ParameterizedMethod" id="2-1068" name="passwordIncorrect_LoginTest" fullname="AT.LoginAT.passwordIncorrect_LoginTest" classname="AT.LoginAT" runstate="Runnable" testcasecount="1" result="Passed" start-time="2017-04-30 07:45:29Z" end-time="2017-04-30 07:45:29Z" duration="0.004019" total="1" passed="1" failed="0" warnings="0" inconclusive="0" skipped="0" asserts="6">
          <test-case id="2-1067" name="passwordIncorrect_LoginTest()" fullname="AT.LoginAT.passwordIncorrect_LoginTest()" methodname="passwordIncorrect_LoginTest" classname="AT.LoginAT" runstate="Runnable" seed="2114917906" result="Passed" start-time="2017-04-30 07:45:29Z" end-time="2017-04-30 07:45:29Z" duration="0.001174" asserts="6" />
        </test-suite>
        <test-suite type="ParameterizedMethod" id="2-1064" name="Success_LoginTest" fullname="AT.LoginAT.Success_LoginTest" classname="AT.LoginAT" runstate="Runnable" testcasecount="1" result="Passed" start-time="2017-04-30 07:45:29Z" end-time="2017-04-30 07:45:29Z" duration="0.003525" total="1" passed="1" failed="0" warnings="0" inconclusive="0" skipped="0" asserts="1">
          <test-case id="2-1063" name="Success_LoginTest()" fullname="AT.LoginAT.Success_LoginTest()" methodname="Success_LoginTest" classname="AT.LoginAT" runstate="Runnable" seed="313268657" result="Passed" start-time="2017-04-30 07:45:29Z" end-time="2017-04-30 07:45:29Z" duration="0.000412" asserts="1" />
        </test-suite>
        <test-suite type="ParameterizedMethod" id="2-1066" name="usernameNotExist_LoginTest" fullname="AT.LoginAT.usernameNotExist_LoginTest" classname="AT.LoginAT" runstate="Runnable" testcasecount="1" result="Passed" start-time="2017-04-30 07:45:29Z" end-time="2017-04-30 07:45:29Z" duration="0.055065" total="1" passed="1" failed="0" warnings="0" inconclusive="0" skipped="0" asserts="4">
          <test-case id="2-1065" name="usernameNotExist_LoginTest()" fullname="AT.LoginAT.usernameNotExist_LoginTest()" methodname="usernameNotExist_LoginTest" classname="AT.LoginAT" runstate="Runnable" seed="821056135" result="Passed" start-time="2017-04-30 07:45:29Z" end-time="2017-04-30 07:45:29Z" duration="0.051286" asserts="4" />
        </test-suite>
      </test-suite>
      <test-suite type="TestFixture" id="2-1071" name="LogoutAT" fullname="AT.LogoutAT" classname="AT.LogoutAT" runstate="Runnable" testcasecount="2" result="Passed" start-time="2017-04-30 07:45:29Z" end-time="2017-04-30 07:45:29Z" duration="0.017333" total="2" passed="2" failed="0" warnings="0" inconclusive="0" skipped="0" asserts="4">
        <test-suite type="ParameterizedMethod" id="2-1073" name="Logout_Loggedin" fullname="AT.LogoutAT.Logout_Loggedin" classname="AT.LogoutAT" runstate="Runnable" testcasecount="1" result="Passed" start-time="2017-04-30 07:45:29Z" end-time="2017-04-30 07:45:29Z" duration="0.006024" total="1" passed="1" failed="0" warnings="0" inconclusive="0" skipped="0" asserts="3">
          <test-case id="2-1072" name="Logout_Loggedin()" fullname="AT.LogoutAT.Logout_Loggedin()" methodname="Logout_Loggedin" classname="AT.LogoutAT" runstate="Runnable" seed="457126673" result="Passed" start-time="2017-04-30 07:45:29Z" end-time="2017-04-30 07:45:29Z" duration="0.003220" asserts="3" />
        </test-suite>
        <test-suite type="ParameterizedMethod" id="2-1075" name="Logout_NotLoggedin" fullname="AT.LogoutAT.Logout_NotLoggedin" classname="AT.LogoutAT" runstate="Runnable" testcasecount="1" result="Passed" start-time="2017-04-30 07:45:29Z" end-time="2017-04-30 07:45:29Z" duration="0.005028" total="1" passed="1" failed="0" warnings="0" inconclusive="0" skipped="0" asserts="1">
[...]
          <test-case id="3-1005" name="addUserToAppropriateLeague()" fullname="SystemTests.GameCenterLeagueTest.addUserToAppropriateLeague()" methodname="addUserToAppropriateLeague" classname="SystemTests.GameCenterLeagueTest" runstate="Runnable" seed="233936228" result="Passed" start-time="2017-04-30 07:45:26Z" end-time="2017-04-30 07:45:27Z" duration="0.522999" asserts="3" />
        </test-suite>
        <test-suite type="ParameterizedMethod" id="3-1008" name="addUserToNotAppropriateLeague" fullname="SystemTests.GameCenterLeagueTest.addUserToNotAppropriateLeague" classname="SystemTests.GameCenterLeagueTest" runstate="Runnable" testcasecount="1" result="Passed" start-time="2017-04-30 07:45:27Z" end-time="2017-04-30 07:45:27Z" duration="0.005576" total="1" passed="1" failed="0" warnings="0" inconclusive="0" skipped="0" asserts="3">
          <test-case id="3-1007" name="addUserToNotAppropriateLeague()" fullname="SystemTests.GameCenterLeagueTest.addUserToNotAppropriateLeague()" methodname="addUserToNotAppropriateLeague" classname="SystemTests.GameCenterLeagueTest" runstate="Runnable" seed="305384942" result="Passed" start-time="2017-04-30 07:45:27Z" end-time="2017-04-30 07:45:27Z" duration="0.001659" asserts="3" />
        </test-suite>
        <test-suite type="ParameterizedMethod" id="3-1016" name="changeLeagueMinimumRank2Test" fullname="SystemTests.GameCenterLeagueTest.changeLeagueMinimumRank2Test" classname="SystemTests.GameCenterLeagueTest" runstate="Runnable" testcasecount="1" result="Passed" start-time="2017-04-30 07:45:27Z" end-time="2017-04-30 07:45:27Z" duration="0.011539" total="1" passed="1" failed="0" warnings="0" inconclusive="0" skipped="0" asserts="4">
          <test-case id="3-1015" name="changeLeagueMinimumRank2Test()" fullname="SystemTests.GameCenterLeagueTest.changeLeagueMinimumRank2Test()" methodname="changeLeagueMinimumRank2Test" classname="SystemTests.GameCenterLeagueTest" runstate="Runnable" seed="1801333918" result="Passed" start-time="2017-04-30 07:45:27Z" end-time="2017-04-30 07:45:27Z" duration="0.008881" asserts="4" />
        </test-suite>
        <test-suite type="ParameterizedMethod" id="3-1014" name="changeLeagueMinimumRankTest" fullname="SystemTests.GameCenterLeagueTest.changeLeagueMinimumRankTest" classname="SystemTests.GameCenterLeagueTest" runstate="Runnable" testcasecount="1" result="Passed" start-time="2017-04-30 07:45:27Z" end-time="2017-04-30 07:45:27Z" duration="0.004541" total="1" passed="1" failed="0" warnings="0" inconclusive="0" skipped="0" asserts="4">
          <test-case id="3-1013" name="changeLeagueMinimumRankTest()" fullname="SystemTests.GameCenterLeagueTest.changeLeagueMinimumRankTest()" methodname="changeLeagueMinimumRankTest" classname="SystemTests.GameCenterLeagueTest" runstate="Runnable" seed="586980728" result="Passed" start-time="2017-04-30 07:45:27Z" end-time="2017-04-30 07:45:27Z" duration="0.001894" asserts="4" />
        </test-suite>
        <test-suite type="ParameterizedMethod" id="3-1018" name="changeLeagueMinimumRankToExistedLeagueTest" fullname="SystemTests.GameCenterLeagueTest.changeLeagueMinimumRankToExistedLeagueTest" classname="SystemTests.GameCenterLeagueTest" runstate="Runnable" testcasecount="1" result="Passed" start-time="2017-04-30 07:45:27Z" end-time="2017-04-30 07:45:27Z" duration="0.003857" total="1" passed="1" failed="0" warnings="0" inconclusive="0" skipped="0" asserts="3">
          <test-case id="3-1017" name="changeLeagueMinimumRankToExistedLeagueTest()" fullname="SystemTests.GameCenterLeagueTest.changeLeagueMinimumRankToExistedLeagueTest()" methodname="changeLeagueMinimumRankToExistedLeagueTest" classname="SystemTests.GameCenterLeagueTest" runstate="Runnable" seed="902581744" result="Passed" start-time="2017-04-30 07:45:27Z" end-time="2017-04-30 07:45:27Z" duration="0.000448" asserts="3" />
        </test-suite>
        <test-suite type="ParameterizedMethod" id="3-1002" name="CreateNewLeagueTest" fullname="SystemTests.GameCenterLeagueTest.CreateNewLeagueTest" classname="SystemTests.GameCenterLeagueTest" runstate="Runnable" testcasecount="1" result="Passed" start-time="2017-04-30 07:45:27Z" end-time="2017-04-30 07:45:27Z" duration="0.004029" total="1" passed="1" failed="0" warnings="0" inconclusive="0" skipped="0" asserts="2">
          <test-case id="3-1001" name="CreateNewLeagueTest()" fullname="SystemTests.GameCenterLeagueTest.CreateNewLeagueTest()" methodname="CreateNewLeagueTest" classname="SystemTests.GameCenterLeagueTest" runstate="Runnable" seed="1241814564" result="Passed" start-time="2017-04-30 07:45:27Z" end-time="2017-04-30 07:45:27Z" duration="0.001196" asserts="2" />
        </test-suite>
        <test-suite type="ParameterizedMethod" id="3-1004" name="CreateNewLeagueWithSameRankTest" fullname="SystemTests.GameCenterLeagueTest.CreateNewLeagueWithSameRankTest" classname="SystemTests.GameCenterLeagueTest" runstate="Runnable" testcasecount="1" result="Passed" start-time="2017-04-30 07:45:27Z" end-time="2017-04-30 07:45:27Z" duration="0.003040" total="1" passed="1" failed="0" warnings="0" inconclusive="0" skipped="0" asserts="3">
          <test-case id="3-1003" name="CreateNewLeagueWithSameRankTest()" fullname="SystemTests.GameCenterLeagueTest.CreateNewLeagueWithSameRankTest()" methodname="CreateNewLeagueWithSameRankTest" classname="SystemTests.GameCenterLeagueTest" runstate="Runnable" seed="1291555321" result="Passed" start-time="2017-04-30 07:45:27Z" end-time="2017-04-30 07:45:27Z" duration="0.000419" asserts="3" />
        </test-suite>
        <test-suite type="ParameterizedMethod" id="3-1010" name="removeExistedUser" fullname="SystemTests.GameCenterLeagueTest.removeExistedUser" classname="SystemTests.GameCenterLeagueTest" runstate="Runnable" testcasecount="1" result="Passed" start-time="2017-04-30 07:45:27Z" end-time="2017-04-30 07:45:27Z" duration="0.004035" total="1" passed="1" failed="0" warnings="0" inconclusive="0" skipped="0" asserts="5">
          <test-case id="3-1009" name="removeExistedUser()" fullname="SystemTests.GameCenterLeagueTest.removeExistedUser()" methodname="removeExistedUser" classname="SystemTests.GameCenterLeagueTest" runstate="Runnable" seed="1425376798" result="Passed" start-time="2017-04-30 07:45:27Z" end-time="2017-04-30 07:45:27Z" duration="0.001148" asserts="5" />
        </test-suite>
        <test-suite type="ParameterizedMethod" id="3-1012" name="removeUnExistedUser" fullname="SystemTests.GameCenterLeagueTest.removeUnExistedUser" classname="SystemTests.GameCenterLeagueTest" runstate="Runnable" testcasecount="1" result="Passed" start-time="2017-04-30 07:45:27Z" end-time="2017-04-30 07:45:27Z" duration="0.003531" total="1" passed="1" failed="0" warnings="0" inconclusive="0" skipped="0" asserts="2">
          <test-case id="3-1011" name="removeUnExistedUser()" fullname="SystemTests.GameCenterLeagueTest.removeUnExistedUser()" methodname="removeUnExistedUser" classname="SystemTests.GameCenterLeagueTest" runstate="Runnable" seed="1943234323" result="Passed" start-time="2017-04-30 07:45:27Z" end-time="2017-04-30 07:45:27Z" duration="0.000500" asserts="2" />
        </test-suite>
        <test-suite type="ParameterizedMethod" id="3-1024" name="setUsersTest" fullname="SystemTests.GameCenterLeagueTest.setUsersTest" classname="SystemTests.GameCenterLeagueTest" runstate="Runnable" testcasecount="1" result="Passed" start-time="2017-04-30 07:45:27Z" end-time="2017-04-30 07:45:27Z" duration="0.029042" total="1" passed="1" failed="0" warnings="0" inconclusive="0" skipped="0" asserts="2">
          <test-case id="3-1023" name="setUsersTest()" fullname="SystemTests.GameCenterLeagueTest.setUsersTest()" methodname="setUsersTest" classname="SystemTests.GameCenterLeagueTest" runstate="Runnable" seed="956692465" result="Passed" start-time="2017-04-30 07:45:27Z" end-time="2017-04-30 07:45:27Z" duration="0.026157" asserts="2" />
        </test-suite>
        <test-suite type="ParameterizedMethod" id="3-1020" name="updateLeaguesTest" fullname="SystemTests.GameCenterLeagueTest.updateLeaguesTest" classname="SystemTests.GameCenterLeagueTest" runstate="Runnable" testcasecount="1" result="Passed" start-time="2017-04-30 07:45:27Z" end-time="2017-04-30 07:45:27Z" duration="0.006532" total="1" passed="1" failed="0" warnings="0" inconclusive="0" skipped="0" asserts="2">
          <test-case id="3-1019" name="updateLeaguesTest()" fullname="SystemTests.GameCenterLeagueTest.updateLeaguesTest()" methodname="updateLeaguesTest" classname="SystemTests.GameCenterLeagueTest" runstate="Runnable" seed="563636887" result="Passed" start-time="2017-04-30 07:45:27Z" end-time="2017-04-30 07:45:27Z" duration="0.003898" asserts="2" />
        </test-suite>
        <test-suite type="ParameterizedMethod" id="3-1022" name="updateLeaguesWithoutChangeTest" fullname="SystemTests.GameCenterLeagueTest.updateLeaguesWithoutChangeTest" classname="SystemTests.GameCenterLeagueTest" runstate="Runnable" testcasecount="1" result="Passed" start-time="2017-04-30 07:45:27Z" end-time="2017-04-30 07:45:27Z" duration="0.003544" total="1" passed="1" failed="0" warnings="0" inconclusive="0" skipped="0" asserts="2">
          <test-case id="3-1021" name="updateLeaguesWithoutChangeTest()" fullname="SystemTests.GameCenterLeagueTest.updateLeaguesWithoutChangeTest()" methodname="updateLeaguesWithoutChangeTest" classname="SystemTests.GameCenterLeagueTest" runstate="Runnable" seed="75245382" result="Passed" start-time="2017-04-30 07:45:27Z" end-time="2017-04-30 07:45:27Z" duration="0.000803" asserts="2" />
        </test-suite>
      </test-suite>
      <test-suite type="TestFixture" id="3-1025" name="GameCenterTest" fullname="SystemTests.GameCenterTest" classname="SystemTests.GameCenterTest" runstate="Runnable" testcasecount="5" result="Passed" start-time="2017-04-30 07:45:27Z" end-time="2017-04-30 07:45:27Z" duration="0.143209" total="5" passed="5" failed="0" warnings="0" inconclusive="0" skipped="0" asserts="10">
        <test-suite type="ParameterizedMethod" id="3-1027" name="createGameTest" fullname="SystemTests.GameCenterTest.createGameTest" classname="SystemTests.GameCenterTest" runstate="Runnable" testcasecount="1" result="Passed" start-time="2017-04-30 07:45:27Z" end-time="2017-04-30 07:45:27Z" duration="0.034052" total="1" passed="1" failed="0" warnings="0" inconclusive="0" skipped="0" asserts="1">
          <test-case id="3-1026" name="createGameTest()" fullname="SystemTests.GameCenterTest.createGameTest()" methodname="createGameTest" classname="SystemTests.GameCenterTest" runstate="Runnable" seed="1854131916" result="Passed" start-time="2017-04-30 07:45:27Z" end-time="2017-04-30 07:45:27Z" duration="0.031277" asserts="1" />
        </test-suite>
        <test-suite type="ParameterizedMethod" id="3-1031" name="getAllActiveGamesByPlayerNameTest" fullname="SystemTests.GameCenterTest.getAllActiveGamesByPlayerNameTest" classname="SystemTests.GameCenterTest" runstate="Runnable" testcasecount="1" result="Passed" start-time="2017-04-30 07:45:27Z" end-time="2017-04-30 07:45:27Z" duration="0.046562" total="1" passed="1" failed="0" warnings="0" inconclusive="0" skipped="0" asserts="1">
          <test-case id="3-1030" name="getAllActiveGamesByPlayerNameTest()" fullname="SystemTests.GameCenterTest.getAllActiveGamesByPlayerNameTest()" methodname="getAllActiveGamesByPlayerNameTest" classname="SystemTests.GameCenterTest" runstate="Runnable" seed="1923743075" result="Passed" start-time="2017-04-30 07:45:27Z" end-time="2017-04-30 07:45:27Z" duration="0.043688" asserts="1" />
        </test-suite>
        <test-suite type="ParameterizedMethod" id="3-1029" name="getAllSpectatingGamesTest" fullname="SystemTests.GameCenterTest.getAllSpectatingGamesTest" classname="SystemTests.GameCenterTest" runstate="Runnable" testcasecount="1" result="Passed" start-time="2017-04-30 07:45:27Z" end-time="2017-04-30 07:45:27Z" duration="0.016056" total="1" passed="1" failed="0" warnings="0" inconclusive="0" skipped="0" asserts="1">
          <test-case id="3-1028" name="getAllSpectatingGamesTest()" fullname="SystemTests.GameCenterTest.getAllSpectatingGamesTest()" methodname="getAllSpectatingGamesTest" classname="SystemTests.GameCenterTest" runstate="Runnable" seed="1071043949" result="Passed" start-time="2017-04-30 07:45:27Z" end-time="2017-04-30 07:45:27Z" duration="0.013096" asserts="1" />
        </test-suite>
        <test-suite type="ParameterizedMethod" id="3-1033" name="joinGameTest" fullname="SystemTests.GameCenterTest.joinGameTest" classname="SystemTests.GameCenterTest" runstate="Runnable" testcasecount="1" result="Passed" start-time="2017-04-30 07:45:27Z" end-time="2017-04-30 07:45:27Z" duration="0.007020" total="1" passed="1" failed="0" warnings="0" inconclusive="0" skipped="0" asserts="5">
          <test-case id="3-1032" name="joinGameTest()" fullname="SystemTests.GameCenterTest.joinGameTest()" methodname="joinGameTest" classname="SystemTests.GameCenterTest" runstate="Runnable" seed="877406948" result="Passed" start-time="2017-04-30 07:45:27Z" end-time="2017-04-30 07:45:27Z" duration="0.003212" asserts="5" />
        </test-suite>
        <test-suite type="ParameterizedMethod" id="3-1035" name="spectateGameTest" fullname="SystemTests.GameCenterTest.spectateGameTest" classname="SystemTests.GameCenterTest" runstate="Runnable" testcasecount="1" result="Passed" start-time="2017-04-30 07:45:27Z" end-time="2017-04-30 07:45:27Z" duration="0.007299" total="1" passed="1" failed="0" warnings="0" inconclusive="0" skipped="0" asserts="2">
          <test-case id="3-1034" name="spectateGameTest()" fullname="SystemTests.GameCenterTest.spectateGameTest()" methodname="spectateGameTest" classname="SystemTests.GameCenterTest" runstate="Runnable" seed="530899317" result="Passed" start-time="2017-04-30 07:45:27Z" end-time="2017-04-30 07:45:27Z" duration="0.003506" asserts="2" />
        </test-suite>
      </test-suite>
      <test-suite type="TestFixture" id="3-1036" name="testUserSystem" fullname="SystemTests.testUserSystem" classname="SystemTests.testUserSystem" runstate="Runnable" testcasecount="7" result="Passed" start-time="2017-04-30 07:45:27Z" end-time="2017-04-30 07:45:27Z" duration="0.056585" total="7" passed="7" failed="0" warnings="0" inconclusive="0" skipped="0" asserts="10">
        <test-suite type="ParameterizedMethod" id="3-1050" name="editAvatarTest" fullname="SystemTests.testUserSystem.editAvatarTest" classname="SystemTests.testUserSystem" runstate="Runnable" testcasecount="1" result="Passed" start-time="2017-04-30 07:45:27Z" end-time="2017-04-30 07:45:27Z" duration="0.008502" total="1" passed="1" failed="0" warnings="0" inconclusive="0" skipped="0" asserts="0">
          <test-case id="3-1049" name="editAvatarTest()" fullname="SystemTests.testUserSystem.editAvatarTest()" methodname="editAvatarTest" classname="SystemTests.testUserSystem" runstate="Runnable" seed="1031016108" result="Passed" start-time="2017-04-30 07:45:27Z" end-time="2017-04-30 07:45:27Z" duration="0.004810" asserts="0" />
        </test-suite>
        <test-suite type="ParameterizedMethod" id="3-1048" name="editProfileToLoggedOutUser" fullname="SystemTests.testUserSystem.editProfileToLoggedOutUser" classname="SystemTests.testUserSystem" runstate="Runnable" testcasecount="1" result="Passed" start-time="2017-04-30 07:45:27Z" end-time="2017-04-30 07:45:27Z" duration="0.004537" total="1" passed="1" failed="0" warnings="0" inconclusive="0" skipped="0" asserts="1">
          <test-case id="3-1047" name="editProfileToLoggedOutUser()" fullname="SystemTests.testUserSystem.editProfileToLoggedOutUser()" methodname="editProfileToLoggedOutUser" classname="SystemTests.testUserSystem" runstate="Runnable" seed="1961343841" result="Passed" start-time="2017-04-30 07:45:27Z" end-time="2017-04-30 07:45:27Z" duration="0.001319" asserts="1" />
        </test-suite>
        <test-suite type="ParameterizedMethod" id="3-1046" name="editUsernameAndPasswordTest" fullname="SystemTests.testUserSystem.editUsernameAndPasswordTest" classname="SystemTests.testUserSystem" runstate="Runnable" testcasecount="1" result="Passed" start-time="2017-04-30 07:45:27Z" end-time="2017-04-30 07:45:27Z" duration="0.004536" total="1" passed="1" failed="0" warnings="0" inconclusive="0" skipped="0" asserts="4">
          <test-case id="3-1045" name="editUsernameAndPasswordTest()" fullname="SystemTests.testUserSystem.editUsernameAndPasswordTest()" methodname="editUsernameAndPasswordTest" classname="SystemTests.testUserSystem" runstate="Runnable" seed="825750868" result="Passed" start-time="2017-04-30 07:45:27Z" end-time="2017-04-30 07:45:27Z" duration="0.001482" asserts="4" />
        </test-suite>
        <test-suite type="ParameterizedMethod" id="3-1044" name="failureLoginTest" fullname="SystemTests.testUserSystem.failureLoginTest" classname="SystemTests.testUserSystem" runstate="Runnable" testcasecount="1" result="Passed" start-time="2017-04-30 07:45:27Z" end-time="2017-04-30 07:45:27Z" duration="0.005088" total="1" passed="1" failed="0" warnings="0" inconclusive="0" skipped="0" asserts="1">
          <test-case id="3-1043" name="failureLoginTest()" fullname="SystemTests.testUserSystem.failureLoginTest()" methodname="failureLoginTest" classname="SystemTests.testUserSystem" runstate="Runnable" seed="1528486378" result="Passed" start-time="2017-04-30 07:45:27Z" end-time="2017-04-30 07:45:27Z" duration="0.001046" asserts="1" />
        </test-suite>
        <test-suite type="ParameterizedMethod" id="3-1038" name="registerTest" fullname="SystemTests.testUserSystem.registerTest" classname="SystemTests.testUserSystem" runstate="Runnable" testcasecount="1" result="Passed" start-time="2017-04-30 07:45:27Z" end-time="2017-04-30 07:45:27Z" duration="0.004090" total="1" passed="1" failed="0" warnings="0" inconclusive="0" skipped="0" asserts="1">
          <test-case id="3-1037" name="registerTest()" fullname="SystemTests.testUserSystem.registerTest()" methodname="registerTest" classname="SystemTests.testUserSystem" runstate="Runnable" seed="386411434" result="Passed" start-time="2017-04-30 07:45:27Z" end-time="2017-04-30 07:45:27Z" duration="0.000402" asserts="1" />
        </test-suite>
        <test-suite type="ParameterizedMethod" id="3-1040" name="registerWithUsedNameTest" fullname="SystemTests.testUserSystem.registerWithUsedNameTest" classname="SystemTests.testUserSystem" runstate="Runnable" testcasecount="1" result="Passed" start-time="2017-04-30 07:45:27Z" end-time="2017-04-30 07:45:27Z" duration="0.003727" total="1" passed="1" failed="0" warnings="0" inconclusive="0" skipped="0" asserts="2">
          <test-case id="3-1039" name="registerWithUsedNameTest()" fullname="SystemTests.testUserSystem.registerWithUsedNameTest()" methodname="registerWithUsedNameTest" classname="SystemTests.testUserSystem" runstate="Runnable" seed="866823296" result="Passed" start-time="2017-04-30 07:45:27Z" end-time="2017-04-30 07:45:27Z" duration="0.000438" asserts="2" />
        </test-suite>
        <test-suite type="ParameterizedMethod" id="3-1042" name="SuccesfullLoginTest" fullname="SystemTests.testUserSystem.SuccesfullLoginTest" classname="SystemTests.testUserSystem" runstate="Runnable" testcasecount="1" result="Passed" start-time="2017-04-30 07:45:27Z" end-time="2017-04-30 07:45:27Z" duration="0.004541" total="1" passed="1" failed="0" warnings="0" inconclusive="0" skipped="0" asserts="1">
          <test-case id="3-1041" name="SuccesfullLoginTest()" fullname="SystemTests.testUserSystem.SuccesfullLoginTest()" methodname="SuccesfullLoginTest" classname="SystemTests.testUserSystem" runstate="Runnable" seed="92807485" result="Passed" start-time="2017-04-30 07:45:27Z" end-time="2017-04-30 07:45:27Z" duration="0.000412" asserts="1" />
        </test-suite>
      </test-suite>
    </test-suite>
  </test-suite>
</test-run>